<?xml version="1.0" encoding="UTF-8" ?>
<testsuite failures="14" time="0.847" errors="0" skipped="0" tests="21" name="org.mashti.synopsis.MarkdownTest">
  <properties>
    <property name="java.runtime.name" value="Java(TM) SE Runtime Environment"/>
    <property name="sun.boot.library.path" value="/Library/Java/JavaVirtualMachines/jdk1.7.0_17.jdk/Contents/Home/jre/lib"/>
    <property name="java.vm.version" value="23.7-b01"/>
    <property name="user.country.format" value="GB"/>
    <property name="gopherProxySet" value="false"/>
    <property name="java.vm.vendor" value="Oracle Corporation"/>
    <property name="java.vendor.url" value="http://java.oracle.com/"/>
    <property name="path.separator" value=":"/>
    <property name="guice.disable.misplaced.annotation.check" value="true"/>
    <property name="java.vm.name" value="Java HotSpot(TM) 64-Bit Server VM"/>
    <property name="file.encoding.pkg" value="sun.io"/>
    <property name="user.country" value="US"/>
    <property name="sun.java.launcher" value="SUN_STANDARD"/>
    <property name="sun.os.patch.level" value="unknown"/>
    <property name="java.vm.specification.name" value="Java Virtual Machine Specification"/>
    <property name="user.dir" value="/Users/masih/Documents/PhD/Code/P2P Workspace/synopsis"/>
    <property name="java.runtime.version" value="1.7.0_17-b02"/>
    <property name="java.awt.graphicsenv" value="sun.awt.CGraphicsEnvironment"/>
    <property name="java.endorsed.dirs" value="/Library/Java/JavaVirtualMachines/jdk1.7.0_17.jdk/Contents/Home/jre/lib/endorsed"/>
    <property name="os.arch" value="x86_64"/>
    <property name="java.io.tmpdir" value="/var/folders/4m/tqc5sb395l56yz4fqhpv_8240000gn/T/"/>
    <property name="line.separator" value="
"/>
    <property name="java.vm.specification.vendor" value="Oracle Corporation"/>
    <property name="os.name" value="Mac OS X"/>
    <property name="classworlds.conf" value="/usr/share/maven/bin/m2.conf"/>
    <property name="sun.jnu.encoding" value="UTF-8"/>
    <property name="java.library.path" value="/Users/masih/Library/Java/Extensions:/Library/Java/Extensions:/Network/Library/Java/Extensions:/System/Library/Java/Extensions:/usr/lib/java:."/>
    <property name="java.specification.name" value="Java Platform API Specification"/>
    <property name="java.class.version" value="51.0"/>
    <property name="sun.management.compiler" value="HotSpot 64-Bit Tiered Compilers"/>
    <property name="os.version" value="10.8.4"/>
    <property name="http.nonProxyHosts" value="local|*.local|169.254/16|*.169.254/16"/>
    <property name="user.home" value="/Users/masih"/>
    <property name="user.timezone" value="Europe/London"/>
    <property name="java.awt.printerjob" value="sun.lwawt.macosx.CPrinterJob"/>
    <property name="java.specification.version" value="1.7"/>
    <property name="file.encoding" value="UTF-8"/>
    <property name="user.name" value="masih"/>
    <property name="java.class.path" value="/usr/share/maven/boot/plexus-classworlds-2.4.jar"/>
    <property name="java.vm.specification.version" value="1.7"/>
    <property name="sun.arch.data.model" value="64"/>
    <property name="java.home" value="/Library/Java/JavaVirtualMachines/jdk1.7.0_17.jdk/Contents/Home/jre"/>
    <property name="sun.java.command" value="org.codehaus.plexus.classworlds.launcher.Launcher clean deploy"/>
    <property name="java.specification.vendor" value="Oracle Corporation"/>
    <property name="user.language" value="en"/>
    <property name="awt.toolkit" value="sun.lwawt.macosx.LWCToolkit"/>
    <property name="java.vm.info" value="mixed mode"/>
    <property name="java.version" value="1.7.0_17"/>
    <property name="java.ext.dirs" value="/Users/masih/Library/Java/Extensions:/Library/Java/JavaVirtualMachines/jdk1.7.0_17.jdk/Contents/Home/jre/lib/ext:/Library/Java/Extensions:/Network/Library/Java/Extensions:/System/Library/Java/Extensions:/usr/lib/java"/>
    <property name="sun.boot.class.path" value="/Library/Java/JavaVirtualMachines/jdk1.7.0_17.jdk/Contents/Home/jre/lib/resources.jar:/Library/Java/JavaVirtualMachines/jdk1.7.0_17.jdk/Contents/Home/jre/lib/rt.jar:/Library/Java/JavaVirtualMachines/jdk1.7.0_17.jdk/Contents/Home/jre/lib/sunrsasign.jar:/Library/Java/JavaVirtualMachines/jdk1.7.0_17.jdk/Contents/Home/jre/lib/jsse.jar:/Library/Java/JavaVirtualMachines/jdk1.7.0_17.jdk/Contents/Home/jre/lib/jce.jar:/Library/Java/JavaVirtualMachines/jdk1.7.0_17.jdk/Contents/Home/jre/lib/charsets.jar:/Library/Java/JavaVirtualMachines/jdk1.7.0_17.jdk/Contents/Home/jre/lib/jfr.jar:/Library/Java/JavaVirtualMachines/jdk1.7.0_17.jdk/Contents/Home/jre/lib/JObjC.jar:/Library/Java/JavaVirtualMachines/jdk1.7.0_17.jdk/Contents/Home/jre/classes"/>
    <property name="java.vendor" value="Oracle Corporation"/>
    <property name="maven.home" value="/usr/share/maven"/>
    <property name="file.separator" value="/"/>
    <property name="java.vendor.url.bug" value="http://bugreport.sun.com/bugreport/"/>
    <property name="sun.cpu.endian" value="little"/>
    <property name="sun.io.unicode.encoding" value="UnicodeBig"/>
    <property name="socksNonProxyHosts" value="local|*.local|169.254/16|*.169.254/16"/>
    <property name="ftp.nonProxyHosts" value="local|*.local|169.254/16|*.169.254/16"/>
    <property name="sun.cpu.isalist" value=""/>
  </properties>
  <testcase time="0.064" classname="org.mashti.synopsis.MarkdownTest" name="runTest[0: Amps and angle encoding]"/>
  <testcase time="0.021" classname="org.mashti.synopsis.MarkdownTest" name="runTest[1: Anchors]"/>
  <testcase time="0.048" classname="org.mashti.synopsis.MarkdownTest" name="runTest[2: Auto links]">
    <failure message="Auto links expected:&lt;...bar=2&lt;/a&gt;&lt;/p&gt;

&lt;ul&gt;
[    &lt;li&gt;In a list?&lt;/li&gt;
    &lt;li&gt;&lt;a href=&quot;http://example.com/&quot;&gt;http://example.com/&lt;/a&gt;&lt;/li&gt;
    &lt;li&gt;It should.&lt;/li&gt;
&lt;/ul&gt;

&lt;blockquote&gt;
  ]  &lt;p&gt;Blockquoted: &lt;a...&gt; but was:&lt;...bar=2&lt;/a&gt;&lt;/p&gt;

&lt;ul&gt;
[&lt;li&gt;In a list?&lt;/li&gt;
&lt;li&gt;&lt;a href=&quot;http://example.com/&quot;&gt;http://example.com/&lt;/a&gt;&lt;/li&gt;
&lt;li&gt;It should.&lt;/li&gt;
&lt;/ul&gt;

&lt;blockquote&gt;
]  &lt;p&gt;Blockquoted: &lt;a...&gt;" type="org.junit.ComparisonFailure">org.junit.ComparisonFailure: Auto links expected:&lt;...bar=2&lt;/a&gt;&lt;/p&gt;

&lt;ul&gt;
[    &lt;li&gt;In a list?&lt;/li&gt;
    &lt;li&gt;&lt;a href=&quot;http://example.com/&quot;&gt;http://example.com/&lt;/a&gt;&lt;/li&gt;
    &lt;li&gt;It should.&lt;/li&gt;
&lt;/ul&gt;

&lt;blockquote&gt;
  ]  &lt;p&gt;Blockquoted: &lt;a...&gt; but was:&lt;...bar=2&lt;/a&gt;&lt;/p&gt;

&lt;ul&gt;
[&lt;li&gt;In a list?&lt;/li&gt;
&lt;li&gt;&lt;a href=&quot;http://example.com/&quot;&gt;http://example.com/&lt;/a&gt;&lt;/li&gt;
&lt;li&gt;It should.&lt;/li&gt;
&lt;/ul&gt;

&lt;blockquote&gt;
]  &lt;p&gt;Blockquoted: &lt;a...&gt;
	at org.junit.Assert.assertEquals(Assert.java:115)
	at org.mashti.synopsis.MarkdownTest.runTest(MarkdownTest.java:92)
	at sun.reflect.NativeMethodAccessorImpl.invoke0(Native Method)
	at sun.reflect.NativeMethodAccessorImpl.invoke(NativeMethodAccessorImpl.java:57)
	at sun.reflect.DelegatingMethodAccessorImpl.invoke(DelegatingMethodAccessorImpl.java:43)
	at java.lang.reflect.Method.invoke(Method.java:601)
	at org.junit.runners.model.FrameworkMethod$1.runReflectiveCall(FrameworkMethod.java:47)
	at org.junit.internal.runners.model.ReflectiveCallable.run(ReflectiveCallable.java:12)
	at org.junit.runners.model.FrameworkMethod.invokeExplosively(FrameworkMethod.java:44)
	at org.junit.internal.runners.statements.InvokeMethod.evaluate(InvokeMethod.java:17)
	at org.junit.runners.ParentRunner.runLeaf(ParentRunner.java:271)
	at org.junit.runners.BlockJUnit4ClassRunner.runChild(BlockJUnit4ClassRunner.java:70)
	at org.junit.runners.BlockJUnit4ClassRunner.runChild(BlockJUnit4ClassRunner.java:50)
	at org.junit.runners.ParentRunner$3.run(ParentRunner.java:238)
	at org.junit.runners.ParentRunner$1.schedule(ParentRunner.java:63)
	at org.junit.runners.ParentRunner.runChildren(ParentRunner.java:236)
	at org.junit.runners.ParentRunner.access$000(ParentRunner.java:53)
	at org.junit.runners.ParentRunner$2.evaluate(ParentRunner.java:229)
	at org.junit.runners.ParentRunner.run(ParentRunner.java:309)
	at org.junit.runners.Suite.runChild(Suite.java:127)
	at org.junit.runners.Suite.runChild(Suite.java:26)
	at org.junit.runners.ParentRunner$3.run(ParentRunner.java:238)
	at org.junit.runners.ParentRunner$1.schedule(ParentRunner.java:63)
	at org.junit.runners.ParentRunner.runChildren(ParentRunner.java:236)
	at org.junit.runners.ParentRunner.access$000(ParentRunner.java:53)
	at org.junit.runners.ParentRunner$2.evaluate(ParentRunner.java:229)
	at org.junit.runners.ParentRunner.run(ParentRunner.java:309)
	at org.apache.maven.surefire.junit4.JUnit4TestSet.execute(JUnit4TestSet.java:53)
	at org.apache.maven.surefire.junit4.JUnit4Provider.executeTestSet(JUnit4Provider.java:123)
	at org.apache.maven.surefire.junit4.JUnit4Provider.invoke(JUnit4Provider.java:104)
	at sun.reflect.NativeMethodAccessorImpl.invoke0(Native Method)
	at sun.reflect.NativeMethodAccessorImpl.invoke(NativeMethodAccessorImpl.java:57)
	at sun.reflect.DelegatingMethodAccessorImpl.invoke(DelegatingMethodAccessorImpl.java:43)
	at java.lang.reflect.Method.invoke(Method.java:601)
	at org.apache.maven.surefire.util.ReflectionUtils.invokeMethodWithArray(ReflectionUtils.java:164)
	at org.apache.maven.surefire.booter.ProviderFactory$ProviderProxy.invoke(ProviderFactory.java:110)
	at org.apache.maven.surefire.booter.SurefireStarter.invokeProvider(SurefireStarter.java:175)
	at org.apache.maven.surefire.booter.SurefireStarter.runSuitesInProcessWhenForked(SurefireStarter.java:107)
	at org.apache.maven.surefire.booter.ForkedBooter.main(ForkedBooter.java:68)
</failure>
  </testcase>
  <testcase time="0.094" classname="org.mashti.synopsis.MarkdownTest" name="runTest[3: Backslash escapes]">
    <failure message="Backslash escapes expected:&lt;...code&gt;Backslash: \\

[    Backtick: \`

    Asterisk: \*

    Underscore: \_

    Left brace: \{

    Right brace: \}

    Left bracket: \[

    Right bracket: \]

    Left paren: \(

    Right paren: \)

    Greater-than: \&amp;gt;

    Hash: \#

    Period: \.

    Bang: \!

    Plus: \+

    Minus: \-
&lt;/code&gt;&lt;/pre&gt;

&lt;p&gt;Nor should these, which occur in code spans:&lt;/p&gt;

&lt;p&gt;Backslash: &lt;code&gt;\\&lt;/code&gt;&lt;/p&gt;

&lt;p&gt;Backtick: &lt;code&gt;\`&lt;/code&gt;&lt;/p&gt;

&lt;p&gt;Asterisk: &lt;code&gt;\*&lt;/code&gt;&lt;/p&gt;

&lt;p&gt;Underscore: &lt;code&gt;\_&lt;/code&gt;&lt;/p&gt;

&lt;p&gt;Left brace: &lt;code&gt;\{&lt;/code&gt;&lt;/p&gt;

&lt;p&gt;Right brace: &lt;code&gt;\}&lt;/code&gt;&lt;/p&gt;

&lt;p&gt;Left bracket: &lt;code&gt;\[&lt;/code&gt;&lt;/p&gt;

&lt;p&gt;Right bracket: &lt;code&gt;\]&lt;/code&gt;&lt;/p&gt;

&lt;p&gt;Left paren: &lt;code&gt;\(&lt;/code&gt;&lt;/p&gt;

&lt;p&gt;Right paren: &lt;code&gt;\)&lt;/code&gt;&lt;/p&gt;

&lt;p&gt;Greater-than: &lt;code&gt;\&amp;gt;&lt;/code&gt;&lt;/p&gt;

&lt;p&gt;Hash: &lt;code&gt;\#&lt;/code&gt;&lt;/p&gt;

&lt;p&gt;Period: &lt;code&gt;\.&lt;/code&gt;&lt;/p&gt;

&lt;p&gt;Bang: &lt;code&gt;\!&lt;/code&gt;&lt;/p&gt;

&lt;p&gt;Plus: &lt;code&gt;\+&lt;/code&gt;&lt;/p&gt;

&lt;p&gt;Minus: &lt;code&gt;\-&lt;/code&gt;&lt;/p&gt;

&lt;p&gt;These should get escaped, even though they&apos;re matching pairs for
    ]other Markdown const...&gt; but was:&lt;...code&gt;Backslash: \\

[Backtick: \`

Asterisk: \*

Underscore: \_

Left brace: \{

Right brace: \}

Left bracket: \[

Right bracket: \]

Left paren: \(

Right paren: \)

Greater-than: \&amp;gt;

Hash: \#

Period: \.

Bang: \!

Plus: \+

Minus: \-
&lt;/code&gt;&lt;/pre&gt;

&lt;p&gt;Nor should these, which occur in code spans:&lt;/p&gt;

&lt;p&gt;Backslash: &lt;code&gt;\\&lt;/code&gt;&lt;/p&gt;

&lt;p&gt;Backtick: &lt;code&gt;\`&lt;/code&gt;&lt;/p&gt;

&lt;p&gt;Asterisk: &lt;code&gt;\*&lt;/code&gt;&lt;/p&gt;

&lt;p&gt;Underscore: &lt;code&gt;\_&lt;/code&gt;&lt;/p&gt;

&lt;p&gt;Left brace: &lt;code&gt;\{&lt;/code&gt;&lt;/p&gt;

&lt;p&gt;Right brace: &lt;code&gt;\}&lt;/code&gt;&lt;/p&gt;

&lt;p&gt;Left bracket: &lt;code&gt;\[&lt;/code&gt;&lt;/p&gt;

&lt;p&gt;Right bracket: &lt;code&gt;\]&lt;/code&gt;&lt;/p&gt;

&lt;p&gt;Left paren: &lt;code&gt;\(&lt;/code&gt;&lt;/p&gt;

&lt;p&gt;Right paren: &lt;code&gt;\)&lt;/code&gt;&lt;/p&gt;

&lt;p&gt;Greater-than: &lt;code&gt;\&amp;gt;&lt;/code&gt;&lt;/p&gt;

&lt;p&gt;Hash: &lt;code&gt;\#&lt;/code&gt;&lt;/p&gt;

&lt;p&gt;Period: &lt;code&gt;\.&lt;/code&gt;&lt;/p&gt;

&lt;p&gt;Bang: &lt;code&gt;\!&lt;/code&gt;&lt;/p&gt;

&lt;p&gt;Plus: &lt;code&gt;\+&lt;/code&gt;&lt;/p&gt;

&lt;p&gt;Minus: &lt;code&gt;\-&lt;/code&gt;&lt;/p&gt;

&lt;p&gt;These should get escaped, even though they&apos;re matching pairs for
]other Markdown const...&gt;" type="org.junit.ComparisonFailure">org.junit.ComparisonFailure: Backslash escapes expected:&lt;...code&gt;Backslash: \\

[    Backtick: \`

    Asterisk: \*

    Underscore: \_

    Left brace: \{

    Right brace: \}

    Left bracket: \[

    Right bracket: \]

    Left paren: \(

    Right paren: \)

    Greater-than: \&amp;gt;

    Hash: \#

    Period: \.

    Bang: \!

    Plus: \+

    Minus: \-
&lt;/code&gt;&lt;/pre&gt;

&lt;p&gt;Nor should these, which occur in code spans:&lt;/p&gt;

&lt;p&gt;Backslash: &lt;code&gt;\\&lt;/code&gt;&lt;/p&gt;

&lt;p&gt;Backtick: &lt;code&gt;\`&lt;/code&gt;&lt;/p&gt;

&lt;p&gt;Asterisk: &lt;code&gt;\*&lt;/code&gt;&lt;/p&gt;

&lt;p&gt;Underscore: &lt;code&gt;\_&lt;/code&gt;&lt;/p&gt;

&lt;p&gt;Left brace: &lt;code&gt;\{&lt;/code&gt;&lt;/p&gt;

&lt;p&gt;Right brace: &lt;code&gt;\}&lt;/code&gt;&lt;/p&gt;

&lt;p&gt;Left bracket: &lt;code&gt;\[&lt;/code&gt;&lt;/p&gt;

&lt;p&gt;Right bracket: &lt;code&gt;\]&lt;/code&gt;&lt;/p&gt;

&lt;p&gt;Left paren: &lt;code&gt;\(&lt;/code&gt;&lt;/p&gt;

&lt;p&gt;Right paren: &lt;code&gt;\)&lt;/code&gt;&lt;/p&gt;

&lt;p&gt;Greater-than: &lt;code&gt;\&amp;gt;&lt;/code&gt;&lt;/p&gt;

&lt;p&gt;Hash: &lt;code&gt;\#&lt;/code&gt;&lt;/p&gt;

&lt;p&gt;Period: &lt;code&gt;\.&lt;/code&gt;&lt;/p&gt;

&lt;p&gt;Bang: &lt;code&gt;\!&lt;/code&gt;&lt;/p&gt;

&lt;p&gt;Plus: &lt;code&gt;\+&lt;/code&gt;&lt;/p&gt;

&lt;p&gt;Minus: &lt;code&gt;\-&lt;/code&gt;&lt;/p&gt;

&lt;p&gt;These should get escaped, even though they&apos;re matching pairs for
    ]other Markdown const...&gt; but was:&lt;...code&gt;Backslash: \\

[Backtick: \`

Asterisk: \*

Underscore: \_

Left brace: \{

Right brace: \}

Left bracket: \[

Right bracket: \]

Left paren: \(

Right paren: \)

Greater-than: \&amp;gt;

Hash: \#

Period: \.

Bang: \!

Plus: \+

Minus: \-
&lt;/code&gt;&lt;/pre&gt;

&lt;p&gt;Nor should these, which occur in code spans:&lt;/p&gt;

&lt;p&gt;Backslash: &lt;code&gt;\\&lt;/code&gt;&lt;/p&gt;

&lt;p&gt;Backtick: &lt;code&gt;\`&lt;/code&gt;&lt;/p&gt;

&lt;p&gt;Asterisk: &lt;code&gt;\*&lt;/code&gt;&lt;/p&gt;

&lt;p&gt;Underscore: &lt;code&gt;\_&lt;/code&gt;&lt;/p&gt;

&lt;p&gt;Left brace: &lt;code&gt;\{&lt;/code&gt;&lt;/p&gt;

&lt;p&gt;Right brace: &lt;code&gt;\}&lt;/code&gt;&lt;/p&gt;

&lt;p&gt;Left bracket: &lt;code&gt;\[&lt;/code&gt;&lt;/p&gt;

&lt;p&gt;Right bracket: &lt;code&gt;\]&lt;/code&gt;&lt;/p&gt;

&lt;p&gt;Left paren: &lt;code&gt;\(&lt;/code&gt;&lt;/p&gt;

&lt;p&gt;Right paren: &lt;code&gt;\)&lt;/code&gt;&lt;/p&gt;

&lt;p&gt;Greater-than: &lt;code&gt;\&amp;gt;&lt;/code&gt;&lt;/p&gt;

&lt;p&gt;Hash: &lt;code&gt;\#&lt;/code&gt;&lt;/p&gt;

&lt;p&gt;Period: &lt;code&gt;\.&lt;/code&gt;&lt;/p&gt;

&lt;p&gt;Bang: &lt;code&gt;\!&lt;/code&gt;&lt;/p&gt;

&lt;p&gt;Plus: &lt;code&gt;\+&lt;/code&gt;&lt;/p&gt;

&lt;p&gt;Minus: &lt;code&gt;\-&lt;/code&gt;&lt;/p&gt;

&lt;p&gt;These should get escaped, even though they&apos;re matching pairs for
]other Markdown const...&gt;
	at org.junit.Assert.assertEquals(Assert.java:115)
	at org.mashti.synopsis.MarkdownTest.runTest(MarkdownTest.java:92)
	at sun.reflect.NativeMethodAccessorImpl.invoke0(Native Method)
	at sun.reflect.NativeMethodAccessorImpl.invoke(NativeMethodAccessorImpl.java:57)
	at sun.reflect.DelegatingMethodAccessorImpl.invoke(DelegatingMethodAccessorImpl.java:43)
	at java.lang.reflect.Method.invoke(Method.java:601)
	at org.junit.runners.model.FrameworkMethod$1.runReflectiveCall(FrameworkMethod.java:47)
	at org.junit.internal.runners.model.ReflectiveCallable.run(ReflectiveCallable.java:12)
	at org.junit.runners.model.FrameworkMethod.invokeExplosively(FrameworkMethod.java:44)
	at org.junit.internal.runners.statements.InvokeMethod.evaluate(InvokeMethod.java:17)
	at org.junit.runners.ParentRunner.runLeaf(ParentRunner.java:271)
	at org.junit.runners.BlockJUnit4ClassRunner.runChild(BlockJUnit4ClassRunner.java:70)
	at org.junit.runners.BlockJUnit4ClassRunner.runChild(BlockJUnit4ClassRunner.java:50)
	at org.junit.runners.ParentRunner$3.run(ParentRunner.java:238)
	at org.junit.runners.ParentRunner$1.schedule(ParentRunner.java:63)
	at org.junit.runners.ParentRunner.runChildren(ParentRunner.java:236)
	at org.junit.runners.ParentRunner.access$000(ParentRunner.java:53)
	at org.junit.runners.ParentRunner$2.evaluate(ParentRunner.java:229)
	at org.junit.runners.ParentRunner.run(ParentRunner.java:309)
	at org.junit.runners.Suite.runChild(Suite.java:127)
	at org.junit.runners.Suite.runChild(Suite.java:26)
	at org.junit.runners.ParentRunner$3.run(ParentRunner.java:238)
	at org.junit.runners.ParentRunner$1.schedule(ParentRunner.java:63)
	at org.junit.runners.ParentRunner.runChildren(ParentRunner.java:236)
	at org.junit.runners.ParentRunner.access$000(ParentRunner.java:53)
	at org.junit.runners.ParentRunner$2.evaluate(ParentRunner.java:229)
	at org.junit.runners.ParentRunner.run(ParentRunner.java:309)
	at org.apache.maven.surefire.junit4.JUnit4TestSet.execute(JUnit4TestSet.java:53)
	at org.apache.maven.surefire.junit4.JUnit4Provider.executeTestSet(JUnit4Provider.java:123)
	at org.apache.maven.surefire.junit4.JUnit4Provider.invoke(JUnit4Provider.java:104)
	at sun.reflect.NativeMethodAccessorImpl.invoke0(Native Method)
	at sun.reflect.NativeMethodAccessorImpl.invoke(NativeMethodAccessorImpl.java:57)
	at sun.reflect.DelegatingMethodAccessorImpl.invoke(DelegatingMethodAccessorImpl.java:43)
	at java.lang.reflect.Method.invoke(Method.java:601)
	at org.apache.maven.surefire.util.ReflectionUtils.invokeMethodWithArray(ReflectionUtils.java:164)
	at org.apache.maven.surefire.booter.ProviderFactory$ProviderProxy.invoke(ProviderFactory.java:110)
	at org.apache.maven.surefire.booter.SurefireStarter.invokeProvider(SurefireStarter.java:175)
	at org.apache.maven.surefire.booter.SurefireStarter.runSuitesInProcessWhenForked(SurefireStarter.java:107)
	at org.apache.maven.surefire.booter.ForkedBooter.main(ForkedBooter.java:68)
</failure>
  </testcase>
  <testcase time="0.014" classname="org.mashti.synopsis.MarkdownTest" name="runTest[4: Blockquotes with code blocks]">
    <failure message="Blockquotes with code blocks expected:&lt;&lt;blockquote&gt;
  [  &lt;p&gt;Example:&lt;/p&gt;

&lt;pre&gt;&lt;code&gt;sub status {
    print &quot;working&quot;;
    }
&lt;/code&gt;&lt;/pre&gt;

    &lt;p&gt;Or:&lt;/p&gt;

&lt;pre&gt;&lt;code&gt;sub status {
    return &quot;working&quot;;
    ]}
&lt;/code&gt;&lt;/pre&gt;
&lt;/bl...&gt; but was:&lt;&lt;blockquote&gt;
  [&lt;p&gt;Example:&lt;/p&gt;

&lt;pre&gt;&lt;code&gt;sub status {
    print &quot;working&quot;;
}
&lt;/code&gt;&lt;/pre&gt;
  
  &lt;p&gt;Or:&lt;/p&gt;

&lt;pre&gt;&lt;code&gt;sub status {
    return &quot;working&quot;;
]}
&lt;/code&gt;&lt;/pre&gt;
&lt;/bl...&gt;" type="org.junit.ComparisonFailure">org.junit.ComparisonFailure: Blockquotes with code blocks expected:&lt;&lt;blockquote&gt;
  [  &lt;p&gt;Example:&lt;/p&gt;

&lt;pre&gt;&lt;code&gt;sub status {
    print &quot;working&quot;;
    }
&lt;/code&gt;&lt;/pre&gt;

    &lt;p&gt;Or:&lt;/p&gt;

&lt;pre&gt;&lt;code&gt;sub status {
    return &quot;working&quot;;
    ]}
&lt;/code&gt;&lt;/pre&gt;
&lt;/bl...&gt; but was:&lt;&lt;blockquote&gt;
  [&lt;p&gt;Example:&lt;/p&gt;

&lt;pre&gt;&lt;code&gt;sub status {
    print &quot;working&quot;;
}
&lt;/code&gt;&lt;/pre&gt;
  
  &lt;p&gt;Or:&lt;/p&gt;

&lt;pre&gt;&lt;code&gt;sub status {
    return &quot;working&quot;;
]}
&lt;/code&gt;&lt;/pre&gt;
&lt;/bl...&gt;
	at org.junit.Assert.assertEquals(Assert.java:115)
	at org.mashti.synopsis.MarkdownTest.runTest(MarkdownTest.java:92)
	at sun.reflect.NativeMethodAccessorImpl.invoke0(Native Method)
	at sun.reflect.NativeMethodAccessorImpl.invoke(NativeMethodAccessorImpl.java:57)
	at sun.reflect.DelegatingMethodAccessorImpl.invoke(DelegatingMethodAccessorImpl.java:43)
	at java.lang.reflect.Method.invoke(Method.java:601)
	at org.junit.runners.model.FrameworkMethod$1.runReflectiveCall(FrameworkMethod.java:47)
	at org.junit.internal.runners.model.ReflectiveCallable.run(ReflectiveCallable.java:12)
	at org.junit.runners.model.FrameworkMethod.invokeExplosively(FrameworkMethod.java:44)
	at org.junit.internal.runners.statements.InvokeMethod.evaluate(InvokeMethod.java:17)
	at org.junit.runners.ParentRunner.runLeaf(ParentRunner.java:271)
	at org.junit.runners.BlockJUnit4ClassRunner.runChild(BlockJUnit4ClassRunner.java:70)
	at org.junit.runners.BlockJUnit4ClassRunner.runChild(BlockJUnit4ClassRunner.java:50)
	at org.junit.runners.ParentRunner$3.run(ParentRunner.java:238)
	at org.junit.runners.ParentRunner$1.schedule(ParentRunner.java:63)
	at org.junit.runners.ParentRunner.runChildren(ParentRunner.java:236)
	at org.junit.runners.ParentRunner.access$000(ParentRunner.java:53)
	at org.junit.runners.ParentRunner$2.evaluate(ParentRunner.java:229)
	at org.junit.runners.ParentRunner.run(ParentRunner.java:309)
	at org.junit.runners.Suite.runChild(Suite.java:127)
	at org.junit.runners.Suite.runChild(Suite.java:26)
	at org.junit.runners.ParentRunner$3.run(ParentRunner.java:238)
	at org.junit.runners.ParentRunner$1.schedule(ParentRunner.java:63)
	at org.junit.runners.ParentRunner.runChildren(ParentRunner.java:236)
	at org.junit.runners.ParentRunner.access$000(ParentRunner.java:53)
	at org.junit.runners.ParentRunner$2.evaluate(ParentRunner.java:229)
	at org.junit.runners.ParentRunner.run(ParentRunner.java:309)
	at org.apache.maven.surefire.junit4.JUnit4TestSet.execute(JUnit4TestSet.java:53)
	at org.apache.maven.surefire.junit4.JUnit4Provider.executeTestSet(JUnit4Provider.java:123)
	at org.apache.maven.surefire.junit4.JUnit4Provider.invoke(JUnit4Provider.java:104)
	at sun.reflect.NativeMethodAccessorImpl.invoke0(Native Method)
	at sun.reflect.NativeMethodAccessorImpl.invoke(NativeMethodAccessorImpl.java:57)
	at sun.reflect.DelegatingMethodAccessorImpl.invoke(DelegatingMethodAccessorImpl.java:43)
	at java.lang.reflect.Method.invoke(Method.java:601)
	at org.apache.maven.surefire.util.ReflectionUtils.invokeMethodWithArray(ReflectionUtils.java:164)
	at org.apache.maven.surefire.booter.ProviderFactory$ProviderProxy.invoke(ProviderFactory.java:110)
	at org.apache.maven.surefire.booter.SurefireStarter.invokeProvider(SurefireStarter.java:175)
	at org.apache.maven.surefire.booter.SurefireStarter.runSuitesInProcessWhenForked(SurefireStarter.java:107)
	at org.apache.maven.surefire.booter.ForkedBooter.main(ForkedBooter.java:68)
</failure>
  </testcase>
  <testcase time="0.008" classname="org.mashti.synopsis.MarkdownTest" name="runTest[5: Hard-wrapped paragraphs with list-like lines]">
    <failure message="Hard-wrapped paragraphs with list-like lines expected:&lt;...nd earlier. Version
[    8. This line turns into a list item.
    Because a hard-wrapped line in the
    middle of a paragraph looked like a
    list item.&lt;/p&gt;

&lt;p&gt;Here&apos;s one with a bullet.
    ]* criminey.&lt;/p&gt;&gt; but was:&lt;...nd earlier. Version
[8. This line turns into a list item.
Because a hard-wrapped line in the
middle of a paragraph looked like a
list item.&lt;/p&gt;

&lt;p&gt;Here&apos;s one with a bullet.
]* criminey.&lt;/p&gt;&gt;" type="org.junit.ComparisonFailure">org.junit.ComparisonFailure: Hard-wrapped paragraphs with list-like lines expected:&lt;...nd earlier. Version
[    8. This line turns into a list item.
    Because a hard-wrapped line in the
    middle of a paragraph looked like a
    list item.&lt;/p&gt;

&lt;p&gt;Here&apos;s one with a bullet.
    ]* criminey.&lt;/p&gt;&gt; but was:&lt;...nd earlier. Version
[8. This line turns into a list item.
Because a hard-wrapped line in the
middle of a paragraph looked like a
list item.&lt;/p&gt;

&lt;p&gt;Here&apos;s one with a bullet.
]* criminey.&lt;/p&gt;&gt;
	at org.junit.Assert.assertEquals(Assert.java:115)
	at org.mashti.synopsis.MarkdownTest.runTest(MarkdownTest.java:92)
	at sun.reflect.NativeMethodAccessorImpl.invoke0(Native Method)
	at sun.reflect.NativeMethodAccessorImpl.invoke(NativeMethodAccessorImpl.java:57)
	at sun.reflect.DelegatingMethodAccessorImpl.invoke(DelegatingMethodAccessorImpl.java:43)
	at java.lang.reflect.Method.invoke(Method.java:601)
	at org.junit.runners.model.FrameworkMethod$1.runReflectiveCall(FrameworkMethod.java:47)
	at org.junit.internal.runners.model.ReflectiveCallable.run(ReflectiveCallable.java:12)
	at org.junit.runners.model.FrameworkMethod.invokeExplosively(FrameworkMethod.java:44)
	at org.junit.internal.runners.statements.InvokeMethod.evaluate(InvokeMethod.java:17)
	at org.junit.runners.ParentRunner.runLeaf(ParentRunner.java:271)
	at org.junit.runners.BlockJUnit4ClassRunner.runChild(BlockJUnit4ClassRunner.java:70)
	at org.junit.runners.BlockJUnit4ClassRunner.runChild(BlockJUnit4ClassRunner.java:50)
	at org.junit.runners.ParentRunner$3.run(ParentRunner.java:238)
	at org.junit.runners.ParentRunner$1.schedule(ParentRunner.java:63)
	at org.junit.runners.ParentRunner.runChildren(ParentRunner.java:236)
	at org.junit.runners.ParentRunner.access$000(ParentRunner.java:53)
	at org.junit.runners.ParentRunner$2.evaluate(ParentRunner.java:229)
	at org.junit.runners.ParentRunner.run(ParentRunner.java:309)
	at org.junit.runners.Suite.runChild(Suite.java:127)
	at org.junit.runners.Suite.runChild(Suite.java:26)
	at org.junit.runners.ParentRunner$3.run(ParentRunner.java:238)
	at org.junit.runners.ParentRunner$1.schedule(ParentRunner.java:63)
	at org.junit.runners.ParentRunner.runChildren(ParentRunner.java:236)
	at org.junit.runners.ParentRunner.access$000(ParentRunner.java:53)
	at org.junit.runners.ParentRunner$2.evaluate(ParentRunner.java:229)
	at org.junit.runners.ParentRunner.run(ParentRunner.java:309)
	at org.apache.maven.surefire.junit4.JUnit4TestSet.execute(JUnit4TestSet.java:53)
	at org.apache.maven.surefire.junit4.JUnit4Provider.executeTestSet(JUnit4Provider.java:123)
	at org.apache.maven.surefire.junit4.JUnit4Provider.invoke(JUnit4Provider.java:104)
	at sun.reflect.NativeMethodAccessorImpl.invoke0(Native Method)
	at sun.reflect.NativeMethodAccessorImpl.invoke(NativeMethodAccessorImpl.java:57)
	at sun.reflect.DelegatingMethodAccessorImpl.invoke(DelegatingMethodAccessorImpl.java:43)
	at java.lang.reflect.Method.invoke(Method.java:601)
	at org.apache.maven.surefire.util.ReflectionUtils.invokeMethodWithArray(ReflectionUtils.java:164)
	at org.apache.maven.surefire.booter.ProviderFactory$ProviderProxy.invoke(ProviderFactory.java:110)
	at org.apache.maven.surefire.booter.SurefireStarter.invokeProvider(SurefireStarter.java:175)
	at org.apache.maven.surefire.booter.SurefireStarter.runSuitesInProcessWhenForked(SurefireStarter.java:107)
	at org.apache.maven.surefire.booter.ForkedBooter.main(ForkedBooter.java:68)
</failure>
  </testcase>
  <testcase time="0.013" classname="org.mashti.synopsis.MarkdownTest" name="runTest[6: Horizontal rules]"/>
  <testcase time="0.01" classname="runTest[7: Inline HTML (Advanced)](org.mashti.synopsis.MarkdownTest)" name="runTest[7: Inline HTML ">
    <failure message="Inline HTML (Advanced) expected:&lt;...indentation:

&lt;div&gt;
[    &lt;div&gt;
        &lt;div&gt;
            foo
        &lt;/div&gt;

        &lt;p&gt;&lt;/div&gt;
    &lt;/p&gt;

    ]&lt;div&gt;bar&lt;/div&gt;
&lt;/div...&gt; but was:&lt;...indentation:

&lt;div&gt;
[&lt;div&gt;
&lt;div&gt;
foo
&lt;/div&gt;

&lt;p&gt;&lt;/div&gt;&lt;/p&gt;

]&lt;div&gt;bar&lt;/div&gt;
&lt;/div...&gt;" type="org.junit.ComparisonFailure">org.junit.ComparisonFailure: Inline HTML (Advanced) expected:&lt;...indentation:

&lt;div&gt;
[    &lt;div&gt;
        &lt;div&gt;
            foo
        &lt;/div&gt;

        &lt;p&gt;&lt;/div&gt;
    &lt;/p&gt;

    ]&lt;div&gt;bar&lt;/div&gt;
&lt;/div...&gt; but was:&lt;...indentation:

&lt;div&gt;
[&lt;div&gt;
&lt;div&gt;
foo
&lt;/div&gt;

&lt;p&gt;&lt;/div&gt;&lt;/p&gt;

]&lt;div&gt;bar&lt;/div&gt;
&lt;/div...&gt;
	at org.junit.Assert.assertEquals(Assert.java:115)
	at org.mashti.synopsis.MarkdownTest.runTest(MarkdownTest.java:92)
	at sun.reflect.NativeMethodAccessorImpl.invoke0(Native Method)
	at sun.reflect.NativeMethodAccessorImpl.invoke(NativeMethodAccessorImpl.java:57)
	at sun.reflect.DelegatingMethodAccessorImpl.invoke(DelegatingMethodAccessorImpl.java:43)
	at java.lang.reflect.Method.invoke(Method.java:601)
	at org.junit.runners.model.FrameworkMethod$1.runReflectiveCall(FrameworkMethod.java:47)
	at org.junit.internal.runners.model.ReflectiveCallable.run(ReflectiveCallable.java:12)
	at org.junit.runners.model.FrameworkMethod.invokeExplosively(FrameworkMethod.java:44)
	at org.junit.internal.runners.statements.InvokeMethod.evaluate(InvokeMethod.java:17)
	at org.junit.runners.ParentRunner.runLeaf(ParentRunner.java:271)
	at org.junit.runners.BlockJUnit4ClassRunner.runChild(BlockJUnit4ClassRunner.java:70)
	at org.junit.runners.BlockJUnit4ClassRunner.runChild(BlockJUnit4ClassRunner.java:50)
	at org.junit.runners.ParentRunner$3.run(ParentRunner.java:238)
	at org.junit.runners.ParentRunner$1.schedule(ParentRunner.java:63)
	at org.junit.runners.ParentRunner.runChildren(ParentRunner.java:236)
	at org.junit.runners.ParentRunner.access$000(ParentRunner.java:53)
	at org.junit.runners.ParentRunner$2.evaluate(ParentRunner.java:229)
	at org.junit.runners.ParentRunner.run(ParentRunner.java:309)
	at org.junit.runners.Suite.runChild(Suite.java:127)
	at org.junit.runners.Suite.runChild(Suite.java:26)
	at org.junit.runners.ParentRunner$3.run(ParentRunner.java:238)
	at org.junit.runners.ParentRunner$1.schedule(ParentRunner.java:63)
	at org.junit.runners.ParentRunner.runChildren(ParentRunner.java:236)
	at org.junit.runners.ParentRunner.access$000(ParentRunner.java:53)
	at org.junit.runners.ParentRunner$2.evaluate(ParentRunner.java:229)
	at org.junit.runners.ParentRunner.run(ParentRunner.java:309)
	at org.apache.maven.surefire.junit4.JUnit4TestSet.execute(JUnit4TestSet.java:53)
	at org.apache.maven.surefire.junit4.JUnit4Provider.executeTestSet(JUnit4Provider.java:123)
	at org.apache.maven.surefire.junit4.JUnit4Provider.invoke(JUnit4Provider.java:104)
	at sun.reflect.NativeMethodAccessorImpl.invoke0(Native Method)
	at sun.reflect.NativeMethodAccessorImpl.invoke(NativeMethodAccessorImpl.java:57)
	at sun.reflect.DelegatingMethodAccessorImpl.invoke(DelegatingMethodAccessorImpl.java:43)
	at java.lang.reflect.Method.invoke(Method.java:601)
	at org.apache.maven.surefire.util.ReflectionUtils.invokeMethodWithArray(ReflectionUtils.java:164)
	at org.apache.maven.surefire.booter.ProviderFactory$ProviderProxy.invoke(ProviderFactory.java:110)
	at org.apache.maven.surefire.booter.SurefireStarter.invokeProvider(SurefireStarter.java:175)
	at org.apache.maven.surefire.booter.SurefireStarter.runSuitesInProcessWhenForked(SurefireStarter.java:107)
	at org.apache.maven.surefire.booter.ForkedBooter.main(ForkedBooter.java:68)
</failure>
  </testcase>
  <testcase time="0.026" classname="runTest[8: Inline HTML (Simple)](org.mashti.synopsis.MarkdownTest)" name="runTest[8: Inline HTML ">
    <failure message="Inline HTML (Simple) expected:&lt;...&amp;lt;div&amp;gt;
    foo
[    &amp;lt;/div&amp;gt;
&lt;/code&gt;&lt;/pre&gt;

&lt;p&gt;As should this:&lt;/p&gt;

&lt;pre&gt;&lt;code&gt;&amp;lt;div&amp;gt;foo&amp;lt;/div&amp;gt;
&lt;/code&gt;&lt;/pre&gt;

&lt;p&gt;Now, nested:&lt;/p&gt;

&lt;div&gt;
    &lt;div&gt;
        &lt;div&gt;
            foo
        &lt;/div&gt;
    &lt;/div&gt;
&lt;/div&gt;

&lt;p&gt;This should just be an HTML comment:&lt;/p&gt;

&lt;!-- Comment --&gt;

&lt;p&gt;Multiline:&lt;/p&gt;

&lt;!--
Blah
Blah
--&gt;

&lt;p&gt;Code block:&lt;/p&gt;

&lt;pre&gt;&lt;code&gt;&amp;lt;!-- Comment --&amp;gt;
&lt;/code&gt;&lt;/pre&gt;

&lt;p&gt;Just plain comment, with trailing spaces on the line:&lt;/p&gt;

&lt;!-- foo --&gt;

&lt;p&gt;Code:&lt;/p&gt;

&lt;pre&gt;&lt;code&gt;&amp;lt;hr /&amp;gt;
&lt;/code&gt;&lt;/pre&gt;

&lt;p&gt;Hr&apos;s:&lt;/p&gt;

&lt;hr&gt;

&lt;hr/&gt;

&lt;hr/&gt;

&lt;hr&gt;

&lt;hr/&gt;

&lt;hr/&gt;

&lt;hr class=&quot;foo&quot; id=&quot;bar&quot;/&gt;

&lt;hr class=&quot;foo&quot; id=&quot;bar&quot;/&gt;

&lt;hr class=&quot;foo&quot; id=&quot;bar&quot;]&gt;&gt; but was:&lt;...&amp;lt;div&amp;gt;
    foo
[&amp;lt;/div&amp;gt;
&lt;/code&gt;&lt;/pre&gt;

&lt;p&gt;As should this:&lt;/p&gt;

&lt;pre&gt;&lt;code&gt;&amp;lt;div&amp;gt;foo&amp;lt;/div&amp;gt;
&lt;/code&gt;&lt;/pre&gt;

&lt;p&gt;Now, nested:&lt;/p&gt;

&lt;div&gt;
    &lt;div&gt;
        &lt;div&gt;
            foo
        &lt;/div&gt;
    &lt;/div&gt;
&lt;/div&gt;

&lt;p&gt;This should just be an HTML comment:&lt;/p&gt;

&lt;!-- Comment --&gt;

&lt;p&gt;Multiline:&lt;/p&gt;

&lt;!--
Blah
Blah
--&gt;

&lt;p&gt;Code block:&lt;/p&gt;

&lt;pre&gt;&lt;code&gt;&amp;lt;!-- Comment --&amp;gt;
&lt;/code&gt;&lt;/pre&gt;

&lt;p&gt;Just plain comment, with trailing spaces on the line:&lt;/p&gt;

&lt;!-- foo --&gt;   

&lt;p&gt;Code:&lt;/p&gt;

&lt;pre&gt;&lt;code&gt;&amp;lt;hr /&amp;gt;
&lt;/code&gt;&lt;/pre&gt;

&lt;p&gt;Hr&apos;s:&lt;/p&gt;

&lt;hr&gt;

&lt;hr/&gt;

&lt;hr /&gt;

&lt;hr&gt;   

&lt;hr/&gt;  

&lt;hr /&gt; 

&lt;hr class=&quot;foo&quot; id=&quot;bar&quot; /&gt;

&lt;hr class=&quot;foo&quot; id=&quot;bar&quot;/&gt;

&lt;hr class=&quot;foo&quot; id=&quot;bar&quot; ]&gt;&gt;" type="org.junit.ComparisonFailure">org.junit.ComparisonFailure: Inline HTML (Simple) expected:&lt;...&amp;lt;div&amp;gt;
    foo
[    &amp;lt;/div&amp;gt;
&lt;/code&gt;&lt;/pre&gt;

&lt;p&gt;As should this:&lt;/p&gt;

&lt;pre&gt;&lt;code&gt;&amp;lt;div&amp;gt;foo&amp;lt;/div&amp;gt;
&lt;/code&gt;&lt;/pre&gt;

&lt;p&gt;Now, nested:&lt;/p&gt;

&lt;div&gt;
    &lt;div&gt;
        &lt;div&gt;
            foo
        &lt;/div&gt;
    &lt;/div&gt;
&lt;/div&gt;

&lt;p&gt;This should just be an HTML comment:&lt;/p&gt;

&lt;!-- Comment --&gt;

&lt;p&gt;Multiline:&lt;/p&gt;

&lt;!--
Blah
Blah
--&gt;

&lt;p&gt;Code block:&lt;/p&gt;

&lt;pre&gt;&lt;code&gt;&amp;lt;!-- Comment --&amp;gt;
&lt;/code&gt;&lt;/pre&gt;

&lt;p&gt;Just plain comment, with trailing spaces on the line:&lt;/p&gt;

&lt;!-- foo --&gt;

&lt;p&gt;Code:&lt;/p&gt;

&lt;pre&gt;&lt;code&gt;&amp;lt;hr /&amp;gt;
&lt;/code&gt;&lt;/pre&gt;

&lt;p&gt;Hr&apos;s:&lt;/p&gt;

&lt;hr&gt;

&lt;hr/&gt;

&lt;hr/&gt;

&lt;hr&gt;

&lt;hr/&gt;

&lt;hr/&gt;

&lt;hr class=&quot;foo&quot; id=&quot;bar&quot;/&gt;

&lt;hr class=&quot;foo&quot; id=&quot;bar&quot;/&gt;

&lt;hr class=&quot;foo&quot; id=&quot;bar&quot;]&gt;&gt; but was:&lt;...&amp;lt;div&amp;gt;
    foo
[&amp;lt;/div&amp;gt;
&lt;/code&gt;&lt;/pre&gt;

&lt;p&gt;As should this:&lt;/p&gt;

&lt;pre&gt;&lt;code&gt;&amp;lt;div&amp;gt;foo&amp;lt;/div&amp;gt;
&lt;/code&gt;&lt;/pre&gt;

&lt;p&gt;Now, nested:&lt;/p&gt;

&lt;div&gt;
    &lt;div&gt;
        &lt;div&gt;
            foo
        &lt;/div&gt;
    &lt;/div&gt;
&lt;/div&gt;

&lt;p&gt;This should just be an HTML comment:&lt;/p&gt;

&lt;!-- Comment --&gt;

&lt;p&gt;Multiline:&lt;/p&gt;

&lt;!--
Blah
Blah
--&gt;

&lt;p&gt;Code block:&lt;/p&gt;

&lt;pre&gt;&lt;code&gt;&amp;lt;!-- Comment --&amp;gt;
&lt;/code&gt;&lt;/pre&gt;

&lt;p&gt;Just plain comment, with trailing spaces on the line:&lt;/p&gt;

&lt;!-- foo --&gt;   

&lt;p&gt;Code:&lt;/p&gt;

&lt;pre&gt;&lt;code&gt;&amp;lt;hr /&amp;gt;
&lt;/code&gt;&lt;/pre&gt;

&lt;p&gt;Hr&apos;s:&lt;/p&gt;

&lt;hr&gt;

&lt;hr/&gt;

&lt;hr /&gt;

&lt;hr&gt;   

&lt;hr/&gt;  

&lt;hr /&gt; 

&lt;hr class=&quot;foo&quot; id=&quot;bar&quot; /&gt;

&lt;hr class=&quot;foo&quot; id=&quot;bar&quot;/&gt;

&lt;hr class=&quot;foo&quot; id=&quot;bar&quot; ]&gt;&gt;
	at org.junit.Assert.assertEquals(Assert.java:115)
	at org.mashti.synopsis.MarkdownTest.runTest(MarkdownTest.java:92)
	at sun.reflect.NativeMethodAccessorImpl.invoke0(Native Method)
	at sun.reflect.NativeMethodAccessorImpl.invoke(NativeMethodAccessorImpl.java:57)
	at sun.reflect.DelegatingMethodAccessorImpl.invoke(DelegatingMethodAccessorImpl.java:43)
	at java.lang.reflect.Method.invoke(Method.java:601)
	at org.junit.runners.model.FrameworkMethod$1.runReflectiveCall(FrameworkMethod.java:47)
	at org.junit.internal.runners.model.ReflectiveCallable.run(ReflectiveCallable.java:12)
	at org.junit.runners.model.FrameworkMethod.invokeExplosively(FrameworkMethod.java:44)
	at org.junit.internal.runners.statements.InvokeMethod.evaluate(InvokeMethod.java:17)
	at org.junit.runners.ParentRunner.runLeaf(ParentRunner.java:271)
	at org.junit.runners.BlockJUnit4ClassRunner.runChild(BlockJUnit4ClassRunner.java:70)
	at org.junit.runners.BlockJUnit4ClassRunner.runChild(BlockJUnit4ClassRunner.java:50)
	at org.junit.runners.ParentRunner$3.run(ParentRunner.java:238)
	at org.junit.runners.ParentRunner$1.schedule(ParentRunner.java:63)
	at org.junit.runners.ParentRunner.runChildren(ParentRunner.java:236)
	at org.junit.runners.ParentRunner.access$000(ParentRunner.java:53)
	at org.junit.runners.ParentRunner$2.evaluate(ParentRunner.java:229)
	at org.junit.runners.ParentRunner.run(ParentRunner.java:309)
	at org.junit.runners.Suite.runChild(Suite.java:127)
	at org.junit.runners.Suite.runChild(Suite.java:26)
	at org.junit.runners.ParentRunner$3.run(ParentRunner.java:238)
	at org.junit.runners.ParentRunner$1.schedule(ParentRunner.java:63)
	at org.junit.runners.ParentRunner.runChildren(ParentRunner.java:236)
	at org.junit.runners.ParentRunner.access$000(ParentRunner.java:53)
	at org.junit.runners.ParentRunner$2.evaluate(ParentRunner.java:229)
	at org.junit.runners.ParentRunner.run(ParentRunner.java:309)
	at org.apache.maven.surefire.junit4.JUnit4TestSet.execute(JUnit4TestSet.java:53)
	at org.apache.maven.surefire.junit4.JUnit4Provider.executeTestSet(JUnit4Provider.java:123)
	at org.apache.maven.surefire.junit4.JUnit4Provider.invoke(JUnit4Provider.java:104)
	at sun.reflect.NativeMethodAccessorImpl.invoke0(Native Method)
	at sun.reflect.NativeMethodAccessorImpl.invoke(NativeMethodAccessorImpl.java:57)
	at sun.reflect.DelegatingMethodAccessorImpl.invoke(DelegatingMethodAccessorImpl.java:43)
	at java.lang.reflect.Method.invoke(Method.java:601)
	at org.apache.maven.surefire.util.ReflectionUtils.invokeMethodWithArray(ReflectionUtils.java:164)
	at org.apache.maven.surefire.booter.ProviderFactory$ProviderProxy.invoke(ProviderFactory.java:110)
	at org.apache.maven.surefire.booter.SurefireStarter.invokeProvider(SurefireStarter.java:175)
	at org.apache.maven.surefire.booter.SurefireStarter.runSuitesInProcessWhenForked(SurefireStarter.java:107)
	at org.apache.maven.surefire.booter.ForkedBooter.main(ForkedBooter.java:68)
</failure>
  </testcase>
  <testcase time="0.005" classname="org.mashti.synopsis.MarkdownTest" name="runTest[9: Inline HTML comments]"/>
  <testcase time="0.009" classname="org.mashti.synopsis.MarkdownTest" name="runTest[10: Links\u002C inline style]"/>
  <testcase time="0.024" classname="org.mashti.synopsis.MarkdownTest" name="runTest[11: Links\u002C reference style]">
    <failure message="Links, reference style expected:&lt;...a href=&quot;/url/&quot;&gt;link
[    breaks&lt;/a&gt; across lines.&lt;/p&gt;

&lt;p&gt;Here&apos;s another where the &lt;a href=&quot;/url/&quot;&gt;link
    ]breaks&lt;/a&gt; across li...&gt; but was:&lt;...a href=&quot;/url/&quot;&gt;link
[breaks&lt;/a&gt; across lines.&lt;/p&gt;

&lt;p&gt;Here&apos;s another where the &lt;a href=&quot;/url/&quot;&gt;link 
]breaks&lt;/a&gt; across li...&gt;" type="org.junit.ComparisonFailure">org.junit.ComparisonFailure: Links, reference style expected:&lt;...a href=&quot;/url/&quot;&gt;link
[    breaks&lt;/a&gt; across lines.&lt;/p&gt;

&lt;p&gt;Here&apos;s another where the &lt;a href=&quot;/url/&quot;&gt;link
    ]breaks&lt;/a&gt; across li...&gt; but was:&lt;...a href=&quot;/url/&quot;&gt;link
[breaks&lt;/a&gt; across lines.&lt;/p&gt;

&lt;p&gt;Here&apos;s another where the &lt;a href=&quot;/url/&quot;&gt;link 
]breaks&lt;/a&gt; across li...&gt;
	at org.junit.Assert.assertEquals(Assert.java:115)
	at org.mashti.synopsis.MarkdownTest.runTest(MarkdownTest.java:92)
	at sun.reflect.NativeMethodAccessorImpl.invoke0(Native Method)
	at sun.reflect.NativeMethodAccessorImpl.invoke(NativeMethodAccessorImpl.java:57)
	at sun.reflect.DelegatingMethodAccessorImpl.invoke(DelegatingMethodAccessorImpl.java:43)
	at java.lang.reflect.Method.invoke(Method.java:601)
	at org.junit.runners.model.FrameworkMethod$1.runReflectiveCall(FrameworkMethod.java:47)
	at org.junit.internal.runners.model.ReflectiveCallable.run(ReflectiveCallable.java:12)
	at org.junit.runners.model.FrameworkMethod.invokeExplosively(FrameworkMethod.java:44)
	at org.junit.internal.runners.statements.InvokeMethod.evaluate(InvokeMethod.java:17)
	at org.junit.runners.ParentRunner.runLeaf(ParentRunner.java:271)
	at org.junit.runners.BlockJUnit4ClassRunner.runChild(BlockJUnit4ClassRunner.java:70)
	at org.junit.runners.BlockJUnit4ClassRunner.runChild(BlockJUnit4ClassRunner.java:50)
	at org.junit.runners.ParentRunner$3.run(ParentRunner.java:238)
	at org.junit.runners.ParentRunner$1.schedule(ParentRunner.java:63)
	at org.junit.runners.ParentRunner.runChildren(ParentRunner.java:236)
	at org.junit.runners.ParentRunner.access$000(ParentRunner.java:53)
	at org.junit.runners.ParentRunner$2.evaluate(ParentRunner.java:229)
	at org.junit.runners.ParentRunner.run(ParentRunner.java:309)
	at org.junit.runners.Suite.runChild(Suite.java:127)
	at org.junit.runners.Suite.runChild(Suite.java:26)
	at org.junit.runners.ParentRunner$3.run(ParentRunner.java:238)
	at org.junit.runners.ParentRunner$1.schedule(ParentRunner.java:63)
	at org.junit.runners.ParentRunner.runChildren(ParentRunner.java:236)
	at org.junit.runners.ParentRunner.access$000(ParentRunner.java:53)
	at org.junit.runners.ParentRunner$2.evaluate(ParentRunner.java:229)
	at org.junit.runners.ParentRunner.run(ParentRunner.java:309)
	at org.apache.maven.surefire.junit4.JUnit4TestSet.execute(JUnit4TestSet.java:53)
	at org.apache.maven.surefire.junit4.JUnit4Provider.executeTestSet(JUnit4Provider.java:123)
	at org.apache.maven.surefire.junit4.JUnit4Provider.invoke(JUnit4Provider.java:104)
	at sun.reflect.NativeMethodAccessorImpl.invoke0(Native Method)
	at sun.reflect.NativeMethodAccessorImpl.invoke(NativeMethodAccessorImpl.java:57)
	at sun.reflect.DelegatingMethodAccessorImpl.invoke(DelegatingMethodAccessorImpl.java:43)
	at java.lang.reflect.Method.invoke(Method.java:601)
	at org.apache.maven.surefire.util.ReflectionUtils.invokeMethodWithArray(ReflectionUtils.java:164)
	at org.apache.maven.surefire.booter.ProviderFactory$ProviderProxy.invoke(ProviderFactory.java:110)
	at org.apache.maven.surefire.booter.SurefireStarter.invokeProvider(SurefireStarter.java:175)
	at org.apache.maven.surefire.booter.SurefireStarter.runSuitesInProcessWhenForked(SurefireStarter.java:107)
	at org.apache.maven.surefire.booter.ForkedBooter.main(ForkedBooter.java:68)
</failure>
  </testcase>
  <testcase time="0.009" classname="org.mashti.synopsis.MarkdownTest" name="runTest[12: Literal quotes in titles]"/>
  <testcase time="0.104" classname="org.mashti.synopsis.MarkdownTest" name="runTest[13: Markdown Documentation - Basics]">
    <failure message="Markdown Documentation - Basics expected:&lt;&lt;h1[&gt;Markdown: Basics&lt;/h1&gt;

&lt;ul id=&quot;ProjectSubmenu&quot;&gt;
    &lt;li&gt;&lt;a href=&quot;/projects/markdown/&quot; title=&quot;Markdown Project Page&quot;&gt;Main&lt;/a&gt;&lt;/li&gt;
    &lt;li&gt;&lt;a class=&quot;selected&quot; title=&quot;Markdown Basics&quot;&gt;Basics&lt;/a&gt;&lt;/li&gt;
    &lt;li&gt;&lt;a href=&quot;/projects/markdown/syntax&quot; title=&quot;Markdown Syntax Documentation&quot;&gt;Syntax&lt;/a&gt;&lt;/li&gt;
    &lt;li&gt;&lt;a href=&quot;/projects/markdown/license&quot; title=&quot;Pricing and License Information&quot;&gt;License&lt;/a&gt;&lt;/li&gt;
    &lt;li&gt;&lt;a href=&quot;/projects/markdown/dingus&quot; title=&quot;Online Markdown Web Form&quot;&gt;Dingus&lt;/a&gt;&lt;/li&gt;
&lt;/ul&gt;

&lt;h2&gt;Getting the Gist of Markdown&apos;s Formatting Syntax&lt;/h2&gt;

&lt;p&gt;This page offers a brief overview of what it&apos;s like to use Markdown.
    The &lt;a href=&quot;/projects/markdown/syntax&quot; title=&quot;Markdown Syntax&quot;&gt;syntax page&lt;/a&gt; provides complete, detailed documentation for
    every feature, but Markdown should be very easy to pick up simply by
    looking at a few examples of it in action. The examples on this page
    are written in a before/after style, showing example syntax and the
    HTML output produced by Markdown.&lt;/p&gt;

&lt;p&gt;It&apos;s also helpful to simply try Markdown out; the &lt;a href=&quot;/projects/markdown/dingus&quot; title=&quot;Markdown Dingus&quot;&gt;Dingus&lt;/a&gt; is a
    web application that allows you type your own Markdown-formatted text
    and translate it to XHTML.&lt;/p&gt;

&lt;p&gt;&lt;strong&gt;Note:&lt;/strong&gt; This document is itself written using Markdown; you
    can &lt;a href=&quot;/projects/markdown/basics.text&quot;&gt;see the source for it by adding &apos;.text&apos; to the URL&lt;/a&gt;.&lt;/p&gt;

&lt;h2&gt;Paragraphs, Headers, Blockquotes&lt;/h2&gt;

&lt;p&gt;A paragraph is simply one or more consecutive lines of text, separated
    by one or more blank lines. (A blank line is any line that looks like a
    blank line -- a line containing nothing spaces or tabs is considered
    blank.) Normal paragraphs should not be intended with spaces or tabs.&lt;/p&gt;

&lt;p&gt;Markdown offers two styles of headers: &lt;em&gt;Setext&lt;/em&gt; and &lt;em&gt;atx&lt;/em&gt;.
    Setext-style headers for &lt;code&gt;&amp;lt;h1&amp;gt;&lt;/code&gt; and &lt;code&gt;&amp;lt;h2&amp;gt;&lt;/code&gt; are created by
    &quot;underlining&quot; with equal signs (&lt;code&gt;=&lt;/code&gt;) and hyphens (&lt;code&gt;-&lt;/code&gt;), respectively.
    To create an atx-style header, you put 1-6 hash marks (&lt;code&gt;#&lt;/code&gt;) at the
    beginning of the line -- the number of hashes equals the resulting
    HTML header level.&lt;/p&gt;

&lt;p&gt;Blockquotes are indicated using email-style &apos;&lt;code&gt;&amp;gt;&lt;/code&gt;&apos; angle brackets.&lt;/p&gt;

&lt;p&gt;Markdown:&lt;/p&gt;

&lt;pre&gt;&lt;code&gt;A First Level Header
    ====================

    A Second Level Header
    ---------------------

    Now is the time for all good men to come to
    the aid of their country. This is just a
    regular paragraph.

    The quick brown fox jumped over the lazy
    dog&apos;s back.

    ### Header 3

    &amp;gt; This is a blockquote.
    &amp;gt;
    &amp;gt; This is the second paragraph in the blockquote.
    &amp;gt;
    &amp;gt; ## This is an H2 in a blockquote
&lt;/code&gt;&lt;/pre&gt;

&lt;p&gt;Output:&lt;/p&gt;

&lt;pre&gt;&lt;code&gt;&amp;lt;h1&amp;gt;A First Level Header&amp;lt;/h1&amp;gt;

    &amp;lt;h2&amp;gt;A Second Level Header&amp;lt;/h2&amp;gt;

    &amp;lt;p&amp;gt;Now is the time for all good men to come to
    the aid of their country. This is just a
    regular paragraph.&amp;lt;/p&amp;gt;

    &amp;lt;p&amp;gt;The quick brown fox jumped over the lazy
    dog&apos;s back.&amp;lt;/p&amp;gt;

    &amp;lt;h3&amp;gt;Header 3&amp;lt;/h3&amp;gt;

    &amp;lt;blockquote&amp;gt;
    &amp;lt;p&amp;gt;This is a blockquote.&amp;lt;/p&amp;gt;

    &amp;lt;p&amp;gt;This is the second paragraph in the blockquote.&amp;lt;/p&amp;gt;

    &amp;lt;h2&amp;gt;This is an H2 in a blockquote&amp;lt;/h2&amp;gt;
    &amp;lt;/blockquote&amp;gt;
&lt;/code&gt;&lt;/pre&gt;

&lt;h3&gt;Phrase Emphasis&lt;/h3&gt;

&lt;p&gt;Markdown uses asterisks and underscores to indicate spans of emphasis.&lt;/p&gt;

&lt;p&gt;Markdown:&lt;/p&gt;

&lt;pre&gt;&lt;code&gt;Some of these words *are emphasized*.
    Some of these words _are emphasized also_.

    Use two asterisks for **strong emphasis**.
    Or, if you prefer, __use two underscores instead__.
&lt;/code&gt;&lt;/pre&gt;

&lt;p&gt;Output:&lt;/p&gt;

&lt;pre&gt;&lt;code&gt;&amp;lt;p&amp;gt;Some of these words &amp;lt;em&amp;gt;are emphasized&amp;lt;/em&amp;gt;.
    Some of these words &amp;lt;em&amp;gt;are emphasized also&amp;lt;/em&amp;gt;.&amp;lt;/p&amp;gt;

    &amp;lt;p&amp;gt;Use two asterisks for &amp;lt;strong&amp;gt;strong emphasis&amp;lt;/strong&amp;gt;.
    Or, if you prefer, &amp;lt;strong&amp;gt;use two underscores instead&amp;lt;/strong&amp;gt;.&amp;lt;/p&amp;gt;
&lt;/code&gt;&lt;/pre&gt;

&lt;h2&gt;Lists&lt;/h2&gt;

&lt;p&gt;Unordered (bulleted) lists use asterisks, pluses, and hyphens (&lt;code&gt;*&lt;/code&gt;,
    &lt;code&gt;+&lt;/code&gt;, and &lt;code&gt;-&lt;/code&gt;) as list markers. These three markers are
    interchangable; this:&lt;/p&gt;

&lt;pre&gt;&lt;code&gt;* Candy.
    * Gum.
    * Booze.
&lt;/code&gt;&lt;/pre&gt;

&lt;p&gt;this:&lt;/p&gt;

&lt;pre&gt;&lt;code&gt;+ Candy.
    + Gum.
    + Booze.
&lt;/code&gt;&lt;/pre&gt;

&lt;p&gt;and this:&lt;/p&gt;

&lt;pre&gt;&lt;code&gt;- Candy.
    - Gum.
    - Booze.
&lt;/code&gt;&lt;/pre&gt;

&lt;p&gt;all produce the same output:&lt;/p&gt;

&lt;pre&gt;&lt;code&gt;&amp;lt;ul&amp;gt;
    &amp;lt;li&amp;gt;Candy.&amp;lt;/li&amp;gt;
    &amp;lt;li&amp;gt;Gum.&amp;lt;/li&amp;gt;
    &amp;lt;li&amp;gt;Booze.&amp;lt;/li&amp;gt;
    &amp;lt;/ul&amp;gt;
&lt;/code&gt;&lt;/pre&gt;

&lt;p&gt;Ordered (numbered) lists use regular numbers, followed by periods, as
    list markers:&lt;/p&gt;

&lt;pre&gt;&lt;code&gt;1. Red
    2. Green
    3. Blue
&lt;/code&gt;&lt;/pre&gt;

&lt;p&gt;Output:&lt;/p&gt;

&lt;pre&gt;&lt;code&gt;&amp;lt;ol&amp;gt;
    &amp;lt;li&amp;gt;Red&amp;lt;/li&amp;gt;
    &amp;lt;li&amp;gt;Green&amp;lt;/li&amp;gt;
    &amp;lt;li&amp;gt;Blue&amp;lt;/li&amp;gt;
    &amp;lt;/ol&amp;gt;
&lt;/code&gt;&lt;/pre&gt;

&lt;p&gt;If you put blank lines between items, you&apos;ll get &lt;code&gt;&amp;lt;p&amp;gt;&lt;/code&gt; tags for the
    list item text. You can create multi-paragraph list items by indenting
    the paragraphs by 4 spaces or 1 tab:&lt;/p&gt;

&lt;pre&gt;&lt;code&gt;* A list item.

    With multiple paragraphs.

    * Another item in the list.
&lt;/code&gt;&lt;/pre&gt;

&lt;p&gt;Output:&lt;/p&gt;

&lt;pre&gt;&lt;code&gt;&amp;lt;ul&amp;gt;
    &amp;lt;li&amp;gt;&amp;lt;p&amp;gt;A list item.&amp;lt;/p&amp;gt;
    &amp;lt;p&amp;gt;With multiple paragraphs.&amp;lt;/p&amp;gt;&amp;lt;/li&amp;gt;
    &amp;lt;li&amp;gt;&amp;lt;p&amp;gt;Another item in the list.&amp;lt;/p&amp;gt;&amp;lt;/li&amp;gt;
    &amp;lt;/ul&amp;gt;
&lt;/code&gt;&lt;/pre&gt;

&lt;h3&gt;Links&lt;/h3&gt;

&lt;p&gt;Markdown supports two styles for creating links: &lt;em&gt;inline&lt;/em&gt; and
    &lt;em&gt;reference&lt;/em&gt;. With both styles, you use square brackets to delimit the
    text you want to turn into a link.&lt;/p&gt;

&lt;p&gt;Inline-style links use parentheses immediately after the link text.
    For example:&lt;/p&gt;

&lt;pre&gt;&lt;code&gt;This is an [example link](http://example.com/).
&lt;/code&gt;&lt;/pre&gt;

&lt;p&gt;Output:&lt;/p&gt;

&lt;pre&gt;&lt;code&gt;&amp;lt;p&amp;gt;This is an &amp;lt;a href=&quot;http://example.com/&quot;&amp;gt;
    example link&amp;lt;/a&amp;gt;.&amp;lt;/p&amp;gt;
&lt;/code&gt;&lt;/pre&gt;

&lt;p&gt;Optionally, you may include a title attribute in the parentheses:&lt;/p&gt;

&lt;pre&gt;&lt;code&gt;This is an [example link](http://example.com/ &quot;With a Title&quot;).
&lt;/code&gt;&lt;/pre&gt;

&lt;p&gt;Output:&lt;/p&gt;

&lt;pre&gt;&lt;code&gt;&amp;lt;p&amp;gt;This is an &amp;lt;a href=&quot;http://example.com/&quot; title=&quot;With a Title&quot;&amp;gt;
    example link&amp;lt;/a&amp;gt;.&amp;lt;/p&amp;gt;
&lt;/code&gt;&lt;/pre&gt;

&lt;p&gt;Reference-style links allow you to refer to your links by names, which
    you define elsewhere in your document:&lt;/p&gt;

&lt;pre&gt;&lt;code&gt;I get 10 times more traffic from [Google][1] than from
    [Yahoo][2] or [MSN][3].

    [1]: http://google.com/ &quot;Google&quot;
    [2]: http://search.yahoo.com/ &quot;Yahoo Search&quot;
    [3]: http://search.msn.com/ &quot;MSN Search&quot;
&lt;/code&gt;&lt;/pre&gt;

&lt;p&gt;Output:&lt;/p&gt;

&lt;pre&gt;&lt;code&gt;&amp;lt;p&amp;gt;I get 10 times more traffic from &amp;lt;a href=&quot;http://google.com/&quot;
    title=&quot;Google&quot;&amp;gt;Google&amp;lt;/a&amp;gt; than from &amp;lt;a href=&quot;http://search.yahoo.com/&quot;
    title=&quot;Yahoo Search&quot;&amp;gt;Yahoo&amp;lt;/a&amp;gt; or &amp;lt;a href=&quot;http://search.msn.com/&quot;
    title=&quot;MSN Search&quot;&amp;gt;MSN&amp;lt;/a&amp;gt;.&amp;lt;/p&amp;gt;
&lt;/code&gt;&lt;/pre&gt;

&lt;p&gt;The title attribute is optional. Link names may contain letters,
    numbers and spaces, but are &lt;em&gt;not&lt;/em&gt; case sensitive:&lt;/p&gt;

&lt;pre&gt;&lt;code&gt;I start my morning with a cup of coffee and
    [The New York Times][NY Times].

    [ny times]: http://www.nytimes.com/
&lt;/code&gt;&lt;/pre&gt;

&lt;p&gt;Output:&lt;/p&gt;

&lt;pre&gt;&lt;code&gt;&amp;lt;p&amp;gt;I start my morning with a cup of coffee and
    &amp;lt;a href=&quot;http://www.nytimes.com/&quot;&amp;gt;The New York Times&amp;lt;/a&amp;gt;.&amp;lt;/p&amp;gt;
&lt;/code&gt;&lt;/pre&gt;

&lt;h3&gt;Images&lt;/h3&gt;

&lt;p&gt;Image syntax is very much like link syntax.&lt;/p&gt;

&lt;p&gt;Inline (titles are optional):&lt;/p&gt;

&lt;pre&gt;&lt;code&gt;![alt text](/path/to/img.jpg &quot;Title&quot;)
&lt;/code&gt;&lt;/pre&gt;

&lt;p&gt;Reference-style:&lt;/p&gt;

&lt;pre&gt;&lt;code&gt;![alt text][id]

    [id]: /path/to/img.jpg &quot;Title&quot;
&lt;/code&gt;&lt;/pre&gt;

&lt;p&gt;Both of the above examples produce the same output:&lt;/p&gt;

&lt;pre&gt;&lt;code&gt;&amp;lt;img src=&quot;/path/to/img.jpg&quot; alt=&quot;alt text&quot; title=&quot;Title&quot; /&amp;gt;
&lt;/code&gt;&lt;/pre&gt;

&lt;h3&gt;Code&lt;/h3&gt;

&lt;p&gt;In a regular paragraph, you can create code span by wrapping text in
    backtick quotes. Any ampersands (&lt;code&gt;&amp;amp;&lt;/code&gt;) and angle brackets (&lt;code&gt;&amp;lt;&lt;/code&gt; or
    &lt;code&gt;&amp;gt;&lt;/code&gt;) will automatically be translated into HTML entities. This makes
    it easy to use Markdown to write about HTML example code:&lt;/p&gt;

&lt;pre&gt;&lt;code&gt;I strongly recommend against using any `&amp;lt;blink&amp;gt;` tags.

    I wish SmartyPants used named entities like `&amp;amp;mdash;`
    instead of decimal-encoded entites like `&amp;amp;#8212;`.
&lt;/code&gt;&lt;/pre&gt;

&lt;p&gt;Output:&lt;/p&gt;

&lt;pre&gt;&lt;code&gt;&amp;lt;p&amp;gt;I strongly recommend against using any
    &amp;lt;code&amp;gt;&amp;amp;lt;blink&amp;amp;gt;&amp;lt;/code&amp;gt; tags.&amp;lt;/p&amp;gt;

    &amp;lt;p&amp;gt;I wish SmartyPants used named entities like
    &amp;lt;code&amp;gt;&amp;amp;amp;mdash;&amp;lt;/code&amp;gt; instead of decimal-encoded
    entites like &amp;lt;code&amp;gt;&amp;amp;amp;#8212;&amp;lt;/code&amp;gt;.&amp;lt;/p&amp;gt;
&lt;/code&gt;&lt;/pre&gt;

&lt;p&gt;To specify an entire block of pre-formatted code, indent every line of
    the block by 4 spaces or 1 tab. Just like with code spans, &lt;code&gt;&amp;amp;&lt;/code&gt;, &lt;code&gt;&amp;lt;&lt;/code&gt;,
    and &lt;code&gt;&amp;gt;&lt;/code&gt; characters will be escaped automatically.&lt;/p&gt;

&lt;p&gt;Markdown:&lt;/p&gt;

&lt;pre&gt;&lt;code&gt;If you want your page to validate under XHTML 1.0 Strict,
    you&apos;ve got to put paragraph tags in your blockquotes:

    &amp;lt;blockquote&amp;gt;
    &amp;lt;p&amp;gt;For example.&amp;lt;/p&amp;gt;
    &amp;lt;/blockquote&amp;gt;
&lt;/code&gt;&lt;/pre&gt;

&lt;p&gt;Output:&lt;/p&gt;

&lt;pre&gt;&lt;code&gt;&amp;lt;p&amp;gt;If you want your page to validate under XHTML 1.0 Strict,
    you&apos;ve got to put paragraph tags in your blockquotes:&amp;lt;/p&amp;gt;

    &amp;lt;pre&amp;gt;&amp;lt;code&amp;gt;&amp;amp;lt;blockquote&amp;amp;gt;
    &amp;amp;lt;p&amp;amp;gt;For example.&amp;amp;lt;/p&amp;amp;gt;
    &amp;amp;lt;/blockquote&amp;amp;gt;
    ]&amp;lt;/code&amp;gt;&amp;lt;/pr...&gt; but was:&lt;&lt;h1[ &gt;Markdown: Basics&lt;/h1&gt;

&lt;ul id=&quot;ProjectSubmenu&quot;&gt;
    &lt;li&gt;&lt;a href=&quot;/projects/markdown/&quot; title=&quot;Markdown Project Page&quot;&gt;Main&lt;/a&gt;&lt;/li&gt;
    &lt;li&gt;&lt;a class=&quot;selected&quot; title=&quot;Markdown Basics&quot;&gt;Basics&lt;/a&gt;&lt;/li&gt;
    &lt;li&gt;&lt;a href=&quot;/projects/markdown/syntax&quot; title=&quot;Markdown Syntax Documentation&quot;&gt;Syntax&lt;/a&gt;&lt;/li&gt;
    &lt;li&gt;&lt;a href=&quot;/projects/markdown/license&quot; title=&quot;Pricing and License Information&quot;&gt;License&lt;/a&gt;&lt;/li&gt;
    &lt;li&gt;&lt;a href=&quot;/projects/markdown/dingus&quot; title=&quot;Online Markdown Web Form&quot;&gt;Dingus&lt;/a&gt;&lt;/li&gt;
&lt;/ul&gt;

&lt;h2 &gt;Getting the Gist of Markdown&apos;s Formatting Syntax&lt;/h2&gt;

&lt;p&gt;This page offers a brief overview of what it&apos;s like to use Markdown.
The &lt;a href=&quot;/projects/markdown/syntax&quot; title=&quot;Markdown Syntax&quot;&gt;syntax page&lt;/a&gt; provides complete, detailed documentation for
every feature, but Markdown should be very easy to pick up simply by
looking at a few examples of it in action. The examples on this page
are written in a before/after style, showing example syntax and the
HTML output produced by Markdown.&lt;/p&gt;

&lt;p&gt;It&apos;s also helpful to simply try Markdown out; the &lt;a href=&quot;/projects/markdown/dingus&quot; title=&quot;Markdown Dingus&quot;&gt;Dingus&lt;/a&gt; is a
web application that allows you type your own Markdown-formatted text
and translate it to XHTML.&lt;/p&gt;

&lt;p&gt;&lt;strong&gt;Note:&lt;/strong&gt; This document is itself written using Markdown; you
can &lt;a href=&quot;/projects/markdown/basics.text&quot;&gt;see the source for it by adding &apos;.text&apos; to the URL&lt;/a&gt;.&lt;/p&gt;

&lt;h2&gt;Paragraphs, Headers, Blockquotes&lt;/h2&gt;

&lt;p&gt;A paragraph is simply one or more consecutive lines of text, separated
by one or more blank lines. (A blank line is any line that looks like a
blank line -- a line containing nothing spaces or tabs is considered
blank.) Normal paragraphs should not be intended with spaces or tabs.&lt;/p&gt;

&lt;p&gt;Markdown offers two styles of headers: &lt;em&gt;Setext&lt;/em&gt; and &lt;em&gt;atx&lt;/em&gt;.
Setext-style headers for &lt;code&gt;&amp;lt;h1&amp;gt;&lt;/code&gt; and &lt;code&gt;&amp;lt;h2&amp;gt;&lt;/code&gt; are created by
&quot;underlining&quot; with equal signs (&lt;code&gt;=&lt;/code&gt;) and hyphens (&lt;code&gt;-&lt;/code&gt;), respectively.
To create an atx-style header, you put 1-6 hash marks (&lt;code&gt;#&lt;/code&gt;) at the
beginning of the line -- the number of hashes equals the resulting
HTML header level.&lt;/p&gt;

&lt;p&gt;Blockquotes are indicated using email-style &apos;&lt;code&gt;&amp;gt;&lt;/code&gt;&apos; angle brackets.&lt;/p&gt;

&lt;p&gt;Markdown:&lt;/p&gt;

&lt;pre&gt;&lt;code&gt;A First Level Header
====================

A Second Level Header
---------------------

Now is the time for all good men to come to
the aid of their country. This is just a
regular paragraph.

The quick brown fox jumped over the lazy
dog&apos;s back.

### Header 3

&amp;gt; This is a blockquote.
&amp;gt; 
&amp;gt; This is the second paragraph in the blockquote.
&amp;gt;
&amp;gt; ## This is an H2 in a blockquote
&lt;/code&gt;&lt;/pre&gt;

&lt;p&gt;Output:&lt;/p&gt;

&lt;pre&gt;&lt;code&gt;&amp;lt;h1&amp;gt;A First Level Header&amp;lt;/h1&amp;gt;

&amp;lt;h2&amp;gt;A Second Level Header&amp;lt;/h2&amp;gt;

&amp;lt;p&amp;gt;Now is the time for all good men to come to
the aid of their country. This is just a
regular paragraph.&amp;lt;/p&amp;gt;

&amp;lt;p&amp;gt;The quick brown fox jumped over the lazy
dog&apos;s back.&amp;lt;/p&amp;gt;

&amp;lt;h3&amp;gt;Header 3&amp;lt;/h3&amp;gt;

&amp;lt;blockquote&amp;gt;
    &amp;lt;p&amp;gt;This is a blockquote.&amp;lt;/p&amp;gt;

    &amp;lt;p&amp;gt;This is the second paragraph in the blockquote.&amp;lt;/p&amp;gt;

    &amp;lt;h2&amp;gt;This is an H2 in a blockquote&amp;lt;/h2&amp;gt;
&amp;lt;/blockquote&amp;gt;
&lt;/code&gt;&lt;/pre&gt;

&lt;h3&gt;Phrase Emphasis&lt;/h3&gt;

&lt;p&gt;Markdown uses asterisks and underscores to indicate spans of emphasis.&lt;/p&gt;

&lt;p&gt;Markdown:&lt;/p&gt;

&lt;pre&gt;&lt;code&gt;Some of these words *are emphasized*.
Some of these words _are emphasized also_.

Use two asterisks for **strong emphasis**.
Or, if you prefer, __use two underscores instead__.
&lt;/code&gt;&lt;/pre&gt;

&lt;p&gt;Output:&lt;/p&gt;

&lt;pre&gt;&lt;code&gt;&amp;lt;p&amp;gt;Some of these words &amp;lt;em&amp;gt;are emphasized&amp;lt;/em&amp;gt;.
Some of these words &amp;lt;em&amp;gt;are emphasized also&amp;lt;/em&amp;gt;.&amp;lt;/p&amp;gt;

&amp;lt;p&amp;gt;Use two asterisks for &amp;lt;strong&amp;gt;strong emphasis&amp;lt;/strong&amp;gt;.
Or, if you prefer, &amp;lt;strong&amp;gt;use two underscores instead&amp;lt;/strong&amp;gt;.&amp;lt;/p&amp;gt;
&lt;/code&gt;&lt;/pre&gt;

&lt;h2&gt;Lists&lt;/h2&gt;

&lt;p&gt;Unordered (bulleted) lists use asterisks, pluses, and hyphens (&lt;code&gt;*&lt;/code&gt;,
&lt;code&gt;+&lt;/code&gt;, and &lt;code&gt;-&lt;/code&gt;) as list markers. These three markers are
interchangable; this:&lt;/p&gt;

&lt;pre&gt;&lt;code&gt;*   Candy.
*   Gum.
*   Booze.
&lt;/code&gt;&lt;/pre&gt;

&lt;p&gt;this:&lt;/p&gt;

&lt;pre&gt;&lt;code&gt;+   Candy.
+   Gum.
+   Booze.
&lt;/code&gt;&lt;/pre&gt;

&lt;p&gt;and this:&lt;/p&gt;

&lt;pre&gt;&lt;code&gt;-   Candy.
-   Gum.
-   Booze.
&lt;/code&gt;&lt;/pre&gt;

&lt;p&gt;all produce the same output:&lt;/p&gt;

&lt;pre&gt;&lt;code&gt;&amp;lt;ul&amp;gt;
&amp;lt;li&amp;gt;Candy.&amp;lt;/li&amp;gt;
&amp;lt;li&amp;gt;Gum.&amp;lt;/li&amp;gt;
&amp;lt;li&amp;gt;Booze.&amp;lt;/li&amp;gt;
&amp;lt;/ul&amp;gt;
&lt;/code&gt;&lt;/pre&gt;

&lt;p&gt;Ordered (numbered) lists use regular numbers, followed by periods, as
list markers:&lt;/p&gt;

&lt;pre&gt;&lt;code&gt;1.  Red
2.  Green
3.  Blue
&lt;/code&gt;&lt;/pre&gt;

&lt;p&gt;Output:&lt;/p&gt;

&lt;pre&gt;&lt;code&gt;&amp;lt;ol&amp;gt;
&amp;lt;li&amp;gt;Red&amp;lt;/li&amp;gt;
&amp;lt;li&amp;gt;Green&amp;lt;/li&amp;gt;
&amp;lt;li&amp;gt;Blue&amp;lt;/li&amp;gt;
&amp;lt;/ol&amp;gt;
&lt;/code&gt;&lt;/pre&gt;

&lt;p&gt;If you put blank lines between items, you&apos;ll get &lt;code&gt;&amp;lt;p&amp;gt;&lt;/code&gt; tags for the
list item text. You can create multi-paragraph list items by indenting
the paragraphs by 4 spaces or 1 tab:&lt;/p&gt;

&lt;pre&gt;&lt;code&gt;*   A list item.

    With multiple paragraphs.

*   Another item in the list.
&lt;/code&gt;&lt;/pre&gt;

&lt;p&gt;Output:&lt;/p&gt;

&lt;pre&gt;&lt;code&gt;&amp;lt;ul&amp;gt;
&amp;lt;li&amp;gt;&amp;lt;p&amp;gt;A list item.&amp;lt;/p&amp;gt;
&amp;lt;p&amp;gt;With multiple paragraphs.&amp;lt;/p&amp;gt;&amp;lt;/li&amp;gt;
&amp;lt;li&amp;gt;&amp;lt;p&amp;gt;Another item in the list.&amp;lt;/p&amp;gt;&amp;lt;/li&amp;gt;
&amp;lt;/ul&amp;gt;
&lt;/code&gt;&lt;/pre&gt;

&lt;h3&gt;Links&lt;/h3&gt;

&lt;p&gt;Markdown supports two styles for creating links: &lt;em&gt;inline&lt;/em&gt; and
&lt;em&gt;reference&lt;/em&gt;. With both styles, you use square brackets to delimit the
text you want to turn into a link.&lt;/p&gt;

&lt;p&gt;Inline-style links use parentheses immediately after the link text.
For example:&lt;/p&gt;

&lt;pre&gt;&lt;code&gt;This is an [example link](http://example.com/).
&lt;/code&gt;&lt;/pre&gt;

&lt;p&gt;Output:&lt;/p&gt;

&lt;pre&gt;&lt;code&gt;&amp;lt;p&amp;gt;This is an &amp;lt;a href=&quot;http://example.com/&quot;&amp;gt;
example link&amp;lt;/a&amp;gt;.&amp;lt;/p&amp;gt;
&lt;/code&gt;&lt;/pre&gt;

&lt;p&gt;Optionally, you may include a title attribute in the parentheses:&lt;/p&gt;

&lt;pre&gt;&lt;code&gt;This is an [example link](http://example.com/ &quot;With a Title&quot;).
&lt;/code&gt;&lt;/pre&gt;

&lt;p&gt;Output:&lt;/p&gt;

&lt;pre&gt;&lt;code&gt;&amp;lt;p&amp;gt;This is an &amp;lt;a href=&quot;http://example.com/&quot; title=&quot;With a Title&quot;&amp;gt;
example link&amp;lt;/a&amp;gt;.&amp;lt;/p&amp;gt;
&lt;/code&gt;&lt;/pre&gt;

&lt;p&gt;Reference-style links allow you to refer to your links by names, which
you define elsewhere in your document:&lt;/p&gt;

&lt;pre&gt;&lt;code&gt;I get 10 times more traffic from [Google][1] than from
[Yahoo][2] or [MSN][3].

[1]: http://google.com/        &quot;Google&quot;
[2]: http://search.yahoo.com/  &quot;Yahoo Search&quot;
[3]: http://search.msn.com/    &quot;MSN Search&quot;
&lt;/code&gt;&lt;/pre&gt;

&lt;p&gt;Output:&lt;/p&gt;

&lt;pre&gt;&lt;code&gt;&amp;lt;p&amp;gt;I get 10 times more traffic from &amp;lt;a href=&quot;http://google.com/&quot;
title=&quot;Google&quot;&amp;gt;Google&amp;lt;/a&amp;gt; than from &amp;lt;a href=&quot;http://search.yahoo.com/&quot;
title=&quot;Yahoo Search&quot;&amp;gt;Yahoo&amp;lt;/a&amp;gt; or &amp;lt;a href=&quot;http://search.msn.com/&quot;
title=&quot;MSN Search&quot;&amp;gt;MSN&amp;lt;/a&amp;gt;.&amp;lt;/p&amp;gt;
&lt;/code&gt;&lt;/pre&gt;

&lt;p&gt;The title attribute is optional. Link names may contain letters,
numbers and spaces, but are &lt;em&gt;not&lt;/em&gt; case sensitive:&lt;/p&gt;

&lt;pre&gt;&lt;code&gt;I start my morning with a cup of coffee and
[The New York Times][NY Times].

[ny times]: http://www.nytimes.com/
&lt;/code&gt;&lt;/pre&gt;

&lt;p&gt;Output:&lt;/p&gt;

&lt;pre&gt;&lt;code&gt;&amp;lt;p&amp;gt;I start my morning with a cup of coffee and
&amp;lt;a href=&quot;http://www.nytimes.com/&quot;&amp;gt;The New York Times&amp;lt;/a&amp;gt;.&amp;lt;/p&amp;gt;
&lt;/code&gt;&lt;/pre&gt;

&lt;h3&gt;Images&lt;/h3&gt;

&lt;p&gt;Image syntax is very much like link syntax.&lt;/p&gt;

&lt;p&gt;Inline (titles are optional):&lt;/p&gt;

&lt;pre&gt;&lt;code&gt;![alt text](/path/to/img.jpg &quot;Title&quot;)
&lt;/code&gt;&lt;/pre&gt;

&lt;p&gt;Reference-style:&lt;/p&gt;

&lt;pre&gt;&lt;code&gt;![alt text][id]

[id]: /path/to/img.jpg &quot;Title&quot;
&lt;/code&gt;&lt;/pre&gt;

&lt;p&gt;Both of the above examples produce the same output:&lt;/p&gt;

&lt;pre&gt;&lt;code&gt;&amp;lt;img src=&quot;/path/to/img.jpg&quot; alt=&quot;alt text&quot; title=&quot;Title&quot; /&amp;gt;
&lt;/code&gt;&lt;/pre&gt;

&lt;h3&gt;Code&lt;/h3&gt;

&lt;p&gt;In a regular paragraph, you can create code span by wrapping text in
backtick quotes. Any ampersands (&lt;code&gt;&amp;amp;&lt;/code&gt;) and angle brackets (&lt;code&gt;&amp;lt;&lt;/code&gt; or
&lt;code&gt;&amp;gt;&lt;/code&gt;) will automatically be translated into HTML entities. This makes
it easy to use Markdown to write about HTML example code:&lt;/p&gt;

&lt;pre&gt;&lt;code&gt;I strongly recommend against using any `&amp;lt;blink&amp;gt;` tags.

I wish SmartyPants used named entities like `&amp;amp;mdash;`
instead of decimal-encoded entites like `&amp;amp;#8212;`.
&lt;/code&gt;&lt;/pre&gt;

&lt;p&gt;Output:&lt;/p&gt;

&lt;pre&gt;&lt;code&gt;&amp;lt;p&amp;gt;I strongly recommend against using any
&amp;lt;code&amp;gt;&amp;amp;lt;blink&amp;amp;gt;&amp;lt;/code&amp;gt; tags.&amp;lt;/p&amp;gt;

&amp;lt;p&amp;gt;I wish SmartyPants used named entities like
&amp;lt;code&amp;gt;&amp;amp;amp;mdash;&amp;lt;/code&amp;gt; instead of decimal-encoded
entites like &amp;lt;code&amp;gt;&amp;amp;amp;#8212;&amp;lt;/code&amp;gt;.&amp;lt;/p&amp;gt;
&lt;/code&gt;&lt;/pre&gt;

&lt;p&gt;To specify an entire block of pre-formatted code, indent every line of
the block by 4 spaces or 1 tab. Just like with code spans, &lt;code&gt;&amp;amp;&lt;/code&gt;, &lt;code&gt;&amp;lt;&lt;/code&gt;,
and &lt;code&gt;&amp;gt;&lt;/code&gt; characters will be escaped automatically.&lt;/p&gt;

&lt;p&gt;Markdown:&lt;/p&gt;

&lt;pre&gt;&lt;code&gt;If you want your page to validate under XHTML 1.0 Strict,
you&apos;ve got to put paragraph tags in your blockquotes:

    &amp;lt;blockquote&amp;gt;
        &amp;lt;p&amp;gt;For example.&amp;lt;/p&amp;gt;
    &amp;lt;/blockquote&amp;gt;
&lt;/code&gt;&lt;/pre&gt;

&lt;p&gt;Output:&lt;/p&gt;

&lt;pre&gt;&lt;code&gt;&amp;lt;p&amp;gt;If you want your page to validate under XHTML 1.0 Strict,
you&apos;ve got to put paragraph tags in your blockquotes:&amp;lt;/p&amp;gt;

&amp;lt;pre&amp;gt;&amp;lt;code&amp;gt;&amp;amp;lt;blockquote&amp;amp;gt;
    &amp;amp;lt;p&amp;amp;gt;For example.&amp;amp;lt;/p&amp;amp;gt;
&amp;amp;lt;/blockquote&amp;amp;gt;
]&amp;lt;/code&amp;gt;&amp;lt;/pr...&gt;" type="org.junit.ComparisonFailure">org.junit.ComparisonFailure: Markdown Documentation - Basics expected:&lt;&lt;h1[&gt;Markdown: Basics&lt;/h1&gt;

&lt;ul id=&quot;ProjectSubmenu&quot;&gt;
    &lt;li&gt;&lt;a href=&quot;/projects/markdown/&quot; title=&quot;Markdown Project Page&quot;&gt;Main&lt;/a&gt;&lt;/li&gt;
    &lt;li&gt;&lt;a class=&quot;selected&quot; title=&quot;Markdown Basics&quot;&gt;Basics&lt;/a&gt;&lt;/li&gt;
    &lt;li&gt;&lt;a href=&quot;/projects/markdown/syntax&quot; title=&quot;Markdown Syntax Documentation&quot;&gt;Syntax&lt;/a&gt;&lt;/li&gt;
    &lt;li&gt;&lt;a href=&quot;/projects/markdown/license&quot; title=&quot;Pricing and License Information&quot;&gt;License&lt;/a&gt;&lt;/li&gt;
    &lt;li&gt;&lt;a href=&quot;/projects/markdown/dingus&quot; title=&quot;Online Markdown Web Form&quot;&gt;Dingus&lt;/a&gt;&lt;/li&gt;
&lt;/ul&gt;

&lt;h2&gt;Getting the Gist of Markdown&apos;s Formatting Syntax&lt;/h2&gt;

&lt;p&gt;This page offers a brief overview of what it&apos;s like to use Markdown.
    The &lt;a href=&quot;/projects/markdown/syntax&quot; title=&quot;Markdown Syntax&quot;&gt;syntax page&lt;/a&gt; provides complete, detailed documentation for
    every feature, but Markdown should be very easy to pick up simply by
    looking at a few examples of it in action. The examples on this page
    are written in a before/after style, showing example syntax and the
    HTML output produced by Markdown.&lt;/p&gt;

&lt;p&gt;It&apos;s also helpful to simply try Markdown out; the &lt;a href=&quot;/projects/markdown/dingus&quot; title=&quot;Markdown Dingus&quot;&gt;Dingus&lt;/a&gt; is a
    web application that allows you type your own Markdown-formatted text
    and translate it to XHTML.&lt;/p&gt;

&lt;p&gt;&lt;strong&gt;Note:&lt;/strong&gt; This document is itself written using Markdown; you
    can &lt;a href=&quot;/projects/markdown/basics.text&quot;&gt;see the source for it by adding &apos;.text&apos; to the URL&lt;/a&gt;.&lt;/p&gt;

&lt;h2&gt;Paragraphs, Headers, Blockquotes&lt;/h2&gt;

&lt;p&gt;A paragraph is simply one or more consecutive lines of text, separated
    by one or more blank lines. (A blank line is any line that looks like a
    blank line -- a line containing nothing spaces or tabs is considered
    blank.) Normal paragraphs should not be intended with spaces or tabs.&lt;/p&gt;

&lt;p&gt;Markdown offers two styles of headers: &lt;em&gt;Setext&lt;/em&gt; and &lt;em&gt;atx&lt;/em&gt;.
    Setext-style headers for &lt;code&gt;&amp;lt;h1&amp;gt;&lt;/code&gt; and &lt;code&gt;&amp;lt;h2&amp;gt;&lt;/code&gt; are created by
    &quot;underlining&quot; with equal signs (&lt;code&gt;=&lt;/code&gt;) and hyphens (&lt;code&gt;-&lt;/code&gt;), respectively.
    To create an atx-style header, you put 1-6 hash marks (&lt;code&gt;#&lt;/code&gt;) at the
    beginning of the line -- the number of hashes equals the resulting
    HTML header level.&lt;/p&gt;

&lt;p&gt;Blockquotes are indicated using email-style &apos;&lt;code&gt;&amp;gt;&lt;/code&gt;&apos; angle brackets.&lt;/p&gt;

&lt;p&gt;Markdown:&lt;/p&gt;

&lt;pre&gt;&lt;code&gt;A First Level Header
    ====================

    A Second Level Header
    ---------------------

    Now is the time for all good men to come to
    the aid of their country. This is just a
    regular paragraph.

    The quick brown fox jumped over the lazy
    dog&apos;s back.

    ### Header 3

    &amp;gt; This is a blockquote.
    &amp;gt;
    &amp;gt; This is the second paragraph in the blockquote.
    &amp;gt;
    &amp;gt; ## This is an H2 in a blockquote
&lt;/code&gt;&lt;/pre&gt;

&lt;p&gt;Output:&lt;/p&gt;

&lt;pre&gt;&lt;code&gt;&amp;lt;h1&amp;gt;A First Level Header&amp;lt;/h1&amp;gt;

    &amp;lt;h2&amp;gt;A Second Level Header&amp;lt;/h2&amp;gt;

    &amp;lt;p&amp;gt;Now is the time for all good men to come to
    the aid of their country. This is just a
    regular paragraph.&amp;lt;/p&amp;gt;

    &amp;lt;p&amp;gt;The quick brown fox jumped over the lazy
    dog&apos;s back.&amp;lt;/p&amp;gt;

    &amp;lt;h3&amp;gt;Header 3&amp;lt;/h3&amp;gt;

    &amp;lt;blockquote&amp;gt;
    &amp;lt;p&amp;gt;This is a blockquote.&amp;lt;/p&amp;gt;

    &amp;lt;p&amp;gt;This is the second paragraph in the blockquote.&amp;lt;/p&amp;gt;

    &amp;lt;h2&amp;gt;This is an H2 in a blockquote&amp;lt;/h2&amp;gt;
    &amp;lt;/blockquote&amp;gt;
&lt;/code&gt;&lt;/pre&gt;

&lt;h3&gt;Phrase Emphasis&lt;/h3&gt;

&lt;p&gt;Markdown uses asterisks and underscores to indicate spans of emphasis.&lt;/p&gt;

&lt;p&gt;Markdown:&lt;/p&gt;

&lt;pre&gt;&lt;code&gt;Some of these words *are emphasized*.
    Some of these words _are emphasized also_.

    Use two asterisks for **strong emphasis**.
    Or, if you prefer, __use two underscores instead__.
&lt;/code&gt;&lt;/pre&gt;

&lt;p&gt;Output:&lt;/p&gt;

&lt;pre&gt;&lt;code&gt;&amp;lt;p&amp;gt;Some of these words &amp;lt;em&amp;gt;are emphasized&amp;lt;/em&amp;gt;.
    Some of these words &amp;lt;em&amp;gt;are emphasized also&amp;lt;/em&amp;gt;.&amp;lt;/p&amp;gt;

    &amp;lt;p&amp;gt;Use two asterisks for &amp;lt;strong&amp;gt;strong emphasis&amp;lt;/strong&amp;gt;.
    Or, if you prefer, &amp;lt;strong&amp;gt;use two underscores instead&amp;lt;/strong&amp;gt;.&amp;lt;/p&amp;gt;
&lt;/code&gt;&lt;/pre&gt;

&lt;h2&gt;Lists&lt;/h2&gt;

&lt;p&gt;Unordered (bulleted) lists use asterisks, pluses, and hyphens (&lt;code&gt;*&lt;/code&gt;,
    &lt;code&gt;+&lt;/code&gt;, and &lt;code&gt;-&lt;/code&gt;) as list markers. These three markers are
    interchangable; this:&lt;/p&gt;

&lt;pre&gt;&lt;code&gt;* Candy.
    * Gum.
    * Booze.
&lt;/code&gt;&lt;/pre&gt;

&lt;p&gt;this:&lt;/p&gt;

&lt;pre&gt;&lt;code&gt;+ Candy.
    + Gum.
    + Booze.
&lt;/code&gt;&lt;/pre&gt;

&lt;p&gt;and this:&lt;/p&gt;

&lt;pre&gt;&lt;code&gt;- Candy.
    - Gum.
    - Booze.
&lt;/code&gt;&lt;/pre&gt;

&lt;p&gt;all produce the same output:&lt;/p&gt;

&lt;pre&gt;&lt;code&gt;&amp;lt;ul&amp;gt;
    &amp;lt;li&amp;gt;Candy.&amp;lt;/li&amp;gt;
    &amp;lt;li&amp;gt;Gum.&amp;lt;/li&amp;gt;
    &amp;lt;li&amp;gt;Booze.&amp;lt;/li&amp;gt;
    &amp;lt;/ul&amp;gt;
&lt;/code&gt;&lt;/pre&gt;

&lt;p&gt;Ordered (numbered) lists use regular numbers, followed by periods, as
    list markers:&lt;/p&gt;

&lt;pre&gt;&lt;code&gt;1. Red
    2. Green
    3. Blue
&lt;/code&gt;&lt;/pre&gt;

&lt;p&gt;Output:&lt;/p&gt;

&lt;pre&gt;&lt;code&gt;&amp;lt;ol&amp;gt;
    &amp;lt;li&amp;gt;Red&amp;lt;/li&amp;gt;
    &amp;lt;li&amp;gt;Green&amp;lt;/li&amp;gt;
    &amp;lt;li&amp;gt;Blue&amp;lt;/li&amp;gt;
    &amp;lt;/ol&amp;gt;
&lt;/code&gt;&lt;/pre&gt;

&lt;p&gt;If you put blank lines between items, you&apos;ll get &lt;code&gt;&amp;lt;p&amp;gt;&lt;/code&gt; tags for the
    list item text. You can create multi-paragraph list items by indenting
    the paragraphs by 4 spaces or 1 tab:&lt;/p&gt;

&lt;pre&gt;&lt;code&gt;* A list item.

    With multiple paragraphs.

    * Another item in the list.
&lt;/code&gt;&lt;/pre&gt;

&lt;p&gt;Output:&lt;/p&gt;

&lt;pre&gt;&lt;code&gt;&amp;lt;ul&amp;gt;
    &amp;lt;li&amp;gt;&amp;lt;p&amp;gt;A list item.&amp;lt;/p&amp;gt;
    &amp;lt;p&amp;gt;With multiple paragraphs.&amp;lt;/p&amp;gt;&amp;lt;/li&amp;gt;
    &amp;lt;li&amp;gt;&amp;lt;p&amp;gt;Another item in the list.&amp;lt;/p&amp;gt;&amp;lt;/li&amp;gt;
    &amp;lt;/ul&amp;gt;
&lt;/code&gt;&lt;/pre&gt;

&lt;h3&gt;Links&lt;/h3&gt;

&lt;p&gt;Markdown supports two styles for creating links: &lt;em&gt;inline&lt;/em&gt; and
    &lt;em&gt;reference&lt;/em&gt;. With both styles, you use square brackets to delimit the
    text you want to turn into a link.&lt;/p&gt;

&lt;p&gt;Inline-style links use parentheses immediately after the link text.
    For example:&lt;/p&gt;

&lt;pre&gt;&lt;code&gt;This is an [example link](http://example.com/).
&lt;/code&gt;&lt;/pre&gt;

&lt;p&gt;Output:&lt;/p&gt;

&lt;pre&gt;&lt;code&gt;&amp;lt;p&amp;gt;This is an &amp;lt;a href=&quot;http://example.com/&quot;&amp;gt;
    example link&amp;lt;/a&amp;gt;.&amp;lt;/p&amp;gt;
&lt;/code&gt;&lt;/pre&gt;

&lt;p&gt;Optionally, you may include a title attribute in the parentheses:&lt;/p&gt;

&lt;pre&gt;&lt;code&gt;This is an [example link](http://example.com/ &quot;With a Title&quot;).
&lt;/code&gt;&lt;/pre&gt;

&lt;p&gt;Output:&lt;/p&gt;

&lt;pre&gt;&lt;code&gt;&amp;lt;p&amp;gt;This is an &amp;lt;a href=&quot;http://example.com/&quot; title=&quot;With a Title&quot;&amp;gt;
    example link&amp;lt;/a&amp;gt;.&amp;lt;/p&amp;gt;
&lt;/code&gt;&lt;/pre&gt;

&lt;p&gt;Reference-style links allow you to refer to your links by names, which
    you define elsewhere in your document:&lt;/p&gt;

&lt;pre&gt;&lt;code&gt;I get 10 times more traffic from [Google][1] than from
    [Yahoo][2] or [MSN][3].

    [1]: http://google.com/ &quot;Google&quot;
    [2]: http://search.yahoo.com/ &quot;Yahoo Search&quot;
    [3]: http://search.msn.com/ &quot;MSN Search&quot;
&lt;/code&gt;&lt;/pre&gt;

&lt;p&gt;Output:&lt;/p&gt;

&lt;pre&gt;&lt;code&gt;&amp;lt;p&amp;gt;I get 10 times more traffic from &amp;lt;a href=&quot;http://google.com/&quot;
    title=&quot;Google&quot;&amp;gt;Google&amp;lt;/a&amp;gt; than from &amp;lt;a href=&quot;http://search.yahoo.com/&quot;
    title=&quot;Yahoo Search&quot;&amp;gt;Yahoo&amp;lt;/a&amp;gt; or &amp;lt;a href=&quot;http://search.msn.com/&quot;
    title=&quot;MSN Search&quot;&amp;gt;MSN&amp;lt;/a&amp;gt;.&amp;lt;/p&amp;gt;
&lt;/code&gt;&lt;/pre&gt;

&lt;p&gt;The title attribute is optional. Link names may contain letters,
    numbers and spaces, but are &lt;em&gt;not&lt;/em&gt; case sensitive:&lt;/p&gt;

&lt;pre&gt;&lt;code&gt;I start my morning with a cup of coffee and
    [The New York Times][NY Times].

    [ny times]: http://www.nytimes.com/
&lt;/code&gt;&lt;/pre&gt;

&lt;p&gt;Output:&lt;/p&gt;

&lt;pre&gt;&lt;code&gt;&amp;lt;p&amp;gt;I start my morning with a cup of coffee and
    &amp;lt;a href=&quot;http://www.nytimes.com/&quot;&amp;gt;The New York Times&amp;lt;/a&amp;gt;.&amp;lt;/p&amp;gt;
&lt;/code&gt;&lt;/pre&gt;

&lt;h3&gt;Images&lt;/h3&gt;

&lt;p&gt;Image syntax is very much like link syntax.&lt;/p&gt;

&lt;p&gt;Inline (titles are optional):&lt;/p&gt;

&lt;pre&gt;&lt;code&gt;![alt text](/path/to/img.jpg &quot;Title&quot;)
&lt;/code&gt;&lt;/pre&gt;

&lt;p&gt;Reference-style:&lt;/p&gt;

&lt;pre&gt;&lt;code&gt;![alt text][id]

    [id]: /path/to/img.jpg &quot;Title&quot;
&lt;/code&gt;&lt;/pre&gt;

&lt;p&gt;Both of the above examples produce the same output:&lt;/p&gt;

&lt;pre&gt;&lt;code&gt;&amp;lt;img src=&quot;/path/to/img.jpg&quot; alt=&quot;alt text&quot; title=&quot;Title&quot; /&amp;gt;
&lt;/code&gt;&lt;/pre&gt;

&lt;h3&gt;Code&lt;/h3&gt;

&lt;p&gt;In a regular paragraph, you can create code span by wrapping text in
    backtick quotes. Any ampersands (&lt;code&gt;&amp;amp;&lt;/code&gt;) and angle brackets (&lt;code&gt;&amp;lt;&lt;/code&gt; or
    &lt;code&gt;&amp;gt;&lt;/code&gt;) will automatically be translated into HTML entities. This makes
    it easy to use Markdown to write about HTML example code:&lt;/p&gt;

&lt;pre&gt;&lt;code&gt;I strongly recommend against using any `&amp;lt;blink&amp;gt;` tags.

    I wish SmartyPants used named entities like `&amp;amp;mdash;`
    instead of decimal-encoded entites like `&amp;amp;#8212;`.
&lt;/code&gt;&lt;/pre&gt;

&lt;p&gt;Output:&lt;/p&gt;

&lt;pre&gt;&lt;code&gt;&amp;lt;p&amp;gt;I strongly recommend against using any
    &amp;lt;code&amp;gt;&amp;amp;lt;blink&amp;amp;gt;&amp;lt;/code&amp;gt; tags.&amp;lt;/p&amp;gt;

    &amp;lt;p&amp;gt;I wish SmartyPants used named entities like
    &amp;lt;code&amp;gt;&amp;amp;amp;mdash;&amp;lt;/code&amp;gt; instead of decimal-encoded
    entites like &amp;lt;code&amp;gt;&amp;amp;amp;#8212;&amp;lt;/code&amp;gt;.&amp;lt;/p&amp;gt;
&lt;/code&gt;&lt;/pre&gt;

&lt;p&gt;To specify an entire block of pre-formatted code, indent every line of
    the block by 4 spaces or 1 tab. Just like with code spans, &lt;code&gt;&amp;amp;&lt;/code&gt;, &lt;code&gt;&amp;lt;&lt;/code&gt;,
    and &lt;code&gt;&amp;gt;&lt;/code&gt; characters will be escaped automatically.&lt;/p&gt;

&lt;p&gt;Markdown:&lt;/p&gt;

&lt;pre&gt;&lt;code&gt;If you want your page to validate under XHTML 1.0 Strict,
    you&apos;ve got to put paragraph tags in your blockquotes:

    &amp;lt;blockquote&amp;gt;
    &amp;lt;p&amp;gt;For example.&amp;lt;/p&amp;gt;
    &amp;lt;/blockquote&amp;gt;
&lt;/code&gt;&lt;/pre&gt;

&lt;p&gt;Output:&lt;/p&gt;

&lt;pre&gt;&lt;code&gt;&amp;lt;p&amp;gt;If you want your page to validate under XHTML 1.0 Strict,
    you&apos;ve got to put paragraph tags in your blockquotes:&amp;lt;/p&amp;gt;

    &amp;lt;pre&amp;gt;&amp;lt;code&amp;gt;&amp;amp;lt;blockquote&amp;amp;gt;
    &amp;amp;lt;p&amp;amp;gt;For example.&amp;amp;lt;/p&amp;amp;gt;
    &amp;amp;lt;/blockquote&amp;amp;gt;
    ]&amp;lt;/code&amp;gt;&amp;lt;/pr...&gt; but was:&lt;&lt;h1[ &gt;Markdown: Basics&lt;/h1&gt;

&lt;ul id=&quot;ProjectSubmenu&quot;&gt;
    &lt;li&gt;&lt;a href=&quot;/projects/markdown/&quot; title=&quot;Markdown Project Page&quot;&gt;Main&lt;/a&gt;&lt;/li&gt;
    &lt;li&gt;&lt;a class=&quot;selected&quot; title=&quot;Markdown Basics&quot;&gt;Basics&lt;/a&gt;&lt;/li&gt;
    &lt;li&gt;&lt;a href=&quot;/projects/markdown/syntax&quot; title=&quot;Markdown Syntax Documentation&quot;&gt;Syntax&lt;/a&gt;&lt;/li&gt;
    &lt;li&gt;&lt;a href=&quot;/projects/markdown/license&quot; title=&quot;Pricing and License Information&quot;&gt;License&lt;/a&gt;&lt;/li&gt;
    &lt;li&gt;&lt;a href=&quot;/projects/markdown/dingus&quot; title=&quot;Online Markdown Web Form&quot;&gt;Dingus&lt;/a&gt;&lt;/li&gt;
&lt;/ul&gt;

&lt;h2 &gt;Getting the Gist of Markdown&apos;s Formatting Syntax&lt;/h2&gt;

&lt;p&gt;This page offers a brief overview of what it&apos;s like to use Markdown.
The &lt;a href=&quot;/projects/markdown/syntax&quot; title=&quot;Markdown Syntax&quot;&gt;syntax page&lt;/a&gt; provides complete, detailed documentation for
every feature, but Markdown should be very easy to pick up simply by
looking at a few examples of it in action. The examples on this page
are written in a before/after style, showing example syntax and the
HTML output produced by Markdown.&lt;/p&gt;

&lt;p&gt;It&apos;s also helpful to simply try Markdown out; the &lt;a href=&quot;/projects/markdown/dingus&quot; title=&quot;Markdown Dingus&quot;&gt;Dingus&lt;/a&gt; is a
web application that allows you type your own Markdown-formatted text
and translate it to XHTML.&lt;/p&gt;

&lt;p&gt;&lt;strong&gt;Note:&lt;/strong&gt; This document is itself written using Markdown; you
can &lt;a href=&quot;/projects/markdown/basics.text&quot;&gt;see the source for it by adding &apos;.text&apos; to the URL&lt;/a&gt;.&lt;/p&gt;

&lt;h2&gt;Paragraphs, Headers, Blockquotes&lt;/h2&gt;

&lt;p&gt;A paragraph is simply one or more consecutive lines of text, separated
by one or more blank lines. (A blank line is any line that looks like a
blank line -- a line containing nothing spaces or tabs is considered
blank.) Normal paragraphs should not be intended with spaces or tabs.&lt;/p&gt;

&lt;p&gt;Markdown offers two styles of headers: &lt;em&gt;Setext&lt;/em&gt; and &lt;em&gt;atx&lt;/em&gt;.
Setext-style headers for &lt;code&gt;&amp;lt;h1&amp;gt;&lt;/code&gt; and &lt;code&gt;&amp;lt;h2&amp;gt;&lt;/code&gt; are created by
&quot;underlining&quot; with equal signs (&lt;code&gt;=&lt;/code&gt;) and hyphens (&lt;code&gt;-&lt;/code&gt;), respectively.
To create an atx-style header, you put 1-6 hash marks (&lt;code&gt;#&lt;/code&gt;) at the
beginning of the line -- the number of hashes equals the resulting
HTML header level.&lt;/p&gt;

&lt;p&gt;Blockquotes are indicated using email-style &apos;&lt;code&gt;&amp;gt;&lt;/code&gt;&apos; angle brackets.&lt;/p&gt;

&lt;p&gt;Markdown:&lt;/p&gt;

&lt;pre&gt;&lt;code&gt;A First Level Header
====================

A Second Level Header
---------------------

Now is the time for all good men to come to
the aid of their country. This is just a
regular paragraph.

The quick brown fox jumped over the lazy
dog&apos;s back.

### Header 3

&amp;gt; This is a blockquote.
&amp;gt; 
&amp;gt; This is the second paragraph in the blockquote.
&amp;gt;
&amp;gt; ## This is an H2 in a blockquote
&lt;/code&gt;&lt;/pre&gt;

&lt;p&gt;Output:&lt;/p&gt;

&lt;pre&gt;&lt;code&gt;&amp;lt;h1&amp;gt;A First Level Header&amp;lt;/h1&amp;gt;

&amp;lt;h2&amp;gt;A Second Level Header&amp;lt;/h2&amp;gt;

&amp;lt;p&amp;gt;Now is the time for all good men to come to
the aid of their country. This is just a
regular paragraph.&amp;lt;/p&amp;gt;

&amp;lt;p&amp;gt;The quick brown fox jumped over the lazy
dog&apos;s back.&amp;lt;/p&amp;gt;

&amp;lt;h3&amp;gt;Header 3&amp;lt;/h3&amp;gt;

&amp;lt;blockquote&amp;gt;
    &amp;lt;p&amp;gt;This is a blockquote.&amp;lt;/p&amp;gt;

    &amp;lt;p&amp;gt;This is the second paragraph in the blockquote.&amp;lt;/p&amp;gt;

    &amp;lt;h2&amp;gt;This is an H2 in a blockquote&amp;lt;/h2&amp;gt;
&amp;lt;/blockquote&amp;gt;
&lt;/code&gt;&lt;/pre&gt;

&lt;h3&gt;Phrase Emphasis&lt;/h3&gt;

&lt;p&gt;Markdown uses asterisks and underscores to indicate spans of emphasis.&lt;/p&gt;

&lt;p&gt;Markdown:&lt;/p&gt;

&lt;pre&gt;&lt;code&gt;Some of these words *are emphasized*.
Some of these words _are emphasized also_.

Use two asterisks for **strong emphasis**.
Or, if you prefer, __use two underscores instead__.
&lt;/code&gt;&lt;/pre&gt;

&lt;p&gt;Output:&lt;/p&gt;

&lt;pre&gt;&lt;code&gt;&amp;lt;p&amp;gt;Some of these words &amp;lt;em&amp;gt;are emphasized&amp;lt;/em&amp;gt;.
Some of these words &amp;lt;em&amp;gt;are emphasized also&amp;lt;/em&amp;gt;.&amp;lt;/p&amp;gt;

&amp;lt;p&amp;gt;Use two asterisks for &amp;lt;strong&amp;gt;strong emphasis&amp;lt;/strong&amp;gt;.
Or, if you prefer, &amp;lt;strong&amp;gt;use two underscores instead&amp;lt;/strong&amp;gt;.&amp;lt;/p&amp;gt;
&lt;/code&gt;&lt;/pre&gt;

&lt;h2&gt;Lists&lt;/h2&gt;

&lt;p&gt;Unordered (bulleted) lists use asterisks, pluses, and hyphens (&lt;code&gt;*&lt;/code&gt;,
&lt;code&gt;+&lt;/code&gt;, and &lt;code&gt;-&lt;/code&gt;) as list markers. These three markers are
interchangable; this:&lt;/p&gt;

&lt;pre&gt;&lt;code&gt;*   Candy.
*   Gum.
*   Booze.
&lt;/code&gt;&lt;/pre&gt;

&lt;p&gt;this:&lt;/p&gt;

&lt;pre&gt;&lt;code&gt;+   Candy.
+   Gum.
+   Booze.
&lt;/code&gt;&lt;/pre&gt;

&lt;p&gt;and this:&lt;/p&gt;

&lt;pre&gt;&lt;code&gt;-   Candy.
-   Gum.
-   Booze.
&lt;/code&gt;&lt;/pre&gt;

&lt;p&gt;all produce the same output:&lt;/p&gt;

&lt;pre&gt;&lt;code&gt;&amp;lt;ul&amp;gt;
&amp;lt;li&amp;gt;Candy.&amp;lt;/li&amp;gt;
&amp;lt;li&amp;gt;Gum.&amp;lt;/li&amp;gt;
&amp;lt;li&amp;gt;Booze.&amp;lt;/li&amp;gt;
&amp;lt;/ul&amp;gt;
&lt;/code&gt;&lt;/pre&gt;

&lt;p&gt;Ordered (numbered) lists use regular numbers, followed by periods, as
list markers:&lt;/p&gt;

&lt;pre&gt;&lt;code&gt;1.  Red
2.  Green
3.  Blue
&lt;/code&gt;&lt;/pre&gt;

&lt;p&gt;Output:&lt;/p&gt;

&lt;pre&gt;&lt;code&gt;&amp;lt;ol&amp;gt;
&amp;lt;li&amp;gt;Red&amp;lt;/li&amp;gt;
&amp;lt;li&amp;gt;Green&amp;lt;/li&amp;gt;
&amp;lt;li&amp;gt;Blue&amp;lt;/li&amp;gt;
&amp;lt;/ol&amp;gt;
&lt;/code&gt;&lt;/pre&gt;

&lt;p&gt;If you put blank lines between items, you&apos;ll get &lt;code&gt;&amp;lt;p&amp;gt;&lt;/code&gt; tags for the
list item text. You can create multi-paragraph list items by indenting
the paragraphs by 4 spaces or 1 tab:&lt;/p&gt;

&lt;pre&gt;&lt;code&gt;*   A list item.

    With multiple paragraphs.

*   Another item in the list.
&lt;/code&gt;&lt;/pre&gt;

&lt;p&gt;Output:&lt;/p&gt;

&lt;pre&gt;&lt;code&gt;&amp;lt;ul&amp;gt;
&amp;lt;li&amp;gt;&amp;lt;p&amp;gt;A list item.&amp;lt;/p&amp;gt;
&amp;lt;p&amp;gt;With multiple paragraphs.&amp;lt;/p&amp;gt;&amp;lt;/li&amp;gt;
&amp;lt;li&amp;gt;&amp;lt;p&amp;gt;Another item in the list.&amp;lt;/p&amp;gt;&amp;lt;/li&amp;gt;
&amp;lt;/ul&amp;gt;
&lt;/code&gt;&lt;/pre&gt;

&lt;h3&gt;Links&lt;/h3&gt;

&lt;p&gt;Markdown supports two styles for creating links: &lt;em&gt;inline&lt;/em&gt; and
&lt;em&gt;reference&lt;/em&gt;. With both styles, you use square brackets to delimit the
text you want to turn into a link.&lt;/p&gt;

&lt;p&gt;Inline-style links use parentheses immediately after the link text.
For example:&lt;/p&gt;

&lt;pre&gt;&lt;code&gt;This is an [example link](http://example.com/).
&lt;/code&gt;&lt;/pre&gt;

&lt;p&gt;Output:&lt;/p&gt;

&lt;pre&gt;&lt;code&gt;&amp;lt;p&amp;gt;This is an &amp;lt;a href=&quot;http://example.com/&quot;&amp;gt;
example link&amp;lt;/a&amp;gt;.&amp;lt;/p&amp;gt;
&lt;/code&gt;&lt;/pre&gt;

&lt;p&gt;Optionally, you may include a title attribute in the parentheses:&lt;/p&gt;

&lt;pre&gt;&lt;code&gt;This is an [example link](http://example.com/ &quot;With a Title&quot;).
&lt;/code&gt;&lt;/pre&gt;

&lt;p&gt;Output:&lt;/p&gt;

&lt;pre&gt;&lt;code&gt;&amp;lt;p&amp;gt;This is an &amp;lt;a href=&quot;http://example.com/&quot; title=&quot;With a Title&quot;&amp;gt;
example link&amp;lt;/a&amp;gt;.&amp;lt;/p&amp;gt;
&lt;/code&gt;&lt;/pre&gt;

&lt;p&gt;Reference-style links allow you to refer to your links by names, which
you define elsewhere in your document:&lt;/p&gt;

&lt;pre&gt;&lt;code&gt;I get 10 times more traffic from [Google][1] than from
[Yahoo][2] or [MSN][3].

[1]: http://google.com/        &quot;Google&quot;
[2]: http://search.yahoo.com/  &quot;Yahoo Search&quot;
[3]: http://search.msn.com/    &quot;MSN Search&quot;
&lt;/code&gt;&lt;/pre&gt;

&lt;p&gt;Output:&lt;/p&gt;

&lt;pre&gt;&lt;code&gt;&amp;lt;p&amp;gt;I get 10 times more traffic from &amp;lt;a href=&quot;http://google.com/&quot;
title=&quot;Google&quot;&amp;gt;Google&amp;lt;/a&amp;gt; than from &amp;lt;a href=&quot;http://search.yahoo.com/&quot;
title=&quot;Yahoo Search&quot;&amp;gt;Yahoo&amp;lt;/a&amp;gt; or &amp;lt;a href=&quot;http://search.msn.com/&quot;
title=&quot;MSN Search&quot;&amp;gt;MSN&amp;lt;/a&amp;gt;.&amp;lt;/p&amp;gt;
&lt;/code&gt;&lt;/pre&gt;

&lt;p&gt;The title attribute is optional. Link names may contain letters,
numbers and spaces, but are &lt;em&gt;not&lt;/em&gt; case sensitive:&lt;/p&gt;

&lt;pre&gt;&lt;code&gt;I start my morning with a cup of coffee and
[The New York Times][NY Times].

[ny times]: http://www.nytimes.com/
&lt;/code&gt;&lt;/pre&gt;

&lt;p&gt;Output:&lt;/p&gt;

&lt;pre&gt;&lt;code&gt;&amp;lt;p&amp;gt;I start my morning with a cup of coffee and
&amp;lt;a href=&quot;http://www.nytimes.com/&quot;&amp;gt;The New York Times&amp;lt;/a&amp;gt;.&amp;lt;/p&amp;gt;
&lt;/code&gt;&lt;/pre&gt;

&lt;h3&gt;Images&lt;/h3&gt;

&lt;p&gt;Image syntax is very much like link syntax.&lt;/p&gt;

&lt;p&gt;Inline (titles are optional):&lt;/p&gt;

&lt;pre&gt;&lt;code&gt;![alt text](/path/to/img.jpg &quot;Title&quot;)
&lt;/code&gt;&lt;/pre&gt;

&lt;p&gt;Reference-style:&lt;/p&gt;

&lt;pre&gt;&lt;code&gt;![alt text][id]

[id]: /path/to/img.jpg &quot;Title&quot;
&lt;/code&gt;&lt;/pre&gt;

&lt;p&gt;Both of the above examples produce the same output:&lt;/p&gt;

&lt;pre&gt;&lt;code&gt;&amp;lt;img src=&quot;/path/to/img.jpg&quot; alt=&quot;alt text&quot; title=&quot;Title&quot; /&amp;gt;
&lt;/code&gt;&lt;/pre&gt;

&lt;h3&gt;Code&lt;/h3&gt;

&lt;p&gt;In a regular paragraph, you can create code span by wrapping text in
backtick quotes. Any ampersands (&lt;code&gt;&amp;amp;&lt;/code&gt;) and angle brackets (&lt;code&gt;&amp;lt;&lt;/code&gt; or
&lt;code&gt;&amp;gt;&lt;/code&gt;) will automatically be translated into HTML entities. This makes
it easy to use Markdown to write about HTML example code:&lt;/p&gt;

&lt;pre&gt;&lt;code&gt;I strongly recommend against using any `&amp;lt;blink&amp;gt;` tags.

I wish SmartyPants used named entities like `&amp;amp;mdash;`
instead of decimal-encoded entites like `&amp;amp;#8212;`.
&lt;/code&gt;&lt;/pre&gt;

&lt;p&gt;Output:&lt;/p&gt;

&lt;pre&gt;&lt;code&gt;&amp;lt;p&amp;gt;I strongly recommend against using any
&amp;lt;code&amp;gt;&amp;amp;lt;blink&amp;amp;gt;&amp;lt;/code&amp;gt; tags.&amp;lt;/p&amp;gt;

&amp;lt;p&amp;gt;I wish SmartyPants used named entities like
&amp;lt;code&amp;gt;&amp;amp;amp;mdash;&amp;lt;/code&amp;gt; instead of decimal-encoded
entites like &amp;lt;code&amp;gt;&amp;amp;amp;#8212;&amp;lt;/code&amp;gt;.&amp;lt;/p&amp;gt;
&lt;/code&gt;&lt;/pre&gt;

&lt;p&gt;To specify an entire block of pre-formatted code, indent every line of
the block by 4 spaces or 1 tab. Just like with code spans, &lt;code&gt;&amp;amp;&lt;/code&gt;, &lt;code&gt;&amp;lt;&lt;/code&gt;,
and &lt;code&gt;&amp;gt;&lt;/code&gt; characters will be escaped automatically.&lt;/p&gt;

&lt;p&gt;Markdown:&lt;/p&gt;

&lt;pre&gt;&lt;code&gt;If you want your page to validate under XHTML 1.0 Strict,
you&apos;ve got to put paragraph tags in your blockquotes:

    &amp;lt;blockquote&amp;gt;
        &amp;lt;p&amp;gt;For example.&amp;lt;/p&amp;gt;
    &amp;lt;/blockquote&amp;gt;
&lt;/code&gt;&lt;/pre&gt;

&lt;p&gt;Output:&lt;/p&gt;

&lt;pre&gt;&lt;code&gt;&amp;lt;p&amp;gt;If you want your page to validate under XHTML 1.0 Strict,
you&apos;ve got to put paragraph tags in your blockquotes:&amp;lt;/p&amp;gt;

&amp;lt;pre&amp;gt;&amp;lt;code&amp;gt;&amp;amp;lt;blockquote&amp;amp;gt;
    &amp;amp;lt;p&amp;amp;gt;For example.&amp;amp;lt;/p&amp;amp;gt;
&amp;amp;lt;/blockquote&amp;amp;gt;
]&amp;lt;/code&amp;gt;&amp;lt;/pr...&gt;
	at org.junit.Assert.assertEquals(Assert.java:115)
	at org.mashti.synopsis.MarkdownTest.runTest(MarkdownTest.java:92)
	at sun.reflect.NativeMethodAccessorImpl.invoke0(Native Method)
	at sun.reflect.NativeMethodAccessorImpl.invoke(NativeMethodAccessorImpl.java:57)
	at sun.reflect.DelegatingMethodAccessorImpl.invoke(DelegatingMethodAccessorImpl.java:43)
	at java.lang.reflect.Method.invoke(Method.java:601)
	at org.junit.runners.model.FrameworkMethod$1.runReflectiveCall(FrameworkMethod.java:47)
	at org.junit.internal.runners.model.ReflectiveCallable.run(ReflectiveCallable.java:12)
	at org.junit.runners.model.FrameworkMethod.invokeExplosively(FrameworkMethod.java:44)
	at org.junit.internal.runners.statements.InvokeMethod.evaluate(InvokeMethod.java:17)
	at org.junit.runners.ParentRunner.runLeaf(ParentRunner.java:271)
	at org.junit.runners.BlockJUnit4ClassRunner.runChild(BlockJUnit4ClassRunner.java:70)
	at org.junit.runners.BlockJUnit4ClassRunner.runChild(BlockJUnit4ClassRunner.java:50)
	at org.junit.runners.ParentRunner$3.run(ParentRunner.java:238)
	at org.junit.runners.ParentRunner$1.schedule(ParentRunner.java:63)
	at org.junit.runners.ParentRunner.runChildren(ParentRunner.java:236)
	at org.junit.runners.ParentRunner.access$000(ParentRunner.java:53)
	at org.junit.runners.ParentRunner$2.evaluate(ParentRunner.java:229)
	at org.junit.runners.ParentRunner.run(ParentRunner.java:309)
	at org.junit.runners.Suite.runChild(Suite.java:127)
	at org.junit.runners.Suite.runChild(Suite.java:26)
	at org.junit.runners.ParentRunner$3.run(ParentRunner.java:238)
	at org.junit.runners.ParentRunner$1.schedule(ParentRunner.java:63)
	at org.junit.runners.ParentRunner.runChildren(ParentRunner.java:236)
	at org.junit.runners.ParentRunner.access$000(ParentRunner.java:53)
	at org.junit.runners.ParentRunner$2.evaluate(ParentRunner.java:229)
	at org.junit.runners.ParentRunner.run(ParentRunner.java:309)
	at org.apache.maven.surefire.junit4.JUnit4TestSet.execute(JUnit4TestSet.java:53)
	at org.apache.maven.surefire.junit4.JUnit4Provider.executeTestSet(JUnit4Provider.java:123)
	at org.apache.maven.surefire.junit4.JUnit4Provider.invoke(JUnit4Provider.java:104)
	at sun.reflect.NativeMethodAccessorImpl.invoke0(Native Method)
	at sun.reflect.NativeMethodAccessorImpl.invoke(NativeMethodAccessorImpl.java:57)
	at sun.reflect.DelegatingMethodAccessorImpl.invoke(DelegatingMethodAccessorImpl.java:43)
	at java.lang.reflect.Method.invoke(Method.java:601)
	at org.apache.maven.surefire.util.ReflectionUtils.invokeMethodWithArray(ReflectionUtils.java:164)
	at org.apache.maven.surefire.booter.ProviderFactory$ProviderProxy.invoke(ProviderFactory.java:110)
	at org.apache.maven.surefire.booter.SurefireStarter.invokeProvider(SurefireStarter.java:175)
	at org.apache.maven.surefire.booter.SurefireStarter.runSuitesInProcessWhenForked(SurefireStarter.java:107)
	at org.apache.maven.surefire.booter.ForkedBooter.main(ForkedBooter.java:68)
</failure>
  </testcase>
  <testcase time="0.293" classname="org.mashti.synopsis.MarkdownTest" name="runTest[14: Markdown Documentation - Syntax]">
    <failure message="Markdown Documentation - Syntax expected:&lt;&lt;h1[&gt;Markdown: Syntax&lt;/h1&gt;

&lt;ul id=&quot;ProjectSubmenu&quot;&gt;
    &lt;li&gt;&lt;a href=&quot;/projects/markdown/&quot; title=&quot;Markdown Project Page&quot;&gt;Main&lt;/a&gt;&lt;/li&gt;
    &lt;li&gt;&lt;a href=&quot;/projects/markdown/basics&quot; title=&quot;Markdown Basics&quot;&gt;Basics&lt;/a&gt;&lt;/li&gt;
    &lt;li&gt;&lt;a class=&quot;selected&quot; title=&quot;Markdown Syntax Documentation&quot;&gt;Syntax&lt;/a&gt;&lt;/li&gt;
    &lt;li&gt;&lt;a href=&quot;/projects/markdown/license&quot; title=&quot;Pricing and License Information&quot;&gt;License&lt;/a&gt;&lt;/li&gt;
    &lt;li&gt;&lt;a href=&quot;/projects/markdown/dingus&quot; title=&quot;Online Markdown Web Form&quot;&gt;Dingus&lt;/a&gt;&lt;/li&gt;
&lt;/ul&gt;

&lt;ul&gt;
    &lt;li&gt;&lt;a href=&quot;#overview&quot;&gt;Overview&lt;/a&gt;
        &lt;ul&gt;
            &lt;li&gt;&lt;a href=&quot;#philosophy&quot;&gt;Philosophy&lt;/a&gt;&lt;/li&gt;
            &lt;li&gt;&lt;a href=&quot;#html&quot;&gt;Inline HTML&lt;/a&gt;&lt;/li&gt;
            &lt;li&gt;&lt;a href=&quot;#autoescape&quot;&gt;Automatic Escaping for Special Characters&lt;/a&gt;&lt;/li&gt;
        &lt;/ul&gt;
    &lt;/li&gt;
    &lt;li&gt;&lt;a href=&quot;#block&quot;&gt;Block Elements&lt;/a&gt;
        &lt;ul&gt;
            &lt;li&gt;&lt;a href=&quot;#p&quot;&gt;Paragraphs and Line Breaks&lt;/a&gt;&lt;/li&gt;
            &lt;li&gt;&lt;a href=&quot;#header&quot;&gt;Headers&lt;/a&gt;&lt;/li&gt;
            &lt;li&gt;&lt;a href=&quot;#blockquote&quot;&gt;Blockquotes&lt;/a&gt;&lt;/li&gt;
            &lt;li&gt;&lt;a href=&quot;#list&quot;&gt;Lists&lt;/a&gt;&lt;/li&gt;
            &lt;li&gt;&lt;a href=&quot;#precode&quot;&gt;Code Blocks&lt;/a&gt;&lt;/li&gt;
            &lt;li&gt;&lt;a href=&quot;#hr&quot;&gt;Horizontal Rules&lt;/a&gt;&lt;/li&gt;
        &lt;/ul&gt;
    &lt;/li&gt;
    &lt;li&gt;&lt;a href=&quot;#span&quot;&gt;Span Elements&lt;/a&gt;
        &lt;ul&gt;
            &lt;li&gt;&lt;a href=&quot;#link&quot;&gt;Links&lt;/a&gt;&lt;/li&gt;
            &lt;li&gt;&lt;a href=&quot;#em&quot;&gt;Emphasis&lt;/a&gt;&lt;/li&gt;
            &lt;li&gt;&lt;a href=&quot;#code&quot;&gt;Code&lt;/a&gt;&lt;/li&gt;
            &lt;li&gt;&lt;a href=&quot;#img&quot;&gt;Images&lt;/a&gt;&lt;/li&gt;
        &lt;/ul&gt;
    &lt;/li&gt;
    &lt;li&gt;&lt;a href=&quot;#misc&quot;&gt;Miscellaneous&lt;/a&gt;
        &lt;ul&gt;
            &lt;li&gt;&lt;a href=&quot;#backslash&quot;&gt;Backslash Escapes&lt;/a&gt;&lt;/li&gt;
            &lt;li&gt;&lt;a href=&quot;#autolink&quot;&gt;Automatic Links&lt;/a&gt;&lt;/li&gt;
        &lt;/ul&gt;
    &lt;/li&gt;
&lt;/ul&gt;

&lt;p&gt;&lt;strong&gt;Note:&lt;/strong&gt; This document is itself written using Markdown; you
    can &lt;a href=&quot;/projects/markdown/syntax.text&quot;&gt;see the source for it by adding &apos;.text&apos; to the URL&lt;/a&gt;.&lt;/p&gt;

&lt;hr/&gt;

&lt;h2 id=&quot;overview&quot;&gt;Overview&lt;/h2&gt;

&lt;h3 id=&quot;philosophy&quot;&gt;Philosophy&lt;/h3&gt;

&lt;p&gt;Markdown is intended to be as easy-to-read and easy-to-write as is feasible.&lt;/p&gt;

&lt;p&gt;Readability, however, is emphasized above all else. A Markdown-formatted
    document should be publishable as-is, as plain text, without looking
    like it&apos;s been marked up with tags or formatting instructions. While
    Markdown&apos;s syntax has been influenced by several existing text-to-HTML
    filters -- including &lt;a href=&quot;http://docutils.sourceforge.net/mirror/setext.html&quot;&gt;Setext&lt;/a&gt;, &lt;a href=&quot;http://www.aaronsw.com/2002/atx/&quot;&gt;atx&lt;/a&gt;, &lt;a href=&quot;http://textism.com/tools/textile/&quot;&gt;Textile&lt;/a&gt;, &lt;a href=&quot;http://docutils.sourceforge.net/rst.html&quot;&gt;reStructuredText&lt;/a&gt;,
    &lt;a href=&quot;http://www.triptico.com/software/grutatxt.html&quot;&gt;Grutatext&lt;/a&gt;, and &lt;a href=&quot;http://ettext.taint.org/doc/&quot;&gt;EtText&lt;/a&gt; -- the single biggest source of
    inspiration for Markdown&apos;s syntax is the format of plain text email.&lt;/p&gt;

&lt;p&gt;To this end, Markdown&apos;s syntax is comprised entirely of punctuation
    characters, which punctuation characters have been carefully chosen so
    as to look like what they mean. E.g., asterisks around a word actually
    look like *emphasis*. Markdown lists look like, well, lists. Even
    blockquotes look like quoted passages of text, assuming you&apos;ve ever
    used email.&lt;/p&gt;

&lt;h3 id=&quot;html&quot;&gt;Inline HTML&lt;/h3&gt;

&lt;p&gt;Markdown&apos;s syntax is intended for one purpose: to be used as a
    format for &lt;em&gt;writing&lt;/em&gt; for the web.&lt;/p&gt;

&lt;p&gt;Markdown is not a replacement for HTML, or even close to it. Its
    syntax is very small, corresponding only to a very small subset of
    HTML tags. The idea is &lt;em&gt;not&lt;/em&gt; to create a syntax that makes it easier
    to insert HTML tags. In my opinion, HTML tags are already easy to
    insert. The idea for Markdown is to make it easy to read, write, and
    edit prose. HTML is a &lt;em&gt;publishing&lt;/em&gt; format; Markdown is a &lt;em&gt;writing&lt;/em&gt;
    format. Thus, Markdown&apos;s formatting syntax only addresses issues that
    can be conveyed in plain text.&lt;/p&gt;

&lt;p&gt;For any markup that is not covered by Markdown&apos;s syntax, you simply
    use HTML itself. There&apos;s no need to preface it or delimit it to
    indicate that you&apos;re switching from Markdown to HTML; you just use
    the tags.&lt;/p&gt;

&lt;p&gt;The only restrictions are that block-level HTML elements -- e.g. &lt;code&gt;&amp;lt;div&amp;gt;&lt;/code&gt;,
    &lt;code&gt;&amp;lt;table&amp;gt;&lt;/code&gt;, &lt;code&gt;&amp;lt;pre&amp;gt;&lt;/code&gt;, &lt;code&gt;&amp;lt;p&amp;gt;&lt;/code&gt;, etc. -- must be separated from surrounding
    content by blank lines, and the start and end tags of the block should
    not be indented with tabs or spaces. Markdown is smart enough not
    to add extra (unwanted) &lt;code&gt;&amp;lt;p&amp;gt;&lt;/code&gt; tags around HTML block-level tags.&lt;/p&gt;

&lt;p&gt;For example, to add an HTML table to a Markdown article:&lt;/p&gt;

&lt;pre&gt;&lt;code&gt;This is a regular paragraph.

    &amp;lt;table&amp;gt;
    &amp;lt;tr&amp;gt;
    &amp;lt;td&amp;gt;Foo&amp;lt;/td&amp;gt;
    &amp;lt;/tr&amp;gt;
    &amp;lt;/table&amp;gt;

    This is another regular paragraph.
&lt;/code&gt;&lt;/pre&gt;

&lt;p&gt;Note that Markdown formatting syntax is not processed within block-level
    HTML tags. E.g., you can&apos;t use Markdown-style &lt;code&gt;*emphasis*&lt;/code&gt; inside an
    HTML block.&lt;/p&gt;

&lt;p&gt;Span-level HTML tags -- e.g. &lt;code&gt;&amp;lt;span&amp;gt;&lt;/code&gt;, &lt;code&gt;&amp;lt;cite&amp;gt;&lt;/code&gt;, or &lt;code&gt;&amp;lt;del&amp;gt;&lt;/code&gt; -- can be
    used anywhere in a Markdown paragraph, list item, or header. If you
    want, you can even use HTML tags instead of Markdown formatting; e.g. if
    you&apos;d prefer to use HTML &lt;code&gt;&amp;lt;a&amp;gt;&lt;/code&gt; or &lt;code&gt;&amp;lt;img&amp;gt;&lt;/code&gt; tags instead of Markdown&apos;s
    link or image syntax, go right ahead.&lt;/p&gt;

&lt;p&gt;Unlike block-level HTML tags, Markdown syntax &lt;em&gt;is&lt;/em&gt; processed within
    span-level tags.&lt;/p&gt;

&lt;h3 id=&quot;autoescape&quot;&gt;Automatic Escaping for Special Characters&lt;/h3&gt;

&lt;p&gt;In HTML, there are two characters that demand special treatment: &lt;code&gt;&amp;lt;&lt;/code&gt;
    and &lt;code&gt;&amp;amp;&lt;/code&gt;. Left angle brackets are used to start tags; ampersands are
    used to denote HTML entities. If you want to use them as literal
    characters, you must escape them as entities, e.g. &lt;code&gt;&amp;amp;lt;&lt;/code&gt;, and
    &lt;code&gt;&amp;amp;amp;&lt;/code&gt;.&lt;/p&gt;

&lt;p&gt;Ampersands in particular are bedeviling for web writers. If you want to
    write about &apos;AT&amp;amp;T&apos;, you need to write &apos;&lt;code&gt;AT&amp;amp;amp;T&lt;/code&gt;&apos;. You even need to
    escape ampersands within URLs. Thus, if you want to link to:&lt;/p&gt;

&lt;pre&gt;&lt;code&gt;http://images.google.com/images?num=30&amp;amp;q=larry+bird
&lt;/code&gt;&lt;/pre&gt;

&lt;p&gt;you need to encode the URL as:&lt;/p&gt;

&lt;pre&gt;&lt;code&gt;http://images.google.com/images?num=30&amp;amp;amp;q=larry+bird
&lt;/code&gt;&lt;/pre&gt;

&lt;p&gt;in your anchor tag &lt;code&gt;href&lt;/code&gt; attribute. Needless to say, this is easy to
    forget, and is probably the single most common source of HTML validation
    errors in otherwise well-marked-up web sites.&lt;/p&gt;

&lt;p&gt;Markdown allows you to use these characters naturally, taking care of
    all the necessary escaping for you. If you use an ampersand as part of
    an HTML entity, it remains unchanged; otherwise it will be translated
    into &lt;code&gt;&amp;amp;amp;&lt;/code&gt;.&lt;/p&gt;

&lt;p&gt;So, if you want to include a copyright symbol in your article, you can write:&lt;/p&gt;

&lt;pre&gt;&lt;code&gt;&amp;amp;copy;
&lt;/code&gt;&lt;/pre&gt;

&lt;p&gt;and Markdown will leave it alone. But if you write:&lt;/p&gt;

&lt;pre&gt;&lt;code&gt;AT&amp;amp;T
&lt;/code&gt;&lt;/pre&gt;

&lt;p&gt;Markdown will translate it to:&lt;/p&gt;

&lt;pre&gt;&lt;code&gt;AT&amp;amp;amp;T
&lt;/code&gt;&lt;/pre&gt;

&lt;p&gt;Similarly, because Markdown supports &lt;a href=&quot;#html&quot;&gt;inline HTML&lt;/a&gt;, if you use
    angle brackets as delimiters for HTML tags, Markdown will treat them as
    such. But if you write:&lt;/p&gt;

&lt;pre&gt;&lt;code&gt;4 &amp;lt; 5
&lt;/code&gt;&lt;/pre&gt;

&lt;p&gt;Markdown will translate it to:&lt;/p&gt;

&lt;pre&gt;&lt;code&gt;4 &amp;amp;lt; 5
&lt;/code&gt;&lt;/pre&gt;

&lt;p&gt;However, inside Markdown code spans and blocks, angle brackets and
    ampersands are &lt;em&gt;always&lt;/em&gt; encoded automatically. This makes it easy to use
    Markdown to write about HTML code. (As opposed to raw HTML, which is a
    terrible format for writing about HTML syntax, because every single &lt;code&gt;&amp;lt;&lt;/code&gt;
    and &lt;code&gt;&amp;amp;&lt;/code&gt; in your example code needs to be escaped.)&lt;/p&gt;

&lt;hr/&gt;

&lt;h2 id=&quot;block&quot;&gt;Block Elements&lt;/h2&gt;

&lt;h3 id=&quot;p&quot;&gt;Paragraphs and Line Breaks&lt;/h3&gt;

&lt;p&gt;A paragraph is simply one or more consecutive lines of text, separated
    by one or more blank lines. (A blank line is any line that looks like a
    blank line -- a line containing nothing but spaces or tabs is considered
    blank.) Normal paragraphs should not be intended with spaces or tabs.&lt;/p&gt;

&lt;p&gt;The implication of the &quot;one or more consecutive lines of text&quot; rule is
    that Markdown supports &quot;hard-wrapped&quot; text paragraphs. This differs
    significantly from most other text-to-HTML formatters (including Movable
    Type&apos;s &quot;Convert Line Breaks&quot; option) which translate every line break
    character in a paragraph into a &lt;code&gt;&amp;lt;br /&amp;gt;&lt;/code&gt; tag.&lt;/p&gt;

&lt;p&gt;When you &lt;em&gt;do&lt;/em&gt; want to insert a &lt;code&gt;&amp;lt;br /&amp;gt;&lt;/code&gt; break tag using Markdown, you
    end a line with two or more spaces, then type return.&lt;/p&gt;

&lt;p&gt;Yes, this takes a tad more effort to create a &lt;code&gt;&amp;lt;br /&amp;gt;&lt;/code&gt;, but a simplistic
    &quot;every line break is a &lt;code&gt;&amp;lt;br /&amp;gt;&lt;/code&gt;&quot; rule wouldn&apos;t work for Markdown.
    Markdown&apos;s email-style &lt;a href=&quot;#blockquote&quot;&gt;blockquoting&lt;/a&gt; and multi-paragraph &lt;a href=&quot;#list&quot;&gt;list items&lt;/a&gt;
    work best -- and look better -- when you format them with hard breaks.&lt;/p&gt;

&lt;h3 id=&quot;header&quot;&gt;Headers&lt;/h3&gt;

&lt;p&gt;Markdown supports two styles of headers, &lt;a href=&quot;http://docutils.sourceforge.net/mirror/setext.html&quot;&gt;Setext&lt;/a&gt; and &lt;a href=&quot;http://www.aaronsw.com/2002/atx/&quot;&gt;atx&lt;/a&gt;.&lt;/p&gt;

&lt;p&gt;Setext-style headers are &quot;underlined&quot; using equal signs (for first-level
    headers) and dashes (for second-level headers). For example:&lt;/p&gt;

&lt;pre&gt;&lt;code&gt;This is an H1
    =============

    This is an H2
    -------------
&lt;/code&gt;&lt;/pre&gt;

&lt;p&gt;Any number of underlining &lt;code&gt;=&lt;/code&gt;&apos;s or &lt;code&gt;-&lt;/code&gt;&apos;s will work.&lt;/p&gt;

&lt;p&gt;Atx-style headers use 1-6 hash characters at the start of the line,
    corresponding to header levels 1-6. For example:&lt;/p&gt;

&lt;pre&gt;&lt;code&gt;# This is an H1

    ## This is an H2

    ###### This is an H6
&lt;/code&gt;&lt;/pre&gt;

&lt;p&gt;Optionally, you may &quot;close&quot; atx-style headers. This is purely
    cosmetic -- you can use this if you think it looks better. The
    closing hashes don&apos;t even need to match the number of hashes
    used to open the header. (The number of opening hashes
    determines the header level.) :&lt;/p&gt;

&lt;pre&gt;&lt;code&gt;# This is an H1 #

    ## This is an H2 ##

    ### This is an H3 ######
&lt;/code&gt;&lt;/pre&gt;

&lt;h3 id=&quot;blockquote&quot;&gt;Blockquotes&lt;/h3&gt;

&lt;p&gt;Markdown uses email-style &lt;code&gt;&amp;gt;&lt;/code&gt; characters for blockquoting. If you&apos;re
    familiar with quoting passages of text in an email message, then you
    know how to create a blockquote in Markdown. It looks best if you hard
    wrap the text and put a &lt;code&gt;&amp;gt;&lt;/code&gt; before every line:&lt;/p&gt;

&lt;pre&gt;&lt;code&gt;&amp;gt; This is a blockquote with two paragraphs. Lorem ipsum dolor sit amet,
    &amp;gt; consectetuer adipiscing elit. Aliquam hendrerit mi posuere lectus.
    &amp;gt; Vestibulum enim wisi, viverra nec, fringilla in, laoreet vitae, risus.
    &amp;gt;
    &amp;gt; Donec sit amet nisl. Aliquam semper ipsum sit amet velit. Suspendisse
    &amp;gt; id sem consectetuer libero luctus adipiscing.
&lt;/code&gt;&lt;/pre&gt;

&lt;p&gt;Markdown allows you to be lazy and only put the &lt;code&gt;&amp;gt;&lt;/code&gt; before the first
    line of a hard-wrapped paragraph:&lt;/p&gt;

&lt;pre&gt;&lt;code&gt;&amp;gt; This is a blockquote with two paragraphs. Lorem ipsum dolor sit amet,
    consectetuer adipiscing elit. Aliquam hendrerit mi posuere lectus.
    Vestibulum enim wisi, viverra nec, fringilla in, laoreet vitae, risus.

    &amp;gt; Donec sit amet nisl. Aliquam semper ipsum sit amet velit. Suspendisse
    id sem consectetuer libero luctus adipiscing.
&lt;/code&gt;&lt;/pre&gt;

&lt;p&gt;Blockquotes can be nested (i.e. a blockquote-in-a-blockquote) by
    adding additional levels of &lt;code&gt;&amp;gt;&lt;/code&gt;:&lt;/p&gt;

&lt;pre&gt;&lt;code&gt;&amp;gt; This is the first level of quoting.
    &amp;gt;
    &amp;gt; &amp;gt; This is nested blockquote.
    &amp;gt;
    &amp;gt; Back to the first level.
&lt;/code&gt;&lt;/pre&gt;

&lt;p&gt;Blockquotes can contain other Markdown elements, including headers, lists,
    and code blocks:&lt;/p&gt;

&lt;pre&gt;&lt;code&gt;&amp;gt; ## This is a header.
    &amp;gt;
    &amp;gt; 1. This is the first list item.
    &amp;gt; 2. This is the second list item.
    &amp;gt;
    &amp;gt; Here&apos;s some example code:
    &amp;gt;
    &amp;gt; return shell_exec(&quot;echo $input | $markdown_script&quot;);
&lt;/code&gt;&lt;/pre&gt;

&lt;p&gt;Any decent text editor should make email-style quoting easy. For
    example, with BBEdit, you can make a selection and choose Increase
    Quote Level from the Text menu.&lt;/p&gt;

&lt;h3 id=&quot;list&quot;&gt;Lists&lt;/h3&gt;

&lt;p&gt;Markdown supports ordered (numbered) and unordered (bulleted) lists.&lt;/p&gt;

&lt;p&gt;Unordered lists use asterisks, pluses, and hyphens -- interchangably
    -- as list markers:&lt;/p&gt;

&lt;pre&gt;&lt;code&gt;* Red
    * Green
    * Blue
&lt;/code&gt;&lt;/pre&gt;

&lt;p&gt;is equivalent to:&lt;/p&gt;

&lt;pre&gt;&lt;code&gt;+ Red
    + Green
    + Blue
&lt;/code&gt;&lt;/pre&gt;

&lt;p&gt;and:&lt;/p&gt;

&lt;pre&gt;&lt;code&gt;- Red
    - Green
    - Blue
&lt;/code&gt;&lt;/pre&gt;

&lt;p&gt;Ordered lists use numbers followed by periods:&lt;/p&gt;

&lt;pre&gt;&lt;code&gt;1. Bird
    2. McHale
    3. Parish
&lt;/code&gt;&lt;/pre&gt;

&lt;p&gt;It&apos;s important to note that the actual numbers you use to mark the
    list have no effect on the HTML output Markdown produces. The HTML
    Markdown produces from the above list is:&lt;/p&gt;

&lt;pre&gt;&lt;code&gt;&amp;lt;ol&amp;gt;
    &amp;lt;li&amp;gt;Bird&amp;lt;/li&amp;gt;
    &amp;lt;li&amp;gt;McHale&amp;lt;/li&amp;gt;
    &amp;lt;li&amp;gt;Parish&amp;lt;/li&amp;gt;
    &amp;lt;/ol&amp;gt;
&lt;/code&gt;&lt;/pre&gt;

&lt;p&gt;If you instead wrote the list in Markdown like this:&lt;/p&gt;

&lt;pre&gt;&lt;code&gt;1. Bird
    1. McHale
    1. Parish
&lt;/code&gt;&lt;/pre&gt;

&lt;p&gt;or even:&lt;/p&gt;

&lt;pre&gt;&lt;code&gt;3. Bird
    1. McHale
    8. Parish
&lt;/code&gt;&lt;/pre&gt;

&lt;p&gt;you&apos;d get the exact same HTML output. The point is, if you want to,
    you can use ordinal numbers in your ordered Markdown lists, so that
    the numbers in your source match the numbers in your published HTML.
    But if you want to be lazy, you don&apos;t have to.&lt;/p&gt;

&lt;p&gt;If you do use lazy list numbering, however, you should still start the
    list with the number 1. At some point in the future, Markdown may support
    starting ordered lists at an arbitrary number.&lt;/p&gt;

&lt;p&gt;List markers typically start at the left margin, but may be indented by
    up to three spaces. List markers must be followed by one or more spaces
    or a tab.&lt;/p&gt;

&lt;p&gt;To make lists look nice, you can wrap items with hanging indents:&lt;/p&gt;

&lt;pre&gt;&lt;code&gt;* Lorem ipsum dolor sit amet, consectetuer adipiscing elit.
    Aliquam hendrerit mi posuere lectus. Vestibulum enim wisi,
    viverra nec, fringilla in, laoreet vitae, risus.
    * Donec sit amet nisl. Aliquam semper ipsum sit amet velit.
    Suspendisse id sem consectetuer libero luctus adipiscing.
&lt;/code&gt;&lt;/pre&gt;

&lt;p&gt;But if you want to be lazy, you don&apos;t have to:&lt;/p&gt;

&lt;pre&gt;&lt;code&gt;* Lorem ipsum dolor sit amet, consectetuer adipiscing elit.
    Aliquam hendrerit mi posuere lectus. Vestibulum enim wisi,
    viverra nec, fringilla in, laoreet vitae, risus.
    * Donec sit amet nisl. Aliquam semper ipsum sit amet velit.
    Suspendisse id sem consectetuer libero luctus adipiscing.
&lt;/code&gt;&lt;/pre&gt;

&lt;p&gt;If list items are separated by blank lines, Markdown will wrap the
    items in &lt;code&gt;&amp;lt;p&amp;gt;&lt;/code&gt; tags in the HTML output. For example, this input:&lt;/p&gt;

&lt;pre&gt;&lt;code&gt;* Bird
    * Magic
&lt;/code&gt;&lt;/pre&gt;

&lt;p&gt;will turn into:&lt;/p&gt;

&lt;pre&gt;&lt;code&gt;&amp;lt;ul&amp;gt;
    &amp;lt;li&amp;gt;Bird&amp;lt;/li&amp;gt;
    &amp;lt;li&amp;gt;Magic&amp;lt;/li&amp;gt;
    &amp;lt;/ul&amp;gt;
&lt;/code&gt;&lt;/pre&gt;

&lt;p&gt;But this:&lt;/p&gt;

&lt;pre&gt;&lt;code&gt;* Bird

    * Magic
&lt;/code&gt;&lt;/pre&gt;

&lt;p&gt;will turn into:&lt;/p&gt;

&lt;pre&gt;&lt;code&gt;&amp;lt;ul&amp;gt;
    &amp;lt;li&amp;gt;&amp;lt;p&amp;gt;Bird&amp;lt;/p&amp;gt;&amp;lt;/li&amp;gt;
    &amp;lt;li&amp;gt;&amp;lt;p&amp;gt;Magic&amp;lt;/p&amp;gt;&amp;lt;/li&amp;gt;
    &amp;lt;/ul&amp;gt;
&lt;/code&gt;&lt;/pre&gt;

&lt;p&gt;List items may consist of multiple paragraphs. Each subsequent
    paragraph in a list item must be intended by either 4 spaces
    or one tab:&lt;/p&gt;

&lt;pre&gt;&lt;code&gt;1. This is a list item with two paragraphs. Lorem ipsum dolor
    sit amet, consectetuer adipiscing elit. Aliquam hendrerit
    mi posuere lectus.

    Vestibulum enim wisi, viverra nec, fringilla in, laoreet
    vitae, risus. Donec sit amet nisl. Aliquam semper ipsum
    sit amet velit.

    2. Suspendisse id sem consectetuer libero luctus adipiscing.
&lt;/code&gt;&lt;/pre&gt;

&lt;p&gt;It looks nice if you indent every line of the subsequent
    paragraphs, but here again, Markdown will allow you to be
    lazy:&lt;/p&gt;

&lt;pre&gt;&lt;code&gt;* This is a list item with two paragraphs.

    This is the second paragraph in the list item. You&apos;re
    only required to indent the first line. Lorem ipsum dolor
    sit amet, consectetuer adipiscing elit.

    * Another item in the same list.
&lt;/code&gt;&lt;/pre&gt;

&lt;p&gt;To put a blockquote within a list item, the blockquote&apos;s &lt;code&gt;&amp;gt;&lt;/code&gt;
    delimiters need to be indented:&lt;/p&gt;

&lt;pre&gt;&lt;code&gt;* A list item with a blockquote:

    &amp;gt; This is a blockquote
    &amp;gt; inside a list item.
&lt;/code&gt;&lt;/pre&gt;

&lt;p&gt;To put a code block within a list item, the code block needs
    to be indented &lt;em&gt;twice&lt;/em&gt; -- 8 spaces or two tabs:&lt;/p&gt;

&lt;pre&gt;&lt;code&gt;* A list item with a code block:

    &amp;lt;code goes here&amp;gt;
&lt;/code&gt;&lt;/pre&gt;

&lt;p&gt;It&apos;s worth noting that it&apos;s possible to trigger an ordered list by
    accident, by writing something like this:&lt;/p&gt;

&lt;pre&gt;&lt;code&gt;1986. What a great season.
&lt;/code&gt;&lt;/pre&gt;

&lt;p&gt;In other words, a &lt;em&gt;number-period-space&lt;/em&gt; sequence at the beginning of a
    line. To avoid this, you can backslash-escape the period:&lt;/p&gt;

&lt;pre&gt;&lt;code&gt;1986\. What a great season.
&lt;/code&gt;&lt;/pre&gt;

&lt;h3 id=&quot;precode&quot;&gt;Code Blocks&lt;/h3&gt;

&lt;p&gt;Pre-formatted code blocks are used for writing about programming or
    markup source code. Rather than forming normal paragraphs, the lines
    of a code block are interpreted literally. Markdown wraps a code block
    in both &lt;code&gt;&amp;lt;pre&amp;gt;&lt;/code&gt; and &lt;code&gt;&amp;lt;code&amp;gt;&lt;/code&gt; tags.&lt;/p&gt;

&lt;p&gt;To produce a code block in Markdown, simply indent every line of the
    block by at least 4 spaces or 1 tab. For example, given this input:&lt;/p&gt;

&lt;pre&gt;&lt;code&gt;This is a normal paragraph:

    This is a code block.
&lt;/code&gt;&lt;/pre&gt;

&lt;p&gt;Markdown will generate:&lt;/p&gt;

&lt;pre&gt;&lt;code&gt;&amp;lt;p&amp;gt;This is a normal paragraph:&amp;lt;/p&amp;gt;

    &amp;lt;pre&amp;gt;&amp;lt;code&amp;gt;This is a code block.
    &amp;lt;/code&amp;gt;&amp;lt;/pre&amp;gt;
&lt;/code&gt;&lt;/pre&gt;

&lt;p&gt;One level of indentation -- 4 spaces or 1 tab -- is removed from each
    line of the code block. For example, this:&lt;/p&gt;

&lt;pre&gt;&lt;code&gt;Here is an example of AppleScript:

    tell application &quot;Foo&quot;
    beep
    end tell
&lt;/code&gt;&lt;/pre&gt;

&lt;p&gt;will turn into:&lt;/p&gt;

&lt;pre&gt;&lt;code&gt;&amp;lt;p&amp;gt;Here is an example of AppleScript:&amp;lt;/p&amp;gt;

    &amp;lt;pre&amp;gt;&amp;lt;code&amp;gt;tell application &quot;Foo&quot;
    beep
    end tell
    &amp;lt;/code&amp;gt;&amp;lt;/pre&amp;gt;
&lt;/code&gt;&lt;/pre&gt;

&lt;p&gt;A code block continues until it reaches a line that is not indented
    (or the end of the article).&lt;/p&gt;

&lt;p&gt;Within a code block, ampersands (&lt;code&gt;&amp;amp;&lt;/code&gt;) and angle brackets (&lt;code&gt;&amp;lt;&lt;/code&gt; and &lt;code&gt;&amp;gt;&lt;/code&gt;)
    are automatically converted into HTML entities. This makes it very
    easy to include example HTML source code using Markdown -- just paste
    it and indent it, and Markdown will handle the hassle of encoding the
    ampersands and angle brackets. For example, this:&lt;/p&gt;

&lt;pre&gt;&lt;code&gt;    &amp;lt;div class=&quot;footer&quot;&amp;gt;
    &amp;amp;copy; 2004 Foo Corporation
    &amp;lt;/div&amp;gt;
&lt;/code&gt;&lt;/pre&gt;

&lt;p&gt;will turn into:&lt;/p&gt;

&lt;pre&gt;&lt;code&gt;&amp;lt;pre&amp;gt;&amp;lt;code&amp;gt;&amp;amp;lt;div class=&quot;footer&quot;&amp;amp;gt;
    &amp;amp;amp;copy; 2004 Foo Corporation
    &amp;amp;lt;/div&amp;amp;gt;
    &amp;lt;/code&amp;gt;&amp;lt;/pre&amp;gt;
&lt;/code&gt;&lt;/pre&gt;

&lt;p&gt;Regular Markdown syntax is not processed within code blocks. E.g.,
    asterisks are just literal asterisks within a code block. This means
    it&apos;s also easy to use Markdown to write about Markdown&apos;s own syntax.&lt;/p&gt;

&lt;h3 id=&quot;hr&quot;&gt;Horizontal Rules&lt;/h3&gt;

&lt;p&gt;You can produce a horizontal rule tag (&lt;code&gt;&amp;lt;hr /&amp;gt;&lt;/code&gt;) by placing three or
    more hyphens, asterisks, or underscores on a line by themselves. If you
    wish, you may use spaces between the hyphens or asterisks. Each of the
    following lines will produce a horizontal rule:&lt;/p&gt;

&lt;pre&gt;&lt;code&gt;* * *

    ***

    *****

    - - -

    ---------------------------------------

    _ _ _
&lt;/code&gt;&lt;/pre&gt;

&lt;hr/&gt;

&lt;h2 id=&quot;span&quot;&gt;Span Elements&lt;/h2&gt;

&lt;h3 id=&quot;link&quot;&gt;Links&lt;/h3&gt;

&lt;p&gt;Markdown supports two style of links: &lt;em&gt;inline&lt;/em&gt; and &lt;em&gt;reference&lt;/em&gt;.&lt;/p&gt;

&lt;p&gt;In both styles, the link text is delimited by [square brackets].&lt;/p&gt;

&lt;p&gt;To create an inline link, use a set of regular parentheses immediately
    after the link text&apos;s closing square bracket. Inside the parentheses,
    put the URL where you want the link to point, along with an &lt;em&gt;optional&lt;/em&gt;
    title for the link, surrounded in quotes. For example:&lt;/p&gt;

&lt;pre&gt;&lt;code&gt;This is [an example](http://example.com/ &quot;Title&quot;) inline link.

    [This link](http://example.net/) has no title attribute.
&lt;/code&gt;&lt;/pre&gt;

&lt;p&gt;Will produce:&lt;/p&gt;

&lt;pre&gt;&lt;code&gt;&amp;lt;p&amp;gt;This is &amp;lt;a href=&quot;http://example.com/&quot; title=&quot;Title&quot;&amp;gt;
    an example&amp;lt;/a&amp;gt; inline link.&amp;lt;/p&amp;gt;

    &amp;lt;p&amp;gt;&amp;lt;a href=&quot;http://example.net/&quot;&amp;gt;This link&amp;lt;/a&amp;gt; has no
    title attribute.&amp;lt;/p&amp;gt;
&lt;/code&gt;&lt;/pre&gt;

&lt;p&gt;If you&apos;re referring to a local resource on the same server, you can
    use relative paths:&lt;/p&gt;

&lt;pre&gt;&lt;code&gt;See my [About](/about/) page for details.
&lt;/code&gt;&lt;/pre&gt;

&lt;p&gt;Reference-style links use a second set of square brackets, inside
    which you place a label of your choosing to identify the link:&lt;/p&gt;

&lt;pre&gt;&lt;code&gt;This is [an example][id] reference-style link.
&lt;/code&gt;&lt;/pre&gt;

&lt;p&gt;You can optionally use a space to separate the sets of brackets:&lt;/p&gt;

&lt;pre&gt;&lt;code&gt;This is [an example] [id] reference-style link.
&lt;/code&gt;&lt;/pre&gt;

&lt;p&gt;Then, anywhere in the document, you define your link label like this,
    on a line by itself:&lt;/p&gt;

&lt;pre&gt;&lt;code&gt;[id]: http://example.com/ &quot;Optional Title Here&quot;
&lt;/code&gt;&lt;/pre&gt;

&lt;p&gt;That is:&lt;/p&gt;

&lt;ul&gt;
    &lt;li&gt;Square brackets containing the link identifier (optionally
        indented from the left margin using up to three spaces);
    &lt;/li&gt;
    &lt;li&gt;followed by a colon;&lt;/li&gt;
    &lt;li&gt;followed by one or more spaces (or tabs);&lt;/li&gt;
    &lt;li&gt;followed by the URL for the link;&lt;/li&gt;
    &lt;li&gt;optionally followed by a title attribute for the link, enclosed
        in double or single quotes.
    &lt;/li&gt;
&lt;/ul&gt;

&lt;p&gt;The link URL may, optionally, be surrounded by angle brackets:&lt;/p&gt;

&lt;pre&gt;&lt;code&gt;[id]: &amp;lt;http://example.com/&amp;gt; &quot;Optional Title Here&quot;
&lt;/code&gt;&lt;/pre&gt;

&lt;p&gt;You can put the title attribute on the next line and use extra spaces
    or tabs for padding, which tends to look better with longer URLs:&lt;/p&gt;

&lt;pre&gt;&lt;code&gt;[id]: http://example.com/longish/path/to/resource/here
    &quot;Optional Title Here&quot;
&lt;/code&gt;&lt;/pre&gt;

&lt;p&gt;Link definitions are only used for creating links during Markdown
    processing, and are stripped from your document in the HTML output.&lt;/p&gt;

&lt;p&gt;Link definition names may constist of letters, numbers, spaces, and punctuation -- but they are &lt;em&gt;not&lt;/em&gt; case sensitive. E.g. these two links:&lt;/p&gt;

&lt;pre&gt;&lt;code&gt;[link text][a]
    [link text][A]
&lt;/code&gt;&lt;/pre&gt;

&lt;p&gt;are equivalent.&lt;/p&gt;

&lt;p&gt;The &lt;em&gt;implicit link name&lt;/em&gt; shortcut allows you to omit the name of the
    link, in which case the link text itself is used as the name.
    Just use an empty set of square brackets -- e.g., to link the word
    &quot;Google&quot; to the google.com web site, you could simply write:&lt;/p&gt;

&lt;pre&gt;&lt;code&gt;[Google][]
&lt;/code&gt;&lt;/pre&gt;

&lt;p&gt;And then define the link:&lt;/p&gt;

&lt;pre&gt;&lt;code&gt;[Google]: http://google.com/
&lt;/code&gt;&lt;/pre&gt;

&lt;p&gt;Because link names may contain spaces, this shortcut even works for
    multiple words in the link text:&lt;/p&gt;

&lt;pre&gt;&lt;code&gt;Visit [Daring Fireball][] for more information.
&lt;/code&gt;&lt;/pre&gt;

&lt;p&gt;And then define the link:&lt;/p&gt;

&lt;pre&gt;&lt;code&gt;[Daring Fireball]: http://daringfireball.net/
&lt;/code&gt;&lt;/pre&gt;

&lt;p&gt;Link definitions can be placed anywhere in your Markdown document. I
    tend to put them immediately after each paragraph in which they&apos;re
    used, but if you want, you can put them all at the end of your
    document, sort of like footnotes.&lt;/p&gt;

&lt;p&gt;Here&apos;s an example of reference links in action:&lt;/p&gt;

&lt;pre&gt;&lt;code&gt;I get 10 times more traffic from [Google] [1] than from
    [Yahoo] [2] or [MSN] [3].

    [1]: http://google.com/ &quot;Google&quot;
    [2]: http://search.yahoo.com/ &quot;Yahoo Search&quot;
    [3]: http://search.msn.com/ &quot;MSN Search&quot;
&lt;/code&gt;&lt;/pre&gt;

&lt;p&gt;Using the implicit link name shortcut, you could instead write:&lt;/p&gt;

&lt;pre&gt;&lt;code&gt;I get 10 times more traffic from [Google][] than from
    [Yahoo][] or [MSN][].

    [google]: http://google.com/ &quot;Google&quot;
    [yahoo]: http://search.yahoo.com/ &quot;Yahoo Search&quot;
    [msn]: http://search.msn.com/ &quot;MSN Search&quot;
&lt;/code&gt;&lt;/pre&gt;

&lt;p&gt;Both of the above examples will produce the following HTML output:&lt;/p&gt;

&lt;pre&gt;&lt;code&gt;&amp;lt;p&amp;gt;I get 10 times more traffic from &amp;lt;a href=&quot;http://google.com/&quot;
    title=&quot;Google&quot;&amp;gt;Google&amp;lt;/a&amp;gt; than from
    &amp;lt;a href=&quot;http://search.yahoo.com/&quot; title=&quot;Yahoo Search&quot;&amp;gt;Yahoo&amp;lt;/a&amp;gt;
    or &amp;lt;a href=&quot;http://search.msn.com/&quot; title=&quot;MSN Search&quot;&amp;gt;MSN&amp;lt;/a&amp;gt;.&amp;lt;/p&amp;gt;
&lt;/code&gt;&lt;/pre&gt;

&lt;p&gt;For comparison, here is the same paragraph written using
    Markdown&apos;s inline link style:&lt;/p&gt;

&lt;pre&gt;&lt;code&gt;I get 10 times more traffic from [Google](http://google.com/ &quot;Google&quot;)
    than from [Yahoo](http://search.yahoo.com/ &quot;Yahoo Search&quot;) or
    [MSN](http://search.msn.com/ &quot;MSN Search&quot;).
&lt;/code&gt;&lt;/pre&gt;

&lt;p&gt;The point of reference-style links is not that they&apos;re easier to
    write. The point is that with reference-style links, your document
    source is vastly more readable. Compare the above examples: using
    reference-style links, the paragraph itself is only 81 characters
    long; with inline-style links, it&apos;s 176 characters; and as raw HTML,
    it&apos;s 234 characters. In the raw HTML, there&apos;s more markup than there
    is text.&lt;/p&gt;

&lt;p&gt;With Markdown&apos;s reference-style links, a source document much more
    closely resembles the final output, as rendered in a browser. By
    allowing you to move the markup-related metadata out of the paragraph,
    you can add links without interrupting the narrative flow of your
    prose.&lt;/p&gt;

&lt;h3 id=&quot;em&quot;&gt;Emphasis&lt;/h3&gt;

&lt;p&gt;Markdown treats asterisks (&lt;code&gt;*&lt;/code&gt;) and underscores (&lt;code&gt;_&lt;/code&gt;) as indicators of
    emphasis. Text wrapped with one &lt;code&gt;*&lt;/code&gt; or &lt;code&gt;_&lt;/code&gt; will be wrapped with an
    HTML &lt;code&gt;&amp;lt;em&amp;gt;&lt;/code&gt; tag; double &lt;code&gt;*&lt;/code&gt;&apos;s or &lt;code&gt;_&lt;/code&gt;&apos;s will be wrapped with an HTML
    &lt;code&gt;&amp;lt;strong&amp;gt;&lt;/code&gt; tag. E.g., this input:&lt;/p&gt;

&lt;pre&gt;&lt;code&gt;*single asterisks*

    _single underscores_

    **double asterisks**

    __double underscores__
&lt;/code&gt;&lt;/pre&gt;

&lt;p&gt;will produce:&lt;/p&gt;

&lt;pre&gt;&lt;code&gt;&amp;lt;em&amp;gt;single asterisks&amp;lt;/em&amp;gt;

    &amp;lt;em&amp;gt;single underscores&amp;lt;/em&amp;gt;

    &amp;lt;strong&amp;gt;double asterisks&amp;lt;/strong&amp;gt;

    &amp;lt;strong&amp;gt;double underscores&amp;lt;/strong&amp;gt;
&lt;/code&gt;&lt;/pre&gt;

&lt;p&gt;You can use whichever style you prefer; the lone restriction is that
    the same character must be used to open and close an emphasis span.&lt;/p&gt;

&lt;p&gt;Emphasis can be used in the middle of a word:&lt;/p&gt;

&lt;pre&gt;&lt;code&gt;un*fucking*believable
&lt;/code&gt;&lt;/pre&gt;

&lt;p&gt;But if you surround an &lt;code&gt;*&lt;/code&gt; or &lt;code&gt;_&lt;/code&gt; with spaces, it&apos;ll be treated as a
    literal asterisk or underscore.&lt;/p&gt;

&lt;p&gt;To produce a literal asterisk or underscore at a position where it
    would otherwise be used as an emphasis delimiter, you can backslash
    escape it:&lt;/p&gt;

&lt;pre&gt;&lt;code&gt;\*this text is surrounded by literal asterisks\*
&lt;/code&gt;&lt;/pre&gt;

&lt;h3 id=&quot;code&quot;&gt;Code&lt;/h3&gt;

&lt;p&gt;To indicate a span of code, wrap it with backtick quotes (&lt;code&gt;`&lt;/code&gt;).
    Unlike a pre-formatted code block, a code span indicates code within a
    normal paragraph. For example:&lt;/p&gt;

&lt;pre&gt;&lt;code&gt;Use the `printf()` function.
&lt;/code&gt;&lt;/pre&gt;

&lt;p&gt;will produce:&lt;/p&gt;

&lt;pre&gt;&lt;code&gt;&amp;lt;p&amp;gt;Use the &amp;lt;code&amp;gt;printf()&amp;lt;/code&amp;gt; function.&amp;lt;/p&amp;gt;
&lt;/code&gt;&lt;/pre&gt;

&lt;p&gt;To include a literal backtick character within a code span, you can use
    multiple backticks as the opening and closing delimiters:&lt;/p&gt;

&lt;pre&gt;&lt;code&gt;``There is a literal backtick (`) here.``
&lt;/code&gt;&lt;/pre&gt;

&lt;p&gt;which will produce this:&lt;/p&gt;

&lt;pre&gt;&lt;code&gt;&amp;lt;p&amp;gt;&amp;lt;code&amp;gt;There is a literal backtick (`) here.&amp;lt;/code&amp;gt;&amp;lt;/p&amp;gt;
&lt;/code&gt;&lt;/pre&gt;

&lt;p&gt;The backtick delimiters surrounding a code span may include spaces --
    one after the opening, one before the closing. This allows you to place
    literal backtick characters at the beginning or end of a code span:&lt;/p&gt;

&lt;pre&gt;&lt;code&gt;A single backtick in a code span: `` ` ``

    A backtick-delimited string in a code span: `` `foo` ``
&lt;/code&gt;&lt;/pre&gt;

&lt;p&gt;will produce:&lt;/p&gt;

&lt;pre&gt;&lt;code&gt;&amp;lt;p&amp;gt;A single backtick in a code span: &amp;lt;code&amp;gt;`&amp;lt;/code&amp;gt;&amp;lt;/p&amp;gt;

    &amp;lt;p&amp;gt;A backtick-delimited string in a code span: &amp;lt;code&amp;gt;`foo`&amp;lt;/code&amp;gt;&amp;lt;/p&amp;gt;
&lt;/code&gt;&lt;/pre&gt;

&lt;p&gt;With a code span, ampersands and angle brackets are encoded as HTML
    entities automatically, which makes it easy to include example HTML
    tags. Markdown will turn this:&lt;/p&gt;

&lt;pre&gt;&lt;code&gt;Please don&apos;t use any `&amp;lt;blink&amp;gt;` tags.
&lt;/code&gt;&lt;/pre&gt;

&lt;p&gt;into:&lt;/p&gt;

&lt;pre&gt;&lt;code&gt;&amp;lt;p&amp;gt;Please don&apos;t use any &amp;lt;code&amp;gt;&amp;amp;lt;blink&amp;amp;gt;&amp;lt;/code&amp;gt; tags.&amp;lt;/p&amp;gt;
&lt;/code&gt;&lt;/pre&gt;

&lt;p&gt;You can write this:&lt;/p&gt;

&lt;pre&gt;&lt;code&gt;`&amp;amp;#8212;` is the decimal-encoded equivalent of `&amp;amp;mdash;`.
&lt;/code&gt;&lt;/pre&gt;

&lt;p&gt;to produce:&lt;/p&gt;

&lt;pre&gt;&lt;code&gt;&amp;lt;p&amp;gt;&amp;lt;code&amp;gt;&amp;amp;amp;#8212;&amp;lt;/code&amp;gt; is the decimal-encoded
    equivalent of &amp;lt;code&amp;gt;&amp;amp;amp;mdash;&amp;lt;/code&amp;gt;.&amp;lt;/p&amp;gt;
&lt;/code&gt;&lt;/pre&gt;

&lt;h3 id=&quot;img&quot;&gt;Images&lt;/h3&gt;

&lt;p&gt;Admittedly, it&apos;s fairly difficult to devise a &quot;natural&quot; syntax for
    placing images into a plain text document format.&lt;/p&gt;

&lt;p&gt;Markdown uses an image syntax that is intended to resemble the syntax
    for links, allowing for two styles: &lt;em&gt;inline&lt;/em&gt; and &lt;em&gt;reference&lt;/em&gt;.&lt;/p&gt;

&lt;p&gt;Inline image syntax looks like this:&lt;/p&gt;

&lt;pre&gt;&lt;code&gt;![Alt text](/path/to/img.jpg)

    ![Alt text](/path/to/img.jpg &quot;Optional title&quot;)
&lt;/code&gt;&lt;/pre&gt;

&lt;p&gt;That is:&lt;/p&gt;

&lt;ul&gt;
    &lt;li&gt;An exclamation mark: &lt;code&gt;!&lt;/code&gt;;&lt;/li&gt;
    &lt;li&gt;followed by a set of square brackets, containing the &lt;code&gt;alt&lt;/code&gt;
        attribute text for the image;
    &lt;/li&gt;
    &lt;li&gt;followed by a set of parentheses, containing the URL or path to
        the image, and an optional &lt;code&gt;title&lt;/code&gt; attribute enclosed in double
        or single quotes.
    &lt;/li&gt;
&lt;/ul&gt;

&lt;p&gt;Reference-style image syntax looks like this:&lt;/p&gt;

&lt;pre&gt;&lt;code&gt;![Alt text][id]
&lt;/code&gt;&lt;/pre&gt;

&lt;p&gt;Where &quot;id&quot; is the name of a defined image reference. Image references
    are defined using syntax identical to link references:&lt;/p&gt;

&lt;pre&gt;&lt;code&gt;[id]: url/to/image &quot;Optional title attribute&quot;
&lt;/code&gt;&lt;/pre&gt;

&lt;p&gt;As of this writing, Markdown has no syntax for specifying the
    dimensions of an image; if this is important to you, you can simply
    use regular HTML &lt;code&gt;&amp;lt;img&amp;gt;&lt;/code&gt; tags.&lt;/p&gt;

&lt;hr/&gt;

&lt;h2 id=&quot;misc&quot;&gt;Miscellaneous&lt;/h2&gt;

&lt;h3 id=&quot;autolink&quot;&gt;Automatic Links&lt;/h3&gt;

&lt;p&gt;Markdown supports a shortcut style for creating &quot;automatic&quot; links for URLs and email addresses: simply surround the URL or email address with angle brackets. What this means is that if you want to show the actual text of a URL or email address, and also have it be a clickable link, you can do this:&lt;/p&gt;

&lt;pre&gt;&lt;code&gt;&amp;lt;http://example.com/&amp;gt;
&lt;/code&gt;&lt;/pre&gt;

&lt;p&gt;Markdown will turn this into:&lt;/p&gt;

&lt;pre&gt;&lt;code&gt;&amp;lt;a href=&quot;http://example.com/&quot;&amp;gt;http://example.com/&amp;lt;/a&amp;gt;
&lt;/code&gt;&lt;/pre&gt;

&lt;p&gt;Automatic links for email addresses work similarly, except that
    Markdown will also perform a bit of randomized decimal and hex
    entity-encoding to help obscure your address from address-harvesting
    spambots. For example, Markdown will turn this:&lt;/p&gt;

&lt;pre&gt;&lt;code&gt;&amp;lt;address@example.com&amp;gt;
&lt;/code&gt;&lt;/pre&gt;

&lt;p&gt;into something like this:&lt;/p&gt;

&lt;pre&gt;&lt;code&gt;&amp;lt;a href=&quot;&amp;amp;#x6D;&amp;amp;#x61;i&amp;amp;#x6C;&amp;amp;#x74;&amp;amp;#x6F;:&amp;amp;#x61;&amp;amp;#x64;&amp;amp;#x64;&amp;amp;#x72;&amp;amp;#x65;
    &amp;amp;#115;&amp;amp;#115;&amp;amp;#64;&amp;amp;#101;&amp;amp;#120;&amp;amp;#x61;&amp;amp;#109;&amp;amp;#x70;&amp;amp;#x6C;e&amp;amp;#x2E;&amp;amp;#99;&amp;amp;#111;
    &amp;amp;#109;&quot;&amp;gt;&amp;amp;#x61;&amp;amp;#x64;&amp;amp;#x64;&amp;amp;#x72;&amp;amp;#x65;&amp;amp;#115;&amp;amp;#115;&amp;amp;#64;&amp;amp;#101;&amp;amp;#120;&amp;amp;#x61;
    &amp;amp;#109;&amp;amp;#x70;&amp;amp;#x6C;e&amp;amp;#x2E;&amp;amp;#99;&amp;amp;#111;&amp;amp;#109;&amp;lt;/a&amp;gt;
&lt;/code&gt;&lt;/pre&gt;

&lt;p&gt;which will render in a browser as a clickable link to &quot;address@example.com&quot;.&lt;/p&gt;

&lt;p&gt;(This sort of entity-encoding trick will indeed fool many, if not
    most, address-harvesting bots, but it definitely won&apos;t fool all of
    them. It&apos;s better than nothing, but an address published in this way
    will probably eventually start receiving spam.)&lt;/p&gt;

&lt;h3 id=&quot;backslash&quot;&gt;Backslash Escapes&lt;/h3&gt;

&lt;p&gt;Markdown allows you to use backslash escapes to generate literal
    characters which would otherwise have special meaning in Markdown&apos;s
    formatting syntax. For example, if you wanted to surround a word with
    literal asterisks (instead of an HTML &lt;code&gt;&amp;lt;em&amp;gt;&lt;/code&gt; tag), you can backslashes
    before the asterisks, like this:&lt;/p&gt;

&lt;pre&gt;&lt;code&gt;\*literal asterisks\*
&lt;/code&gt;&lt;/pre&gt;

&lt;p&gt;Markdown provides backslash escapes for the following characters:&lt;/p&gt;

&lt;pre&gt;&lt;code&gt;\ backslash
    ` backtick
    * asterisk
    _ underscore
    {} curly braces
    [] square brackets
    () parentheses
    # hash mark
    + plus sign
    - minus sign (hyphen)
    . dot
    !] exclamation mark
&lt;/...&gt; but was:&lt;&lt;h1[ &gt;Markdown: Syntax&lt;/h1&gt;

&lt;ul id=&quot;ProjectSubmenu&quot;&gt;
    &lt;li&gt;&lt;a href=&quot;/projects/markdown/&quot; title=&quot;Markdown Project Page&quot;&gt;Main&lt;/a&gt;&lt;/li&gt;
    &lt;li&gt;&lt;a href=&quot;/projects/markdown/basics&quot; title=&quot;Markdown Basics&quot;&gt;Basics&lt;/a&gt;&lt;/li&gt;
    &lt;li&gt;&lt;a class=&quot;selected&quot; title=&quot;Markdown Syntax Documentation&quot;&gt;Syntax&lt;/a&gt;&lt;/li&gt;
    &lt;li&gt;&lt;a href=&quot;/projects/markdown/license&quot; title=&quot;Pricing and License Information&quot;&gt;License&lt;/a&gt;&lt;/li&gt;
    &lt;li&gt;&lt;a href=&quot;/projects/markdown/dingus&quot; title=&quot;Online Markdown Web Form&quot;&gt;Dingus&lt;/a&gt;&lt;/li&gt;
&lt;/ul&gt;

&lt;ul&gt;
&lt;li&gt;&lt;a href=&quot;#overview&quot;&gt;Overview&lt;/a&gt;
&lt;ul&gt;&lt;li&gt;&lt;a href=&quot;#philosophy&quot;&gt;Philosophy&lt;/a&gt;&lt;/li&gt;
&lt;li&gt;&lt;a href=&quot;#html&quot;&gt;Inline HTML&lt;/a&gt;&lt;/li&gt;
&lt;li&gt;&lt;a href=&quot;#autoescape&quot;&gt;Automatic Escaping for Special Characters&lt;/a&gt;&lt;/li&gt;&lt;/ul&gt;&lt;/li&gt;
&lt;li&gt;&lt;a href=&quot;#block&quot;&gt;Block Elements&lt;/a&gt;
&lt;ul&gt;&lt;li&gt;&lt;a href=&quot;#p&quot;&gt;Paragraphs and Line Breaks&lt;/a&gt;&lt;/li&gt;
&lt;li&gt;&lt;a href=&quot;#header&quot;&gt;Headers&lt;/a&gt;&lt;/li&gt;
&lt;li&gt;&lt;a href=&quot;#blockquote&quot;&gt;Blockquotes&lt;/a&gt;&lt;/li&gt;
&lt;li&gt;&lt;a href=&quot;#list&quot;&gt;Lists&lt;/a&gt;&lt;/li&gt;
&lt;li&gt;&lt;a href=&quot;#precode&quot;&gt;Code Blocks&lt;/a&gt;&lt;/li&gt;
&lt;li&gt;&lt;a href=&quot;#hr&quot;&gt;Horizontal Rules&lt;/a&gt;&lt;/li&gt;&lt;/ul&gt;&lt;/li&gt;
&lt;li&gt;&lt;a href=&quot;#span&quot;&gt;Span Elements&lt;/a&gt;
&lt;ul&gt;&lt;li&gt;&lt;a href=&quot;#link&quot;&gt;Links&lt;/a&gt;&lt;/li&gt;
&lt;li&gt;&lt;a href=&quot;#em&quot;&gt;Emphasis&lt;/a&gt;&lt;/li&gt;
&lt;li&gt;&lt;a href=&quot;#code&quot;&gt;Code&lt;/a&gt;&lt;/li&gt;
&lt;li&gt;&lt;a href=&quot;#img&quot;&gt;Images&lt;/a&gt;&lt;/li&gt;&lt;/ul&gt;&lt;/li&gt;
&lt;li&gt;&lt;a href=&quot;#misc&quot;&gt;Miscellaneous&lt;/a&gt;
&lt;ul&gt;&lt;li&gt;&lt;a href=&quot;#backslash&quot;&gt;Backslash Escapes&lt;/a&gt;&lt;/li&gt;
&lt;li&gt;&lt;a href=&quot;#autolink&quot;&gt;Automatic Links&lt;/a&gt;&lt;/li&gt;&lt;/ul&gt;&lt;/li&gt;
&lt;/ul&gt;

&lt;p&gt;&lt;strong&gt;Note:&lt;/strong&gt; This document is itself written using Markdown; you
can &lt;a href=&quot;/projects/markdown/syntax.text&quot;&gt;see the source for it by adding &apos;.text&apos; to the URL&lt;/a&gt;.&lt;/p&gt;

&lt;hr/&gt;

&lt;h2 id=&quot;overview&quot;&gt;Overview&lt;/h2&gt;

&lt;h3 id=&quot;philosophy&quot;&gt;Philosophy&lt;/h3&gt;

&lt;p&gt;Markdown is intended to be as easy-to-read and easy-to-write as is feasible.&lt;/p&gt;

&lt;p&gt;Readability, however, is emphasized above all else. A Markdown-formatted
document should be publishable as-is, as plain text, without looking
like it&apos;s been marked up with tags or formatting instructions. While
Markdown&apos;s syntax has been influenced by several existing text-to-HTML
filters -- including &lt;a href=&quot;http://docutils.sourceforge.net/mirror/setext.html&quot;&gt;Setext&lt;/a&gt;, &lt;a href=&quot;http://www.aaronsw.com/2002/atx/&quot;&gt;atx&lt;/a&gt;, &lt;a href=&quot;http://textism.com/tools/textile/&quot;&gt;Textile&lt;/a&gt;, &lt;a href=&quot;http://docutils.sourceforge.net/rst.html&quot;&gt;reStructuredText&lt;/a&gt;,
&lt;a href=&quot;http://www.triptico.com/software/grutatxt.html&quot;&gt;Grutatext&lt;/a&gt;, and &lt;a href=&quot;http://ettext.taint.org/doc/&quot;&gt;EtText&lt;/a&gt; -- the single biggest source of
inspiration for Markdown&apos;s syntax is the format of plain text email.&lt;/p&gt;

&lt;p&gt;To this end, Markdown&apos;s syntax is comprised entirely of punctuation
characters, which punctuation characters have been carefully chosen so
as to look like what they mean. E.g., asterisks around a word actually
look like *emphasis*. Markdown lists look like, well, lists. Even
blockquotes look like quoted passages of text, assuming you&apos;ve ever
used email.&lt;/p&gt;

&lt;h3 id=&quot;html&quot;&gt;Inline HTML&lt;/h3&gt;

&lt;p&gt;Markdown&apos;s syntax is intended for one purpose: to be used as a
format for &lt;em&gt;writing&lt;/em&gt; for the web.&lt;/p&gt;

&lt;p&gt;Markdown is not a replacement for HTML, or even close to it. Its
syntax is very small, corresponding only to a very small subset of
HTML tags. The idea is &lt;em&gt;not&lt;/em&gt; to create a syntax that makes it easier
to insert HTML tags. In my opinion, HTML tags are already easy to
insert. The idea for Markdown is to make it easy to read, write, and
edit prose. HTML is a &lt;em&gt;publishing&lt;/em&gt; format; Markdown is a &lt;em&gt;writing&lt;/em&gt;
format. Thus, Markdown&apos;s formatting syntax only addresses issues that
can be conveyed in plain text.&lt;/p&gt;

&lt;p&gt;For any markup that is not covered by Markdown&apos;s syntax, you simply
use HTML itself. There&apos;s no need to preface it or delimit it to
indicate that you&apos;re switching from Markdown to HTML; you just use
the tags.&lt;/p&gt;

&lt;p&gt;The only restrictions are that block-level HTML elements -- e.g. &lt;code&gt;&amp;lt;div&amp;gt;&lt;/code&gt;,
&lt;code&gt;&amp;lt;table&amp;gt;&lt;/code&gt;, &lt;code&gt;&amp;lt;pre&amp;gt;&lt;/code&gt;, &lt;code&gt;&amp;lt;p&amp;gt;&lt;/code&gt;, etc. -- must be separated from surrounding
content by blank lines, and the start and end tags of the block should
not be indented with tabs or spaces. Markdown is smart enough not
to add extra (unwanted) &lt;code&gt;&amp;lt;p&amp;gt;&lt;/code&gt; tags around HTML block-level tags.&lt;/p&gt;

&lt;p&gt;For example, to add an HTML table to a Markdown article:&lt;/p&gt;

&lt;pre&gt;&lt;code&gt;This is a regular paragraph.

&amp;lt;table&amp;gt;
    &amp;lt;tr&amp;gt;
        &amp;lt;td&amp;gt;Foo&amp;lt;/td&amp;gt;
    &amp;lt;/tr&amp;gt;
&amp;lt;/table&amp;gt;

This is another regular paragraph.
&lt;/code&gt;&lt;/pre&gt;

&lt;p&gt;Note that Markdown formatting syntax is not processed within block-level
HTML tags. E.g., you can&apos;t use Markdown-style &lt;code&gt;*emphasis*&lt;/code&gt; inside an
HTML block.&lt;/p&gt;

&lt;p&gt;Span-level HTML tags -- e.g. &lt;code&gt;&amp;lt;span&amp;gt;&lt;/code&gt;, &lt;code&gt;&amp;lt;cite&amp;gt;&lt;/code&gt;, or &lt;code&gt;&amp;lt;del&amp;gt;&lt;/code&gt; -- can be
used anywhere in a Markdown paragraph, list item, or header. If you
want, you can even use HTML tags instead of Markdown formatting; e.g. if
you&apos;d prefer to use HTML &lt;code&gt;&amp;lt;a&amp;gt;&lt;/code&gt; or &lt;code&gt;&amp;lt;img&amp;gt;&lt;/code&gt; tags instead of Markdown&apos;s
link or image syntax, go right ahead.&lt;/p&gt;

&lt;p&gt;Unlike block-level HTML tags, Markdown syntax &lt;em&gt;is&lt;/em&gt; processed within
span-level tags.&lt;/p&gt;

&lt;h3 id=&quot;autoescape&quot;&gt;Automatic Escaping for Special Characters&lt;/h3&gt;

&lt;p&gt;In HTML, there are two characters that demand special treatment: &lt;code&gt;&amp;lt;&lt;/code&gt;
and &lt;code&gt;&amp;amp;&lt;/code&gt;. Left angle brackets are used to start tags; ampersands are
used to denote HTML entities. If you want to use them as literal
characters, you must escape them as entities, e.g. &lt;code&gt;&amp;amp;lt;&lt;/code&gt;, and
&lt;code&gt;&amp;amp;amp;&lt;/code&gt;.&lt;/p&gt;

&lt;p&gt;Ampersands in particular are bedeviling for web writers. If you want to
write about &apos;AT&amp;amp;T&apos;, you need to write &apos;&lt;code&gt;AT&amp;amp;amp;T&lt;/code&gt;&apos;. You even need to
escape ampersands within URLs. Thus, if you want to link to:&lt;/p&gt;

&lt;pre&gt;&lt;code&gt;http://images.google.com/images?num=30&amp;amp;q=larry+bird
&lt;/code&gt;&lt;/pre&gt;

&lt;p&gt;you need to encode the URL as:&lt;/p&gt;

&lt;pre&gt;&lt;code&gt;http://images.google.com/images?num=30&amp;amp;amp;q=larry+bird
&lt;/code&gt;&lt;/pre&gt;

&lt;p&gt;in your anchor tag &lt;code&gt;href&lt;/code&gt; attribute. Needless to say, this is easy to
forget, and is probably the single most common source of HTML validation
errors in otherwise well-marked-up web sites.&lt;/p&gt;

&lt;p&gt;Markdown allows you to use these characters naturally, taking care of
all the necessary escaping for you. If you use an ampersand as part of
an HTML entity, it remains unchanged; otherwise it will be translated
into &lt;code&gt;&amp;amp;amp;&lt;/code&gt;.&lt;/p&gt;

&lt;p&gt;So, if you want to include a copyright symbol in your article, you can write:&lt;/p&gt;

&lt;pre&gt;&lt;code&gt;&amp;amp;copy;
&lt;/code&gt;&lt;/pre&gt;

&lt;p&gt;and Markdown will leave it alone. But if you write:&lt;/p&gt;

&lt;pre&gt;&lt;code&gt;AT&amp;amp;T
&lt;/code&gt;&lt;/pre&gt;

&lt;p&gt;Markdown will translate it to:&lt;/p&gt;

&lt;pre&gt;&lt;code&gt;AT&amp;amp;amp;T
&lt;/code&gt;&lt;/pre&gt;

&lt;p&gt;Similarly, because Markdown supports &lt;a href=&quot;#html&quot;&gt;inline HTML&lt;/a&gt;, if you use
angle brackets as delimiters for HTML tags, Markdown will treat them as
such. But if you write:&lt;/p&gt;

&lt;pre&gt;&lt;code&gt;4 &amp;lt; 5
&lt;/code&gt;&lt;/pre&gt;

&lt;p&gt;Markdown will translate it to:&lt;/p&gt;

&lt;pre&gt;&lt;code&gt;4 &amp;amp;lt; 5
&lt;/code&gt;&lt;/pre&gt;

&lt;p&gt;However, inside Markdown code spans and blocks, angle brackets and
ampersands are &lt;em&gt;always&lt;/em&gt; encoded automatically. This makes it easy to use
Markdown to write about HTML code. (As opposed to raw HTML, which is a
terrible format for writing about HTML syntax, because every single &lt;code&gt;&amp;lt;&lt;/code&gt;
and &lt;code&gt;&amp;amp;&lt;/code&gt; in your example code needs to be escaped.)&lt;/p&gt;

&lt;hr/&gt;

&lt;h2 id=&quot;block&quot;&gt;Block Elements&lt;/h2&gt;

&lt;h3 id=&quot;p&quot;&gt;Paragraphs and Line Breaks&lt;/h3&gt;

&lt;p&gt;A paragraph is simply one or more consecutive lines of text, separated
by one or more blank lines. (A blank line is any line that looks like a
blank line -- a line containing nothing but spaces or tabs is considered
blank.) Normal paragraphs should not be intended with spaces or tabs.&lt;/p&gt;

&lt;p&gt;The implication of the &quot;one or more consecutive lines of text&quot; rule is
that Markdown supports &quot;hard-wrapped&quot; text paragraphs. This differs
significantly from most other text-to-HTML formatters (including Movable
Type&apos;s &quot;Convert Line Breaks&quot; option) which translate every line break
character in a paragraph into a &lt;code&gt;&amp;lt;br /&amp;gt;&lt;/code&gt; tag.&lt;/p&gt;

&lt;p&gt;When you &lt;em&gt;do&lt;/em&gt; want to insert a &lt;code&gt;&amp;lt;br /&amp;gt;&lt;/code&gt; break tag using Markdown, you
end a line with two or more spaces, then type return.&lt;/p&gt;

&lt;p&gt;Yes, this takes a tad more effort to create a &lt;code&gt;&amp;lt;br /&amp;gt;&lt;/code&gt;, but a simplistic
&quot;every line break is a &lt;code&gt;&amp;lt;br /&amp;gt;&lt;/code&gt;&quot; rule wouldn&apos;t work for Markdown.
Markdown&apos;s email-style &lt;a href=&quot;#blockquote&quot;&gt;blockquoting&lt;/a&gt; and multi-paragraph &lt;a href=&quot;#list&quot;&gt;list items&lt;/a&gt;
work best -- and look better -- when you format them with hard breaks.&lt;/p&gt;

&lt;h3 id=&quot;header&quot;&gt;Headers&lt;/h3&gt;

&lt;p&gt;Markdown supports two styles of headers, &lt;a href=&quot;http://docutils.sourceforge.net/mirror/setext.html&quot;&gt;Setext&lt;/a&gt; and &lt;a href=&quot;http://www.aaronsw.com/2002/atx/&quot;&gt;atx&lt;/a&gt;.&lt;/p&gt;

&lt;p&gt;Setext-style headers are &quot;underlined&quot; using equal signs (for first-level
headers) and dashes (for second-level headers). For example:&lt;/p&gt;

&lt;pre&gt;&lt;code&gt;This is an H1
=============

This is an H2
-------------
&lt;/code&gt;&lt;/pre&gt;

&lt;p&gt;Any number of underlining &lt;code&gt;=&lt;/code&gt;&apos;s or &lt;code&gt;-&lt;/code&gt;&apos;s will work.&lt;/p&gt;

&lt;p&gt;Atx-style headers use 1-6 hash characters at the start of the line,
corresponding to header levels 1-6. For example:&lt;/p&gt;

&lt;pre&gt;&lt;code&gt;# This is an H1

## This is an H2

###### This is an H6
&lt;/code&gt;&lt;/pre&gt;

&lt;p&gt;Optionally, you may &quot;close&quot; atx-style headers. This is purely
cosmetic -- you can use this if you think it looks better. The
closing hashes don&apos;t even need to match the number of hashes
used to open the header. (The number of opening hashes
determines the header level.) :&lt;/p&gt;

&lt;pre&gt;&lt;code&gt;# This is an H1 #

## This is an H2 ##

### This is an H3 ######
&lt;/code&gt;&lt;/pre&gt;

&lt;h3 id=&quot;blockquote&quot;&gt;Blockquotes&lt;/h3&gt;

&lt;p&gt;Markdown uses email-style &lt;code&gt;&amp;gt;&lt;/code&gt; characters for blockquoting. If you&apos;re
familiar with quoting passages of text in an email message, then you
know how to create a blockquote in Markdown. It looks best if you hard
wrap the text and put a &lt;code&gt;&amp;gt;&lt;/code&gt; before every line:&lt;/p&gt;

&lt;pre&gt;&lt;code&gt;&amp;gt; This is a blockquote with two paragraphs. Lorem ipsum dolor sit amet,
&amp;gt; consectetuer adipiscing elit. Aliquam hendrerit mi posuere lectus.
&amp;gt; Vestibulum enim wisi, viverra nec, fringilla in, laoreet vitae, risus.
&amp;gt; 
&amp;gt; Donec sit amet nisl. Aliquam semper ipsum sit amet velit. Suspendisse
&amp;gt; id sem consectetuer libero luctus adipiscing.
&lt;/code&gt;&lt;/pre&gt;

&lt;p&gt;Markdown allows you to be lazy and only put the &lt;code&gt;&amp;gt;&lt;/code&gt; before the first
line of a hard-wrapped paragraph:&lt;/p&gt;

&lt;pre&gt;&lt;code&gt;&amp;gt; This is a blockquote with two paragraphs. Lorem ipsum dolor sit amet,
consectetuer adipiscing elit. Aliquam hendrerit mi posuere lectus.
Vestibulum enim wisi, viverra nec, fringilla in, laoreet vitae, risus.

&amp;gt; Donec sit amet nisl. Aliquam semper ipsum sit amet velit. Suspendisse
id sem consectetuer libero luctus adipiscing.
&lt;/code&gt;&lt;/pre&gt;

&lt;p&gt;Blockquotes can be nested (i.e. a blockquote-in-a-blockquote) by
adding additional levels of &lt;code&gt;&amp;gt;&lt;/code&gt;:&lt;/p&gt;

&lt;pre&gt;&lt;code&gt;&amp;gt; This is the first level of quoting.
&amp;gt;
&amp;gt; &amp;gt; This is nested blockquote.
&amp;gt;
&amp;gt; Back to the first level.
&lt;/code&gt;&lt;/pre&gt;

&lt;p&gt;Blockquotes can contain other Markdown elements, including headers, lists,
and code blocks:&lt;/p&gt;

&lt;pre&gt;&lt;code&gt;&amp;gt; ## This is a header.
&amp;gt; 
&amp;gt; 1.   This is the first list item.
&amp;gt; 2.   This is the second list item.
&amp;gt; 
&amp;gt; Here&apos;s some example code:
&amp;gt; 


Ep6VdVUPzZrrbTpAwEKv


&lt;/code&gt;&lt;/pre&gt;

&lt;p&gt;Any decent text editor should make email-style quoting easy. For
example, with BBEdit, you can make a selection and choose Increase
Quote Level from the Text menu.&lt;/p&gt;

&lt;h3 id=&quot;list&quot;&gt;Lists&lt;/h3&gt;

&lt;p&gt;Markdown supports ordered (numbered) and unordered (bulleted) lists.&lt;/p&gt;

&lt;p&gt;Unordered lists use asterisks, pluses, and hyphens -- interchangably
-- as list markers:&lt;/p&gt;

&lt;pre&gt;&lt;code&gt;*   Red
*   Green
*   Blue
&lt;/code&gt;&lt;/pre&gt;

&lt;p&gt;is equivalent to:&lt;/p&gt;

&lt;pre&gt;&lt;code&gt;+   Red
+   Green
+   Blue
&lt;/code&gt;&lt;/pre&gt;

&lt;p&gt;and:&lt;/p&gt;

&lt;pre&gt;&lt;code&gt;-   Red
-   Green
-   Blue
&lt;/code&gt;&lt;/pre&gt;

&lt;p&gt;Ordered lists use numbers followed by periods:&lt;/p&gt;

&lt;pre&gt;&lt;code&gt;1.  Bird
2.  McHale
3.  Parish
&lt;/code&gt;&lt;/pre&gt;

&lt;p&gt;It&apos;s important to note that the actual numbers you use to mark the
list have no effect on the HTML output Markdown produces. The HTML
Markdown produces from the above list is:&lt;/p&gt;

&lt;pre&gt;&lt;code&gt;&amp;lt;ol&amp;gt;
&amp;lt;li&amp;gt;Bird&amp;lt;/li&amp;gt;
&amp;lt;li&amp;gt;McHale&amp;lt;/li&amp;gt;
&amp;lt;li&amp;gt;Parish&amp;lt;/li&amp;gt;
&amp;lt;/ol&amp;gt;
&lt;/code&gt;&lt;/pre&gt;

&lt;p&gt;If you instead wrote the list in Markdown like this:&lt;/p&gt;

&lt;pre&gt;&lt;code&gt;1.  Bird
1.  McHale
1.  Parish
&lt;/code&gt;&lt;/pre&gt;

&lt;p&gt;or even:&lt;/p&gt;

&lt;pre&gt;&lt;code&gt;3. Bird
1. McHale
8. Parish
&lt;/code&gt;&lt;/pre&gt;

&lt;p&gt;you&apos;d get the exact same HTML output. The point is, if you want to,
you can use ordinal numbers in your ordered Markdown lists, so that
the numbers in your source match the numbers in your published HTML.
But if you want to be lazy, you don&apos;t have to.&lt;/p&gt;

&lt;p&gt;If you do use lazy list numbering, however, you should still start the
list with the number 1. At some point in the future, Markdown may support
starting ordered lists at an arbitrary number.&lt;/p&gt;

&lt;p&gt;List markers typically start at the left margin, but may be indented by
up to three spaces. List markers must be followed by one or more spaces
or a tab.&lt;/p&gt;

&lt;p&gt;To make lists look nice, you can wrap items with hanging indents:&lt;/p&gt;

&lt;pre&gt;&lt;code&gt;*   Lorem ipsum dolor sit amet, consectetuer adipiscing elit.
    Aliquam hendrerit mi posuere lectus. Vestibulum enim wisi,
    viverra nec, fringilla in, laoreet vitae, risus.
*   Donec sit amet nisl. Aliquam semper ipsum sit amet velit.
    Suspendisse id sem consectetuer libero luctus adipiscing.
&lt;/code&gt;&lt;/pre&gt;

&lt;p&gt;But if you want to be lazy, you don&apos;t have to:&lt;/p&gt;

&lt;pre&gt;&lt;code&gt;*   Lorem ipsum dolor sit amet, consectetuer adipiscing elit.
Aliquam hendrerit mi posuere lectus. Vestibulum enim wisi,
viverra nec, fringilla in, laoreet vitae, risus.
*   Donec sit amet nisl. Aliquam semper ipsum sit amet velit.
Suspendisse id sem consectetuer libero luctus adipiscing.
&lt;/code&gt;&lt;/pre&gt;

&lt;p&gt;If list items are separated by blank lines, Markdown will wrap the
items in &lt;code&gt;&amp;lt;p&amp;gt;&lt;/code&gt; tags in the HTML output. For example, this input:&lt;/p&gt;

&lt;pre&gt;&lt;code&gt;*   Bird
*   Magic
&lt;/code&gt;&lt;/pre&gt;

&lt;p&gt;will turn into:&lt;/p&gt;

&lt;pre&gt;&lt;code&gt;&amp;lt;ul&amp;gt;
&amp;lt;li&amp;gt;Bird&amp;lt;/li&amp;gt;
&amp;lt;li&amp;gt;Magic&amp;lt;/li&amp;gt;
&amp;lt;/ul&amp;gt;
&lt;/code&gt;&lt;/pre&gt;

&lt;p&gt;But this:&lt;/p&gt;

&lt;pre&gt;&lt;code&gt;*   Bird

*   Magic
&lt;/code&gt;&lt;/pre&gt;

&lt;p&gt;will turn into:&lt;/p&gt;

&lt;pre&gt;&lt;code&gt;&amp;lt;ul&amp;gt;
&amp;lt;li&amp;gt;&amp;lt;p&amp;gt;Bird&amp;lt;/p&amp;gt;&amp;lt;/li&amp;gt;
&amp;lt;li&amp;gt;&amp;lt;p&amp;gt;Magic&amp;lt;/p&amp;gt;&amp;lt;/li&amp;gt;
&amp;lt;/ul&amp;gt;
&lt;/code&gt;&lt;/pre&gt;

&lt;p&gt;List items may consist of multiple paragraphs. Each subsequent
paragraph in a list item must be intended by either 4 spaces
or one tab:&lt;/p&gt;

&lt;pre&gt;&lt;code&gt;1.  This is a list item with two paragraphs. Lorem ipsum dolor
    sit amet, consectetuer adipiscing elit. Aliquam hendrerit
    mi posuere lectus.

    Vestibulum enim wisi, viverra nec, fringilla in, laoreet
    vitae, risus. Donec sit amet nisl. Aliquam semper ipsum
    sit amet velit.

2.  Suspendisse id sem consectetuer libero luctus adipiscing.
&lt;/code&gt;&lt;/pre&gt;

&lt;p&gt;It looks nice if you indent every line of the subsequent
paragraphs, but here again, Markdown will allow you to be
lazy:&lt;/p&gt;

&lt;pre&gt;&lt;code&gt;*   This is a list item with two paragraphs.

    This is the second paragraph in the list item. You&apos;re
only required to indent the first line. Lorem ipsum dolor
sit amet, consectetuer adipiscing elit.

*   Another item in the same list.
&lt;/code&gt;&lt;/pre&gt;

&lt;p&gt;To put a blockquote within a list item, the blockquote&apos;s &lt;code&gt;&amp;gt;&lt;/code&gt;
delimiters need to be indented:&lt;/p&gt;

&lt;pre&gt;&lt;code&gt;*   A list item with a blockquote:

    &amp;gt; This is a blockquote
    &amp;gt; inside a list item.
&lt;/code&gt;&lt;/pre&gt;

&lt;p&gt;To put a code block within a list item, the code block needs
to be indented &lt;em&gt;twice&lt;/em&gt; -- 8 spaces or two tabs:&lt;/p&gt;

&lt;pre&gt;&lt;code&gt;*   A list item with a code block:

        &amp;lt;code goes here&amp;gt;
&lt;/code&gt;&lt;/pre&gt;

&lt;p&gt;It&apos;s worth noting that it&apos;s possible to trigger an ordered list by
accident, by writing something like this:&lt;/p&gt;

&lt;pre&gt;&lt;code&gt;1986. What a great season.
&lt;/code&gt;&lt;/pre&gt;

&lt;p&gt;In other words, a &lt;em&gt;number-period-space&lt;/em&gt; sequence at the beginning of a
line. To avoid this, you can backslash-escape the period:&lt;/p&gt;

&lt;pre&gt;&lt;code&gt;1986\. What a great season.
&lt;/code&gt;&lt;/pre&gt;

&lt;h3 id=&quot;precode&quot;&gt;Code Blocks&lt;/h3&gt;

&lt;p&gt;Pre-formatted code blocks are used for writing about programming or
markup source code. Rather than forming normal paragraphs, the lines
of a code block are interpreted literally. Markdown wraps a code block
in both &lt;code&gt;&amp;lt;pre&amp;gt;&lt;/code&gt; and &lt;code&gt;&amp;lt;code&amp;gt;&lt;/code&gt; tags.&lt;/p&gt;

&lt;p&gt;To produce a code block in Markdown, simply indent every line of the
block by at least 4 spaces or 1 tab. For example, given this input:&lt;/p&gt;

&lt;pre&gt;&lt;code&gt;This is a normal paragraph:

    This is a code block.
&lt;/code&gt;&lt;/pre&gt;

&lt;p&gt;Markdown will generate:&lt;/p&gt;

&lt;pre&gt;&lt;code&gt;&amp;lt;p&amp;gt;This is a normal paragraph:&amp;lt;/p&amp;gt;

&amp;lt;pre&amp;gt;&amp;lt;code&amp;gt;This is a code block.
&amp;lt;/code&amp;gt;&amp;lt;/pre&amp;gt;
&lt;/code&gt;&lt;/pre&gt;

&lt;p&gt;One level of indentation -- 4 spaces or 1 tab -- is removed from each
line of the code block. For example, this:&lt;/p&gt;

&lt;pre&gt;&lt;code&gt;Here is an example of AppleScript:

    tell application &quot;Foo&quot;
        beep
    end tell
&lt;/code&gt;&lt;/pre&gt;

&lt;p&gt;will turn into:&lt;/p&gt;

&lt;pre&gt;&lt;code&gt;&amp;lt;p&amp;gt;Here is an example of AppleScript:&amp;lt;/p&amp;gt;

&amp;lt;pre&amp;gt;&amp;lt;code&amp;gt;tell application &quot;Foo&quot;
    beep
end tell
&amp;lt;/code&amp;gt;&amp;lt;/pre&amp;gt;
&lt;/code&gt;&lt;/pre&gt;

&lt;p&gt;A code block continues until it reaches a line that is not indented
(or the end of the article).&lt;/p&gt;

&lt;p&gt;Within a code block, ampersands (&lt;code&gt;&amp;amp;&lt;/code&gt;) and angle brackets (&lt;code&gt;&amp;lt;&lt;/code&gt; and &lt;code&gt;&amp;gt;&lt;/code&gt;)
are automatically converted into HTML entities. This makes it very
easy to include example HTML source code using Markdown -- just paste
it and indent it, and Markdown will handle the hassle of encoding the
ampersands and angle brackets. For example, this:&lt;/p&gt;

&lt;pre&gt;&lt;code&gt;    &amp;lt;div class=&quot;footer&quot;&amp;gt;
        &amp;amp;copy; 2004 Foo Corporation
    &amp;lt;/div&amp;gt;
&lt;/code&gt;&lt;/pre&gt;

&lt;p&gt;will turn into:&lt;/p&gt;

&lt;pre&gt;&lt;code&gt;&amp;lt;pre&amp;gt;&amp;lt;code&amp;gt;&amp;amp;lt;div class=&quot;footer&quot;&amp;amp;gt;
    &amp;amp;amp;copy; 2004 Foo Corporation
&amp;amp;lt;/div&amp;amp;gt;
&amp;lt;/code&amp;gt;&amp;lt;/pre&amp;gt;
&lt;/code&gt;&lt;/pre&gt;

&lt;p&gt;Regular Markdown syntax is not processed within code blocks. E.g.,
asterisks are just literal asterisks within a code block. This means
it&apos;s also easy to use Markdown to write about Markdown&apos;s own syntax.&lt;/p&gt;

&lt;h3 id=&quot;hr&quot;&gt;Horizontal Rules&lt;/h3&gt;

&lt;p&gt;You can produce a horizontal rule tag (&lt;code&gt;&amp;lt;hr /&amp;gt;&lt;/code&gt;) by placing three or
more hyphens, asterisks, or underscores on a line by themselves. If you
wish, you may use spaces between the hyphens or asterisks. Each of the
following lines will produce a horizontal rule:&lt;/p&gt;

&lt;pre&gt;&lt;code&gt;* * *

***

*****

- - -

---------------------------------------

_ _ _
&lt;/code&gt;&lt;/pre&gt;

&lt;hr/&gt;

&lt;h2 id=&quot;span&quot;&gt;Span Elements&lt;/h2&gt;

&lt;h3 id=&quot;link&quot;&gt;Links&lt;/h3&gt;

&lt;p&gt;Markdown supports two style of links: &lt;em&gt;inline&lt;/em&gt; and &lt;em&gt;reference&lt;/em&gt;.&lt;/p&gt;

&lt;p&gt;In both styles, the link text is delimited by [square brackets].&lt;/p&gt;

&lt;p&gt;To create an inline link, use a set of regular parentheses immediately
after the link text&apos;s closing square bracket. Inside the parentheses,
put the URL where you want the link to point, along with an &lt;em&gt;optional&lt;/em&gt;
title for the link, surrounded in quotes. For example:&lt;/p&gt;

&lt;pre&gt;&lt;code&gt;This is [an example](http://example.com/ &quot;Title&quot;) inline link.

[This link](http://example.net/) has no title attribute.
&lt;/code&gt;&lt;/pre&gt;

&lt;p&gt;Will produce:&lt;/p&gt;

&lt;pre&gt;&lt;code&gt;&amp;lt;p&amp;gt;This is &amp;lt;a href=&quot;http://example.com/&quot; title=&quot;Title&quot;&amp;gt;
an example&amp;lt;/a&amp;gt; inline link.&amp;lt;/p&amp;gt;

&amp;lt;p&amp;gt;&amp;lt;a href=&quot;http://example.net/&quot;&amp;gt;This link&amp;lt;/a&amp;gt; has no
title attribute.&amp;lt;/p&amp;gt;
&lt;/code&gt;&lt;/pre&gt;

&lt;p&gt;If you&apos;re referring to a local resource on the same server, you can
use relative paths:&lt;/p&gt;

&lt;pre&gt;&lt;code&gt;See my [About](/about/) page for details.
&lt;/code&gt;&lt;/pre&gt;

&lt;p&gt;Reference-style links use a second set of square brackets, inside
which you place a label of your choosing to identify the link:&lt;/p&gt;

&lt;pre&gt;&lt;code&gt;This is [an example][id] reference-style link.
&lt;/code&gt;&lt;/pre&gt;

&lt;p&gt;You can optionally use a space to separate the sets of brackets:&lt;/p&gt;

&lt;pre&gt;&lt;code&gt;This is [an example] [id] reference-style link.
&lt;/code&gt;&lt;/pre&gt;

&lt;p&gt;Then, anywhere in the document, you define your link label like this,
on a line by itself:&lt;/p&gt;

&lt;pre&gt;&lt;code&gt;[id]: http://example.com/  &quot;Optional Title Here&quot;
&lt;/code&gt;&lt;/pre&gt;

&lt;p&gt;That is:&lt;/p&gt;

&lt;ul&gt;
&lt;li&gt;Square brackets containing the link identifier (optionally
indented from the left margin using up to three spaces);&lt;/li&gt;
&lt;li&gt;followed by a colon;&lt;/li&gt;
&lt;li&gt;followed by one or more spaces (or tabs);&lt;/li&gt;
&lt;li&gt;followed by the URL for the link;&lt;/li&gt;
&lt;li&gt;optionally followed by a title attribute for the link, enclosed
in double or single quotes.&lt;/li&gt;
&lt;/ul&gt;

&lt;p&gt;The link URL may, optionally, be surrounded by angle brackets:&lt;/p&gt;

&lt;pre&gt;&lt;code&gt;[id]: &amp;lt;http://example.com/&amp;gt;  &quot;Optional Title Here&quot;
&lt;/code&gt;&lt;/pre&gt;

&lt;p&gt;You can put the title attribute on the next line and use extra spaces
or tabs for padding, which tends to look better with longer URLs:&lt;/p&gt;

&lt;pre&gt;&lt;code&gt;[id]: http://example.com/longish/path/to/resource/here
    &quot;Optional Title Here&quot;
&lt;/code&gt;&lt;/pre&gt;

&lt;p&gt;Link definitions are only used for creating links during Markdown
processing, and are stripped from your document in the HTML output.&lt;/p&gt;

&lt;p&gt;Link definition names may constist of letters, numbers, spaces, and punctuation -- but they are &lt;em&gt;not&lt;/em&gt; case sensitive. E.g. these two links:&lt;/p&gt;

&lt;pre&gt;&lt;code&gt;[link text][a]
[link text][A]
&lt;/code&gt;&lt;/pre&gt;

&lt;p&gt;are equivalent.&lt;/p&gt;

&lt;p&gt;The &lt;em&gt;implicit link name&lt;/em&gt; shortcut allows you to omit the name of the
link, in which case the link text itself is used as the name.
Just use an empty set of square brackets -- e.g., to link the word
&quot;Google&quot; to the google.com web site, you could simply write:&lt;/p&gt;

&lt;pre&gt;&lt;code&gt;[Google][]
&lt;/code&gt;&lt;/pre&gt;

&lt;p&gt;And then define the link:&lt;/p&gt;

&lt;pre&gt;&lt;code&gt;[Google]: http://google.com/
&lt;/code&gt;&lt;/pre&gt;

&lt;p&gt;Because link names may contain spaces, this shortcut even works for
multiple words in the link text:&lt;/p&gt;

&lt;pre&gt;&lt;code&gt;Visit [Daring Fireball][] for more information.
&lt;/code&gt;&lt;/pre&gt;

&lt;p&gt;And then define the link:&lt;/p&gt;

&lt;pre&gt;&lt;code&gt;[Daring Fireball]: http://daringfireball.net/
&lt;/code&gt;&lt;/pre&gt;

&lt;p&gt;Link definitions can be placed anywhere in your Markdown document. I
tend to put them immediately after each paragraph in which they&apos;re
used, but if you want, you can put them all at the end of your
document, sort of like footnotes.&lt;/p&gt;

&lt;p&gt;Here&apos;s an example of reference links in action:&lt;/p&gt;

&lt;pre&gt;&lt;code&gt;I get 10 times more traffic from [Google] [1] than from
[Yahoo] [2] or [MSN] [3].

  [1]: http://google.com/        &quot;Google&quot;
  [2]: http://search.yahoo.com/  &quot;Yahoo Search&quot;
  [3]: http://search.msn.com/    &quot;MSN Search&quot;
&lt;/code&gt;&lt;/pre&gt;

&lt;p&gt;Using the implicit link name shortcut, you could instead write:&lt;/p&gt;

&lt;pre&gt;&lt;code&gt;I get 10 times more traffic from [Google][] than from
[Yahoo][] or [MSN][].

  [google]: http://google.com/        &quot;Google&quot;
  [yahoo]:  http://search.yahoo.com/  &quot;Yahoo Search&quot;
  [msn]:    http://search.msn.com/    &quot;MSN Search&quot;
&lt;/code&gt;&lt;/pre&gt;

&lt;p&gt;Both of the above examples will produce the following HTML output:&lt;/p&gt;

&lt;pre&gt;&lt;code&gt;&amp;lt;p&amp;gt;I get 10 times more traffic from &amp;lt;a href=&quot;http://google.com/&quot;
title=&quot;Google&quot;&amp;gt;Google&amp;lt;/a&amp;gt; than from
&amp;lt;a href=&quot;http://search.yahoo.com/&quot; title=&quot;Yahoo Search&quot;&amp;gt;Yahoo&amp;lt;/a&amp;gt;
or &amp;lt;a href=&quot;http://search.msn.com/&quot; title=&quot;MSN Search&quot;&amp;gt;MSN&amp;lt;/a&amp;gt;.&amp;lt;/p&amp;gt;
&lt;/code&gt;&lt;/pre&gt;

&lt;p&gt;For comparison, here is the same paragraph written using
Markdown&apos;s inline link style:&lt;/p&gt;

&lt;pre&gt;&lt;code&gt;I get 10 times more traffic from [Google](http://google.com/ &quot;Google&quot;)
than from [Yahoo](http://search.yahoo.com/ &quot;Yahoo Search&quot;) or
[MSN](http://search.msn.com/ &quot;MSN Search&quot;).
&lt;/code&gt;&lt;/pre&gt;

&lt;p&gt;The point of reference-style links is not that they&apos;re easier to
write. The point is that with reference-style links, your document
source is vastly more readable. Compare the above examples: using
reference-style links, the paragraph itself is only 81 characters
long; with inline-style links, it&apos;s 176 characters; and as raw HTML,
it&apos;s 234 characters. In the raw HTML, there&apos;s more markup than there
is text.&lt;/p&gt;

&lt;p&gt;With Markdown&apos;s reference-style links, a source document much more
closely resembles the final output, as rendered in a browser. By
allowing you to move the markup-related metadata out of the paragraph,
you can add links without interrupting the narrative flow of your
prose.&lt;/p&gt;

&lt;h3 id=&quot;em&quot;&gt;Emphasis&lt;/h3&gt;

&lt;p&gt;Markdown treats asterisks (&lt;code&gt;*&lt;/code&gt;) and underscores (&lt;code&gt;_&lt;/code&gt;) as indicators of
emphasis. Text wrapped with one &lt;code&gt;*&lt;/code&gt; or &lt;code&gt;_&lt;/code&gt; will be wrapped with an
HTML &lt;code&gt;&amp;lt;em&amp;gt;&lt;/code&gt; tag; double &lt;code&gt;*&lt;/code&gt;&apos;s or &lt;code&gt;_&lt;/code&gt;&apos;s will be wrapped with an HTML
&lt;code&gt;&amp;lt;strong&amp;gt;&lt;/code&gt; tag. E.g., this input:&lt;/p&gt;

&lt;pre&gt;&lt;code&gt;*single asterisks*

_single underscores_

**double asterisks**

__double underscores__
&lt;/code&gt;&lt;/pre&gt;

&lt;p&gt;will produce:&lt;/p&gt;

&lt;pre&gt;&lt;code&gt;&amp;lt;em&amp;gt;single asterisks&amp;lt;/em&amp;gt;

&amp;lt;em&amp;gt;single underscores&amp;lt;/em&amp;gt;

&amp;lt;strong&amp;gt;double asterisks&amp;lt;/strong&amp;gt;

&amp;lt;strong&amp;gt;double underscores&amp;lt;/strong&amp;gt;
&lt;/code&gt;&lt;/pre&gt;

&lt;p&gt;You can use whichever style you prefer; the lone restriction is that
the same character must be used to open and close an emphasis span.&lt;/p&gt;

&lt;p&gt;Emphasis can be used in the middle of a word:&lt;/p&gt;

&lt;pre&gt;&lt;code&gt;un*fucking*believable
&lt;/code&gt;&lt;/pre&gt;

&lt;p&gt;But if you surround an &lt;code&gt;*&lt;/code&gt; or &lt;code&gt;_&lt;/code&gt; with spaces, it&apos;ll be treated as a
literal asterisk or underscore.&lt;/p&gt;

&lt;p&gt;To produce a literal asterisk or underscore at a position where it
would otherwise be used as an emphasis delimiter, you can backslash
escape it:&lt;/p&gt;

&lt;pre&gt;&lt;code&gt;\*this text is surrounded by literal asterisks\*
&lt;/code&gt;&lt;/pre&gt;

&lt;h3 id=&quot;code&quot;&gt;Code&lt;/h3&gt;

&lt;p&gt;To indicate a span of code, wrap it with backtick quotes (&lt;code&gt;`&lt;/code&gt;).
Unlike a pre-formatted code block, a code span indicates code within a
normal paragraph. For example:&lt;/p&gt;

&lt;pre&gt;&lt;code&gt;Use the `printf()` function.
&lt;/code&gt;&lt;/pre&gt;

&lt;p&gt;will produce:&lt;/p&gt;

&lt;pre&gt;&lt;code&gt;&amp;lt;p&amp;gt;Use the &amp;lt;code&amp;gt;printf()&amp;lt;/code&amp;gt; function.&amp;lt;/p&amp;gt;
&lt;/code&gt;&lt;/pre&gt;

&lt;p&gt;To include a literal backtick character within a code span, you can use
multiple backticks as the opening and closing delimiters:&lt;/p&gt;

&lt;pre&gt;&lt;code&gt;``There is a literal backtick (`) here.``
&lt;/code&gt;&lt;/pre&gt;

&lt;p&gt;which will produce this:&lt;/p&gt;

&lt;pre&gt;&lt;code&gt;&amp;lt;p&amp;gt;&amp;lt;code&amp;gt;There is a literal backtick (`) here.&amp;lt;/code&amp;gt;&amp;lt;/p&amp;gt;
&lt;/code&gt;&lt;/pre&gt;

&lt;p&gt;The backtick delimiters surrounding a code span may include spaces --
one after the opening, one before the closing. This allows you to place
literal backtick characters at the beginning or end of a code span:&lt;/p&gt;

&lt;pre&gt;&lt;code&gt;A single backtick in a code span: `` ` ``

A backtick-delimited string in a code span: `` `foo` ``
&lt;/code&gt;&lt;/pre&gt;

&lt;p&gt;will produce:&lt;/p&gt;

&lt;pre&gt;&lt;code&gt;&amp;lt;p&amp;gt;A single backtick in a code span: &amp;lt;code&amp;gt;`&amp;lt;/code&amp;gt;&amp;lt;/p&amp;gt;

&amp;lt;p&amp;gt;A backtick-delimited string in a code span: &amp;lt;code&amp;gt;`foo`&amp;lt;/code&amp;gt;&amp;lt;/p&amp;gt;
&lt;/code&gt;&lt;/pre&gt;

&lt;p&gt;With a code span, ampersands and angle brackets are encoded as HTML
entities automatically, which makes it easy to include example HTML
tags. Markdown will turn this:&lt;/p&gt;

&lt;pre&gt;&lt;code&gt;Please don&apos;t use any `&amp;lt;blink&amp;gt;` tags.
&lt;/code&gt;&lt;/pre&gt;

&lt;p&gt;into:&lt;/p&gt;

&lt;pre&gt;&lt;code&gt;&amp;lt;p&amp;gt;Please don&apos;t use any &amp;lt;code&amp;gt;&amp;amp;lt;blink&amp;amp;gt;&amp;lt;/code&amp;gt; tags.&amp;lt;/p&amp;gt;
&lt;/code&gt;&lt;/pre&gt;

&lt;p&gt;You can write this:&lt;/p&gt;

&lt;pre&gt;&lt;code&gt;`&amp;amp;#8212;` is the decimal-encoded equivalent of `&amp;amp;mdash;`.
&lt;/code&gt;&lt;/pre&gt;

&lt;p&gt;to produce:&lt;/p&gt;

&lt;pre&gt;&lt;code&gt;&amp;lt;p&amp;gt;&amp;lt;code&amp;gt;&amp;amp;amp;#8212;&amp;lt;/code&amp;gt; is the decimal-encoded
equivalent of &amp;lt;code&amp;gt;&amp;amp;amp;mdash;&amp;lt;/code&amp;gt;.&amp;lt;/p&amp;gt;
&lt;/code&gt;&lt;/pre&gt;

&lt;h3 id=&quot;img&quot;&gt;Images&lt;/h3&gt;

&lt;p&gt;Admittedly, it&apos;s fairly difficult to devise a &quot;natural&quot; syntax for
placing images into a plain text document format.&lt;/p&gt;

&lt;p&gt;Markdown uses an image syntax that is intended to resemble the syntax
for links, allowing for two styles: &lt;em&gt;inline&lt;/em&gt; and &lt;em&gt;reference&lt;/em&gt;.&lt;/p&gt;

&lt;p&gt;Inline image syntax looks like this:&lt;/p&gt;

&lt;pre&gt;&lt;code&gt;![Alt text](/path/to/img.jpg)

![Alt text](/path/to/img.jpg &quot;Optional title&quot;)
&lt;/code&gt;&lt;/pre&gt;

&lt;p&gt;That is:&lt;/p&gt;

&lt;ul&gt;
&lt;li&gt;An exclamation mark: &lt;code&gt;!&lt;/code&gt;;&lt;/li&gt;
&lt;li&gt;followed by a set of square brackets, containing the &lt;code&gt;alt&lt;/code&gt;
attribute text for the image;&lt;/li&gt;
&lt;li&gt;followed by a set of parentheses, containing the URL or path to
the image, and an optional &lt;code&gt;title&lt;/code&gt; attribute enclosed in double
or single quotes.&lt;/li&gt;
&lt;/ul&gt;

&lt;p&gt;Reference-style image syntax looks like this:&lt;/p&gt;

&lt;pre&gt;&lt;code&gt;![Alt text][id]
&lt;/code&gt;&lt;/pre&gt;

&lt;p&gt;Where &quot;id&quot; is the name of a defined image reference. Image references
are defined using syntax identical to link references:&lt;/p&gt;

&lt;pre&gt;&lt;code&gt;[id]: url/to/image  &quot;Optional title attribute&quot;
&lt;/code&gt;&lt;/pre&gt;

&lt;p&gt;As of this writing, Markdown has no syntax for specifying the
dimensions of an image; if this is important to you, you can simply
use regular HTML &lt;code&gt;&amp;lt;img&amp;gt;&lt;/code&gt; tags.&lt;/p&gt;

&lt;hr/&gt;

&lt;h2 id=&quot;misc&quot;&gt;Miscellaneous&lt;/h2&gt;

&lt;h3 id=&quot;autolink&quot;&gt;Automatic Links&lt;/h3&gt;

&lt;p&gt;Markdown supports a shortcut style for creating &quot;automatic&quot; links for URLs and email addresses: simply surround the URL or email address with angle brackets. What this means is that if you want to show the actual text of a URL or email address, and also have it be a clickable link, you can do this:&lt;/p&gt;

&lt;pre&gt;&lt;code&gt;&amp;lt;http://example.com/&amp;gt;
&lt;/code&gt;&lt;/pre&gt;

&lt;p&gt;Markdown will turn this into:&lt;/p&gt;

&lt;pre&gt;&lt;code&gt;&amp;lt;a href=&quot;http://example.com/&quot;&amp;gt;http://example.com/&amp;lt;/a&amp;gt;
&lt;/code&gt;&lt;/pre&gt;

&lt;p&gt;Automatic links for email addresses work similarly, except that
Markdown will also perform a bit of randomized decimal and hex
entity-encoding to help obscure your address from address-harvesting
spambots. For example, Markdown will turn this:&lt;/p&gt;

&lt;pre&gt;&lt;code&gt;&amp;lt;address@example.com&amp;gt;
&lt;/code&gt;&lt;/pre&gt;

&lt;p&gt;into something like this:&lt;/p&gt;

&lt;pre&gt;&lt;code&gt;&amp;lt;a href=&quot;&amp;amp;#x6D;&amp;amp;#x61;i&amp;amp;#x6C;&amp;amp;#x74;&amp;amp;#x6F;:&amp;amp;#x61;&amp;amp;#x64;&amp;amp;#x64;&amp;amp;#x72;&amp;amp;#x65;
&amp;amp;#115;&amp;amp;#115;&amp;amp;#64;&amp;amp;#101;&amp;amp;#120;&amp;amp;#x61;&amp;amp;#109;&amp;amp;#x70;&amp;amp;#x6C;e&amp;amp;#x2E;&amp;amp;#99;&amp;amp;#111;
&amp;amp;#109;&quot;&amp;gt;&amp;amp;#x61;&amp;amp;#x64;&amp;amp;#x64;&amp;amp;#x72;&amp;amp;#x65;&amp;amp;#115;&amp;amp;#115;&amp;amp;#64;&amp;amp;#101;&amp;amp;#120;&amp;amp;#x61;
&amp;amp;#109;&amp;amp;#x70;&amp;amp;#x6C;e&amp;amp;#x2E;&amp;amp;#99;&amp;amp;#111;&amp;amp;#109;&amp;lt;/a&amp;gt;
&lt;/code&gt;&lt;/pre&gt;

&lt;p&gt;which will render in a browser as a clickable link to &quot;address@example.com&quot;.&lt;/p&gt;

&lt;p&gt;(This sort of entity-encoding trick will indeed fool many, if not
most, address-harvesting bots, but it definitely won&apos;t fool all of
them. It&apos;s better than nothing, but an address published in this way
will probably eventually start receiving spam.)&lt;/p&gt;

&lt;h3 id=&quot;backslash&quot;&gt;Backslash Escapes&lt;/h3&gt;

&lt;p&gt;Markdown allows you to use backslash escapes to generate literal
characters which would otherwise have special meaning in Markdown&apos;s
formatting syntax. For example, if you wanted to surround a word with
literal asterisks (instead of an HTML &lt;code&gt;&amp;lt;em&amp;gt;&lt;/code&gt; tag), you can backslashes
before the asterisks, like this:&lt;/p&gt;

&lt;pre&gt;&lt;code&gt;\*literal asterisks\*
&lt;/code&gt;&lt;/pre&gt;

&lt;p&gt;Markdown provides backslash escapes for the following characters:&lt;/p&gt;

&lt;pre&gt;&lt;code&gt;\   backslash
`   backtick
*   asterisk
_   underscore
{}  curly braces
[]  square brackets
()  parentheses
#   hash mark
+   plus sign
-   minus sign (hyphen)
.   dot
!  ] exclamation mark
&lt;/...&gt;" type="org.junit.ComparisonFailure">org.junit.ComparisonFailure: Markdown Documentation - Syntax expected:&lt;&lt;h1[&gt;Markdown: Syntax&lt;/h1&gt;

&lt;ul id=&quot;ProjectSubmenu&quot;&gt;
    &lt;li&gt;&lt;a href=&quot;/projects/markdown/&quot; title=&quot;Markdown Project Page&quot;&gt;Main&lt;/a&gt;&lt;/li&gt;
    &lt;li&gt;&lt;a href=&quot;/projects/markdown/basics&quot; title=&quot;Markdown Basics&quot;&gt;Basics&lt;/a&gt;&lt;/li&gt;
    &lt;li&gt;&lt;a class=&quot;selected&quot; title=&quot;Markdown Syntax Documentation&quot;&gt;Syntax&lt;/a&gt;&lt;/li&gt;
    &lt;li&gt;&lt;a href=&quot;/projects/markdown/license&quot; title=&quot;Pricing and License Information&quot;&gt;License&lt;/a&gt;&lt;/li&gt;
    &lt;li&gt;&lt;a href=&quot;/projects/markdown/dingus&quot; title=&quot;Online Markdown Web Form&quot;&gt;Dingus&lt;/a&gt;&lt;/li&gt;
&lt;/ul&gt;

&lt;ul&gt;
    &lt;li&gt;&lt;a href=&quot;#overview&quot;&gt;Overview&lt;/a&gt;
        &lt;ul&gt;
            &lt;li&gt;&lt;a href=&quot;#philosophy&quot;&gt;Philosophy&lt;/a&gt;&lt;/li&gt;
            &lt;li&gt;&lt;a href=&quot;#html&quot;&gt;Inline HTML&lt;/a&gt;&lt;/li&gt;
            &lt;li&gt;&lt;a href=&quot;#autoescape&quot;&gt;Automatic Escaping for Special Characters&lt;/a&gt;&lt;/li&gt;
        &lt;/ul&gt;
    &lt;/li&gt;
    &lt;li&gt;&lt;a href=&quot;#block&quot;&gt;Block Elements&lt;/a&gt;
        &lt;ul&gt;
            &lt;li&gt;&lt;a href=&quot;#p&quot;&gt;Paragraphs and Line Breaks&lt;/a&gt;&lt;/li&gt;
            &lt;li&gt;&lt;a href=&quot;#header&quot;&gt;Headers&lt;/a&gt;&lt;/li&gt;
            &lt;li&gt;&lt;a href=&quot;#blockquote&quot;&gt;Blockquotes&lt;/a&gt;&lt;/li&gt;
            &lt;li&gt;&lt;a href=&quot;#list&quot;&gt;Lists&lt;/a&gt;&lt;/li&gt;
            &lt;li&gt;&lt;a href=&quot;#precode&quot;&gt;Code Blocks&lt;/a&gt;&lt;/li&gt;
            &lt;li&gt;&lt;a href=&quot;#hr&quot;&gt;Horizontal Rules&lt;/a&gt;&lt;/li&gt;
        &lt;/ul&gt;
    &lt;/li&gt;
    &lt;li&gt;&lt;a href=&quot;#span&quot;&gt;Span Elements&lt;/a&gt;
        &lt;ul&gt;
            &lt;li&gt;&lt;a href=&quot;#link&quot;&gt;Links&lt;/a&gt;&lt;/li&gt;
            &lt;li&gt;&lt;a href=&quot;#em&quot;&gt;Emphasis&lt;/a&gt;&lt;/li&gt;
            &lt;li&gt;&lt;a href=&quot;#code&quot;&gt;Code&lt;/a&gt;&lt;/li&gt;
            &lt;li&gt;&lt;a href=&quot;#img&quot;&gt;Images&lt;/a&gt;&lt;/li&gt;
        &lt;/ul&gt;
    &lt;/li&gt;
    &lt;li&gt;&lt;a href=&quot;#misc&quot;&gt;Miscellaneous&lt;/a&gt;
        &lt;ul&gt;
            &lt;li&gt;&lt;a href=&quot;#backslash&quot;&gt;Backslash Escapes&lt;/a&gt;&lt;/li&gt;
            &lt;li&gt;&lt;a href=&quot;#autolink&quot;&gt;Automatic Links&lt;/a&gt;&lt;/li&gt;
        &lt;/ul&gt;
    &lt;/li&gt;
&lt;/ul&gt;

&lt;p&gt;&lt;strong&gt;Note:&lt;/strong&gt; This document is itself written using Markdown; you
    can &lt;a href=&quot;/projects/markdown/syntax.text&quot;&gt;see the source for it by adding &apos;.text&apos; to the URL&lt;/a&gt;.&lt;/p&gt;

&lt;hr/&gt;

&lt;h2 id=&quot;overview&quot;&gt;Overview&lt;/h2&gt;

&lt;h3 id=&quot;philosophy&quot;&gt;Philosophy&lt;/h3&gt;

&lt;p&gt;Markdown is intended to be as easy-to-read and easy-to-write as is feasible.&lt;/p&gt;

&lt;p&gt;Readability, however, is emphasized above all else. A Markdown-formatted
    document should be publishable as-is, as plain text, without looking
    like it&apos;s been marked up with tags or formatting instructions. While
    Markdown&apos;s syntax has been influenced by several existing text-to-HTML
    filters -- including &lt;a href=&quot;http://docutils.sourceforge.net/mirror/setext.html&quot;&gt;Setext&lt;/a&gt;, &lt;a href=&quot;http://www.aaronsw.com/2002/atx/&quot;&gt;atx&lt;/a&gt;, &lt;a href=&quot;http://textism.com/tools/textile/&quot;&gt;Textile&lt;/a&gt;, &lt;a href=&quot;http://docutils.sourceforge.net/rst.html&quot;&gt;reStructuredText&lt;/a&gt;,
    &lt;a href=&quot;http://www.triptico.com/software/grutatxt.html&quot;&gt;Grutatext&lt;/a&gt;, and &lt;a href=&quot;http://ettext.taint.org/doc/&quot;&gt;EtText&lt;/a&gt; -- the single biggest source of
    inspiration for Markdown&apos;s syntax is the format of plain text email.&lt;/p&gt;

&lt;p&gt;To this end, Markdown&apos;s syntax is comprised entirely of punctuation
    characters, which punctuation characters have been carefully chosen so
    as to look like what they mean. E.g., asterisks around a word actually
    look like *emphasis*. Markdown lists look like, well, lists. Even
    blockquotes look like quoted passages of text, assuming you&apos;ve ever
    used email.&lt;/p&gt;

&lt;h3 id=&quot;html&quot;&gt;Inline HTML&lt;/h3&gt;

&lt;p&gt;Markdown&apos;s syntax is intended for one purpose: to be used as a
    format for &lt;em&gt;writing&lt;/em&gt; for the web.&lt;/p&gt;

&lt;p&gt;Markdown is not a replacement for HTML, or even close to it. Its
    syntax is very small, corresponding only to a very small subset of
    HTML tags. The idea is &lt;em&gt;not&lt;/em&gt; to create a syntax that makes it easier
    to insert HTML tags. In my opinion, HTML tags are already easy to
    insert. The idea for Markdown is to make it easy to read, write, and
    edit prose. HTML is a &lt;em&gt;publishing&lt;/em&gt; format; Markdown is a &lt;em&gt;writing&lt;/em&gt;
    format. Thus, Markdown&apos;s formatting syntax only addresses issues that
    can be conveyed in plain text.&lt;/p&gt;

&lt;p&gt;For any markup that is not covered by Markdown&apos;s syntax, you simply
    use HTML itself. There&apos;s no need to preface it or delimit it to
    indicate that you&apos;re switching from Markdown to HTML; you just use
    the tags.&lt;/p&gt;

&lt;p&gt;The only restrictions are that block-level HTML elements -- e.g. &lt;code&gt;&amp;lt;div&amp;gt;&lt;/code&gt;,
    &lt;code&gt;&amp;lt;table&amp;gt;&lt;/code&gt;, &lt;code&gt;&amp;lt;pre&amp;gt;&lt;/code&gt;, &lt;code&gt;&amp;lt;p&amp;gt;&lt;/code&gt;, etc. -- must be separated from surrounding
    content by blank lines, and the start and end tags of the block should
    not be indented with tabs or spaces. Markdown is smart enough not
    to add extra (unwanted) &lt;code&gt;&amp;lt;p&amp;gt;&lt;/code&gt; tags around HTML block-level tags.&lt;/p&gt;

&lt;p&gt;For example, to add an HTML table to a Markdown article:&lt;/p&gt;

&lt;pre&gt;&lt;code&gt;This is a regular paragraph.

    &amp;lt;table&amp;gt;
    &amp;lt;tr&amp;gt;
    &amp;lt;td&amp;gt;Foo&amp;lt;/td&amp;gt;
    &amp;lt;/tr&amp;gt;
    &amp;lt;/table&amp;gt;

    This is another regular paragraph.
&lt;/code&gt;&lt;/pre&gt;

&lt;p&gt;Note that Markdown formatting syntax is not processed within block-level
    HTML tags. E.g., you can&apos;t use Markdown-style &lt;code&gt;*emphasis*&lt;/code&gt; inside an
    HTML block.&lt;/p&gt;

&lt;p&gt;Span-level HTML tags -- e.g. &lt;code&gt;&amp;lt;span&amp;gt;&lt;/code&gt;, &lt;code&gt;&amp;lt;cite&amp;gt;&lt;/code&gt;, or &lt;code&gt;&amp;lt;del&amp;gt;&lt;/code&gt; -- can be
    used anywhere in a Markdown paragraph, list item, or header. If you
    want, you can even use HTML tags instead of Markdown formatting; e.g. if
    you&apos;d prefer to use HTML &lt;code&gt;&amp;lt;a&amp;gt;&lt;/code&gt; or &lt;code&gt;&amp;lt;img&amp;gt;&lt;/code&gt; tags instead of Markdown&apos;s
    link or image syntax, go right ahead.&lt;/p&gt;

&lt;p&gt;Unlike block-level HTML tags, Markdown syntax &lt;em&gt;is&lt;/em&gt; processed within
    span-level tags.&lt;/p&gt;

&lt;h3 id=&quot;autoescape&quot;&gt;Automatic Escaping for Special Characters&lt;/h3&gt;

&lt;p&gt;In HTML, there are two characters that demand special treatment: &lt;code&gt;&amp;lt;&lt;/code&gt;
    and &lt;code&gt;&amp;amp;&lt;/code&gt;. Left angle brackets are used to start tags; ampersands are
    used to denote HTML entities. If you want to use them as literal
    characters, you must escape them as entities, e.g. &lt;code&gt;&amp;amp;lt;&lt;/code&gt;, and
    &lt;code&gt;&amp;amp;amp;&lt;/code&gt;.&lt;/p&gt;

&lt;p&gt;Ampersands in particular are bedeviling for web writers. If you want to
    write about &apos;AT&amp;amp;T&apos;, you need to write &apos;&lt;code&gt;AT&amp;amp;amp;T&lt;/code&gt;&apos;. You even need to
    escape ampersands within URLs. Thus, if you want to link to:&lt;/p&gt;

&lt;pre&gt;&lt;code&gt;http://images.google.com/images?num=30&amp;amp;q=larry+bird
&lt;/code&gt;&lt;/pre&gt;

&lt;p&gt;you need to encode the URL as:&lt;/p&gt;

&lt;pre&gt;&lt;code&gt;http://images.google.com/images?num=30&amp;amp;amp;q=larry+bird
&lt;/code&gt;&lt;/pre&gt;

&lt;p&gt;in your anchor tag &lt;code&gt;href&lt;/code&gt; attribute. Needless to say, this is easy to
    forget, and is probably the single most common source of HTML validation
    errors in otherwise well-marked-up web sites.&lt;/p&gt;

&lt;p&gt;Markdown allows you to use these characters naturally, taking care of
    all the necessary escaping for you. If you use an ampersand as part of
    an HTML entity, it remains unchanged; otherwise it will be translated
    into &lt;code&gt;&amp;amp;amp;&lt;/code&gt;.&lt;/p&gt;

&lt;p&gt;So, if you want to include a copyright symbol in your article, you can write:&lt;/p&gt;

&lt;pre&gt;&lt;code&gt;&amp;amp;copy;
&lt;/code&gt;&lt;/pre&gt;

&lt;p&gt;and Markdown will leave it alone. But if you write:&lt;/p&gt;

&lt;pre&gt;&lt;code&gt;AT&amp;amp;T
&lt;/code&gt;&lt;/pre&gt;

&lt;p&gt;Markdown will translate it to:&lt;/p&gt;

&lt;pre&gt;&lt;code&gt;AT&amp;amp;amp;T
&lt;/code&gt;&lt;/pre&gt;

&lt;p&gt;Similarly, because Markdown supports &lt;a href=&quot;#html&quot;&gt;inline HTML&lt;/a&gt;, if you use
    angle brackets as delimiters for HTML tags, Markdown will treat them as
    such. But if you write:&lt;/p&gt;

&lt;pre&gt;&lt;code&gt;4 &amp;lt; 5
&lt;/code&gt;&lt;/pre&gt;

&lt;p&gt;Markdown will translate it to:&lt;/p&gt;

&lt;pre&gt;&lt;code&gt;4 &amp;amp;lt; 5
&lt;/code&gt;&lt;/pre&gt;

&lt;p&gt;However, inside Markdown code spans and blocks, angle brackets and
    ampersands are &lt;em&gt;always&lt;/em&gt; encoded automatically. This makes it easy to use
    Markdown to write about HTML code. (As opposed to raw HTML, which is a
    terrible format for writing about HTML syntax, because every single &lt;code&gt;&amp;lt;&lt;/code&gt;
    and &lt;code&gt;&amp;amp;&lt;/code&gt; in your example code needs to be escaped.)&lt;/p&gt;

&lt;hr/&gt;

&lt;h2 id=&quot;block&quot;&gt;Block Elements&lt;/h2&gt;

&lt;h3 id=&quot;p&quot;&gt;Paragraphs and Line Breaks&lt;/h3&gt;

&lt;p&gt;A paragraph is simply one or more consecutive lines of text, separated
    by one or more blank lines. (A blank line is any line that looks like a
    blank line -- a line containing nothing but spaces or tabs is considered
    blank.) Normal paragraphs should not be intended with spaces or tabs.&lt;/p&gt;

&lt;p&gt;The implication of the &quot;one or more consecutive lines of text&quot; rule is
    that Markdown supports &quot;hard-wrapped&quot; text paragraphs. This differs
    significantly from most other text-to-HTML formatters (including Movable
    Type&apos;s &quot;Convert Line Breaks&quot; option) which translate every line break
    character in a paragraph into a &lt;code&gt;&amp;lt;br /&amp;gt;&lt;/code&gt; tag.&lt;/p&gt;

&lt;p&gt;When you &lt;em&gt;do&lt;/em&gt; want to insert a &lt;code&gt;&amp;lt;br /&amp;gt;&lt;/code&gt; break tag using Markdown, you
    end a line with two or more spaces, then type return.&lt;/p&gt;

&lt;p&gt;Yes, this takes a tad more effort to create a &lt;code&gt;&amp;lt;br /&amp;gt;&lt;/code&gt;, but a simplistic
    &quot;every line break is a &lt;code&gt;&amp;lt;br /&amp;gt;&lt;/code&gt;&quot; rule wouldn&apos;t work for Markdown.
    Markdown&apos;s email-style &lt;a href=&quot;#blockquote&quot;&gt;blockquoting&lt;/a&gt; and multi-paragraph &lt;a href=&quot;#list&quot;&gt;list items&lt;/a&gt;
    work best -- and look better -- when you format them with hard breaks.&lt;/p&gt;

&lt;h3 id=&quot;header&quot;&gt;Headers&lt;/h3&gt;

&lt;p&gt;Markdown supports two styles of headers, &lt;a href=&quot;http://docutils.sourceforge.net/mirror/setext.html&quot;&gt;Setext&lt;/a&gt; and &lt;a href=&quot;http://www.aaronsw.com/2002/atx/&quot;&gt;atx&lt;/a&gt;.&lt;/p&gt;

&lt;p&gt;Setext-style headers are &quot;underlined&quot; using equal signs (for first-level
    headers) and dashes (for second-level headers). For example:&lt;/p&gt;

&lt;pre&gt;&lt;code&gt;This is an H1
    =============

    This is an H2
    -------------
&lt;/code&gt;&lt;/pre&gt;

&lt;p&gt;Any number of underlining &lt;code&gt;=&lt;/code&gt;&apos;s or &lt;code&gt;-&lt;/code&gt;&apos;s will work.&lt;/p&gt;

&lt;p&gt;Atx-style headers use 1-6 hash characters at the start of the line,
    corresponding to header levels 1-6. For example:&lt;/p&gt;

&lt;pre&gt;&lt;code&gt;# This is an H1

    ## This is an H2

    ###### This is an H6
&lt;/code&gt;&lt;/pre&gt;

&lt;p&gt;Optionally, you may &quot;close&quot; atx-style headers. This is purely
    cosmetic -- you can use this if you think it looks better. The
    closing hashes don&apos;t even need to match the number of hashes
    used to open the header. (The number of opening hashes
    determines the header level.) :&lt;/p&gt;

&lt;pre&gt;&lt;code&gt;# This is an H1 #

    ## This is an H2 ##

    ### This is an H3 ######
&lt;/code&gt;&lt;/pre&gt;

&lt;h3 id=&quot;blockquote&quot;&gt;Blockquotes&lt;/h3&gt;

&lt;p&gt;Markdown uses email-style &lt;code&gt;&amp;gt;&lt;/code&gt; characters for blockquoting. If you&apos;re
    familiar with quoting passages of text in an email message, then you
    know how to create a blockquote in Markdown. It looks best if you hard
    wrap the text and put a &lt;code&gt;&amp;gt;&lt;/code&gt; before every line:&lt;/p&gt;

&lt;pre&gt;&lt;code&gt;&amp;gt; This is a blockquote with two paragraphs. Lorem ipsum dolor sit amet,
    &amp;gt; consectetuer adipiscing elit. Aliquam hendrerit mi posuere lectus.
    &amp;gt; Vestibulum enim wisi, viverra nec, fringilla in, laoreet vitae, risus.
    &amp;gt;
    &amp;gt; Donec sit amet nisl. Aliquam semper ipsum sit amet velit. Suspendisse
    &amp;gt; id sem consectetuer libero luctus adipiscing.
&lt;/code&gt;&lt;/pre&gt;

&lt;p&gt;Markdown allows you to be lazy and only put the &lt;code&gt;&amp;gt;&lt;/code&gt; before the first
    line of a hard-wrapped paragraph:&lt;/p&gt;

&lt;pre&gt;&lt;code&gt;&amp;gt; This is a blockquote with two paragraphs. Lorem ipsum dolor sit amet,
    consectetuer adipiscing elit. Aliquam hendrerit mi posuere lectus.
    Vestibulum enim wisi, viverra nec, fringilla in, laoreet vitae, risus.

    &amp;gt; Donec sit amet nisl. Aliquam semper ipsum sit amet velit. Suspendisse
    id sem consectetuer libero luctus adipiscing.
&lt;/code&gt;&lt;/pre&gt;

&lt;p&gt;Blockquotes can be nested (i.e. a blockquote-in-a-blockquote) by
    adding additional levels of &lt;code&gt;&amp;gt;&lt;/code&gt;:&lt;/p&gt;

&lt;pre&gt;&lt;code&gt;&amp;gt; This is the first level of quoting.
    &amp;gt;
    &amp;gt; &amp;gt; This is nested blockquote.
    &amp;gt;
    &amp;gt; Back to the first level.
&lt;/code&gt;&lt;/pre&gt;

&lt;p&gt;Blockquotes can contain other Markdown elements, including headers, lists,
    and code blocks:&lt;/p&gt;

&lt;pre&gt;&lt;code&gt;&amp;gt; ## This is a header.
    &amp;gt;
    &amp;gt; 1. This is the first list item.
    &amp;gt; 2. This is the second list item.
    &amp;gt;
    &amp;gt; Here&apos;s some example code:
    &amp;gt;
    &amp;gt; return shell_exec(&quot;echo $input | $markdown_script&quot;);
&lt;/code&gt;&lt;/pre&gt;

&lt;p&gt;Any decent text editor should make email-style quoting easy. For
    example, with BBEdit, you can make a selection and choose Increase
    Quote Level from the Text menu.&lt;/p&gt;

&lt;h3 id=&quot;list&quot;&gt;Lists&lt;/h3&gt;

&lt;p&gt;Markdown supports ordered (numbered) and unordered (bulleted) lists.&lt;/p&gt;

&lt;p&gt;Unordered lists use asterisks, pluses, and hyphens -- interchangably
    -- as list markers:&lt;/p&gt;

&lt;pre&gt;&lt;code&gt;* Red
    * Green
    * Blue
&lt;/code&gt;&lt;/pre&gt;

&lt;p&gt;is equivalent to:&lt;/p&gt;

&lt;pre&gt;&lt;code&gt;+ Red
    + Green
    + Blue
&lt;/code&gt;&lt;/pre&gt;

&lt;p&gt;and:&lt;/p&gt;

&lt;pre&gt;&lt;code&gt;- Red
    - Green
    - Blue
&lt;/code&gt;&lt;/pre&gt;

&lt;p&gt;Ordered lists use numbers followed by periods:&lt;/p&gt;

&lt;pre&gt;&lt;code&gt;1. Bird
    2. McHale
    3. Parish
&lt;/code&gt;&lt;/pre&gt;

&lt;p&gt;It&apos;s important to note that the actual numbers you use to mark the
    list have no effect on the HTML output Markdown produces. The HTML
    Markdown produces from the above list is:&lt;/p&gt;

&lt;pre&gt;&lt;code&gt;&amp;lt;ol&amp;gt;
    &amp;lt;li&amp;gt;Bird&amp;lt;/li&amp;gt;
    &amp;lt;li&amp;gt;McHale&amp;lt;/li&amp;gt;
    &amp;lt;li&amp;gt;Parish&amp;lt;/li&amp;gt;
    &amp;lt;/ol&amp;gt;
&lt;/code&gt;&lt;/pre&gt;

&lt;p&gt;If you instead wrote the list in Markdown like this:&lt;/p&gt;

&lt;pre&gt;&lt;code&gt;1. Bird
    1. McHale
    1. Parish
&lt;/code&gt;&lt;/pre&gt;

&lt;p&gt;or even:&lt;/p&gt;

&lt;pre&gt;&lt;code&gt;3. Bird
    1. McHale
    8. Parish
&lt;/code&gt;&lt;/pre&gt;

&lt;p&gt;you&apos;d get the exact same HTML output. The point is, if you want to,
    you can use ordinal numbers in your ordered Markdown lists, so that
    the numbers in your source match the numbers in your published HTML.
    But if you want to be lazy, you don&apos;t have to.&lt;/p&gt;

&lt;p&gt;If you do use lazy list numbering, however, you should still start the
    list with the number 1. At some point in the future, Markdown may support
    starting ordered lists at an arbitrary number.&lt;/p&gt;

&lt;p&gt;List markers typically start at the left margin, but may be indented by
    up to three spaces. List markers must be followed by one or more spaces
    or a tab.&lt;/p&gt;

&lt;p&gt;To make lists look nice, you can wrap items with hanging indents:&lt;/p&gt;

&lt;pre&gt;&lt;code&gt;* Lorem ipsum dolor sit amet, consectetuer adipiscing elit.
    Aliquam hendrerit mi posuere lectus. Vestibulum enim wisi,
    viverra nec, fringilla in, laoreet vitae, risus.
    * Donec sit amet nisl. Aliquam semper ipsum sit amet velit.
    Suspendisse id sem consectetuer libero luctus adipiscing.
&lt;/code&gt;&lt;/pre&gt;

&lt;p&gt;But if you want to be lazy, you don&apos;t have to:&lt;/p&gt;

&lt;pre&gt;&lt;code&gt;* Lorem ipsum dolor sit amet, consectetuer adipiscing elit.
    Aliquam hendrerit mi posuere lectus. Vestibulum enim wisi,
    viverra nec, fringilla in, laoreet vitae, risus.
    * Donec sit amet nisl. Aliquam semper ipsum sit amet velit.
    Suspendisse id sem consectetuer libero luctus adipiscing.
&lt;/code&gt;&lt;/pre&gt;

&lt;p&gt;If list items are separated by blank lines, Markdown will wrap the
    items in &lt;code&gt;&amp;lt;p&amp;gt;&lt;/code&gt; tags in the HTML output. For example, this input:&lt;/p&gt;

&lt;pre&gt;&lt;code&gt;* Bird
    * Magic
&lt;/code&gt;&lt;/pre&gt;

&lt;p&gt;will turn into:&lt;/p&gt;

&lt;pre&gt;&lt;code&gt;&amp;lt;ul&amp;gt;
    &amp;lt;li&amp;gt;Bird&amp;lt;/li&amp;gt;
    &amp;lt;li&amp;gt;Magic&amp;lt;/li&amp;gt;
    &amp;lt;/ul&amp;gt;
&lt;/code&gt;&lt;/pre&gt;

&lt;p&gt;But this:&lt;/p&gt;

&lt;pre&gt;&lt;code&gt;* Bird

    * Magic
&lt;/code&gt;&lt;/pre&gt;

&lt;p&gt;will turn into:&lt;/p&gt;

&lt;pre&gt;&lt;code&gt;&amp;lt;ul&amp;gt;
    &amp;lt;li&amp;gt;&amp;lt;p&amp;gt;Bird&amp;lt;/p&amp;gt;&amp;lt;/li&amp;gt;
    &amp;lt;li&amp;gt;&amp;lt;p&amp;gt;Magic&amp;lt;/p&amp;gt;&amp;lt;/li&amp;gt;
    &amp;lt;/ul&amp;gt;
&lt;/code&gt;&lt;/pre&gt;

&lt;p&gt;List items may consist of multiple paragraphs. Each subsequent
    paragraph in a list item must be intended by either 4 spaces
    or one tab:&lt;/p&gt;

&lt;pre&gt;&lt;code&gt;1. This is a list item with two paragraphs. Lorem ipsum dolor
    sit amet, consectetuer adipiscing elit. Aliquam hendrerit
    mi posuere lectus.

    Vestibulum enim wisi, viverra nec, fringilla in, laoreet
    vitae, risus. Donec sit amet nisl. Aliquam semper ipsum
    sit amet velit.

    2. Suspendisse id sem consectetuer libero luctus adipiscing.
&lt;/code&gt;&lt;/pre&gt;

&lt;p&gt;It looks nice if you indent every line of the subsequent
    paragraphs, but here again, Markdown will allow you to be
    lazy:&lt;/p&gt;

&lt;pre&gt;&lt;code&gt;* This is a list item with two paragraphs.

    This is the second paragraph in the list item. You&apos;re
    only required to indent the first line. Lorem ipsum dolor
    sit amet, consectetuer adipiscing elit.

    * Another item in the same list.
&lt;/code&gt;&lt;/pre&gt;

&lt;p&gt;To put a blockquote within a list item, the blockquote&apos;s &lt;code&gt;&amp;gt;&lt;/code&gt;
    delimiters need to be indented:&lt;/p&gt;

&lt;pre&gt;&lt;code&gt;* A list item with a blockquote:

    &amp;gt; This is a blockquote
    &amp;gt; inside a list item.
&lt;/code&gt;&lt;/pre&gt;

&lt;p&gt;To put a code block within a list item, the code block needs
    to be indented &lt;em&gt;twice&lt;/em&gt; -- 8 spaces or two tabs:&lt;/p&gt;

&lt;pre&gt;&lt;code&gt;* A list item with a code block:

    &amp;lt;code goes here&amp;gt;
&lt;/code&gt;&lt;/pre&gt;

&lt;p&gt;It&apos;s worth noting that it&apos;s possible to trigger an ordered list by
    accident, by writing something like this:&lt;/p&gt;

&lt;pre&gt;&lt;code&gt;1986. What a great season.
&lt;/code&gt;&lt;/pre&gt;

&lt;p&gt;In other words, a &lt;em&gt;number-period-space&lt;/em&gt; sequence at the beginning of a
    line. To avoid this, you can backslash-escape the period:&lt;/p&gt;

&lt;pre&gt;&lt;code&gt;1986\. What a great season.
&lt;/code&gt;&lt;/pre&gt;

&lt;h3 id=&quot;precode&quot;&gt;Code Blocks&lt;/h3&gt;

&lt;p&gt;Pre-formatted code blocks are used for writing about programming or
    markup source code. Rather than forming normal paragraphs, the lines
    of a code block are interpreted literally. Markdown wraps a code block
    in both &lt;code&gt;&amp;lt;pre&amp;gt;&lt;/code&gt; and &lt;code&gt;&amp;lt;code&amp;gt;&lt;/code&gt; tags.&lt;/p&gt;

&lt;p&gt;To produce a code block in Markdown, simply indent every line of the
    block by at least 4 spaces or 1 tab. For example, given this input:&lt;/p&gt;

&lt;pre&gt;&lt;code&gt;This is a normal paragraph:

    This is a code block.
&lt;/code&gt;&lt;/pre&gt;

&lt;p&gt;Markdown will generate:&lt;/p&gt;

&lt;pre&gt;&lt;code&gt;&amp;lt;p&amp;gt;This is a normal paragraph:&amp;lt;/p&amp;gt;

    &amp;lt;pre&amp;gt;&amp;lt;code&amp;gt;This is a code block.
    &amp;lt;/code&amp;gt;&amp;lt;/pre&amp;gt;
&lt;/code&gt;&lt;/pre&gt;

&lt;p&gt;One level of indentation -- 4 spaces or 1 tab -- is removed from each
    line of the code block. For example, this:&lt;/p&gt;

&lt;pre&gt;&lt;code&gt;Here is an example of AppleScript:

    tell application &quot;Foo&quot;
    beep
    end tell
&lt;/code&gt;&lt;/pre&gt;

&lt;p&gt;will turn into:&lt;/p&gt;

&lt;pre&gt;&lt;code&gt;&amp;lt;p&amp;gt;Here is an example of AppleScript:&amp;lt;/p&amp;gt;

    &amp;lt;pre&amp;gt;&amp;lt;code&amp;gt;tell application &quot;Foo&quot;
    beep
    end tell
    &amp;lt;/code&amp;gt;&amp;lt;/pre&amp;gt;
&lt;/code&gt;&lt;/pre&gt;

&lt;p&gt;A code block continues until it reaches a line that is not indented
    (or the end of the article).&lt;/p&gt;

&lt;p&gt;Within a code block, ampersands (&lt;code&gt;&amp;amp;&lt;/code&gt;) and angle brackets (&lt;code&gt;&amp;lt;&lt;/code&gt; and &lt;code&gt;&amp;gt;&lt;/code&gt;)
    are automatically converted into HTML entities. This makes it very
    easy to include example HTML source code using Markdown -- just paste
    it and indent it, and Markdown will handle the hassle of encoding the
    ampersands and angle brackets. For example, this:&lt;/p&gt;

&lt;pre&gt;&lt;code&gt;    &amp;lt;div class=&quot;footer&quot;&amp;gt;
    &amp;amp;copy; 2004 Foo Corporation
    &amp;lt;/div&amp;gt;
&lt;/code&gt;&lt;/pre&gt;

&lt;p&gt;will turn into:&lt;/p&gt;

&lt;pre&gt;&lt;code&gt;&amp;lt;pre&amp;gt;&amp;lt;code&amp;gt;&amp;amp;lt;div class=&quot;footer&quot;&amp;amp;gt;
    &amp;amp;amp;copy; 2004 Foo Corporation
    &amp;amp;lt;/div&amp;amp;gt;
    &amp;lt;/code&amp;gt;&amp;lt;/pre&amp;gt;
&lt;/code&gt;&lt;/pre&gt;

&lt;p&gt;Regular Markdown syntax is not processed within code blocks. E.g.,
    asterisks are just literal asterisks within a code block. This means
    it&apos;s also easy to use Markdown to write about Markdown&apos;s own syntax.&lt;/p&gt;

&lt;h3 id=&quot;hr&quot;&gt;Horizontal Rules&lt;/h3&gt;

&lt;p&gt;You can produce a horizontal rule tag (&lt;code&gt;&amp;lt;hr /&amp;gt;&lt;/code&gt;) by placing three or
    more hyphens, asterisks, or underscores on a line by themselves. If you
    wish, you may use spaces between the hyphens or asterisks. Each of the
    following lines will produce a horizontal rule:&lt;/p&gt;

&lt;pre&gt;&lt;code&gt;* * *

    ***

    *****

    - - -

    ---------------------------------------

    _ _ _
&lt;/code&gt;&lt;/pre&gt;

&lt;hr/&gt;

&lt;h2 id=&quot;span&quot;&gt;Span Elements&lt;/h2&gt;

&lt;h3 id=&quot;link&quot;&gt;Links&lt;/h3&gt;

&lt;p&gt;Markdown supports two style of links: &lt;em&gt;inline&lt;/em&gt; and &lt;em&gt;reference&lt;/em&gt;.&lt;/p&gt;

&lt;p&gt;In both styles, the link text is delimited by [square brackets].&lt;/p&gt;

&lt;p&gt;To create an inline link, use a set of regular parentheses immediately
    after the link text&apos;s closing square bracket. Inside the parentheses,
    put the URL where you want the link to point, along with an &lt;em&gt;optional&lt;/em&gt;
    title for the link, surrounded in quotes. For example:&lt;/p&gt;

&lt;pre&gt;&lt;code&gt;This is [an example](http://example.com/ &quot;Title&quot;) inline link.

    [This link](http://example.net/) has no title attribute.
&lt;/code&gt;&lt;/pre&gt;

&lt;p&gt;Will produce:&lt;/p&gt;

&lt;pre&gt;&lt;code&gt;&amp;lt;p&amp;gt;This is &amp;lt;a href=&quot;http://example.com/&quot; title=&quot;Title&quot;&amp;gt;
    an example&amp;lt;/a&amp;gt; inline link.&amp;lt;/p&amp;gt;

    &amp;lt;p&amp;gt;&amp;lt;a href=&quot;http://example.net/&quot;&amp;gt;This link&amp;lt;/a&amp;gt; has no
    title attribute.&amp;lt;/p&amp;gt;
&lt;/code&gt;&lt;/pre&gt;

&lt;p&gt;If you&apos;re referring to a local resource on the same server, you can
    use relative paths:&lt;/p&gt;

&lt;pre&gt;&lt;code&gt;See my [About](/about/) page for details.
&lt;/code&gt;&lt;/pre&gt;

&lt;p&gt;Reference-style links use a second set of square brackets, inside
    which you place a label of your choosing to identify the link:&lt;/p&gt;

&lt;pre&gt;&lt;code&gt;This is [an example][id] reference-style link.
&lt;/code&gt;&lt;/pre&gt;

&lt;p&gt;You can optionally use a space to separate the sets of brackets:&lt;/p&gt;

&lt;pre&gt;&lt;code&gt;This is [an example] [id] reference-style link.
&lt;/code&gt;&lt;/pre&gt;

&lt;p&gt;Then, anywhere in the document, you define your link label like this,
    on a line by itself:&lt;/p&gt;

&lt;pre&gt;&lt;code&gt;[id]: http://example.com/ &quot;Optional Title Here&quot;
&lt;/code&gt;&lt;/pre&gt;

&lt;p&gt;That is:&lt;/p&gt;

&lt;ul&gt;
    &lt;li&gt;Square brackets containing the link identifier (optionally
        indented from the left margin using up to three spaces);
    &lt;/li&gt;
    &lt;li&gt;followed by a colon;&lt;/li&gt;
    &lt;li&gt;followed by one or more spaces (or tabs);&lt;/li&gt;
    &lt;li&gt;followed by the URL for the link;&lt;/li&gt;
    &lt;li&gt;optionally followed by a title attribute for the link, enclosed
        in double or single quotes.
    &lt;/li&gt;
&lt;/ul&gt;

&lt;p&gt;The link URL may, optionally, be surrounded by angle brackets:&lt;/p&gt;

&lt;pre&gt;&lt;code&gt;[id]: &amp;lt;http://example.com/&amp;gt; &quot;Optional Title Here&quot;
&lt;/code&gt;&lt;/pre&gt;

&lt;p&gt;You can put the title attribute on the next line and use extra spaces
    or tabs for padding, which tends to look better with longer URLs:&lt;/p&gt;

&lt;pre&gt;&lt;code&gt;[id]: http://example.com/longish/path/to/resource/here
    &quot;Optional Title Here&quot;
&lt;/code&gt;&lt;/pre&gt;

&lt;p&gt;Link definitions are only used for creating links during Markdown
    processing, and are stripped from your document in the HTML output.&lt;/p&gt;

&lt;p&gt;Link definition names may constist of letters, numbers, spaces, and punctuation -- but they are &lt;em&gt;not&lt;/em&gt; case sensitive. E.g. these two links:&lt;/p&gt;

&lt;pre&gt;&lt;code&gt;[link text][a]
    [link text][A]
&lt;/code&gt;&lt;/pre&gt;

&lt;p&gt;are equivalent.&lt;/p&gt;

&lt;p&gt;The &lt;em&gt;implicit link name&lt;/em&gt; shortcut allows you to omit the name of the
    link, in which case the link text itself is used as the name.
    Just use an empty set of square brackets -- e.g., to link the word
    &quot;Google&quot; to the google.com web site, you could simply write:&lt;/p&gt;

&lt;pre&gt;&lt;code&gt;[Google][]
&lt;/code&gt;&lt;/pre&gt;

&lt;p&gt;And then define the link:&lt;/p&gt;

&lt;pre&gt;&lt;code&gt;[Google]: http://google.com/
&lt;/code&gt;&lt;/pre&gt;

&lt;p&gt;Because link names may contain spaces, this shortcut even works for
    multiple words in the link text:&lt;/p&gt;

&lt;pre&gt;&lt;code&gt;Visit [Daring Fireball][] for more information.
&lt;/code&gt;&lt;/pre&gt;

&lt;p&gt;And then define the link:&lt;/p&gt;

&lt;pre&gt;&lt;code&gt;[Daring Fireball]: http://daringfireball.net/
&lt;/code&gt;&lt;/pre&gt;

&lt;p&gt;Link definitions can be placed anywhere in your Markdown document. I
    tend to put them immediately after each paragraph in which they&apos;re
    used, but if you want, you can put them all at the end of your
    document, sort of like footnotes.&lt;/p&gt;

&lt;p&gt;Here&apos;s an example of reference links in action:&lt;/p&gt;

&lt;pre&gt;&lt;code&gt;I get 10 times more traffic from [Google] [1] than from
    [Yahoo] [2] or [MSN] [3].

    [1]: http://google.com/ &quot;Google&quot;
    [2]: http://search.yahoo.com/ &quot;Yahoo Search&quot;
    [3]: http://search.msn.com/ &quot;MSN Search&quot;
&lt;/code&gt;&lt;/pre&gt;

&lt;p&gt;Using the implicit link name shortcut, you could instead write:&lt;/p&gt;

&lt;pre&gt;&lt;code&gt;I get 10 times more traffic from [Google][] than from
    [Yahoo][] or [MSN][].

    [google]: http://google.com/ &quot;Google&quot;
    [yahoo]: http://search.yahoo.com/ &quot;Yahoo Search&quot;
    [msn]: http://search.msn.com/ &quot;MSN Search&quot;
&lt;/code&gt;&lt;/pre&gt;

&lt;p&gt;Both of the above examples will produce the following HTML output:&lt;/p&gt;

&lt;pre&gt;&lt;code&gt;&amp;lt;p&amp;gt;I get 10 times more traffic from &amp;lt;a href=&quot;http://google.com/&quot;
    title=&quot;Google&quot;&amp;gt;Google&amp;lt;/a&amp;gt; than from
    &amp;lt;a href=&quot;http://search.yahoo.com/&quot; title=&quot;Yahoo Search&quot;&amp;gt;Yahoo&amp;lt;/a&amp;gt;
    or &amp;lt;a href=&quot;http://search.msn.com/&quot; title=&quot;MSN Search&quot;&amp;gt;MSN&amp;lt;/a&amp;gt;.&amp;lt;/p&amp;gt;
&lt;/code&gt;&lt;/pre&gt;

&lt;p&gt;For comparison, here is the same paragraph written using
    Markdown&apos;s inline link style:&lt;/p&gt;

&lt;pre&gt;&lt;code&gt;I get 10 times more traffic from [Google](http://google.com/ &quot;Google&quot;)
    than from [Yahoo](http://search.yahoo.com/ &quot;Yahoo Search&quot;) or
    [MSN](http://search.msn.com/ &quot;MSN Search&quot;).
&lt;/code&gt;&lt;/pre&gt;

&lt;p&gt;The point of reference-style links is not that they&apos;re easier to
    write. The point is that with reference-style links, your document
    source is vastly more readable. Compare the above examples: using
    reference-style links, the paragraph itself is only 81 characters
    long; with inline-style links, it&apos;s 176 characters; and as raw HTML,
    it&apos;s 234 characters. In the raw HTML, there&apos;s more markup than there
    is text.&lt;/p&gt;

&lt;p&gt;With Markdown&apos;s reference-style links, a source document much more
    closely resembles the final output, as rendered in a browser. By
    allowing you to move the markup-related metadata out of the paragraph,
    you can add links without interrupting the narrative flow of your
    prose.&lt;/p&gt;

&lt;h3 id=&quot;em&quot;&gt;Emphasis&lt;/h3&gt;

&lt;p&gt;Markdown treats asterisks (&lt;code&gt;*&lt;/code&gt;) and underscores (&lt;code&gt;_&lt;/code&gt;) as indicators of
    emphasis. Text wrapped with one &lt;code&gt;*&lt;/code&gt; or &lt;code&gt;_&lt;/code&gt; will be wrapped with an
    HTML &lt;code&gt;&amp;lt;em&amp;gt;&lt;/code&gt; tag; double &lt;code&gt;*&lt;/code&gt;&apos;s or &lt;code&gt;_&lt;/code&gt;&apos;s will be wrapped with an HTML
    &lt;code&gt;&amp;lt;strong&amp;gt;&lt;/code&gt; tag. E.g., this input:&lt;/p&gt;

&lt;pre&gt;&lt;code&gt;*single asterisks*

    _single underscores_

    **double asterisks**

    __double underscores__
&lt;/code&gt;&lt;/pre&gt;

&lt;p&gt;will produce:&lt;/p&gt;

&lt;pre&gt;&lt;code&gt;&amp;lt;em&amp;gt;single asterisks&amp;lt;/em&amp;gt;

    &amp;lt;em&amp;gt;single underscores&amp;lt;/em&amp;gt;

    &amp;lt;strong&amp;gt;double asterisks&amp;lt;/strong&amp;gt;

    &amp;lt;strong&amp;gt;double underscores&amp;lt;/strong&amp;gt;
&lt;/code&gt;&lt;/pre&gt;

&lt;p&gt;You can use whichever style you prefer; the lone restriction is that
    the same character must be used to open and close an emphasis span.&lt;/p&gt;

&lt;p&gt;Emphasis can be used in the middle of a word:&lt;/p&gt;

&lt;pre&gt;&lt;code&gt;un*fucking*believable
&lt;/code&gt;&lt;/pre&gt;

&lt;p&gt;But if you surround an &lt;code&gt;*&lt;/code&gt; or &lt;code&gt;_&lt;/code&gt; with spaces, it&apos;ll be treated as a
    literal asterisk or underscore.&lt;/p&gt;

&lt;p&gt;To produce a literal asterisk or underscore at a position where it
    would otherwise be used as an emphasis delimiter, you can backslash
    escape it:&lt;/p&gt;

&lt;pre&gt;&lt;code&gt;\*this text is surrounded by literal asterisks\*
&lt;/code&gt;&lt;/pre&gt;

&lt;h3 id=&quot;code&quot;&gt;Code&lt;/h3&gt;

&lt;p&gt;To indicate a span of code, wrap it with backtick quotes (&lt;code&gt;`&lt;/code&gt;).
    Unlike a pre-formatted code block, a code span indicates code within a
    normal paragraph. For example:&lt;/p&gt;

&lt;pre&gt;&lt;code&gt;Use the `printf()` function.
&lt;/code&gt;&lt;/pre&gt;

&lt;p&gt;will produce:&lt;/p&gt;

&lt;pre&gt;&lt;code&gt;&amp;lt;p&amp;gt;Use the &amp;lt;code&amp;gt;printf()&amp;lt;/code&amp;gt; function.&amp;lt;/p&amp;gt;
&lt;/code&gt;&lt;/pre&gt;

&lt;p&gt;To include a literal backtick character within a code span, you can use
    multiple backticks as the opening and closing delimiters:&lt;/p&gt;

&lt;pre&gt;&lt;code&gt;``There is a literal backtick (`) here.``
&lt;/code&gt;&lt;/pre&gt;

&lt;p&gt;which will produce this:&lt;/p&gt;

&lt;pre&gt;&lt;code&gt;&amp;lt;p&amp;gt;&amp;lt;code&amp;gt;There is a literal backtick (`) here.&amp;lt;/code&amp;gt;&amp;lt;/p&amp;gt;
&lt;/code&gt;&lt;/pre&gt;

&lt;p&gt;The backtick delimiters surrounding a code span may include spaces --
    one after the opening, one before the closing. This allows you to place
    literal backtick characters at the beginning or end of a code span:&lt;/p&gt;

&lt;pre&gt;&lt;code&gt;A single backtick in a code span: `` ` ``

    A backtick-delimited string in a code span: `` `foo` ``
&lt;/code&gt;&lt;/pre&gt;

&lt;p&gt;will produce:&lt;/p&gt;

&lt;pre&gt;&lt;code&gt;&amp;lt;p&amp;gt;A single backtick in a code span: &amp;lt;code&amp;gt;`&amp;lt;/code&amp;gt;&amp;lt;/p&amp;gt;

    &amp;lt;p&amp;gt;A backtick-delimited string in a code span: &amp;lt;code&amp;gt;`foo`&amp;lt;/code&amp;gt;&amp;lt;/p&amp;gt;
&lt;/code&gt;&lt;/pre&gt;

&lt;p&gt;With a code span, ampersands and angle brackets are encoded as HTML
    entities automatically, which makes it easy to include example HTML
    tags. Markdown will turn this:&lt;/p&gt;

&lt;pre&gt;&lt;code&gt;Please don&apos;t use any `&amp;lt;blink&amp;gt;` tags.
&lt;/code&gt;&lt;/pre&gt;

&lt;p&gt;into:&lt;/p&gt;

&lt;pre&gt;&lt;code&gt;&amp;lt;p&amp;gt;Please don&apos;t use any &amp;lt;code&amp;gt;&amp;amp;lt;blink&amp;amp;gt;&amp;lt;/code&amp;gt; tags.&amp;lt;/p&amp;gt;
&lt;/code&gt;&lt;/pre&gt;

&lt;p&gt;You can write this:&lt;/p&gt;

&lt;pre&gt;&lt;code&gt;`&amp;amp;#8212;` is the decimal-encoded equivalent of `&amp;amp;mdash;`.
&lt;/code&gt;&lt;/pre&gt;

&lt;p&gt;to produce:&lt;/p&gt;

&lt;pre&gt;&lt;code&gt;&amp;lt;p&amp;gt;&amp;lt;code&amp;gt;&amp;amp;amp;#8212;&amp;lt;/code&amp;gt; is the decimal-encoded
    equivalent of &amp;lt;code&amp;gt;&amp;amp;amp;mdash;&amp;lt;/code&amp;gt;.&amp;lt;/p&amp;gt;
&lt;/code&gt;&lt;/pre&gt;

&lt;h3 id=&quot;img&quot;&gt;Images&lt;/h3&gt;

&lt;p&gt;Admittedly, it&apos;s fairly difficult to devise a &quot;natural&quot; syntax for
    placing images into a plain text document format.&lt;/p&gt;

&lt;p&gt;Markdown uses an image syntax that is intended to resemble the syntax
    for links, allowing for two styles: &lt;em&gt;inline&lt;/em&gt; and &lt;em&gt;reference&lt;/em&gt;.&lt;/p&gt;

&lt;p&gt;Inline image syntax looks like this:&lt;/p&gt;

&lt;pre&gt;&lt;code&gt;![Alt text](/path/to/img.jpg)

    ![Alt text](/path/to/img.jpg &quot;Optional title&quot;)
&lt;/code&gt;&lt;/pre&gt;

&lt;p&gt;That is:&lt;/p&gt;

&lt;ul&gt;
    &lt;li&gt;An exclamation mark: &lt;code&gt;!&lt;/code&gt;;&lt;/li&gt;
    &lt;li&gt;followed by a set of square brackets, containing the &lt;code&gt;alt&lt;/code&gt;
        attribute text for the image;
    &lt;/li&gt;
    &lt;li&gt;followed by a set of parentheses, containing the URL or path to
        the image, and an optional &lt;code&gt;title&lt;/code&gt; attribute enclosed in double
        or single quotes.
    &lt;/li&gt;
&lt;/ul&gt;

&lt;p&gt;Reference-style image syntax looks like this:&lt;/p&gt;

&lt;pre&gt;&lt;code&gt;![Alt text][id]
&lt;/code&gt;&lt;/pre&gt;

&lt;p&gt;Where &quot;id&quot; is the name of a defined image reference. Image references
    are defined using syntax identical to link references:&lt;/p&gt;

&lt;pre&gt;&lt;code&gt;[id]: url/to/image &quot;Optional title attribute&quot;
&lt;/code&gt;&lt;/pre&gt;

&lt;p&gt;As of this writing, Markdown has no syntax for specifying the
    dimensions of an image; if this is important to you, you can simply
    use regular HTML &lt;code&gt;&amp;lt;img&amp;gt;&lt;/code&gt; tags.&lt;/p&gt;

&lt;hr/&gt;

&lt;h2 id=&quot;misc&quot;&gt;Miscellaneous&lt;/h2&gt;

&lt;h3 id=&quot;autolink&quot;&gt;Automatic Links&lt;/h3&gt;

&lt;p&gt;Markdown supports a shortcut style for creating &quot;automatic&quot; links for URLs and email addresses: simply surround the URL or email address with angle brackets. What this means is that if you want to show the actual text of a URL or email address, and also have it be a clickable link, you can do this:&lt;/p&gt;

&lt;pre&gt;&lt;code&gt;&amp;lt;http://example.com/&amp;gt;
&lt;/code&gt;&lt;/pre&gt;

&lt;p&gt;Markdown will turn this into:&lt;/p&gt;

&lt;pre&gt;&lt;code&gt;&amp;lt;a href=&quot;http://example.com/&quot;&amp;gt;http://example.com/&amp;lt;/a&amp;gt;
&lt;/code&gt;&lt;/pre&gt;

&lt;p&gt;Automatic links for email addresses work similarly, except that
    Markdown will also perform a bit of randomized decimal and hex
    entity-encoding to help obscure your address from address-harvesting
    spambots. For example, Markdown will turn this:&lt;/p&gt;

&lt;pre&gt;&lt;code&gt;&amp;lt;address@example.com&amp;gt;
&lt;/code&gt;&lt;/pre&gt;

&lt;p&gt;into something like this:&lt;/p&gt;

&lt;pre&gt;&lt;code&gt;&amp;lt;a href=&quot;&amp;amp;#x6D;&amp;amp;#x61;i&amp;amp;#x6C;&amp;amp;#x74;&amp;amp;#x6F;:&amp;amp;#x61;&amp;amp;#x64;&amp;amp;#x64;&amp;amp;#x72;&amp;amp;#x65;
    &amp;amp;#115;&amp;amp;#115;&amp;amp;#64;&amp;amp;#101;&amp;amp;#120;&amp;amp;#x61;&amp;amp;#109;&amp;amp;#x70;&amp;amp;#x6C;e&amp;amp;#x2E;&amp;amp;#99;&amp;amp;#111;
    &amp;amp;#109;&quot;&amp;gt;&amp;amp;#x61;&amp;amp;#x64;&amp;amp;#x64;&amp;amp;#x72;&amp;amp;#x65;&amp;amp;#115;&amp;amp;#115;&amp;amp;#64;&amp;amp;#101;&amp;amp;#120;&amp;amp;#x61;
    &amp;amp;#109;&amp;amp;#x70;&amp;amp;#x6C;e&amp;amp;#x2E;&amp;amp;#99;&amp;amp;#111;&amp;amp;#109;&amp;lt;/a&amp;gt;
&lt;/code&gt;&lt;/pre&gt;

&lt;p&gt;which will render in a browser as a clickable link to &quot;address@example.com&quot;.&lt;/p&gt;

&lt;p&gt;(This sort of entity-encoding trick will indeed fool many, if not
    most, address-harvesting bots, but it definitely won&apos;t fool all of
    them. It&apos;s better than nothing, but an address published in this way
    will probably eventually start receiving spam.)&lt;/p&gt;

&lt;h3 id=&quot;backslash&quot;&gt;Backslash Escapes&lt;/h3&gt;

&lt;p&gt;Markdown allows you to use backslash escapes to generate literal
    characters which would otherwise have special meaning in Markdown&apos;s
    formatting syntax. For example, if you wanted to surround a word with
    literal asterisks (instead of an HTML &lt;code&gt;&amp;lt;em&amp;gt;&lt;/code&gt; tag), you can backslashes
    before the asterisks, like this:&lt;/p&gt;

&lt;pre&gt;&lt;code&gt;\*literal asterisks\*
&lt;/code&gt;&lt;/pre&gt;

&lt;p&gt;Markdown provides backslash escapes for the following characters:&lt;/p&gt;

&lt;pre&gt;&lt;code&gt;\ backslash
    ` backtick
    * asterisk
    _ underscore
    {} curly braces
    [] square brackets
    () parentheses
    # hash mark
    + plus sign
    - minus sign (hyphen)
    . dot
    !] exclamation mark
&lt;/...&gt; but was:&lt;&lt;h1[ &gt;Markdown: Syntax&lt;/h1&gt;

&lt;ul id=&quot;ProjectSubmenu&quot;&gt;
    &lt;li&gt;&lt;a href=&quot;/projects/markdown/&quot; title=&quot;Markdown Project Page&quot;&gt;Main&lt;/a&gt;&lt;/li&gt;
    &lt;li&gt;&lt;a href=&quot;/projects/markdown/basics&quot; title=&quot;Markdown Basics&quot;&gt;Basics&lt;/a&gt;&lt;/li&gt;
    &lt;li&gt;&lt;a class=&quot;selected&quot; title=&quot;Markdown Syntax Documentation&quot;&gt;Syntax&lt;/a&gt;&lt;/li&gt;
    &lt;li&gt;&lt;a href=&quot;/projects/markdown/license&quot; title=&quot;Pricing and License Information&quot;&gt;License&lt;/a&gt;&lt;/li&gt;
    &lt;li&gt;&lt;a href=&quot;/projects/markdown/dingus&quot; title=&quot;Online Markdown Web Form&quot;&gt;Dingus&lt;/a&gt;&lt;/li&gt;
&lt;/ul&gt;

&lt;ul&gt;
&lt;li&gt;&lt;a href=&quot;#overview&quot;&gt;Overview&lt;/a&gt;
&lt;ul&gt;&lt;li&gt;&lt;a href=&quot;#philosophy&quot;&gt;Philosophy&lt;/a&gt;&lt;/li&gt;
&lt;li&gt;&lt;a href=&quot;#html&quot;&gt;Inline HTML&lt;/a&gt;&lt;/li&gt;
&lt;li&gt;&lt;a href=&quot;#autoescape&quot;&gt;Automatic Escaping for Special Characters&lt;/a&gt;&lt;/li&gt;&lt;/ul&gt;&lt;/li&gt;
&lt;li&gt;&lt;a href=&quot;#block&quot;&gt;Block Elements&lt;/a&gt;
&lt;ul&gt;&lt;li&gt;&lt;a href=&quot;#p&quot;&gt;Paragraphs and Line Breaks&lt;/a&gt;&lt;/li&gt;
&lt;li&gt;&lt;a href=&quot;#header&quot;&gt;Headers&lt;/a&gt;&lt;/li&gt;
&lt;li&gt;&lt;a href=&quot;#blockquote&quot;&gt;Blockquotes&lt;/a&gt;&lt;/li&gt;
&lt;li&gt;&lt;a href=&quot;#list&quot;&gt;Lists&lt;/a&gt;&lt;/li&gt;
&lt;li&gt;&lt;a href=&quot;#precode&quot;&gt;Code Blocks&lt;/a&gt;&lt;/li&gt;
&lt;li&gt;&lt;a href=&quot;#hr&quot;&gt;Horizontal Rules&lt;/a&gt;&lt;/li&gt;&lt;/ul&gt;&lt;/li&gt;
&lt;li&gt;&lt;a href=&quot;#span&quot;&gt;Span Elements&lt;/a&gt;
&lt;ul&gt;&lt;li&gt;&lt;a href=&quot;#link&quot;&gt;Links&lt;/a&gt;&lt;/li&gt;
&lt;li&gt;&lt;a href=&quot;#em&quot;&gt;Emphasis&lt;/a&gt;&lt;/li&gt;
&lt;li&gt;&lt;a href=&quot;#code&quot;&gt;Code&lt;/a&gt;&lt;/li&gt;
&lt;li&gt;&lt;a href=&quot;#img&quot;&gt;Images&lt;/a&gt;&lt;/li&gt;&lt;/ul&gt;&lt;/li&gt;
&lt;li&gt;&lt;a href=&quot;#misc&quot;&gt;Miscellaneous&lt;/a&gt;
&lt;ul&gt;&lt;li&gt;&lt;a href=&quot;#backslash&quot;&gt;Backslash Escapes&lt;/a&gt;&lt;/li&gt;
&lt;li&gt;&lt;a href=&quot;#autolink&quot;&gt;Automatic Links&lt;/a&gt;&lt;/li&gt;&lt;/ul&gt;&lt;/li&gt;
&lt;/ul&gt;

&lt;p&gt;&lt;strong&gt;Note:&lt;/strong&gt; This document is itself written using Markdown; you
can &lt;a href=&quot;/projects/markdown/syntax.text&quot;&gt;see the source for it by adding &apos;.text&apos; to the URL&lt;/a&gt;.&lt;/p&gt;

&lt;hr/&gt;

&lt;h2 id=&quot;overview&quot;&gt;Overview&lt;/h2&gt;

&lt;h3 id=&quot;philosophy&quot;&gt;Philosophy&lt;/h3&gt;

&lt;p&gt;Markdown is intended to be as easy-to-read and easy-to-write as is feasible.&lt;/p&gt;

&lt;p&gt;Readability, however, is emphasized above all else. A Markdown-formatted
document should be publishable as-is, as plain text, without looking
like it&apos;s been marked up with tags or formatting instructions. While
Markdown&apos;s syntax has been influenced by several existing text-to-HTML
filters -- including &lt;a href=&quot;http://docutils.sourceforge.net/mirror/setext.html&quot;&gt;Setext&lt;/a&gt;, &lt;a href=&quot;http://www.aaronsw.com/2002/atx/&quot;&gt;atx&lt;/a&gt;, &lt;a href=&quot;http://textism.com/tools/textile/&quot;&gt;Textile&lt;/a&gt;, &lt;a href=&quot;http://docutils.sourceforge.net/rst.html&quot;&gt;reStructuredText&lt;/a&gt;,
&lt;a href=&quot;http://www.triptico.com/software/grutatxt.html&quot;&gt;Grutatext&lt;/a&gt;, and &lt;a href=&quot;http://ettext.taint.org/doc/&quot;&gt;EtText&lt;/a&gt; -- the single biggest source of
inspiration for Markdown&apos;s syntax is the format of plain text email.&lt;/p&gt;

&lt;p&gt;To this end, Markdown&apos;s syntax is comprised entirely of punctuation
characters, which punctuation characters have been carefully chosen so
as to look like what they mean. E.g., asterisks around a word actually
look like *emphasis*. Markdown lists look like, well, lists. Even
blockquotes look like quoted passages of text, assuming you&apos;ve ever
used email.&lt;/p&gt;

&lt;h3 id=&quot;html&quot;&gt;Inline HTML&lt;/h3&gt;

&lt;p&gt;Markdown&apos;s syntax is intended for one purpose: to be used as a
format for &lt;em&gt;writing&lt;/em&gt; for the web.&lt;/p&gt;

&lt;p&gt;Markdown is not a replacement for HTML, or even close to it. Its
syntax is very small, corresponding only to a very small subset of
HTML tags. The idea is &lt;em&gt;not&lt;/em&gt; to create a syntax that makes it easier
to insert HTML tags. In my opinion, HTML tags are already easy to
insert. The idea for Markdown is to make it easy to read, write, and
edit prose. HTML is a &lt;em&gt;publishing&lt;/em&gt; format; Markdown is a &lt;em&gt;writing&lt;/em&gt;
format. Thus, Markdown&apos;s formatting syntax only addresses issues that
can be conveyed in plain text.&lt;/p&gt;

&lt;p&gt;For any markup that is not covered by Markdown&apos;s syntax, you simply
use HTML itself. There&apos;s no need to preface it or delimit it to
indicate that you&apos;re switching from Markdown to HTML; you just use
the tags.&lt;/p&gt;

&lt;p&gt;The only restrictions are that block-level HTML elements -- e.g. &lt;code&gt;&amp;lt;div&amp;gt;&lt;/code&gt;,
&lt;code&gt;&amp;lt;table&amp;gt;&lt;/code&gt;, &lt;code&gt;&amp;lt;pre&amp;gt;&lt;/code&gt;, &lt;code&gt;&amp;lt;p&amp;gt;&lt;/code&gt;, etc. -- must be separated from surrounding
content by blank lines, and the start and end tags of the block should
not be indented with tabs or spaces. Markdown is smart enough not
to add extra (unwanted) &lt;code&gt;&amp;lt;p&amp;gt;&lt;/code&gt; tags around HTML block-level tags.&lt;/p&gt;

&lt;p&gt;For example, to add an HTML table to a Markdown article:&lt;/p&gt;

&lt;pre&gt;&lt;code&gt;This is a regular paragraph.

&amp;lt;table&amp;gt;
    &amp;lt;tr&amp;gt;
        &amp;lt;td&amp;gt;Foo&amp;lt;/td&amp;gt;
    &amp;lt;/tr&amp;gt;
&amp;lt;/table&amp;gt;

This is another regular paragraph.
&lt;/code&gt;&lt;/pre&gt;

&lt;p&gt;Note that Markdown formatting syntax is not processed within block-level
HTML tags. E.g., you can&apos;t use Markdown-style &lt;code&gt;*emphasis*&lt;/code&gt; inside an
HTML block.&lt;/p&gt;

&lt;p&gt;Span-level HTML tags -- e.g. &lt;code&gt;&amp;lt;span&amp;gt;&lt;/code&gt;, &lt;code&gt;&amp;lt;cite&amp;gt;&lt;/code&gt;, or &lt;code&gt;&amp;lt;del&amp;gt;&lt;/code&gt; -- can be
used anywhere in a Markdown paragraph, list item, or header. If you
want, you can even use HTML tags instead of Markdown formatting; e.g. if
you&apos;d prefer to use HTML &lt;code&gt;&amp;lt;a&amp;gt;&lt;/code&gt; or &lt;code&gt;&amp;lt;img&amp;gt;&lt;/code&gt; tags instead of Markdown&apos;s
link or image syntax, go right ahead.&lt;/p&gt;

&lt;p&gt;Unlike block-level HTML tags, Markdown syntax &lt;em&gt;is&lt;/em&gt; processed within
span-level tags.&lt;/p&gt;

&lt;h3 id=&quot;autoescape&quot;&gt;Automatic Escaping for Special Characters&lt;/h3&gt;

&lt;p&gt;In HTML, there are two characters that demand special treatment: &lt;code&gt;&amp;lt;&lt;/code&gt;
and &lt;code&gt;&amp;amp;&lt;/code&gt;. Left angle brackets are used to start tags; ampersands are
used to denote HTML entities. If you want to use them as literal
characters, you must escape them as entities, e.g. &lt;code&gt;&amp;amp;lt;&lt;/code&gt;, and
&lt;code&gt;&amp;amp;amp;&lt;/code&gt;.&lt;/p&gt;

&lt;p&gt;Ampersands in particular are bedeviling for web writers. If you want to
write about &apos;AT&amp;amp;T&apos;, you need to write &apos;&lt;code&gt;AT&amp;amp;amp;T&lt;/code&gt;&apos;. You even need to
escape ampersands within URLs. Thus, if you want to link to:&lt;/p&gt;

&lt;pre&gt;&lt;code&gt;http://images.google.com/images?num=30&amp;amp;q=larry+bird
&lt;/code&gt;&lt;/pre&gt;

&lt;p&gt;you need to encode the URL as:&lt;/p&gt;

&lt;pre&gt;&lt;code&gt;http://images.google.com/images?num=30&amp;amp;amp;q=larry+bird
&lt;/code&gt;&lt;/pre&gt;

&lt;p&gt;in your anchor tag &lt;code&gt;href&lt;/code&gt; attribute. Needless to say, this is easy to
forget, and is probably the single most common source of HTML validation
errors in otherwise well-marked-up web sites.&lt;/p&gt;

&lt;p&gt;Markdown allows you to use these characters naturally, taking care of
all the necessary escaping for you. If you use an ampersand as part of
an HTML entity, it remains unchanged; otherwise it will be translated
into &lt;code&gt;&amp;amp;amp;&lt;/code&gt;.&lt;/p&gt;

&lt;p&gt;So, if you want to include a copyright symbol in your article, you can write:&lt;/p&gt;

&lt;pre&gt;&lt;code&gt;&amp;amp;copy;
&lt;/code&gt;&lt;/pre&gt;

&lt;p&gt;and Markdown will leave it alone. But if you write:&lt;/p&gt;

&lt;pre&gt;&lt;code&gt;AT&amp;amp;T
&lt;/code&gt;&lt;/pre&gt;

&lt;p&gt;Markdown will translate it to:&lt;/p&gt;

&lt;pre&gt;&lt;code&gt;AT&amp;amp;amp;T
&lt;/code&gt;&lt;/pre&gt;

&lt;p&gt;Similarly, because Markdown supports &lt;a href=&quot;#html&quot;&gt;inline HTML&lt;/a&gt;, if you use
angle brackets as delimiters for HTML tags, Markdown will treat them as
such. But if you write:&lt;/p&gt;

&lt;pre&gt;&lt;code&gt;4 &amp;lt; 5
&lt;/code&gt;&lt;/pre&gt;

&lt;p&gt;Markdown will translate it to:&lt;/p&gt;

&lt;pre&gt;&lt;code&gt;4 &amp;amp;lt; 5
&lt;/code&gt;&lt;/pre&gt;

&lt;p&gt;However, inside Markdown code spans and blocks, angle brackets and
ampersands are &lt;em&gt;always&lt;/em&gt; encoded automatically. This makes it easy to use
Markdown to write about HTML code. (As opposed to raw HTML, which is a
terrible format for writing about HTML syntax, because every single &lt;code&gt;&amp;lt;&lt;/code&gt;
and &lt;code&gt;&amp;amp;&lt;/code&gt; in your example code needs to be escaped.)&lt;/p&gt;

&lt;hr/&gt;

&lt;h2 id=&quot;block&quot;&gt;Block Elements&lt;/h2&gt;

&lt;h3 id=&quot;p&quot;&gt;Paragraphs and Line Breaks&lt;/h3&gt;

&lt;p&gt;A paragraph is simply one or more consecutive lines of text, separated
by one or more blank lines. (A blank line is any line that looks like a
blank line -- a line containing nothing but spaces or tabs is considered
blank.) Normal paragraphs should not be intended with spaces or tabs.&lt;/p&gt;

&lt;p&gt;The implication of the &quot;one or more consecutive lines of text&quot; rule is
that Markdown supports &quot;hard-wrapped&quot; text paragraphs. This differs
significantly from most other text-to-HTML formatters (including Movable
Type&apos;s &quot;Convert Line Breaks&quot; option) which translate every line break
character in a paragraph into a &lt;code&gt;&amp;lt;br /&amp;gt;&lt;/code&gt; tag.&lt;/p&gt;

&lt;p&gt;When you &lt;em&gt;do&lt;/em&gt; want to insert a &lt;code&gt;&amp;lt;br /&amp;gt;&lt;/code&gt; break tag using Markdown, you
end a line with two or more spaces, then type return.&lt;/p&gt;

&lt;p&gt;Yes, this takes a tad more effort to create a &lt;code&gt;&amp;lt;br /&amp;gt;&lt;/code&gt;, but a simplistic
&quot;every line break is a &lt;code&gt;&amp;lt;br /&amp;gt;&lt;/code&gt;&quot; rule wouldn&apos;t work for Markdown.
Markdown&apos;s email-style &lt;a href=&quot;#blockquote&quot;&gt;blockquoting&lt;/a&gt; and multi-paragraph &lt;a href=&quot;#list&quot;&gt;list items&lt;/a&gt;
work best -- and look better -- when you format them with hard breaks.&lt;/p&gt;

&lt;h3 id=&quot;header&quot;&gt;Headers&lt;/h3&gt;

&lt;p&gt;Markdown supports two styles of headers, &lt;a href=&quot;http://docutils.sourceforge.net/mirror/setext.html&quot;&gt;Setext&lt;/a&gt; and &lt;a href=&quot;http://www.aaronsw.com/2002/atx/&quot;&gt;atx&lt;/a&gt;.&lt;/p&gt;

&lt;p&gt;Setext-style headers are &quot;underlined&quot; using equal signs (for first-level
headers) and dashes (for second-level headers). For example:&lt;/p&gt;

&lt;pre&gt;&lt;code&gt;This is an H1
=============

This is an H2
-------------
&lt;/code&gt;&lt;/pre&gt;

&lt;p&gt;Any number of underlining &lt;code&gt;=&lt;/code&gt;&apos;s or &lt;code&gt;-&lt;/code&gt;&apos;s will work.&lt;/p&gt;

&lt;p&gt;Atx-style headers use 1-6 hash characters at the start of the line,
corresponding to header levels 1-6. For example:&lt;/p&gt;

&lt;pre&gt;&lt;code&gt;# This is an H1

## This is an H2

###### This is an H6
&lt;/code&gt;&lt;/pre&gt;

&lt;p&gt;Optionally, you may &quot;close&quot; atx-style headers. This is purely
cosmetic -- you can use this if you think it looks better. The
closing hashes don&apos;t even need to match the number of hashes
used to open the header. (The number of opening hashes
determines the header level.) :&lt;/p&gt;

&lt;pre&gt;&lt;code&gt;# This is an H1 #

## This is an H2 ##

### This is an H3 ######
&lt;/code&gt;&lt;/pre&gt;

&lt;h3 id=&quot;blockquote&quot;&gt;Blockquotes&lt;/h3&gt;

&lt;p&gt;Markdown uses email-style &lt;code&gt;&amp;gt;&lt;/code&gt; characters for blockquoting. If you&apos;re
familiar with quoting passages of text in an email message, then you
know how to create a blockquote in Markdown. It looks best if you hard
wrap the text and put a &lt;code&gt;&amp;gt;&lt;/code&gt; before every line:&lt;/p&gt;

&lt;pre&gt;&lt;code&gt;&amp;gt; This is a blockquote with two paragraphs. Lorem ipsum dolor sit amet,
&amp;gt; consectetuer adipiscing elit. Aliquam hendrerit mi posuere lectus.
&amp;gt; Vestibulum enim wisi, viverra nec, fringilla in, laoreet vitae, risus.
&amp;gt; 
&amp;gt; Donec sit amet nisl. Aliquam semper ipsum sit amet velit. Suspendisse
&amp;gt; id sem consectetuer libero luctus adipiscing.
&lt;/code&gt;&lt;/pre&gt;

&lt;p&gt;Markdown allows you to be lazy and only put the &lt;code&gt;&amp;gt;&lt;/code&gt; before the first
line of a hard-wrapped paragraph:&lt;/p&gt;

&lt;pre&gt;&lt;code&gt;&amp;gt; This is a blockquote with two paragraphs. Lorem ipsum dolor sit amet,
consectetuer adipiscing elit. Aliquam hendrerit mi posuere lectus.
Vestibulum enim wisi, viverra nec, fringilla in, laoreet vitae, risus.

&amp;gt; Donec sit amet nisl. Aliquam semper ipsum sit amet velit. Suspendisse
id sem consectetuer libero luctus adipiscing.
&lt;/code&gt;&lt;/pre&gt;

&lt;p&gt;Blockquotes can be nested (i.e. a blockquote-in-a-blockquote) by
adding additional levels of &lt;code&gt;&amp;gt;&lt;/code&gt;:&lt;/p&gt;

&lt;pre&gt;&lt;code&gt;&amp;gt; This is the first level of quoting.
&amp;gt;
&amp;gt; &amp;gt; This is nested blockquote.
&amp;gt;
&amp;gt; Back to the first level.
&lt;/code&gt;&lt;/pre&gt;

&lt;p&gt;Blockquotes can contain other Markdown elements, including headers, lists,
and code blocks:&lt;/p&gt;

&lt;pre&gt;&lt;code&gt;&amp;gt; ## This is a header.
&amp;gt; 
&amp;gt; 1.   This is the first list item.
&amp;gt; 2.   This is the second list item.
&amp;gt; 
&amp;gt; Here&apos;s some example code:
&amp;gt; 


Ep6VdVUPzZrrbTpAwEKv


&lt;/code&gt;&lt;/pre&gt;

&lt;p&gt;Any decent text editor should make email-style quoting easy. For
example, with BBEdit, you can make a selection and choose Increase
Quote Level from the Text menu.&lt;/p&gt;

&lt;h3 id=&quot;list&quot;&gt;Lists&lt;/h3&gt;

&lt;p&gt;Markdown supports ordered (numbered) and unordered (bulleted) lists.&lt;/p&gt;

&lt;p&gt;Unordered lists use asterisks, pluses, and hyphens -- interchangably
-- as list markers:&lt;/p&gt;

&lt;pre&gt;&lt;code&gt;*   Red
*   Green
*   Blue
&lt;/code&gt;&lt;/pre&gt;

&lt;p&gt;is equivalent to:&lt;/p&gt;

&lt;pre&gt;&lt;code&gt;+   Red
+   Green
+   Blue
&lt;/code&gt;&lt;/pre&gt;

&lt;p&gt;and:&lt;/p&gt;

&lt;pre&gt;&lt;code&gt;-   Red
-   Green
-   Blue
&lt;/code&gt;&lt;/pre&gt;

&lt;p&gt;Ordered lists use numbers followed by periods:&lt;/p&gt;

&lt;pre&gt;&lt;code&gt;1.  Bird
2.  McHale
3.  Parish
&lt;/code&gt;&lt;/pre&gt;

&lt;p&gt;It&apos;s important to note that the actual numbers you use to mark the
list have no effect on the HTML output Markdown produces. The HTML
Markdown produces from the above list is:&lt;/p&gt;

&lt;pre&gt;&lt;code&gt;&amp;lt;ol&amp;gt;
&amp;lt;li&amp;gt;Bird&amp;lt;/li&amp;gt;
&amp;lt;li&amp;gt;McHale&amp;lt;/li&amp;gt;
&amp;lt;li&amp;gt;Parish&amp;lt;/li&amp;gt;
&amp;lt;/ol&amp;gt;
&lt;/code&gt;&lt;/pre&gt;

&lt;p&gt;If you instead wrote the list in Markdown like this:&lt;/p&gt;

&lt;pre&gt;&lt;code&gt;1.  Bird
1.  McHale
1.  Parish
&lt;/code&gt;&lt;/pre&gt;

&lt;p&gt;or even:&lt;/p&gt;

&lt;pre&gt;&lt;code&gt;3. Bird
1. McHale
8. Parish
&lt;/code&gt;&lt;/pre&gt;

&lt;p&gt;you&apos;d get the exact same HTML output. The point is, if you want to,
you can use ordinal numbers in your ordered Markdown lists, so that
the numbers in your source match the numbers in your published HTML.
But if you want to be lazy, you don&apos;t have to.&lt;/p&gt;

&lt;p&gt;If you do use lazy list numbering, however, you should still start the
list with the number 1. At some point in the future, Markdown may support
starting ordered lists at an arbitrary number.&lt;/p&gt;

&lt;p&gt;List markers typically start at the left margin, but may be indented by
up to three spaces. List markers must be followed by one or more spaces
or a tab.&lt;/p&gt;

&lt;p&gt;To make lists look nice, you can wrap items with hanging indents:&lt;/p&gt;

&lt;pre&gt;&lt;code&gt;*   Lorem ipsum dolor sit amet, consectetuer adipiscing elit.
    Aliquam hendrerit mi posuere lectus. Vestibulum enim wisi,
    viverra nec, fringilla in, laoreet vitae, risus.
*   Donec sit amet nisl. Aliquam semper ipsum sit amet velit.
    Suspendisse id sem consectetuer libero luctus adipiscing.
&lt;/code&gt;&lt;/pre&gt;

&lt;p&gt;But if you want to be lazy, you don&apos;t have to:&lt;/p&gt;

&lt;pre&gt;&lt;code&gt;*   Lorem ipsum dolor sit amet, consectetuer adipiscing elit.
Aliquam hendrerit mi posuere lectus. Vestibulum enim wisi,
viverra nec, fringilla in, laoreet vitae, risus.
*   Donec sit amet nisl. Aliquam semper ipsum sit amet velit.
Suspendisse id sem consectetuer libero luctus adipiscing.
&lt;/code&gt;&lt;/pre&gt;

&lt;p&gt;If list items are separated by blank lines, Markdown will wrap the
items in &lt;code&gt;&amp;lt;p&amp;gt;&lt;/code&gt; tags in the HTML output. For example, this input:&lt;/p&gt;

&lt;pre&gt;&lt;code&gt;*   Bird
*   Magic
&lt;/code&gt;&lt;/pre&gt;

&lt;p&gt;will turn into:&lt;/p&gt;

&lt;pre&gt;&lt;code&gt;&amp;lt;ul&amp;gt;
&amp;lt;li&amp;gt;Bird&amp;lt;/li&amp;gt;
&amp;lt;li&amp;gt;Magic&amp;lt;/li&amp;gt;
&amp;lt;/ul&amp;gt;
&lt;/code&gt;&lt;/pre&gt;

&lt;p&gt;But this:&lt;/p&gt;

&lt;pre&gt;&lt;code&gt;*   Bird

*   Magic
&lt;/code&gt;&lt;/pre&gt;

&lt;p&gt;will turn into:&lt;/p&gt;

&lt;pre&gt;&lt;code&gt;&amp;lt;ul&amp;gt;
&amp;lt;li&amp;gt;&amp;lt;p&amp;gt;Bird&amp;lt;/p&amp;gt;&amp;lt;/li&amp;gt;
&amp;lt;li&amp;gt;&amp;lt;p&amp;gt;Magic&amp;lt;/p&amp;gt;&amp;lt;/li&amp;gt;
&amp;lt;/ul&amp;gt;
&lt;/code&gt;&lt;/pre&gt;

&lt;p&gt;List items may consist of multiple paragraphs. Each subsequent
paragraph in a list item must be intended by either 4 spaces
or one tab:&lt;/p&gt;

&lt;pre&gt;&lt;code&gt;1.  This is a list item with two paragraphs. Lorem ipsum dolor
    sit amet, consectetuer adipiscing elit. Aliquam hendrerit
    mi posuere lectus.

    Vestibulum enim wisi, viverra nec, fringilla in, laoreet
    vitae, risus. Donec sit amet nisl. Aliquam semper ipsum
    sit amet velit.

2.  Suspendisse id sem consectetuer libero luctus adipiscing.
&lt;/code&gt;&lt;/pre&gt;

&lt;p&gt;It looks nice if you indent every line of the subsequent
paragraphs, but here again, Markdown will allow you to be
lazy:&lt;/p&gt;

&lt;pre&gt;&lt;code&gt;*   This is a list item with two paragraphs.

    This is the second paragraph in the list item. You&apos;re
only required to indent the first line. Lorem ipsum dolor
sit amet, consectetuer adipiscing elit.

*   Another item in the same list.
&lt;/code&gt;&lt;/pre&gt;

&lt;p&gt;To put a blockquote within a list item, the blockquote&apos;s &lt;code&gt;&amp;gt;&lt;/code&gt;
delimiters need to be indented:&lt;/p&gt;

&lt;pre&gt;&lt;code&gt;*   A list item with a blockquote:

    &amp;gt; This is a blockquote
    &amp;gt; inside a list item.
&lt;/code&gt;&lt;/pre&gt;

&lt;p&gt;To put a code block within a list item, the code block needs
to be indented &lt;em&gt;twice&lt;/em&gt; -- 8 spaces or two tabs:&lt;/p&gt;

&lt;pre&gt;&lt;code&gt;*   A list item with a code block:

        &amp;lt;code goes here&amp;gt;
&lt;/code&gt;&lt;/pre&gt;

&lt;p&gt;It&apos;s worth noting that it&apos;s possible to trigger an ordered list by
accident, by writing something like this:&lt;/p&gt;

&lt;pre&gt;&lt;code&gt;1986. What a great season.
&lt;/code&gt;&lt;/pre&gt;

&lt;p&gt;In other words, a &lt;em&gt;number-period-space&lt;/em&gt; sequence at the beginning of a
line. To avoid this, you can backslash-escape the period:&lt;/p&gt;

&lt;pre&gt;&lt;code&gt;1986\. What a great season.
&lt;/code&gt;&lt;/pre&gt;

&lt;h3 id=&quot;precode&quot;&gt;Code Blocks&lt;/h3&gt;

&lt;p&gt;Pre-formatted code blocks are used for writing about programming or
markup source code. Rather than forming normal paragraphs, the lines
of a code block are interpreted literally. Markdown wraps a code block
in both &lt;code&gt;&amp;lt;pre&amp;gt;&lt;/code&gt; and &lt;code&gt;&amp;lt;code&amp;gt;&lt;/code&gt; tags.&lt;/p&gt;

&lt;p&gt;To produce a code block in Markdown, simply indent every line of the
block by at least 4 spaces or 1 tab. For example, given this input:&lt;/p&gt;

&lt;pre&gt;&lt;code&gt;This is a normal paragraph:

    This is a code block.
&lt;/code&gt;&lt;/pre&gt;

&lt;p&gt;Markdown will generate:&lt;/p&gt;

&lt;pre&gt;&lt;code&gt;&amp;lt;p&amp;gt;This is a normal paragraph:&amp;lt;/p&amp;gt;

&amp;lt;pre&amp;gt;&amp;lt;code&amp;gt;This is a code block.
&amp;lt;/code&amp;gt;&amp;lt;/pre&amp;gt;
&lt;/code&gt;&lt;/pre&gt;

&lt;p&gt;One level of indentation -- 4 spaces or 1 tab -- is removed from each
line of the code block. For example, this:&lt;/p&gt;

&lt;pre&gt;&lt;code&gt;Here is an example of AppleScript:

    tell application &quot;Foo&quot;
        beep
    end tell
&lt;/code&gt;&lt;/pre&gt;

&lt;p&gt;will turn into:&lt;/p&gt;

&lt;pre&gt;&lt;code&gt;&amp;lt;p&amp;gt;Here is an example of AppleScript:&amp;lt;/p&amp;gt;

&amp;lt;pre&amp;gt;&amp;lt;code&amp;gt;tell application &quot;Foo&quot;
    beep
end tell
&amp;lt;/code&amp;gt;&amp;lt;/pre&amp;gt;
&lt;/code&gt;&lt;/pre&gt;

&lt;p&gt;A code block continues until it reaches a line that is not indented
(or the end of the article).&lt;/p&gt;

&lt;p&gt;Within a code block, ampersands (&lt;code&gt;&amp;amp;&lt;/code&gt;) and angle brackets (&lt;code&gt;&amp;lt;&lt;/code&gt; and &lt;code&gt;&amp;gt;&lt;/code&gt;)
are automatically converted into HTML entities. This makes it very
easy to include example HTML source code using Markdown -- just paste
it and indent it, and Markdown will handle the hassle of encoding the
ampersands and angle brackets. For example, this:&lt;/p&gt;

&lt;pre&gt;&lt;code&gt;    &amp;lt;div class=&quot;footer&quot;&amp;gt;
        &amp;amp;copy; 2004 Foo Corporation
    &amp;lt;/div&amp;gt;
&lt;/code&gt;&lt;/pre&gt;

&lt;p&gt;will turn into:&lt;/p&gt;

&lt;pre&gt;&lt;code&gt;&amp;lt;pre&amp;gt;&amp;lt;code&amp;gt;&amp;amp;lt;div class=&quot;footer&quot;&amp;amp;gt;
    &amp;amp;amp;copy; 2004 Foo Corporation
&amp;amp;lt;/div&amp;amp;gt;
&amp;lt;/code&amp;gt;&amp;lt;/pre&amp;gt;
&lt;/code&gt;&lt;/pre&gt;

&lt;p&gt;Regular Markdown syntax is not processed within code blocks. E.g.,
asterisks are just literal asterisks within a code block. This means
it&apos;s also easy to use Markdown to write about Markdown&apos;s own syntax.&lt;/p&gt;

&lt;h3 id=&quot;hr&quot;&gt;Horizontal Rules&lt;/h3&gt;

&lt;p&gt;You can produce a horizontal rule tag (&lt;code&gt;&amp;lt;hr /&amp;gt;&lt;/code&gt;) by placing three or
more hyphens, asterisks, or underscores on a line by themselves. If you
wish, you may use spaces between the hyphens or asterisks. Each of the
following lines will produce a horizontal rule:&lt;/p&gt;

&lt;pre&gt;&lt;code&gt;* * *

***

*****

- - -

---------------------------------------

_ _ _
&lt;/code&gt;&lt;/pre&gt;

&lt;hr/&gt;

&lt;h2 id=&quot;span&quot;&gt;Span Elements&lt;/h2&gt;

&lt;h3 id=&quot;link&quot;&gt;Links&lt;/h3&gt;

&lt;p&gt;Markdown supports two style of links: &lt;em&gt;inline&lt;/em&gt; and &lt;em&gt;reference&lt;/em&gt;.&lt;/p&gt;

&lt;p&gt;In both styles, the link text is delimited by [square brackets].&lt;/p&gt;

&lt;p&gt;To create an inline link, use a set of regular parentheses immediately
after the link text&apos;s closing square bracket. Inside the parentheses,
put the URL where you want the link to point, along with an &lt;em&gt;optional&lt;/em&gt;
title for the link, surrounded in quotes. For example:&lt;/p&gt;

&lt;pre&gt;&lt;code&gt;This is [an example](http://example.com/ &quot;Title&quot;) inline link.

[This link](http://example.net/) has no title attribute.
&lt;/code&gt;&lt;/pre&gt;

&lt;p&gt;Will produce:&lt;/p&gt;

&lt;pre&gt;&lt;code&gt;&amp;lt;p&amp;gt;This is &amp;lt;a href=&quot;http://example.com/&quot; title=&quot;Title&quot;&amp;gt;
an example&amp;lt;/a&amp;gt; inline link.&amp;lt;/p&amp;gt;

&amp;lt;p&amp;gt;&amp;lt;a href=&quot;http://example.net/&quot;&amp;gt;This link&amp;lt;/a&amp;gt; has no
title attribute.&amp;lt;/p&amp;gt;
&lt;/code&gt;&lt;/pre&gt;

&lt;p&gt;If you&apos;re referring to a local resource on the same server, you can
use relative paths:&lt;/p&gt;

&lt;pre&gt;&lt;code&gt;See my [About](/about/) page for details.
&lt;/code&gt;&lt;/pre&gt;

&lt;p&gt;Reference-style links use a second set of square brackets, inside
which you place a label of your choosing to identify the link:&lt;/p&gt;

&lt;pre&gt;&lt;code&gt;This is [an example][id] reference-style link.
&lt;/code&gt;&lt;/pre&gt;

&lt;p&gt;You can optionally use a space to separate the sets of brackets:&lt;/p&gt;

&lt;pre&gt;&lt;code&gt;This is [an example] [id] reference-style link.
&lt;/code&gt;&lt;/pre&gt;

&lt;p&gt;Then, anywhere in the document, you define your link label like this,
on a line by itself:&lt;/p&gt;

&lt;pre&gt;&lt;code&gt;[id]: http://example.com/  &quot;Optional Title Here&quot;
&lt;/code&gt;&lt;/pre&gt;

&lt;p&gt;That is:&lt;/p&gt;

&lt;ul&gt;
&lt;li&gt;Square brackets containing the link identifier (optionally
indented from the left margin using up to three spaces);&lt;/li&gt;
&lt;li&gt;followed by a colon;&lt;/li&gt;
&lt;li&gt;followed by one or more spaces (or tabs);&lt;/li&gt;
&lt;li&gt;followed by the URL for the link;&lt;/li&gt;
&lt;li&gt;optionally followed by a title attribute for the link, enclosed
in double or single quotes.&lt;/li&gt;
&lt;/ul&gt;

&lt;p&gt;The link URL may, optionally, be surrounded by angle brackets:&lt;/p&gt;

&lt;pre&gt;&lt;code&gt;[id]: &amp;lt;http://example.com/&amp;gt;  &quot;Optional Title Here&quot;
&lt;/code&gt;&lt;/pre&gt;

&lt;p&gt;You can put the title attribute on the next line and use extra spaces
or tabs for padding, which tends to look better with longer URLs:&lt;/p&gt;

&lt;pre&gt;&lt;code&gt;[id]: http://example.com/longish/path/to/resource/here
    &quot;Optional Title Here&quot;
&lt;/code&gt;&lt;/pre&gt;

&lt;p&gt;Link definitions are only used for creating links during Markdown
processing, and are stripped from your document in the HTML output.&lt;/p&gt;

&lt;p&gt;Link definition names may constist of letters, numbers, spaces, and punctuation -- but they are &lt;em&gt;not&lt;/em&gt; case sensitive. E.g. these two links:&lt;/p&gt;

&lt;pre&gt;&lt;code&gt;[link text][a]
[link text][A]
&lt;/code&gt;&lt;/pre&gt;

&lt;p&gt;are equivalent.&lt;/p&gt;

&lt;p&gt;The &lt;em&gt;implicit link name&lt;/em&gt; shortcut allows you to omit the name of the
link, in which case the link text itself is used as the name.
Just use an empty set of square brackets -- e.g., to link the word
&quot;Google&quot; to the google.com web site, you could simply write:&lt;/p&gt;

&lt;pre&gt;&lt;code&gt;[Google][]
&lt;/code&gt;&lt;/pre&gt;

&lt;p&gt;And then define the link:&lt;/p&gt;

&lt;pre&gt;&lt;code&gt;[Google]: http://google.com/
&lt;/code&gt;&lt;/pre&gt;

&lt;p&gt;Because link names may contain spaces, this shortcut even works for
multiple words in the link text:&lt;/p&gt;

&lt;pre&gt;&lt;code&gt;Visit [Daring Fireball][] for more information.
&lt;/code&gt;&lt;/pre&gt;

&lt;p&gt;And then define the link:&lt;/p&gt;

&lt;pre&gt;&lt;code&gt;[Daring Fireball]: http://daringfireball.net/
&lt;/code&gt;&lt;/pre&gt;

&lt;p&gt;Link definitions can be placed anywhere in your Markdown document. I
tend to put them immediately after each paragraph in which they&apos;re
used, but if you want, you can put them all at the end of your
document, sort of like footnotes.&lt;/p&gt;

&lt;p&gt;Here&apos;s an example of reference links in action:&lt;/p&gt;

&lt;pre&gt;&lt;code&gt;I get 10 times more traffic from [Google] [1] than from
[Yahoo] [2] or [MSN] [3].

  [1]: http://google.com/        &quot;Google&quot;
  [2]: http://search.yahoo.com/  &quot;Yahoo Search&quot;
  [3]: http://search.msn.com/    &quot;MSN Search&quot;
&lt;/code&gt;&lt;/pre&gt;

&lt;p&gt;Using the implicit link name shortcut, you could instead write:&lt;/p&gt;

&lt;pre&gt;&lt;code&gt;I get 10 times more traffic from [Google][] than from
[Yahoo][] or [MSN][].

  [google]: http://google.com/        &quot;Google&quot;
  [yahoo]:  http://search.yahoo.com/  &quot;Yahoo Search&quot;
  [msn]:    http://search.msn.com/    &quot;MSN Search&quot;
&lt;/code&gt;&lt;/pre&gt;

&lt;p&gt;Both of the above examples will produce the following HTML output:&lt;/p&gt;

&lt;pre&gt;&lt;code&gt;&amp;lt;p&amp;gt;I get 10 times more traffic from &amp;lt;a href=&quot;http://google.com/&quot;
title=&quot;Google&quot;&amp;gt;Google&amp;lt;/a&amp;gt; than from
&amp;lt;a href=&quot;http://search.yahoo.com/&quot; title=&quot;Yahoo Search&quot;&amp;gt;Yahoo&amp;lt;/a&amp;gt;
or &amp;lt;a href=&quot;http://search.msn.com/&quot; title=&quot;MSN Search&quot;&amp;gt;MSN&amp;lt;/a&amp;gt;.&amp;lt;/p&amp;gt;
&lt;/code&gt;&lt;/pre&gt;

&lt;p&gt;For comparison, here is the same paragraph written using
Markdown&apos;s inline link style:&lt;/p&gt;

&lt;pre&gt;&lt;code&gt;I get 10 times more traffic from [Google](http://google.com/ &quot;Google&quot;)
than from [Yahoo](http://search.yahoo.com/ &quot;Yahoo Search&quot;) or
[MSN](http://search.msn.com/ &quot;MSN Search&quot;).
&lt;/code&gt;&lt;/pre&gt;

&lt;p&gt;The point of reference-style links is not that they&apos;re easier to
write. The point is that with reference-style links, your document
source is vastly more readable. Compare the above examples: using
reference-style links, the paragraph itself is only 81 characters
long; with inline-style links, it&apos;s 176 characters; and as raw HTML,
it&apos;s 234 characters. In the raw HTML, there&apos;s more markup than there
is text.&lt;/p&gt;

&lt;p&gt;With Markdown&apos;s reference-style links, a source document much more
closely resembles the final output, as rendered in a browser. By
allowing you to move the markup-related metadata out of the paragraph,
you can add links without interrupting the narrative flow of your
prose.&lt;/p&gt;

&lt;h3 id=&quot;em&quot;&gt;Emphasis&lt;/h3&gt;

&lt;p&gt;Markdown treats asterisks (&lt;code&gt;*&lt;/code&gt;) and underscores (&lt;code&gt;_&lt;/code&gt;) as indicators of
emphasis. Text wrapped with one &lt;code&gt;*&lt;/code&gt; or &lt;code&gt;_&lt;/code&gt; will be wrapped with an
HTML &lt;code&gt;&amp;lt;em&amp;gt;&lt;/code&gt; tag; double &lt;code&gt;*&lt;/code&gt;&apos;s or &lt;code&gt;_&lt;/code&gt;&apos;s will be wrapped with an HTML
&lt;code&gt;&amp;lt;strong&amp;gt;&lt;/code&gt; tag. E.g., this input:&lt;/p&gt;

&lt;pre&gt;&lt;code&gt;*single asterisks*

_single underscores_

**double asterisks**

__double underscores__
&lt;/code&gt;&lt;/pre&gt;

&lt;p&gt;will produce:&lt;/p&gt;

&lt;pre&gt;&lt;code&gt;&amp;lt;em&amp;gt;single asterisks&amp;lt;/em&amp;gt;

&amp;lt;em&amp;gt;single underscores&amp;lt;/em&amp;gt;

&amp;lt;strong&amp;gt;double asterisks&amp;lt;/strong&amp;gt;

&amp;lt;strong&amp;gt;double underscores&amp;lt;/strong&amp;gt;
&lt;/code&gt;&lt;/pre&gt;

&lt;p&gt;You can use whichever style you prefer; the lone restriction is that
the same character must be used to open and close an emphasis span.&lt;/p&gt;

&lt;p&gt;Emphasis can be used in the middle of a word:&lt;/p&gt;

&lt;pre&gt;&lt;code&gt;un*fucking*believable
&lt;/code&gt;&lt;/pre&gt;

&lt;p&gt;But if you surround an &lt;code&gt;*&lt;/code&gt; or &lt;code&gt;_&lt;/code&gt; with spaces, it&apos;ll be treated as a
literal asterisk or underscore.&lt;/p&gt;

&lt;p&gt;To produce a literal asterisk or underscore at a position where it
would otherwise be used as an emphasis delimiter, you can backslash
escape it:&lt;/p&gt;

&lt;pre&gt;&lt;code&gt;\*this text is surrounded by literal asterisks\*
&lt;/code&gt;&lt;/pre&gt;

&lt;h3 id=&quot;code&quot;&gt;Code&lt;/h3&gt;

&lt;p&gt;To indicate a span of code, wrap it with backtick quotes (&lt;code&gt;`&lt;/code&gt;).
Unlike a pre-formatted code block, a code span indicates code within a
normal paragraph. For example:&lt;/p&gt;

&lt;pre&gt;&lt;code&gt;Use the `printf()` function.
&lt;/code&gt;&lt;/pre&gt;

&lt;p&gt;will produce:&lt;/p&gt;

&lt;pre&gt;&lt;code&gt;&amp;lt;p&amp;gt;Use the &amp;lt;code&amp;gt;printf()&amp;lt;/code&amp;gt; function.&amp;lt;/p&amp;gt;
&lt;/code&gt;&lt;/pre&gt;

&lt;p&gt;To include a literal backtick character within a code span, you can use
multiple backticks as the opening and closing delimiters:&lt;/p&gt;

&lt;pre&gt;&lt;code&gt;``There is a literal backtick (`) here.``
&lt;/code&gt;&lt;/pre&gt;

&lt;p&gt;which will produce this:&lt;/p&gt;

&lt;pre&gt;&lt;code&gt;&amp;lt;p&amp;gt;&amp;lt;code&amp;gt;There is a literal backtick (`) here.&amp;lt;/code&amp;gt;&amp;lt;/p&amp;gt;
&lt;/code&gt;&lt;/pre&gt;

&lt;p&gt;The backtick delimiters surrounding a code span may include spaces --
one after the opening, one before the closing. This allows you to place
literal backtick characters at the beginning or end of a code span:&lt;/p&gt;

&lt;pre&gt;&lt;code&gt;A single backtick in a code span: `` ` ``

A backtick-delimited string in a code span: `` `foo` ``
&lt;/code&gt;&lt;/pre&gt;

&lt;p&gt;will produce:&lt;/p&gt;

&lt;pre&gt;&lt;code&gt;&amp;lt;p&amp;gt;A single backtick in a code span: &amp;lt;code&amp;gt;`&amp;lt;/code&amp;gt;&amp;lt;/p&amp;gt;

&amp;lt;p&amp;gt;A backtick-delimited string in a code span: &amp;lt;code&amp;gt;`foo`&amp;lt;/code&amp;gt;&amp;lt;/p&amp;gt;
&lt;/code&gt;&lt;/pre&gt;

&lt;p&gt;With a code span, ampersands and angle brackets are encoded as HTML
entities automatically, which makes it easy to include example HTML
tags. Markdown will turn this:&lt;/p&gt;

&lt;pre&gt;&lt;code&gt;Please don&apos;t use any `&amp;lt;blink&amp;gt;` tags.
&lt;/code&gt;&lt;/pre&gt;

&lt;p&gt;into:&lt;/p&gt;

&lt;pre&gt;&lt;code&gt;&amp;lt;p&amp;gt;Please don&apos;t use any &amp;lt;code&amp;gt;&amp;amp;lt;blink&amp;amp;gt;&amp;lt;/code&amp;gt; tags.&amp;lt;/p&amp;gt;
&lt;/code&gt;&lt;/pre&gt;

&lt;p&gt;You can write this:&lt;/p&gt;

&lt;pre&gt;&lt;code&gt;`&amp;amp;#8212;` is the decimal-encoded equivalent of `&amp;amp;mdash;`.
&lt;/code&gt;&lt;/pre&gt;

&lt;p&gt;to produce:&lt;/p&gt;

&lt;pre&gt;&lt;code&gt;&amp;lt;p&amp;gt;&amp;lt;code&amp;gt;&amp;amp;amp;#8212;&amp;lt;/code&amp;gt; is the decimal-encoded
equivalent of &amp;lt;code&amp;gt;&amp;amp;amp;mdash;&amp;lt;/code&amp;gt;.&amp;lt;/p&amp;gt;
&lt;/code&gt;&lt;/pre&gt;

&lt;h3 id=&quot;img&quot;&gt;Images&lt;/h3&gt;

&lt;p&gt;Admittedly, it&apos;s fairly difficult to devise a &quot;natural&quot; syntax for
placing images into a plain text document format.&lt;/p&gt;

&lt;p&gt;Markdown uses an image syntax that is intended to resemble the syntax
for links, allowing for two styles: &lt;em&gt;inline&lt;/em&gt; and &lt;em&gt;reference&lt;/em&gt;.&lt;/p&gt;

&lt;p&gt;Inline image syntax looks like this:&lt;/p&gt;

&lt;pre&gt;&lt;code&gt;![Alt text](/path/to/img.jpg)

![Alt text](/path/to/img.jpg &quot;Optional title&quot;)
&lt;/code&gt;&lt;/pre&gt;

&lt;p&gt;That is:&lt;/p&gt;

&lt;ul&gt;
&lt;li&gt;An exclamation mark: &lt;code&gt;!&lt;/code&gt;;&lt;/li&gt;
&lt;li&gt;followed by a set of square brackets, containing the &lt;code&gt;alt&lt;/code&gt;
attribute text for the image;&lt;/li&gt;
&lt;li&gt;followed by a set of parentheses, containing the URL or path to
the image, and an optional &lt;code&gt;title&lt;/code&gt; attribute enclosed in double
or single quotes.&lt;/li&gt;
&lt;/ul&gt;

&lt;p&gt;Reference-style image syntax looks like this:&lt;/p&gt;

&lt;pre&gt;&lt;code&gt;![Alt text][id]
&lt;/code&gt;&lt;/pre&gt;

&lt;p&gt;Where &quot;id&quot; is the name of a defined image reference. Image references
are defined using syntax identical to link references:&lt;/p&gt;

&lt;pre&gt;&lt;code&gt;[id]: url/to/image  &quot;Optional title attribute&quot;
&lt;/code&gt;&lt;/pre&gt;

&lt;p&gt;As of this writing, Markdown has no syntax for specifying the
dimensions of an image; if this is important to you, you can simply
use regular HTML &lt;code&gt;&amp;lt;img&amp;gt;&lt;/code&gt; tags.&lt;/p&gt;

&lt;hr/&gt;

&lt;h2 id=&quot;misc&quot;&gt;Miscellaneous&lt;/h2&gt;

&lt;h3 id=&quot;autolink&quot;&gt;Automatic Links&lt;/h3&gt;

&lt;p&gt;Markdown supports a shortcut style for creating &quot;automatic&quot; links for URLs and email addresses: simply surround the URL or email address with angle brackets. What this means is that if you want to show the actual text of a URL or email address, and also have it be a clickable link, you can do this:&lt;/p&gt;

&lt;pre&gt;&lt;code&gt;&amp;lt;http://example.com/&amp;gt;
&lt;/code&gt;&lt;/pre&gt;

&lt;p&gt;Markdown will turn this into:&lt;/p&gt;

&lt;pre&gt;&lt;code&gt;&amp;lt;a href=&quot;http://example.com/&quot;&amp;gt;http://example.com/&amp;lt;/a&amp;gt;
&lt;/code&gt;&lt;/pre&gt;

&lt;p&gt;Automatic links for email addresses work similarly, except that
Markdown will also perform a bit of randomized decimal and hex
entity-encoding to help obscure your address from address-harvesting
spambots. For example, Markdown will turn this:&lt;/p&gt;

&lt;pre&gt;&lt;code&gt;&amp;lt;address@example.com&amp;gt;
&lt;/code&gt;&lt;/pre&gt;

&lt;p&gt;into something like this:&lt;/p&gt;

&lt;pre&gt;&lt;code&gt;&amp;lt;a href=&quot;&amp;amp;#x6D;&amp;amp;#x61;i&amp;amp;#x6C;&amp;amp;#x74;&amp;amp;#x6F;:&amp;amp;#x61;&amp;amp;#x64;&amp;amp;#x64;&amp;amp;#x72;&amp;amp;#x65;
&amp;amp;#115;&amp;amp;#115;&amp;amp;#64;&amp;amp;#101;&amp;amp;#120;&amp;amp;#x61;&amp;amp;#109;&amp;amp;#x70;&amp;amp;#x6C;e&amp;amp;#x2E;&amp;amp;#99;&amp;amp;#111;
&amp;amp;#109;&quot;&amp;gt;&amp;amp;#x61;&amp;amp;#x64;&amp;amp;#x64;&amp;amp;#x72;&amp;amp;#x65;&amp;amp;#115;&amp;amp;#115;&amp;amp;#64;&amp;amp;#101;&amp;amp;#120;&amp;amp;#x61;
&amp;amp;#109;&amp;amp;#x70;&amp;amp;#x6C;e&amp;amp;#x2E;&amp;amp;#99;&amp;amp;#111;&amp;amp;#109;&amp;lt;/a&amp;gt;
&lt;/code&gt;&lt;/pre&gt;

&lt;p&gt;which will render in a browser as a clickable link to &quot;address@example.com&quot;.&lt;/p&gt;

&lt;p&gt;(This sort of entity-encoding trick will indeed fool many, if not
most, address-harvesting bots, but it definitely won&apos;t fool all of
them. It&apos;s better than nothing, but an address published in this way
will probably eventually start receiving spam.)&lt;/p&gt;

&lt;h3 id=&quot;backslash&quot;&gt;Backslash Escapes&lt;/h3&gt;

&lt;p&gt;Markdown allows you to use backslash escapes to generate literal
characters which would otherwise have special meaning in Markdown&apos;s
formatting syntax. For example, if you wanted to surround a word with
literal asterisks (instead of an HTML &lt;code&gt;&amp;lt;em&amp;gt;&lt;/code&gt; tag), you can backslashes
before the asterisks, like this:&lt;/p&gt;

&lt;pre&gt;&lt;code&gt;\*literal asterisks\*
&lt;/code&gt;&lt;/pre&gt;

&lt;p&gt;Markdown provides backslash escapes for the following characters:&lt;/p&gt;

&lt;pre&gt;&lt;code&gt;\   backslash
`   backtick
*   asterisk
_   underscore
{}  curly braces
[]  square brackets
()  parentheses
#   hash mark
+   plus sign
-   minus sign (hyphen)
.   dot
!  ] exclamation mark
&lt;/...&gt;
	at org.junit.Assert.assertEquals(Assert.java:115)
	at org.mashti.synopsis.MarkdownTest.runTest(MarkdownTest.java:92)
	at sun.reflect.NativeMethodAccessorImpl.invoke0(Native Method)
	at sun.reflect.NativeMethodAccessorImpl.invoke(NativeMethodAccessorImpl.java:57)
	at sun.reflect.DelegatingMethodAccessorImpl.invoke(DelegatingMethodAccessorImpl.java:43)
	at java.lang.reflect.Method.invoke(Method.java:601)
	at org.junit.runners.model.FrameworkMethod$1.runReflectiveCall(FrameworkMethod.java:47)
	at org.junit.internal.runners.model.ReflectiveCallable.run(ReflectiveCallable.java:12)
	at org.junit.runners.model.FrameworkMethod.invokeExplosively(FrameworkMethod.java:44)
	at org.junit.internal.runners.statements.InvokeMethod.evaluate(InvokeMethod.java:17)
	at org.junit.runners.ParentRunner.runLeaf(ParentRunner.java:271)
	at org.junit.runners.BlockJUnit4ClassRunner.runChild(BlockJUnit4ClassRunner.java:70)
	at org.junit.runners.BlockJUnit4ClassRunner.runChild(BlockJUnit4ClassRunner.java:50)
	at org.junit.runners.ParentRunner$3.run(ParentRunner.java:238)
	at org.junit.runners.ParentRunner$1.schedule(ParentRunner.java:63)
	at org.junit.runners.ParentRunner.runChildren(ParentRunner.java:236)
	at org.junit.runners.ParentRunner.access$000(ParentRunner.java:53)
	at org.junit.runners.ParentRunner$2.evaluate(ParentRunner.java:229)
	at org.junit.runners.ParentRunner.run(ParentRunner.java:309)
	at org.junit.runners.Suite.runChild(Suite.java:127)
	at org.junit.runners.Suite.runChild(Suite.java:26)
	at org.junit.runners.ParentRunner$3.run(ParentRunner.java:238)
	at org.junit.runners.ParentRunner$1.schedule(ParentRunner.java:63)
	at org.junit.runners.ParentRunner.runChildren(ParentRunner.java:236)
	at org.junit.runners.ParentRunner.access$000(ParentRunner.java:53)
	at org.junit.runners.ParentRunner$2.evaluate(ParentRunner.java:229)
	at org.junit.runners.ParentRunner.run(ParentRunner.java:309)
	at org.apache.maven.surefire.junit4.JUnit4TestSet.execute(JUnit4TestSet.java:53)
	at org.apache.maven.surefire.junit4.JUnit4Provider.executeTestSet(JUnit4Provider.java:123)
	at org.apache.maven.surefire.junit4.JUnit4Provider.invoke(JUnit4Provider.java:104)
	at sun.reflect.NativeMethodAccessorImpl.invoke0(Native Method)
	at sun.reflect.NativeMethodAccessorImpl.invoke(NativeMethodAccessorImpl.java:57)
	at sun.reflect.DelegatingMethodAccessorImpl.invoke(DelegatingMethodAccessorImpl.java:43)
	at java.lang.reflect.Method.invoke(Method.java:601)
	at org.apache.maven.surefire.util.ReflectionUtils.invokeMethodWithArray(ReflectionUtils.java:164)
	at org.apache.maven.surefire.booter.ProviderFactory$ProviderProxy.invoke(ProviderFactory.java:110)
	at org.apache.maven.surefire.booter.SurefireStarter.invokeProvider(SurefireStarter.java:175)
	at org.apache.maven.surefire.booter.SurefireStarter.runSuitesInProcessWhenForked(SurefireStarter.java:107)
	at org.apache.maven.surefire.booter.ForkedBooter.main(ForkedBooter.java:68)
</failure>
  </testcase>
  <testcase time="0" classname="org.mashti.synopsis.MarkdownTest" name="runTest[15: Nested blockquotes]">
    <failure message="Nested blockquotes expected:&lt;&lt;blockquote&gt;
  [  &lt;p&gt;foo&lt;/p&gt;

    &lt;blockquote&gt;
        &lt;p&gt;bar&lt;/p&gt;
    &lt;/blockquote&gt;

  ]  &lt;p&gt;foo&lt;/p&gt;
&lt;/block...&gt; but was:&lt;&lt;blockquote&gt;
  [&lt;p&gt;foo&lt;/p&gt;
  
  &lt;blockquote&gt;
    &lt;p&gt;bar&lt;/p&gt;
  &lt;/blockquote&gt;
  
]  &lt;p&gt;foo&lt;/p&gt;
&lt;/block...&gt;" type="org.junit.ComparisonFailure">org.junit.ComparisonFailure: Nested blockquotes expected:&lt;&lt;blockquote&gt;
  [  &lt;p&gt;foo&lt;/p&gt;

    &lt;blockquote&gt;
        &lt;p&gt;bar&lt;/p&gt;
    &lt;/blockquote&gt;

  ]  &lt;p&gt;foo&lt;/p&gt;
&lt;/block...&gt; but was:&lt;&lt;blockquote&gt;
  [&lt;p&gt;foo&lt;/p&gt;
  
  &lt;blockquote&gt;
    &lt;p&gt;bar&lt;/p&gt;
  &lt;/blockquote&gt;
  
]  &lt;p&gt;foo&lt;/p&gt;
&lt;/block...&gt;
	at org.junit.Assert.assertEquals(Assert.java:115)
	at org.mashti.synopsis.MarkdownTest.runTest(MarkdownTest.java:92)
	at sun.reflect.NativeMethodAccessorImpl.invoke0(Native Method)
	at sun.reflect.NativeMethodAccessorImpl.invoke(NativeMethodAccessorImpl.java:57)
	at sun.reflect.DelegatingMethodAccessorImpl.invoke(DelegatingMethodAccessorImpl.java:43)
	at java.lang.reflect.Method.invoke(Method.java:601)
	at org.junit.runners.model.FrameworkMethod$1.runReflectiveCall(FrameworkMethod.java:47)
	at org.junit.internal.runners.model.ReflectiveCallable.run(ReflectiveCallable.java:12)
	at org.junit.runners.model.FrameworkMethod.invokeExplosively(FrameworkMethod.java:44)
	at org.junit.internal.runners.statements.InvokeMethod.evaluate(InvokeMethod.java:17)
	at org.junit.runners.ParentRunner.runLeaf(ParentRunner.java:271)
	at org.junit.runners.BlockJUnit4ClassRunner.runChild(BlockJUnit4ClassRunner.java:70)
	at org.junit.runners.BlockJUnit4ClassRunner.runChild(BlockJUnit4ClassRunner.java:50)
	at org.junit.runners.ParentRunner$3.run(ParentRunner.java:238)
	at org.junit.runners.ParentRunner$1.schedule(ParentRunner.java:63)
	at org.junit.runners.ParentRunner.runChildren(ParentRunner.java:236)
	at org.junit.runners.ParentRunner.access$000(ParentRunner.java:53)
	at org.junit.runners.ParentRunner$2.evaluate(ParentRunner.java:229)
	at org.junit.runners.ParentRunner.run(ParentRunner.java:309)
	at org.junit.runners.Suite.runChild(Suite.java:127)
	at org.junit.runners.Suite.runChild(Suite.java:26)
	at org.junit.runners.ParentRunner$3.run(ParentRunner.java:238)
	at org.junit.runners.ParentRunner$1.schedule(ParentRunner.java:63)
	at org.junit.runners.ParentRunner.runChildren(ParentRunner.java:236)
	at org.junit.runners.ParentRunner.access$000(ParentRunner.java:53)
	at org.junit.runners.ParentRunner$2.evaluate(ParentRunner.java:229)
	at org.junit.runners.ParentRunner.run(ParentRunner.java:309)
	at org.apache.maven.surefire.junit4.JUnit4TestSet.execute(JUnit4TestSet.java:53)
	at org.apache.maven.surefire.junit4.JUnit4Provider.executeTestSet(JUnit4Provider.java:123)
	at org.apache.maven.surefire.junit4.JUnit4Provider.invoke(JUnit4Provider.java:104)
	at sun.reflect.NativeMethodAccessorImpl.invoke0(Native Method)
	at sun.reflect.NativeMethodAccessorImpl.invoke(NativeMethodAccessorImpl.java:57)
	at sun.reflect.DelegatingMethodAccessorImpl.invoke(DelegatingMethodAccessorImpl.java:43)
	at java.lang.reflect.Method.invoke(Method.java:601)
	at org.apache.maven.surefire.util.ReflectionUtils.invokeMethodWithArray(ReflectionUtils.java:164)
	at org.apache.maven.surefire.booter.ProviderFactory$ProviderProxy.invoke(ProviderFactory.java:110)
	at org.apache.maven.surefire.booter.SurefireStarter.invokeProvider(SurefireStarter.java:175)
	at org.apache.maven.surefire.booter.SurefireStarter.runSuitesInProcessWhenForked(SurefireStarter.java:107)
	at org.apache.maven.surefire.booter.ForkedBooter.main(ForkedBooter.java:68)
</failure>
  </testcase>
  <testcase time="0.033" classname="org.mashti.synopsis.MarkdownTest" name="runTest[16: Ordered and unordered lists]">
    <failure message="Ordered and unordered lists expected:&lt;...ks tight:&lt;/p&gt;

&lt;ul&gt;
[    &lt;li&gt;asterisk 1&lt;/li&gt;
    &lt;li&gt;asterisk 2&lt;/li&gt;
    &lt;li&gt;asterisk 3&lt;/li&gt;
&lt;/ul&gt;

&lt;p&gt;Asterisks loose:&lt;/p&gt;

&lt;ul&gt;
    &lt;li&gt;&lt;p&gt;asterisk 1&lt;/p&gt;&lt;/li&gt;
    &lt;li&gt;&lt;p&gt;asterisk 2&lt;/p&gt;&lt;/li&gt;
    &lt;li&gt;&lt;p&gt;asterisk 3&lt;/p&gt;&lt;/li&gt;
&lt;/ul&gt;

&lt;hr/&gt;

&lt;p&gt;Pluses tight:&lt;/p&gt;

&lt;ul&gt;
    &lt;li&gt;Plus 1&lt;/li&gt;
    &lt;li&gt;Plus 2&lt;/li&gt;
    &lt;li&gt;Plus 3&lt;/li&gt;
&lt;/ul&gt;

&lt;p&gt;Pluses loose:&lt;/p&gt;

&lt;ul&gt;
    &lt;li&gt;&lt;p&gt;Plus 1&lt;/p&gt;&lt;/li&gt;
    &lt;li&gt;&lt;p&gt;Plus 2&lt;/p&gt;&lt;/li&gt;
    &lt;li&gt;&lt;p&gt;Plus 3&lt;/p&gt;&lt;/li&gt;
&lt;/ul&gt;

&lt;hr/&gt;

&lt;p&gt;Minuses tight:&lt;/p&gt;

&lt;ul&gt;
    &lt;li&gt;Minus 1&lt;/li&gt;
    &lt;li&gt;Minus 2&lt;/li&gt;
    &lt;li&gt;Minus 3&lt;/li&gt;
&lt;/ul&gt;

&lt;p&gt;Minuses loose:&lt;/p&gt;

&lt;ul&gt;
    &lt;li&gt;&lt;p&gt;Minus 1&lt;/p&gt;&lt;/li&gt;
    &lt;li&gt;&lt;p&gt;Minus 2&lt;/p&gt;&lt;/li&gt;
    &lt;li&gt;&lt;p&gt;Minus 3&lt;/p&gt;&lt;/li&gt;
&lt;/ul&gt;

&lt;h2&gt;Ordered&lt;/h2&gt;

&lt;p&gt;Tight:&lt;/p&gt;

&lt;ol&gt;
    &lt;li&gt;First&lt;/li&gt;
    &lt;li&gt;Second&lt;/li&gt;
    &lt;li&gt;Third&lt;/li&gt;
&lt;/ol&gt;

&lt;p&gt;and:&lt;/p&gt;

&lt;ol&gt;
    &lt;li&gt;One&lt;/li&gt;
    &lt;li&gt;Two&lt;/li&gt;
    &lt;li&gt;Three&lt;/li&gt;
&lt;/ol&gt;

&lt;p&gt;Loose using tabs:&lt;/p&gt;

&lt;ol&gt;
    &lt;li&gt;&lt;p&gt;First&lt;/p&gt;&lt;/li&gt;
    &lt;li&gt;&lt;p&gt;Second&lt;/p&gt;&lt;/li&gt;
    &lt;li&gt;&lt;p&gt;Third&lt;/p&gt;&lt;/li&gt;
&lt;/ol&gt;

&lt;p&gt;and using spaces:&lt;/p&gt;

&lt;ol&gt;
    &lt;li&gt;&lt;p&gt;One&lt;/p&gt;&lt;/li&gt;
    &lt;li&gt;&lt;p&gt;Two&lt;/p&gt;&lt;/li&gt;
    &lt;li&gt;&lt;p&gt;Three&lt;/p&gt;&lt;/li&gt;
&lt;/ol&gt;

&lt;p&gt;Multiple paragraphs:&lt;/p&gt;

&lt;ol&gt;
    &lt;li&gt;&lt;p&gt;Item 1, graf one.&lt;/p&gt;

        &lt;p&gt;Item 2. graf two. The quick brown fox jumped over the lazy dog&apos;s
            back.&lt;/p&gt;&lt;/li&gt;
    &lt;li&gt;&lt;p&gt;Item 2.&lt;/p&gt;&lt;/li&gt;
    &lt;li&gt;&lt;p&gt;Item 3.&lt;/p&gt;&lt;/li&gt;
&lt;/ol&gt;

&lt;h2&gt;Nested&lt;/h2&gt;

&lt;ul&gt;
    &lt;li&gt;Tab
        &lt;ul&gt;
            &lt;li&gt;Tab
                &lt;ul&gt;
                    &lt;li&gt;Tab&lt;/li&gt;
                &lt;/ul&gt;
            &lt;/li&gt;
        &lt;/ul&gt;
    &lt;/li&gt;
&lt;/ul&gt;

&lt;p&gt;Here&apos;s another:&lt;/p&gt;

&lt;ol&gt;
    &lt;li&gt;First&lt;/li&gt;
    &lt;li&gt;Second:
        &lt;ul&gt;
            &lt;li&gt;Fee&lt;/li&gt;
            &lt;li&gt;Fie&lt;/li&gt;
            &lt;li&gt;Foe&lt;/li&gt;
        &lt;/ul&gt;
    &lt;/li&gt;
    &lt;li&gt;Third&lt;/li&gt;
&lt;/ol&gt;

&lt;p&gt;Same thing but with paragraphs:&lt;/p&gt;

&lt;ol&gt;
    &lt;li&gt;&lt;p&gt;First&lt;/p&gt;&lt;/li&gt;
    &lt;li&gt;&lt;p&gt;Second:&lt;/p&gt;

        &lt;ul&gt;
            &lt;li&gt;Fee&lt;/li&gt;
            &lt;li&gt;Fie&lt;/li&gt;
            &lt;li&gt;Foe&lt;/li&gt;
        &lt;/ul&gt;
    &lt;/li&gt;
    &lt;li&gt;&lt;p&gt;Third&lt;/p&gt;&lt;/li&gt;
&lt;/ol&gt;

&lt;p&gt;This was an error in Markdown 1.0.1:&lt;/p&gt;

&lt;ul&gt;
    &lt;li&gt;&lt;p&gt;this&lt;/p&gt;

        &lt;ul&gt;
            &lt;li&gt;sub&lt;/li&gt;
        &lt;/ul&gt;

        ]&lt;p&gt;that&lt;/p&gt;&lt;/li&gt;
&lt;/u...&gt; but was:&lt;...ks tight:&lt;/p&gt;

&lt;ul&gt;
[&lt;li&gt;asterisk 1&lt;/li&gt;
&lt;li&gt;asterisk 2&lt;/li&gt;
&lt;li&gt;asterisk 3&lt;/li&gt;
&lt;/ul&gt;

&lt;p&gt;Asterisks loose:&lt;/p&gt;

&lt;ul&gt;
&lt;li&gt;&lt;p&gt;asterisk 1&lt;/p&gt;&lt;/li&gt;
&lt;li&gt;&lt;p&gt;asterisk 2&lt;/p&gt;&lt;/li&gt;
&lt;li&gt;&lt;p&gt;asterisk 3&lt;/p&gt;&lt;/li&gt;
&lt;/ul&gt;

&lt;hr/&gt;

&lt;p&gt;Pluses tight:&lt;/p&gt;

&lt;ul&gt;
&lt;li&gt;Plus 1&lt;/li&gt;
&lt;li&gt;Plus 2&lt;/li&gt;
&lt;li&gt;Plus 3&lt;/li&gt;
&lt;/ul&gt;

&lt;p&gt;Pluses loose:&lt;/p&gt;

&lt;ul&gt;
&lt;li&gt;&lt;p&gt;Plus 1&lt;/p&gt;&lt;/li&gt;
&lt;li&gt;&lt;p&gt;Plus 2&lt;/p&gt;&lt;/li&gt;
&lt;li&gt;&lt;p&gt;Plus 3&lt;/p&gt;&lt;/li&gt;
&lt;/ul&gt;

&lt;hr/&gt;

&lt;p&gt;Minuses tight:&lt;/p&gt;

&lt;ul&gt;
&lt;li&gt;Minus 1&lt;/li&gt;
&lt;li&gt;Minus 2&lt;/li&gt;
&lt;li&gt;Minus 3&lt;/li&gt;
&lt;/ul&gt;

&lt;p&gt;Minuses loose:&lt;/p&gt;

&lt;ul&gt;
&lt;li&gt;&lt;p&gt;Minus 1&lt;/p&gt;&lt;/li&gt;
&lt;li&gt;&lt;p&gt;Minus 2&lt;/p&gt;&lt;/li&gt;
&lt;li&gt;&lt;p&gt;Minus 3&lt;/p&gt;&lt;/li&gt;
&lt;/ul&gt;

&lt;h2&gt;Ordered&lt;/h2&gt;

&lt;p&gt;Tight:&lt;/p&gt;

&lt;ol&gt;
&lt;li&gt;First&lt;/li&gt;
&lt;li&gt;Second&lt;/li&gt;
&lt;li&gt;Third&lt;/li&gt;
&lt;/ol&gt;

&lt;p&gt;and:&lt;/p&gt;

&lt;ol&gt;
&lt;li&gt;One&lt;/li&gt;
&lt;li&gt;Two&lt;/li&gt;
&lt;li&gt;Three&lt;/li&gt;
&lt;/ol&gt;

&lt;p&gt;Loose using tabs:&lt;/p&gt;

&lt;ol&gt;
&lt;li&gt;&lt;p&gt;First&lt;/p&gt;&lt;/li&gt;
&lt;li&gt;&lt;p&gt;Second&lt;/p&gt;&lt;/li&gt;
&lt;li&gt;&lt;p&gt;Third&lt;/p&gt;&lt;/li&gt;
&lt;/ol&gt;

&lt;p&gt;and using spaces:&lt;/p&gt;

&lt;ol&gt;
&lt;li&gt;&lt;p&gt;One&lt;/p&gt;&lt;/li&gt;
&lt;li&gt;&lt;p&gt;Two&lt;/p&gt;&lt;/li&gt;
&lt;li&gt;&lt;p&gt;Three&lt;/p&gt;&lt;/li&gt;
&lt;/ol&gt;

&lt;p&gt;Multiple paragraphs:&lt;/p&gt;

&lt;ol&gt;
&lt;li&gt;&lt;p&gt;Item 1, graf one.&lt;/p&gt;

&lt;p&gt;Item 2. graf two. The quick brown fox jumped over the lazy dog&apos;s
back.&lt;/p&gt;&lt;/li&gt;
&lt;li&gt;&lt;p&gt;Item 2.&lt;/p&gt;&lt;/li&gt;
&lt;li&gt;&lt;p&gt;Item 3.&lt;/p&gt;&lt;/li&gt;
&lt;/ol&gt;

&lt;h2&gt;Nested&lt;/h2&gt;

&lt;ul&gt;
&lt;li&gt;Tab
&lt;ul&gt;&lt;li&gt;Tab
&lt;ul&gt;&lt;li&gt;Tab&lt;/li&gt;&lt;/ul&gt;&lt;/li&gt;&lt;/ul&gt;&lt;/li&gt;
&lt;/ul&gt;

&lt;p&gt;Here&apos;s another:&lt;/p&gt;

&lt;ol&gt;
&lt;li&gt;First&lt;/li&gt;
&lt;li&gt;Second:
&lt;ul&gt;&lt;li&gt;Fee&lt;/li&gt;
&lt;li&gt;Fie&lt;/li&gt;
&lt;li&gt;Foe&lt;/li&gt;&lt;/ul&gt;&lt;/li&gt;
&lt;li&gt;Third&lt;/li&gt;
&lt;/ol&gt;

&lt;p&gt;Same thing but with paragraphs:&lt;/p&gt;

&lt;ol&gt;
&lt;li&gt;&lt;p&gt;First&lt;/p&gt;&lt;/li&gt;
&lt;li&gt;&lt;p&gt;Second:&lt;/p&gt;

&lt;ul&gt;&lt;li&gt;Fee&lt;/li&gt;
&lt;li&gt;Fie&lt;/li&gt;
&lt;li&gt;Foe&lt;/li&gt;&lt;/ul&gt;&lt;/li&gt;
&lt;li&gt;&lt;p&gt;Third&lt;/p&gt;&lt;/li&gt;
&lt;/ol&gt;

&lt;p&gt;This was an error in Markdown 1.0.1:&lt;/p&gt;

&lt;ul&gt;
&lt;li&gt;&lt;p&gt;this&lt;/p&gt;

&lt;ul&gt;&lt;li&gt;sub&lt;/li&gt;&lt;/ul&gt;

]&lt;p&gt;that&lt;/p&gt;&lt;/li&gt;
&lt;/u...&gt;" type="org.junit.ComparisonFailure">org.junit.ComparisonFailure: Ordered and unordered lists expected:&lt;...ks tight:&lt;/p&gt;

&lt;ul&gt;
[    &lt;li&gt;asterisk 1&lt;/li&gt;
    &lt;li&gt;asterisk 2&lt;/li&gt;
    &lt;li&gt;asterisk 3&lt;/li&gt;
&lt;/ul&gt;

&lt;p&gt;Asterisks loose:&lt;/p&gt;

&lt;ul&gt;
    &lt;li&gt;&lt;p&gt;asterisk 1&lt;/p&gt;&lt;/li&gt;
    &lt;li&gt;&lt;p&gt;asterisk 2&lt;/p&gt;&lt;/li&gt;
    &lt;li&gt;&lt;p&gt;asterisk 3&lt;/p&gt;&lt;/li&gt;
&lt;/ul&gt;

&lt;hr/&gt;

&lt;p&gt;Pluses tight:&lt;/p&gt;

&lt;ul&gt;
    &lt;li&gt;Plus 1&lt;/li&gt;
    &lt;li&gt;Plus 2&lt;/li&gt;
    &lt;li&gt;Plus 3&lt;/li&gt;
&lt;/ul&gt;

&lt;p&gt;Pluses loose:&lt;/p&gt;

&lt;ul&gt;
    &lt;li&gt;&lt;p&gt;Plus 1&lt;/p&gt;&lt;/li&gt;
    &lt;li&gt;&lt;p&gt;Plus 2&lt;/p&gt;&lt;/li&gt;
    &lt;li&gt;&lt;p&gt;Plus 3&lt;/p&gt;&lt;/li&gt;
&lt;/ul&gt;

&lt;hr/&gt;

&lt;p&gt;Minuses tight:&lt;/p&gt;

&lt;ul&gt;
    &lt;li&gt;Minus 1&lt;/li&gt;
    &lt;li&gt;Minus 2&lt;/li&gt;
    &lt;li&gt;Minus 3&lt;/li&gt;
&lt;/ul&gt;

&lt;p&gt;Minuses loose:&lt;/p&gt;

&lt;ul&gt;
    &lt;li&gt;&lt;p&gt;Minus 1&lt;/p&gt;&lt;/li&gt;
    &lt;li&gt;&lt;p&gt;Minus 2&lt;/p&gt;&lt;/li&gt;
    &lt;li&gt;&lt;p&gt;Minus 3&lt;/p&gt;&lt;/li&gt;
&lt;/ul&gt;

&lt;h2&gt;Ordered&lt;/h2&gt;

&lt;p&gt;Tight:&lt;/p&gt;

&lt;ol&gt;
    &lt;li&gt;First&lt;/li&gt;
    &lt;li&gt;Second&lt;/li&gt;
    &lt;li&gt;Third&lt;/li&gt;
&lt;/ol&gt;

&lt;p&gt;and:&lt;/p&gt;

&lt;ol&gt;
    &lt;li&gt;One&lt;/li&gt;
    &lt;li&gt;Two&lt;/li&gt;
    &lt;li&gt;Three&lt;/li&gt;
&lt;/ol&gt;

&lt;p&gt;Loose using tabs:&lt;/p&gt;

&lt;ol&gt;
    &lt;li&gt;&lt;p&gt;First&lt;/p&gt;&lt;/li&gt;
    &lt;li&gt;&lt;p&gt;Second&lt;/p&gt;&lt;/li&gt;
    &lt;li&gt;&lt;p&gt;Third&lt;/p&gt;&lt;/li&gt;
&lt;/ol&gt;

&lt;p&gt;and using spaces:&lt;/p&gt;

&lt;ol&gt;
    &lt;li&gt;&lt;p&gt;One&lt;/p&gt;&lt;/li&gt;
    &lt;li&gt;&lt;p&gt;Two&lt;/p&gt;&lt;/li&gt;
    &lt;li&gt;&lt;p&gt;Three&lt;/p&gt;&lt;/li&gt;
&lt;/ol&gt;

&lt;p&gt;Multiple paragraphs:&lt;/p&gt;

&lt;ol&gt;
    &lt;li&gt;&lt;p&gt;Item 1, graf one.&lt;/p&gt;

        &lt;p&gt;Item 2. graf two. The quick brown fox jumped over the lazy dog&apos;s
            back.&lt;/p&gt;&lt;/li&gt;
    &lt;li&gt;&lt;p&gt;Item 2.&lt;/p&gt;&lt;/li&gt;
    &lt;li&gt;&lt;p&gt;Item 3.&lt;/p&gt;&lt;/li&gt;
&lt;/ol&gt;

&lt;h2&gt;Nested&lt;/h2&gt;

&lt;ul&gt;
    &lt;li&gt;Tab
        &lt;ul&gt;
            &lt;li&gt;Tab
                &lt;ul&gt;
                    &lt;li&gt;Tab&lt;/li&gt;
                &lt;/ul&gt;
            &lt;/li&gt;
        &lt;/ul&gt;
    &lt;/li&gt;
&lt;/ul&gt;

&lt;p&gt;Here&apos;s another:&lt;/p&gt;

&lt;ol&gt;
    &lt;li&gt;First&lt;/li&gt;
    &lt;li&gt;Second:
        &lt;ul&gt;
            &lt;li&gt;Fee&lt;/li&gt;
            &lt;li&gt;Fie&lt;/li&gt;
            &lt;li&gt;Foe&lt;/li&gt;
        &lt;/ul&gt;
    &lt;/li&gt;
    &lt;li&gt;Third&lt;/li&gt;
&lt;/ol&gt;

&lt;p&gt;Same thing but with paragraphs:&lt;/p&gt;

&lt;ol&gt;
    &lt;li&gt;&lt;p&gt;First&lt;/p&gt;&lt;/li&gt;
    &lt;li&gt;&lt;p&gt;Second:&lt;/p&gt;

        &lt;ul&gt;
            &lt;li&gt;Fee&lt;/li&gt;
            &lt;li&gt;Fie&lt;/li&gt;
            &lt;li&gt;Foe&lt;/li&gt;
        &lt;/ul&gt;
    &lt;/li&gt;
    &lt;li&gt;&lt;p&gt;Third&lt;/p&gt;&lt;/li&gt;
&lt;/ol&gt;

&lt;p&gt;This was an error in Markdown 1.0.1:&lt;/p&gt;

&lt;ul&gt;
    &lt;li&gt;&lt;p&gt;this&lt;/p&gt;

        &lt;ul&gt;
            &lt;li&gt;sub&lt;/li&gt;
        &lt;/ul&gt;

        ]&lt;p&gt;that&lt;/p&gt;&lt;/li&gt;
&lt;/u...&gt; but was:&lt;...ks tight:&lt;/p&gt;

&lt;ul&gt;
[&lt;li&gt;asterisk 1&lt;/li&gt;
&lt;li&gt;asterisk 2&lt;/li&gt;
&lt;li&gt;asterisk 3&lt;/li&gt;
&lt;/ul&gt;

&lt;p&gt;Asterisks loose:&lt;/p&gt;

&lt;ul&gt;
&lt;li&gt;&lt;p&gt;asterisk 1&lt;/p&gt;&lt;/li&gt;
&lt;li&gt;&lt;p&gt;asterisk 2&lt;/p&gt;&lt;/li&gt;
&lt;li&gt;&lt;p&gt;asterisk 3&lt;/p&gt;&lt;/li&gt;
&lt;/ul&gt;

&lt;hr/&gt;

&lt;p&gt;Pluses tight:&lt;/p&gt;

&lt;ul&gt;
&lt;li&gt;Plus 1&lt;/li&gt;
&lt;li&gt;Plus 2&lt;/li&gt;
&lt;li&gt;Plus 3&lt;/li&gt;
&lt;/ul&gt;

&lt;p&gt;Pluses loose:&lt;/p&gt;

&lt;ul&gt;
&lt;li&gt;&lt;p&gt;Plus 1&lt;/p&gt;&lt;/li&gt;
&lt;li&gt;&lt;p&gt;Plus 2&lt;/p&gt;&lt;/li&gt;
&lt;li&gt;&lt;p&gt;Plus 3&lt;/p&gt;&lt;/li&gt;
&lt;/ul&gt;

&lt;hr/&gt;

&lt;p&gt;Minuses tight:&lt;/p&gt;

&lt;ul&gt;
&lt;li&gt;Minus 1&lt;/li&gt;
&lt;li&gt;Minus 2&lt;/li&gt;
&lt;li&gt;Minus 3&lt;/li&gt;
&lt;/ul&gt;

&lt;p&gt;Minuses loose:&lt;/p&gt;

&lt;ul&gt;
&lt;li&gt;&lt;p&gt;Minus 1&lt;/p&gt;&lt;/li&gt;
&lt;li&gt;&lt;p&gt;Minus 2&lt;/p&gt;&lt;/li&gt;
&lt;li&gt;&lt;p&gt;Minus 3&lt;/p&gt;&lt;/li&gt;
&lt;/ul&gt;

&lt;h2&gt;Ordered&lt;/h2&gt;

&lt;p&gt;Tight:&lt;/p&gt;

&lt;ol&gt;
&lt;li&gt;First&lt;/li&gt;
&lt;li&gt;Second&lt;/li&gt;
&lt;li&gt;Third&lt;/li&gt;
&lt;/ol&gt;

&lt;p&gt;and:&lt;/p&gt;

&lt;ol&gt;
&lt;li&gt;One&lt;/li&gt;
&lt;li&gt;Two&lt;/li&gt;
&lt;li&gt;Three&lt;/li&gt;
&lt;/ol&gt;

&lt;p&gt;Loose using tabs:&lt;/p&gt;

&lt;ol&gt;
&lt;li&gt;&lt;p&gt;First&lt;/p&gt;&lt;/li&gt;
&lt;li&gt;&lt;p&gt;Second&lt;/p&gt;&lt;/li&gt;
&lt;li&gt;&lt;p&gt;Third&lt;/p&gt;&lt;/li&gt;
&lt;/ol&gt;

&lt;p&gt;and using spaces:&lt;/p&gt;

&lt;ol&gt;
&lt;li&gt;&lt;p&gt;One&lt;/p&gt;&lt;/li&gt;
&lt;li&gt;&lt;p&gt;Two&lt;/p&gt;&lt;/li&gt;
&lt;li&gt;&lt;p&gt;Three&lt;/p&gt;&lt;/li&gt;
&lt;/ol&gt;

&lt;p&gt;Multiple paragraphs:&lt;/p&gt;

&lt;ol&gt;
&lt;li&gt;&lt;p&gt;Item 1, graf one.&lt;/p&gt;

&lt;p&gt;Item 2. graf two. The quick brown fox jumped over the lazy dog&apos;s
back.&lt;/p&gt;&lt;/li&gt;
&lt;li&gt;&lt;p&gt;Item 2.&lt;/p&gt;&lt;/li&gt;
&lt;li&gt;&lt;p&gt;Item 3.&lt;/p&gt;&lt;/li&gt;
&lt;/ol&gt;

&lt;h2&gt;Nested&lt;/h2&gt;

&lt;ul&gt;
&lt;li&gt;Tab
&lt;ul&gt;&lt;li&gt;Tab
&lt;ul&gt;&lt;li&gt;Tab&lt;/li&gt;&lt;/ul&gt;&lt;/li&gt;&lt;/ul&gt;&lt;/li&gt;
&lt;/ul&gt;

&lt;p&gt;Here&apos;s another:&lt;/p&gt;

&lt;ol&gt;
&lt;li&gt;First&lt;/li&gt;
&lt;li&gt;Second:
&lt;ul&gt;&lt;li&gt;Fee&lt;/li&gt;
&lt;li&gt;Fie&lt;/li&gt;
&lt;li&gt;Foe&lt;/li&gt;&lt;/ul&gt;&lt;/li&gt;
&lt;li&gt;Third&lt;/li&gt;
&lt;/ol&gt;

&lt;p&gt;Same thing but with paragraphs:&lt;/p&gt;

&lt;ol&gt;
&lt;li&gt;&lt;p&gt;First&lt;/p&gt;&lt;/li&gt;
&lt;li&gt;&lt;p&gt;Second:&lt;/p&gt;

&lt;ul&gt;&lt;li&gt;Fee&lt;/li&gt;
&lt;li&gt;Fie&lt;/li&gt;
&lt;li&gt;Foe&lt;/li&gt;&lt;/ul&gt;&lt;/li&gt;
&lt;li&gt;&lt;p&gt;Third&lt;/p&gt;&lt;/li&gt;
&lt;/ol&gt;

&lt;p&gt;This was an error in Markdown 1.0.1:&lt;/p&gt;

&lt;ul&gt;
&lt;li&gt;&lt;p&gt;this&lt;/p&gt;

&lt;ul&gt;&lt;li&gt;sub&lt;/li&gt;&lt;/ul&gt;

]&lt;p&gt;that&lt;/p&gt;&lt;/li&gt;
&lt;/u...&gt;
	at org.junit.Assert.assertEquals(Assert.java:115)
	at org.mashti.synopsis.MarkdownTest.runTest(MarkdownTest.java:92)
	at sun.reflect.GeneratedMethodAccessor1.invoke(Unknown Source)
	at sun.reflect.DelegatingMethodAccessorImpl.invoke(DelegatingMethodAccessorImpl.java:43)
	at java.lang.reflect.Method.invoke(Method.java:601)
	at org.junit.runners.model.FrameworkMethod$1.runReflectiveCall(FrameworkMethod.java:47)
	at org.junit.internal.runners.model.ReflectiveCallable.run(ReflectiveCallable.java:12)
	at org.junit.runners.model.FrameworkMethod.invokeExplosively(FrameworkMethod.java:44)
	at org.junit.internal.runners.statements.InvokeMethod.evaluate(InvokeMethod.java:17)
	at org.junit.runners.ParentRunner.runLeaf(ParentRunner.java:271)
	at org.junit.runners.BlockJUnit4ClassRunner.runChild(BlockJUnit4ClassRunner.java:70)
	at org.junit.runners.BlockJUnit4ClassRunner.runChild(BlockJUnit4ClassRunner.java:50)
	at org.junit.runners.ParentRunner$3.run(ParentRunner.java:238)
	at org.junit.runners.ParentRunner$1.schedule(ParentRunner.java:63)
	at org.junit.runners.ParentRunner.runChildren(ParentRunner.java:236)
	at org.junit.runners.ParentRunner.access$000(ParentRunner.java:53)
	at org.junit.runners.ParentRunner$2.evaluate(ParentRunner.java:229)
	at org.junit.runners.ParentRunner.run(ParentRunner.java:309)
	at org.junit.runners.Suite.runChild(Suite.java:127)
	at org.junit.runners.Suite.runChild(Suite.java:26)
	at org.junit.runners.ParentRunner$3.run(ParentRunner.java:238)
	at org.junit.runners.ParentRunner$1.schedule(ParentRunner.java:63)
	at org.junit.runners.ParentRunner.runChildren(ParentRunner.java:236)
	at org.junit.runners.ParentRunner.access$000(ParentRunner.java:53)
	at org.junit.runners.ParentRunner$2.evaluate(ParentRunner.java:229)
	at org.junit.runners.ParentRunner.run(ParentRunner.java:309)
	at org.apache.maven.surefire.junit4.JUnit4TestSet.execute(JUnit4TestSet.java:53)
	at org.apache.maven.surefire.junit4.JUnit4Provider.executeTestSet(JUnit4Provider.java:123)
	at org.apache.maven.surefire.junit4.JUnit4Provider.invoke(JUnit4Provider.java:104)
	at sun.reflect.NativeMethodAccessorImpl.invoke0(Native Method)
	at sun.reflect.NativeMethodAccessorImpl.invoke(NativeMethodAccessorImpl.java:57)
	at sun.reflect.DelegatingMethodAccessorImpl.invoke(DelegatingMethodAccessorImpl.java:43)
	at java.lang.reflect.Method.invoke(Method.java:601)
	at org.apache.maven.surefire.util.ReflectionUtils.invokeMethodWithArray(ReflectionUtils.java:164)
	at org.apache.maven.surefire.booter.ProviderFactory$ProviderProxy.invoke(ProviderFactory.java:110)
	at org.apache.maven.surefire.booter.SurefireStarter.invokeProvider(SurefireStarter.java:175)
	at org.apache.maven.surefire.booter.SurefireStarter.runSuitesInProcessWhenForked(SurefireStarter.java:107)
	at org.apache.maven.surefire.booter.ForkedBooter.main(ForkedBooter.java:68)
</failure>
  </testcase>
  <testcase time="0.003" classname="org.mashti.synopsis.MarkdownTest" name="runTest[17: Strong and em together]"/>
  <testcase time="0.009" classname="org.mashti.synopsis.MarkdownTest" name="runTest[18: Tables]">
    <failure message="Tables expected:&lt;&lt;table&gt;
[    &lt;caption&gt;Table caption, works as a reference][section-mmd-tables-table1&lt;/caption&gt;
    &lt;thead&gt;
    &lt;tr&gt;
        &lt;th&gt;First Header&lt;/th&gt;
        &lt;th&gt;Second Header&lt;/th&gt;
        &lt;th&gt;Third Header&lt;/th&gt;
    &lt;/tr&gt;
    &lt;/thead&gt;
    &lt;tbody&gt;
    &lt;tr&gt;
        &lt;td&gt;First row&lt;/td&gt;
        &lt;td&gt;Data&lt;/td&gt;
        &lt;td&gt;Very long data entry&lt;/td&gt;
    &lt;/tr&gt;
    &lt;tr&gt;
        &lt;td&gt;Second row&lt;/td&gt;
        &lt;td&gt;&lt;strong&gt;Cell&lt;/strong&gt;&lt;/td&gt;
        &lt;td&gt;&lt;em&gt;Cell&lt;/em&gt;&lt;/td&gt;
    &lt;/tr&gt;
    &lt;tr&gt;
        &lt;td&gt;Third row&lt;/td&gt;
        &lt;td colspan=&quot;2&quot;&gt;Cell that spans across two columns&lt;/td&gt;
    &lt;/tr&gt;
    ]&lt;/tbody&gt;
&lt;/table&gt;&gt; but was:&lt;&lt;table&gt;
[&lt;caption&gt;Table caption, works as a reference&lt;/caption&gt;
&lt;thead&gt;
&lt;tr&gt;
&lt;th&gt;First Header&lt;/th&gt;
&lt;th&gt;Second Header&lt;/th&gt;
&lt;th&gt;Third Header&lt;/th&gt;
&lt;/tr&gt;
&lt;/thead&gt;
&lt;tbody&gt;
&lt;tr&gt;
&lt;td&gt;First row&lt;/td&gt;
&lt;td&gt;Data&lt;/td&gt;
&lt;td&gt;Very long data entry&lt;/td&gt;
&lt;/tr&gt;
&lt;tr&gt;
&lt;td&gt;Second row&lt;/td&gt;
&lt;td&gt;&lt;strong&gt;Cell&lt;/strong&gt;&lt;/td&gt;
&lt;td&gt;&lt;em&gt;Cell&lt;/em&gt;&lt;/td&gt;
&lt;/tr&gt;
&lt;tr&gt;
&lt;td&gt;Third row&lt;/td&gt;
&lt;td colspan=&quot;2&quot;&gt;Cell that spans across two columns&lt;/td&gt;
&lt;/tr&gt;
]&lt;/tbody&gt;
&lt;/table&gt;&gt;" type="org.junit.ComparisonFailure">org.junit.ComparisonFailure: Tables expected:&lt;&lt;table&gt;
[    &lt;caption&gt;Table caption, works as a reference][section-mmd-tables-table1&lt;/caption&gt;
    &lt;thead&gt;
    &lt;tr&gt;
        &lt;th&gt;First Header&lt;/th&gt;
        &lt;th&gt;Second Header&lt;/th&gt;
        &lt;th&gt;Third Header&lt;/th&gt;
    &lt;/tr&gt;
    &lt;/thead&gt;
    &lt;tbody&gt;
    &lt;tr&gt;
        &lt;td&gt;First row&lt;/td&gt;
        &lt;td&gt;Data&lt;/td&gt;
        &lt;td&gt;Very long data entry&lt;/td&gt;
    &lt;/tr&gt;
    &lt;tr&gt;
        &lt;td&gt;Second row&lt;/td&gt;
        &lt;td&gt;&lt;strong&gt;Cell&lt;/strong&gt;&lt;/td&gt;
        &lt;td&gt;&lt;em&gt;Cell&lt;/em&gt;&lt;/td&gt;
    &lt;/tr&gt;
    &lt;tr&gt;
        &lt;td&gt;Third row&lt;/td&gt;
        &lt;td colspan=&quot;2&quot;&gt;Cell that spans across two columns&lt;/td&gt;
    &lt;/tr&gt;
    ]&lt;/tbody&gt;
&lt;/table&gt;&gt; but was:&lt;&lt;table&gt;
[&lt;caption&gt;Table caption, works as a reference&lt;/caption&gt;
&lt;thead&gt;
&lt;tr&gt;
&lt;th&gt;First Header&lt;/th&gt;
&lt;th&gt;Second Header&lt;/th&gt;
&lt;th&gt;Third Header&lt;/th&gt;
&lt;/tr&gt;
&lt;/thead&gt;
&lt;tbody&gt;
&lt;tr&gt;
&lt;td&gt;First row&lt;/td&gt;
&lt;td&gt;Data&lt;/td&gt;
&lt;td&gt;Very long data entry&lt;/td&gt;
&lt;/tr&gt;
&lt;tr&gt;
&lt;td&gt;Second row&lt;/td&gt;
&lt;td&gt;&lt;strong&gt;Cell&lt;/strong&gt;&lt;/td&gt;
&lt;td&gt;&lt;em&gt;Cell&lt;/em&gt;&lt;/td&gt;
&lt;/tr&gt;
&lt;tr&gt;
&lt;td&gt;Third row&lt;/td&gt;
&lt;td colspan=&quot;2&quot;&gt;Cell that spans across two columns&lt;/td&gt;
&lt;/tr&gt;
]&lt;/tbody&gt;
&lt;/table&gt;&gt;
	at org.junit.Assert.assertEquals(Assert.java:115)
	at org.mashti.synopsis.MarkdownTest.runTest(MarkdownTest.java:92)
	at sun.reflect.GeneratedMethodAccessor1.invoke(Unknown Source)
	at sun.reflect.DelegatingMethodAccessorImpl.invoke(DelegatingMethodAccessorImpl.java:43)
	at java.lang.reflect.Method.invoke(Method.java:601)
	at org.junit.runners.model.FrameworkMethod$1.runReflectiveCall(FrameworkMethod.java:47)
	at org.junit.internal.runners.model.ReflectiveCallable.run(ReflectiveCallable.java:12)
	at org.junit.runners.model.FrameworkMethod.invokeExplosively(FrameworkMethod.java:44)
	at org.junit.internal.runners.statements.InvokeMethod.evaluate(InvokeMethod.java:17)
	at org.junit.runners.ParentRunner.runLeaf(ParentRunner.java:271)
	at org.junit.runners.BlockJUnit4ClassRunner.runChild(BlockJUnit4ClassRunner.java:70)
	at org.junit.runners.BlockJUnit4ClassRunner.runChild(BlockJUnit4ClassRunner.java:50)
	at org.junit.runners.ParentRunner$3.run(ParentRunner.java:238)
	at org.junit.runners.ParentRunner$1.schedule(ParentRunner.java:63)
	at org.junit.runners.ParentRunner.runChildren(ParentRunner.java:236)
	at org.junit.runners.ParentRunner.access$000(ParentRunner.java:53)
	at org.junit.runners.ParentRunner$2.evaluate(ParentRunner.java:229)
	at org.junit.runners.ParentRunner.run(ParentRunner.java:309)
	at org.junit.runners.Suite.runChild(Suite.java:127)
	at org.junit.runners.Suite.runChild(Suite.java:26)
	at org.junit.runners.ParentRunner$3.run(ParentRunner.java:238)
	at org.junit.runners.ParentRunner$1.schedule(ParentRunner.java:63)
	at org.junit.runners.ParentRunner.runChildren(ParentRunner.java:236)
	at org.junit.runners.ParentRunner.access$000(ParentRunner.java:53)
	at org.junit.runners.ParentRunner$2.evaluate(ParentRunner.java:229)
	at org.junit.runners.ParentRunner.run(ParentRunner.java:309)
	at org.apache.maven.surefire.junit4.JUnit4TestSet.execute(JUnit4TestSet.java:53)
	at org.apache.maven.surefire.junit4.JUnit4Provider.executeTestSet(JUnit4Provider.java:123)
	at org.apache.maven.surefire.junit4.JUnit4Provider.invoke(JUnit4Provider.java:104)
	at sun.reflect.NativeMethodAccessorImpl.invoke0(Native Method)
	at sun.reflect.NativeMethodAccessorImpl.invoke(NativeMethodAccessorImpl.java:57)
	at sun.reflect.DelegatingMethodAccessorImpl.invoke(DelegatingMethodAccessorImpl.java:43)
	at java.lang.reflect.Method.invoke(Method.java:601)
	at org.apache.maven.surefire.util.ReflectionUtils.invokeMethodWithArray(ReflectionUtils.java:164)
	at org.apache.maven.surefire.booter.ProviderFactory$ProviderProxy.invoke(ProviderFactory.java:110)
	at org.apache.maven.surefire.booter.SurefireStarter.invokeProvider(SurefireStarter.java:175)
	at org.apache.maven.surefire.booter.SurefireStarter.runSuitesInProcessWhenForked(SurefireStarter.java:107)
	at org.apache.maven.surefire.booter.ForkedBooter.main(ForkedBooter.java:68)
</failure>
  </testcase>
  <testcase time="0.013" classname="org.mashti.synopsis.MarkdownTest" name="runTest[19: Tabs]">
    <failure message="Tabs expected:&lt;&lt;ul&gt;
[    &lt;li&gt;&lt;p&gt;this is a list item
        indented with tabs&lt;/p&gt;&lt;/li&gt;
    &lt;li&gt;&lt;p&gt;this is a list item
        indented with spaces&lt;/p&gt;&lt;/li&gt;
&lt;/ul&gt;

&lt;p&gt;Code:&lt;/p&gt;

&lt;pre&gt;&lt;code&gt;this code block is indented by one tab
&lt;/code&gt;&lt;/pre&gt;

&lt;p&gt;And:&lt;/p&gt;

&lt;pre&gt;&lt;code&gt; this code block is indented by two tabs
&lt;/code&gt;&lt;/pre&gt;

&lt;p&gt;And:&lt;/p&gt;

&lt;pre&gt;&lt;code&gt;+ this is an example list item
    indented with tabs

    +] this is an example ...&gt; but was:&lt;&lt;ul&gt;
[&lt;li&gt;&lt;p&gt;this is a list item
indented with tabs&lt;/p&gt;&lt;/li&gt;
&lt;li&gt;&lt;p&gt;this is a list item
indented with spaces&lt;/p&gt;&lt;/li&gt;
&lt;/ul&gt;

&lt;p&gt;Code:&lt;/p&gt;

&lt;pre&gt;&lt;code&gt;this code block is indented by one tab
&lt;/code&gt;&lt;/pre&gt;

&lt;p&gt;And:&lt;/p&gt;

&lt;pre&gt;&lt;code&gt;    this code block is indented by two tabs
&lt;/code&gt;&lt;/pre&gt;

&lt;p&gt;And:&lt;/p&gt;

&lt;pre&gt;&lt;code&gt;+   this is an example list item
    indented with tabs

+  ] this is an example ...&gt;" type="org.junit.ComparisonFailure">org.junit.ComparisonFailure: Tabs expected:&lt;&lt;ul&gt;
[    &lt;li&gt;&lt;p&gt;this is a list item
        indented with tabs&lt;/p&gt;&lt;/li&gt;
    &lt;li&gt;&lt;p&gt;this is a list item
        indented with spaces&lt;/p&gt;&lt;/li&gt;
&lt;/ul&gt;

&lt;p&gt;Code:&lt;/p&gt;

&lt;pre&gt;&lt;code&gt;this code block is indented by one tab
&lt;/code&gt;&lt;/pre&gt;

&lt;p&gt;And:&lt;/p&gt;

&lt;pre&gt;&lt;code&gt; this code block is indented by two tabs
&lt;/code&gt;&lt;/pre&gt;

&lt;p&gt;And:&lt;/p&gt;

&lt;pre&gt;&lt;code&gt;+ this is an example list item
    indented with tabs

    +] this is an example ...&gt; but was:&lt;&lt;ul&gt;
[&lt;li&gt;&lt;p&gt;this is a list item
indented with tabs&lt;/p&gt;&lt;/li&gt;
&lt;li&gt;&lt;p&gt;this is a list item
indented with spaces&lt;/p&gt;&lt;/li&gt;
&lt;/ul&gt;

&lt;p&gt;Code:&lt;/p&gt;

&lt;pre&gt;&lt;code&gt;this code block is indented by one tab
&lt;/code&gt;&lt;/pre&gt;

&lt;p&gt;And:&lt;/p&gt;

&lt;pre&gt;&lt;code&gt;    this code block is indented by two tabs
&lt;/code&gt;&lt;/pre&gt;

&lt;p&gt;And:&lt;/p&gt;

&lt;pre&gt;&lt;code&gt;+   this is an example list item
    indented with tabs

+  ] this is an example ...&gt;
	at org.junit.Assert.assertEquals(Assert.java:115)
	at org.mashti.synopsis.MarkdownTest.runTest(MarkdownTest.java:92)
	at sun.reflect.GeneratedMethodAccessor1.invoke(Unknown Source)
	at sun.reflect.DelegatingMethodAccessorImpl.invoke(DelegatingMethodAccessorImpl.java:43)
	at java.lang.reflect.Method.invoke(Method.java:601)
	at org.junit.runners.model.FrameworkMethod$1.runReflectiveCall(FrameworkMethod.java:47)
	at org.junit.internal.runners.model.ReflectiveCallable.run(ReflectiveCallable.java:12)
	at org.junit.runners.model.FrameworkMethod.invokeExplosively(FrameworkMethod.java:44)
	at org.junit.internal.runners.statements.InvokeMethod.evaluate(InvokeMethod.java:17)
	at org.junit.runners.ParentRunner.runLeaf(ParentRunner.java:271)
	at org.junit.runners.BlockJUnit4ClassRunner.runChild(BlockJUnit4ClassRunner.java:70)
	at org.junit.runners.BlockJUnit4ClassRunner.runChild(BlockJUnit4ClassRunner.java:50)
	at org.junit.runners.ParentRunner$3.run(ParentRunner.java:238)
	at org.junit.runners.ParentRunner$1.schedule(ParentRunner.java:63)
	at org.junit.runners.ParentRunner.runChildren(ParentRunner.java:236)
	at org.junit.runners.ParentRunner.access$000(ParentRunner.java:53)
	at org.junit.runners.ParentRunner$2.evaluate(ParentRunner.java:229)
	at org.junit.runners.ParentRunner.run(ParentRunner.java:309)
	at org.junit.runners.Suite.runChild(Suite.java:127)
	at org.junit.runners.Suite.runChild(Suite.java:26)
	at org.junit.runners.ParentRunner$3.run(ParentRunner.java:238)
	at org.junit.runners.ParentRunner$1.schedule(ParentRunner.java:63)
	at org.junit.runners.ParentRunner.runChildren(ParentRunner.java:236)
	at org.junit.runners.ParentRunner.access$000(ParentRunner.java:53)
	at org.junit.runners.ParentRunner$2.evaluate(ParentRunner.java:229)
	at org.junit.runners.ParentRunner.run(ParentRunner.java:309)
	at org.apache.maven.surefire.junit4.JUnit4TestSet.execute(JUnit4TestSet.java:53)
	at org.apache.maven.surefire.junit4.JUnit4Provider.executeTestSet(JUnit4Provider.java:123)
	at org.apache.maven.surefire.junit4.JUnit4Provider.invoke(JUnit4Provider.java:104)
	at sun.reflect.NativeMethodAccessorImpl.invoke0(Native Method)
	at sun.reflect.NativeMethodAccessorImpl.invoke(NativeMethodAccessorImpl.java:57)
	at sun.reflect.DelegatingMethodAccessorImpl.invoke(DelegatingMethodAccessorImpl.java:43)
	at java.lang.reflect.Method.invoke(Method.java:601)
	at org.apache.maven.surefire.util.ReflectionUtils.invokeMethodWithArray(ReflectionUtils.java:164)
	at org.apache.maven.surefire.booter.ProviderFactory$ProviderProxy.invoke(ProviderFactory.java:110)
	at org.apache.maven.surefire.booter.SurefireStarter.invokeProvider(SurefireStarter.java:175)
	at org.apache.maven.surefire.booter.SurefireStarter.runSuitesInProcessWhenForked(SurefireStarter.java:107)
	at org.apache.maven.surefire.booter.ForkedBooter.main(ForkedBooter.java:68)
</failure>
  </testcase>
  <testcase time="0.005" classname="org.mashti.synopsis.MarkdownTest" name="runTest[20: Tidyness]">
    <failure message="Tidyness expected:&lt;&lt;blockquote&gt;
  [  &lt;p&gt;A list within a blockquote:&lt;/p&gt;

    &lt;ul&gt;
        &lt;li&gt;asterisk 1&lt;/li&gt;
        &lt;li&gt;asterisk 2&lt;/li&gt;
        &lt;li&gt;asterisk 3&lt;/li&gt;
  ]  &lt;/ul&gt;
&lt;/blockquote...&gt; but was:&lt;&lt;blockquote&gt;
  [&lt;p&gt;A list within a blockquote:&lt;/p&gt;
  
  &lt;ul&gt;
  &lt;li&gt;asterisk 1&lt;/li&gt;
  &lt;li&gt;asterisk 2&lt;/li&gt;
  &lt;li&gt;asterisk 3&lt;/li&gt;
]  &lt;/ul&gt;
&lt;/blockquote...&gt;" type="org.junit.ComparisonFailure">org.junit.ComparisonFailure: Tidyness expected:&lt;&lt;blockquote&gt;
  [  &lt;p&gt;A list within a blockquote:&lt;/p&gt;

    &lt;ul&gt;
        &lt;li&gt;asterisk 1&lt;/li&gt;
        &lt;li&gt;asterisk 2&lt;/li&gt;
        &lt;li&gt;asterisk 3&lt;/li&gt;
  ]  &lt;/ul&gt;
&lt;/blockquote...&gt; but was:&lt;&lt;blockquote&gt;
  [&lt;p&gt;A list within a blockquote:&lt;/p&gt;
  
  &lt;ul&gt;
  &lt;li&gt;asterisk 1&lt;/li&gt;
  &lt;li&gt;asterisk 2&lt;/li&gt;
  &lt;li&gt;asterisk 3&lt;/li&gt;
]  &lt;/ul&gt;
&lt;/blockquote...&gt;
	at org.junit.Assert.assertEquals(Assert.java:115)
	at org.mashti.synopsis.MarkdownTest.runTest(MarkdownTest.java:92)
	at sun.reflect.GeneratedMethodAccessor1.invoke(Unknown Source)
	at sun.reflect.DelegatingMethodAccessorImpl.invoke(DelegatingMethodAccessorImpl.java:43)
	at java.lang.reflect.Method.invoke(Method.java:601)
	at org.junit.runners.model.FrameworkMethod$1.runReflectiveCall(FrameworkMethod.java:47)
	at org.junit.internal.runners.model.ReflectiveCallable.run(ReflectiveCallable.java:12)
	at org.junit.runners.model.FrameworkMethod.invokeExplosively(FrameworkMethod.java:44)
	at org.junit.internal.runners.statements.InvokeMethod.evaluate(InvokeMethod.java:17)
	at org.junit.runners.ParentRunner.runLeaf(ParentRunner.java:271)
	at org.junit.runners.BlockJUnit4ClassRunner.runChild(BlockJUnit4ClassRunner.java:70)
	at org.junit.runners.BlockJUnit4ClassRunner.runChild(BlockJUnit4ClassRunner.java:50)
	at org.junit.runners.ParentRunner$3.run(ParentRunner.java:238)
	at org.junit.runners.ParentRunner$1.schedule(ParentRunner.java:63)
	at org.junit.runners.ParentRunner.runChildren(ParentRunner.java:236)
	at org.junit.runners.ParentRunner.access$000(ParentRunner.java:53)
	at org.junit.runners.ParentRunner$2.evaluate(ParentRunner.java:229)
	at org.junit.runners.ParentRunner.run(ParentRunner.java:309)
	at org.junit.runners.Suite.runChild(Suite.java:127)
	at org.junit.runners.Suite.runChild(Suite.java:26)
	at org.junit.runners.ParentRunner$3.run(ParentRunner.java:238)
	at org.junit.runners.ParentRunner$1.schedule(ParentRunner.java:63)
	at org.junit.runners.ParentRunner.runChildren(ParentRunner.java:236)
	at org.junit.runners.ParentRunner.access$000(ParentRunner.java:53)
	at org.junit.runners.ParentRunner$2.evaluate(ParentRunner.java:229)
	at org.junit.runners.ParentRunner.run(ParentRunner.java:309)
	at org.apache.maven.surefire.junit4.JUnit4TestSet.execute(JUnit4TestSet.java:53)
	at org.apache.maven.surefire.junit4.JUnit4Provider.executeTestSet(JUnit4Provider.java:123)
	at org.apache.maven.surefire.junit4.JUnit4Provider.invoke(JUnit4Provider.java:104)
	at sun.reflect.NativeMethodAccessorImpl.invoke0(Native Method)
	at sun.reflect.NativeMethodAccessorImpl.invoke(NativeMethodAccessorImpl.java:57)
	at sun.reflect.DelegatingMethodAccessorImpl.invoke(DelegatingMethodAccessorImpl.java:43)
	at java.lang.reflect.Method.invoke(Method.java:601)
	at org.apache.maven.surefire.util.ReflectionUtils.invokeMethodWithArray(ReflectionUtils.java:164)
	at org.apache.maven.surefire.booter.ProviderFactory$ProviderProxy.invoke(ProviderFactory.java:110)
	at org.apache.maven.surefire.booter.SurefireStarter.invokeProvider(SurefireStarter.java:175)
	at org.apache.maven.surefire.booter.SurefireStarter.runSuitesInProcessWhenForked(SurefireStarter.java:107)
	at org.apache.maven.surefire.booter.ForkedBooter.main(ForkedBooter.java:68)
</failure>
  </testcase>
</testsuite>