<?xml version="1.0" encoding="UTF-8" ?>
<testsuite failures="1" time="0.08" errors="0" skipped="0" tests="37" name="org.mashti.synopsis.MarkupFileTest">
  <properties>
    <property name="java.runtime.name" value="Java(TM) SE Runtime Environment"/>
    <property name="sun.boot.library.path" value="/Library/Java/JavaVirtualMachines/jdk1.7.0_17.jdk/Contents/Home/jre/lib"/>
    <property name="java.vm.version" value="23.7-b01"/>
    <property name="user.country.format" value="GB"/>
    <property name="gopherProxySet" value="false"/>
    <property name="java.vm.vendor" value="Oracle Corporation"/>
    <property name="java.vendor.url" value="http://java.oracle.com/"/>
    <property name="path.separator" value=":"/>
    <property name="guice.disable.misplaced.annotation.check" value="true"/>
    <property name="java.vm.name" value="Java HotSpot(TM) 64-Bit Server VM"/>
    <property name="file.encoding.pkg" value="sun.io"/>
    <property name="user.country" value="US"/>
    <property name="sun.java.launcher" value="SUN_STANDARD"/>
    <property name="sun.os.patch.level" value="unknown"/>
    <property name="java.vm.specification.name" value="Java Virtual Machine Specification"/>
    <property name="user.dir" value="/Users/masih/Documents/PhD/Code/P2P Workspace/synopsis"/>
    <property name="java.runtime.version" value="1.7.0_17-b02"/>
    <property name="java.awt.graphicsenv" value="sun.awt.CGraphicsEnvironment"/>
    <property name="java.endorsed.dirs" value="/Library/Java/JavaVirtualMachines/jdk1.7.0_17.jdk/Contents/Home/jre/lib/endorsed"/>
    <property name="os.arch" value="x86_64"/>
    <property name="java.io.tmpdir" value="/var/folders/4m/tqc5sb395l56yz4fqhpv_8240000gn/T/"/>
    <property name="line.separator" value="
"/>
    <property name="java.vm.specification.vendor" value="Oracle Corporation"/>
    <property name="os.name" value="Mac OS X"/>
    <property name="classworlds.conf" value="/usr/share/maven/bin/m2.conf"/>
    <property name="sun.jnu.encoding" value="UTF-8"/>
    <property name="java.library.path" value="/Users/masih/Library/Java/Extensions:/Library/Java/Extensions:/Network/Library/Java/Extensions:/System/Library/Java/Extensions:/usr/lib/java:."/>
    <property name="java.specification.name" value="Java Platform API Specification"/>
    <property name="java.class.version" value="51.0"/>
    <property name="sun.management.compiler" value="HotSpot 64-Bit Tiered Compilers"/>
    <property name="os.version" value="10.8.4"/>
    <property name="http.nonProxyHosts" value="local|*.local|169.254/16|*.169.254/16"/>
    <property name="user.home" value="/Users/masih"/>
    <property name="user.timezone" value="Europe/London"/>
    <property name="java.awt.printerjob" value="sun.lwawt.macosx.CPrinterJob"/>
    <property name="java.specification.version" value="1.7"/>
    <property name="file.encoding" value="UTF-8"/>
    <property name="user.name" value="masih"/>
    <property name="java.class.path" value="/usr/share/maven/boot/plexus-classworlds-2.4.jar"/>
    <property name="java.vm.specification.version" value="1.7"/>
    <property name="sun.arch.data.model" value="64"/>
    <property name="java.home" value="/Library/Java/JavaVirtualMachines/jdk1.7.0_17.jdk/Contents/Home/jre"/>
    <property name="sun.java.command" value="org.codehaus.plexus.classworlds.launcher.Launcher clean deploy"/>
    <property name="java.specification.vendor" value="Oracle Corporation"/>
    <property name="user.language" value="en"/>
    <property name="awt.toolkit" value="sun.lwawt.macosx.LWCToolkit"/>
    <property name="java.vm.info" value="mixed mode"/>
    <property name="java.version" value="1.7.0_17"/>
    <property name="java.ext.dirs" value="/Users/masih/Library/Java/Extensions:/Library/Java/JavaVirtualMachines/jdk1.7.0_17.jdk/Contents/Home/jre/lib/ext:/Library/Java/Extensions:/Network/Library/Java/Extensions:/System/Library/Java/Extensions:/usr/lib/java"/>
    <property name="sun.boot.class.path" value="/Library/Java/JavaVirtualMachines/jdk1.7.0_17.jdk/Contents/Home/jre/lib/resources.jar:/Library/Java/JavaVirtualMachines/jdk1.7.0_17.jdk/Contents/Home/jre/lib/rt.jar:/Library/Java/JavaVirtualMachines/jdk1.7.0_17.jdk/Contents/Home/jre/lib/sunrsasign.jar:/Library/Java/JavaVirtualMachines/jdk1.7.0_17.jdk/Contents/Home/jre/lib/jsse.jar:/Library/Java/JavaVirtualMachines/jdk1.7.0_17.jdk/Contents/Home/jre/lib/jce.jar:/Library/Java/JavaVirtualMachines/jdk1.7.0_17.jdk/Contents/Home/jre/lib/charsets.jar:/Library/Java/JavaVirtualMachines/jdk1.7.0_17.jdk/Contents/Home/jre/lib/jfr.jar:/Library/Java/JavaVirtualMachines/jdk1.7.0_17.jdk/Contents/Home/jre/lib/JObjC.jar:/Library/Java/JavaVirtualMachines/jdk1.7.0_17.jdk/Contents/Home/jre/classes"/>
    <property name="java.vendor" value="Oracle Corporation"/>
    <property name="maven.home" value="/usr/share/maven"/>
    <property name="file.separator" value="/"/>
    <property name="java.vendor.url.bug" value="http://bugreport.sun.com/bugreport/"/>
    <property name="sun.cpu.endian" value="little"/>
    <property name="sun.io.unicode.encoding" value="UnicodeBig"/>
    <property name="socksNonProxyHosts" value="local|*.local|169.254/16|*.169.254/16"/>
    <property name="ftp.nonProxyHosts" value="local|*.local|169.254/16|*.169.254/16"/>
    <property name="sun.cpu.isalist" value=""/>
  </properties>
  <testcase time="0.001" classname="org.mashti.synopsis.MarkupFileTest" name="runTest[0: {1}]"/>
  <testcase time="0.001" classname="org.mashti.synopsis.MarkupFileTest" name="runTest[1: {1}]"/>
  <testcase time="0.001" classname="org.mashti.synopsis.MarkupFileTest" name="runTest[2: {1}]"/>
  <testcase time="0.001" classname="org.mashti.synopsis.MarkupFileTest" name="runTest[3: {1}]"/>
  <testcase time="0.001" classname="org.mashti.synopsis.MarkupFileTest" name="runTest[4: {1}]"/>
  <testcase time="0.001" classname="org.mashti.synopsis.MarkupFileTest" name="runTest[5: {1}]"/>
  <testcase time="0.002" classname="org.mashti.synopsis.MarkupFileTest" name="runTest[6: {1}]"/>
  <testcase time="0.002" classname="org.mashti.synopsis.MarkupFileTest" name="runTest[7: {1}]"/>
  <testcase time="0.004" classname="org.mashti.synopsis.MarkupFileTest" name="runTest[8: {1}]"/>
  <testcase time="0.003" classname="org.mashti.synopsis.MarkupFileTest" name="runTest[9: {1}]"/>
  <testcase time="0.004" classname="org.mashti.synopsis.MarkupFileTest" name="runTest[10: {1}]"/>
  <testcase time="0" classname="org.mashti.synopsis.MarkupFileTest" name="runTest[11: {1}]"/>
  <testcase time="0.002" classname="org.mashti.synopsis.MarkupFileTest" name="runTest[12: {1}]">
    <failure message="13(Horizontal Rules) expected:&lt;&lt;hr[ /&gt;

&lt;hr /&gt;

&lt;hr ]/&gt;&gt; but was:&lt;&lt;hr[/&gt;

&lt;hr/&gt;

&lt;hr]/&gt;&gt;" type="org.junit.ComparisonFailure">org.junit.ComparisonFailure: 13(Horizontal Rules) expected:&lt;&lt;hr[ /&gt;

&lt;hr /&gt;

&lt;hr ]/&gt;&gt; but was:&lt;&lt;hr[/&gt;

&lt;hr/&gt;

&lt;hr]/&gt;&gt;
	at org.junit.Assert.assertEquals(Assert.java:115)
	at org.mashti.synopsis.MarkupFileTest.runTest(MarkupFileTest.java:136)
	at sun.reflect.NativeMethodAccessorImpl.invoke0(Native Method)
	at sun.reflect.NativeMethodAccessorImpl.invoke(NativeMethodAccessorImpl.java:57)
	at sun.reflect.DelegatingMethodAccessorImpl.invoke(DelegatingMethodAccessorImpl.java:43)
	at java.lang.reflect.Method.invoke(Method.java:601)
	at org.junit.runners.model.FrameworkMethod$1.runReflectiveCall(FrameworkMethod.java:47)
	at org.junit.internal.runners.model.ReflectiveCallable.run(ReflectiveCallable.java:12)
	at org.junit.runners.model.FrameworkMethod.invokeExplosively(FrameworkMethod.java:44)
	at org.junit.internal.runners.statements.InvokeMethod.evaluate(InvokeMethod.java:17)
	at org.junit.runners.ParentRunner.runLeaf(ParentRunner.java:271)
	at org.junit.runners.BlockJUnit4ClassRunner.runChild(BlockJUnit4ClassRunner.java:70)
	at org.junit.runners.BlockJUnit4ClassRunner.runChild(BlockJUnit4ClassRunner.java:50)
	at org.junit.runners.ParentRunner$3.run(ParentRunner.java:238)
	at org.junit.runners.ParentRunner$1.schedule(ParentRunner.java:63)
	at org.junit.runners.ParentRunner.runChildren(ParentRunner.java:236)
	at org.junit.runners.ParentRunner.access$000(ParentRunner.java:53)
	at org.junit.runners.ParentRunner$2.evaluate(ParentRunner.java:229)
	at org.junit.runners.ParentRunner.run(ParentRunner.java:309)
	at org.junit.runners.Suite.runChild(Suite.java:127)
	at org.junit.runners.Suite.runChild(Suite.java:26)
	at org.junit.runners.ParentRunner$3.run(ParentRunner.java:238)
	at org.junit.runners.ParentRunner$1.schedule(ParentRunner.java:63)
	at org.junit.runners.ParentRunner.runChildren(ParentRunner.java:236)
	at org.junit.runners.ParentRunner.access$000(ParentRunner.java:53)
	at org.junit.runners.ParentRunner$2.evaluate(ParentRunner.java:229)
	at org.junit.runners.ParentRunner.run(ParentRunner.java:309)
	at org.apache.maven.surefire.junit4.JUnit4TestSet.execute(JUnit4TestSet.java:53)
	at org.apache.maven.surefire.junit4.JUnit4Provider.executeTestSet(JUnit4Provider.java:123)
	at org.apache.maven.surefire.junit4.JUnit4Provider.invoke(JUnit4Provider.java:104)
	at sun.reflect.NativeMethodAccessorImpl.invoke0(Native Method)
	at sun.reflect.NativeMethodAccessorImpl.invoke(NativeMethodAccessorImpl.java:57)
	at sun.reflect.DelegatingMethodAccessorImpl.invoke(DelegatingMethodAccessorImpl.java:43)
	at java.lang.reflect.Method.invoke(Method.java:601)
	at org.apache.maven.surefire.util.ReflectionUtils.invokeMethodWithArray(ReflectionUtils.java:164)
	at org.apache.maven.surefire.booter.ProviderFactory$ProviderProxy.invoke(ProviderFactory.java:110)
	at org.apache.maven.surefire.booter.SurefireStarter.invokeProvider(SurefireStarter.java:175)
	at org.apache.maven.surefire.booter.SurefireStarter.runSuitesInProcessWhenForked(SurefireStarter.java:107)
	at org.apache.maven.surefire.booter.ForkedBooter.main(ForkedBooter.java:68)
</failure>
  </testcase>
  <testcase time="0.001" classname="org.mashti.synopsis.MarkupFileTest" name="runTest[13: {1}]"/>
  <testcase time="0.001" classname="org.mashti.synopsis.MarkupFileTest" name="runTest[14: {1}]"/>
  <testcase time="0.002" classname="org.mashti.synopsis.MarkupFileTest" name="runTest[15: {1}]"/>
  <testcase time="0.001" classname="org.mashti.synopsis.MarkupFileTest" name="runTest[16: {1}]"/>
  <testcase time="0.001" classname="org.mashti.synopsis.MarkupFileTest" name="runTest[17: {1}]"/>
  <testcase time="0.001" classname="org.mashti.synopsis.MarkupFileTest" name="runTest[18: {1}]"/>
  <testcase time="0.001" classname="org.mashti.synopsis.MarkupFileTest" name="runTest[19: {1}]"/>
  <testcase time="0" classname="org.mashti.synopsis.MarkupFileTest" name="runTest[20: {1}]"/>
  <testcase time="0" classname="org.mashti.synopsis.MarkupFileTest" name="runTest[21: {1}]"/>
  <testcase time="0.002" classname="org.mashti.synopsis.MarkupFileTest" name="runTest[22: {1}]"/>
  <testcase time="0.002" classname="org.mashti.synopsis.MarkupFileTest" name="runTest[23: {1}]"/>
  <testcase time="0" classname="org.mashti.synopsis.MarkupFileTest" name="runTest[24: {1}]"/>
  <testcase time="0" classname="org.mashti.synopsis.MarkupFileTest" name="runTest[25: {1}]"/>
  <testcase time="0.001" classname="org.mashti.synopsis.MarkupFileTest" name="runTest[26: {1}]"/>
  <testcase time="0.001" classname="org.mashti.synopsis.MarkupFileTest" name="runTest[27: {1}]"/>
  <testcase time="0.003" classname="org.mashti.synopsis.MarkupFileTest" name="runTest[28: {1}]"/>
  <testcase time="0.001" classname="org.mashti.synopsis.MarkupFileTest" name="runTest[29: {1}]"/>
  <testcase time="0.001" classname="org.mashti.synopsis.MarkupFileTest" name="runTest[30: {1}]"/>
  <testcase time="0.001" classname="org.mashti.synopsis.MarkupFileTest" name="runTest[31: {1}]"/>
  <testcase time="0.001" classname="org.mashti.synopsis.MarkupFileTest" name="runTest[32: {1}]"/>
  <testcase time="0.001" classname="org.mashti.synopsis.MarkupFileTest" name="runTest[33: {1}]"/>
  <testcase time="0.001" classname="org.mashti.synopsis.MarkupFileTest" name="runTest[34: {1}]"/>
  <testcase time="0.001" classname="org.mashti.synopsis.MarkupFileTest" name="runTest[35: {1}]"/>
  <testcase time="0.002" classname="org.mashti.synopsis.MarkupFileTest" name="runTest[36: {1}]"/>
</testsuite>